<?xml version="1.0" encoding="UTF-8"?>
<testsuites name="sanity_iOS" time="3747.082" tests="14" failures="5" skips="0" errors="0">
   <testsuite name="sanity_iOS" tests="14" failures="5" errors="0" time="3747.082" skips="0" timestamp="2021-10-06 21:55:02" hostname="sahil.vidaysingh - 192.168.29.216" id="Test Suites/sanity_iOS">
      <properties>
         <property name="deviceName" value="iphone 8"/>
         <property name="devicePlatform" value=""/>
         <property name="logFolder" value="/Users/sahil.vidaysingh/Katalon Studio/testing/Reports/20211006_215455/sanity_iOS/20211006_215455"/>
         <property name="logFiles" value="/Users/sahil.vidaysingh/Katalon Studio/testing/Reports/20211006_215455/sanity_iOS/20211006_215455/execution0.log, /Users/sahil.vidaysingh/Katalon Studio/testing/Reports/20211006_215455/sanity_iOS/20211006_215455/appium.log, /Users/sahil.vidaysingh/Katalon Studio/testing/Reports/20211006_215455/sanity_iOS/20211006_215455/appium-proxy-server.log"/>
         <property name="attachments" value="/Users/sahil.vidaysingh/Katalon Studio/testing/Reports/20211006_215455/sanity_iOS/20211006_215455/1633537694266.png, /Users/sahil.vidaysingh/Katalon Studio/testing/Reports/20211006_215455/sanity_iOS/20211006_215455/1633537703640.png, /Users/sahil.vidaysingh/Katalon Studio/testing/Reports/20211006_215455/sanity_iOS/20211006_215455/1633537727918.png, /Users/sahil.vidaysingh/Katalon Studio/testing/Reports/20211006_215455/sanity_iOS/20211006_215455/1633537730600.png, /Users/sahil.vidaysingh/Katalon Studio/testing/Reports/20211006_215455/sanity_iOS/20211006_215455/1633537747238.png, /Users/sahil.vidaysingh/Katalon Studio/testing/Reports/20211006_215455/sanity_iOS/20211006_215455/1633537753602.png, /Users/sahil.vidaysingh/Katalon Studio/testing/Reports/20211006_215455/sanity_iOS/20211006_215455/1633537757911.png, /Users/sahil.vidaysingh/Katalon Studio/testing/Reports/20211006_215455/sanity_iOS/20211006_215455/1633537763524.png, /Users/sahil.vidaysingh/Katalon Studio/testing/Reports/20211006_215455/sanity_iOS/20211006_215455/1633537765826.png, /Users/sahil.vidaysingh/Katalon Studio/testing/Reports/20211006_215455/sanity_iOS/20211006_215455/1633537770009.png, /Users/sahil.vidaysingh/Katalon Studio/testing/Reports/20211006_215455/sanity_iOS/20211006_215455/1633537773217.png, /Users/sahil.vidaysingh/Katalon Studio/testing/Reports/20211006_215455/sanity_iOS/20211006_215455/1633537801624.png, /Users/sahil.vidaysingh/Katalon Studio/testing/Reports/20211006_215455/sanity_iOS/20211006_215455/1633537805851.png, /Users/sahil.vidaysingh/Katalon Studio/testing/Reports/20211006_215455/sanity_iOS/20211006_215455/1633537809600.png, /Users/sahil.vidaysingh/Katalon Studio/testing/Reports/20211006_215455/sanity_iOS/20211006_215455/1633537815887.png, /Users/sahil.vidaysingh/Katalon Studio/testing/Reports/20211006_215455/sanity_iOS/20211006_215455/1633537891285.png, /Users/sahil.vidaysingh/Katalon Studio/testing/Reports/20211006_215455/sanity_iOS/20211006_215455/1633537902572.png, /Users/sahil.vidaysingh/Katalon Studio/testing/Reports/20211006_215455/sanity_iOS/20211006_215455/1633537918529.png, /Users/sahil.vidaysingh/Katalon Studio/testing/Reports/20211006_215455/sanity_iOS/20211006_215455/1633537922809.png, /Users/sahil.vidaysingh/Katalon Studio/testing/Reports/20211006_215455/sanity_iOS/20211006_215455/1633537926552.png, /Users/sahil.vidaysingh/Katalon Studio/testing/Reports/20211006_215455/sanity_iOS/20211006_215455/1633537932676.png, /Users/sahil.vidaysingh/Katalon Studio/testing/Reports/20211006_215455/sanity_iOS/20211006_215455/1633538009834.png, /Users/sahil.vidaysingh/Katalon Studio/testing/Reports/20211006_215455/sanity_iOS/20211006_215455/1633538021178.png, /Users/sahil.vidaysingh/Katalon Studio/testing/Reports/20211006_215455/sanity_iOS/20211006_215455/1633538035900.png, /Users/sahil.vidaysingh/Katalon Studio/testing/Reports/20211006_215455/sanity_iOS/20211006_215455/1633538038617.png, /Users/sahil.vidaysingh/Katalon Studio/testing/Reports/20211006_215455/sanity_iOS/20211006_215455/1633538510143.png, /Users/sahil.vidaysingh/Katalon Studio/testing/Reports/20211006_215455/sanity_iOS/20211006_215455/1633538542827.png, /Users/sahil.vidaysingh/Katalon Studio/testing/Reports/20211006_215455/sanity_iOS/20211006_215455/1633538548161.png, /Users/sahil.vidaysingh/Katalon Studio/testing/Reports/20211006_215455/sanity_iOS/20211006_215455/1633538557123.png, /Users/sahil.vidaysingh/Katalon Studio/testing/Reports/20211006_215455/sanity_iOS/20211006_215455/1633538558604.png, /Users/sahil.vidaysingh/Katalon Studio/testing/Reports/20211006_215455/sanity_iOS/20211006_215455/1633538590289.png, /Users/sahil.vidaysingh/Katalon Studio/testing/Reports/20211006_215455/sanity_iOS/20211006_215455/1633538590396.png, /Users/sahil.vidaysingh/Katalon Studio/testing/Reports/20211006_215455/sanity_iOS/20211006_215455/1633538672348.png, /Users/sahil.vidaysingh/Katalon Studio/testing/Reports/20211006_215455/sanity_iOS/20211006_215455/1633538682058.png, /Users/sahil.vidaysingh/Katalon Studio/testing/Reports/20211006_215455/sanity_iOS/20211006_215455/1633538699754.png, /Users/sahil.vidaysingh/Katalon Studio/testing/Reports/20211006_215455/sanity_iOS/20211006_215455/1633538702567.png, /Users/sahil.vidaysingh/Katalon Studio/testing/Reports/20211006_215455/sanity_iOS/20211006_215455/1633538751220.png, /Users/sahil.vidaysingh/Katalon Studio/testing/Reports/20211006_215455/sanity_iOS/20211006_215455/1633538771713.png, /Users/sahil.vidaysingh/Katalon Studio/testing/Reports/20211006_215455/sanity_iOS/20211006_215455/1633538777027.png, /Users/sahil.vidaysingh/Katalon Studio/testing/Reports/20211006_215455/sanity_iOS/20211006_215455/1633538786175.png, /Users/sahil.vidaysingh/Katalon Studio/testing/Reports/20211006_215455/sanity_iOS/20211006_215455/1633538787675.png, /Users/sahil.vidaysingh/Katalon Studio/testing/Reports/20211006_215455/sanity_iOS/20211006_215455/1633538865837.png, /Users/sahil.vidaysingh/Katalon Studio/testing/Reports/20211006_215455/sanity_iOS/20211006_215455/1633538875339.png, /Users/sahil.vidaysingh/Katalon Studio/testing/Reports/20211006_215455/sanity_iOS/20211006_215455/1633538889903.png, /Users/sahil.vidaysingh/Katalon Studio/testing/Reports/20211006_215455/sanity_iOS/20211006_215455/1633538892847.png, /Users/sahil.vidaysingh/Katalon Studio/testing/Reports/20211006_215455/sanity_iOS/20211006_215455/1633538928238.png, /Users/sahil.vidaysingh/Katalon Studio/testing/Reports/20211006_215455/sanity_iOS/20211006_215455/1633539241260.png, /Users/sahil.vidaysingh/Katalon Studio/testing/Reports/20211006_215455/sanity_iOS/20211006_215455/1633539319849.png, /Users/sahil.vidaysingh/Katalon Studio/testing/Reports/20211006_215455/sanity_iOS/20211006_215455/1633539332287.png, /Users/sahil.vidaysingh/Katalon Studio/testing/Reports/20211006_215455/sanity_iOS/20211006_215455/1633539356793.png, /Users/sahil.vidaysingh/Katalon Studio/testing/Reports/20211006_215455/sanity_iOS/20211006_215455/1633539366848.png, /Users/sahil.vidaysingh/Katalon Studio/testing/Reports/20211006_215455/sanity_iOS/20211006_215455/1633539448018.png, /Users/sahil.vidaysingh/Katalon Studio/testing/Reports/20211006_215455/sanity_iOS/20211006_215455/1633539459589.png, /Users/sahil.vidaysingh/Katalon Studio/testing/Reports/20211006_215455/sanity_iOS/20211006_215455/1633539475564.png, /Users/sahil.vidaysingh/Katalon Studio/testing/Reports/20211006_215455/sanity_iOS/20211006_215455/1633539480032.png, /Users/sahil.vidaysingh/Katalon Studio/testing/Reports/20211006_215455/sanity_iOS/20211006_215455/1633539483764.png, /Users/sahil.vidaysingh/Katalon Studio/testing/Reports/20211006_215455/sanity_iOS/20211006_215455/1633539490276.png, /Users/sahil.vidaysingh/Katalon Studio/testing/Reports/20211006_215455/sanity_iOS/20211006_215455/1633539499933.png, /Users/sahil.vidaysingh/Katalon Studio/testing/Reports/20211006_215455/sanity_iOS/20211006_215455/1633539502972.png, /Users/sahil.vidaysingh/Katalon Studio/testing/Reports/20211006_215455/sanity_iOS/20211006_215455/1633539579052.png, /Users/sahil.vidaysingh/Katalon Studio/testing/Reports/20211006_215455/sanity_iOS/20211006_215455/1633539583437.png, /Users/sahil.vidaysingh/Katalon Studio/testing/Reports/20211006_215455/sanity_iOS/20211006_215455/1633539586660.png, /Users/sahil.vidaysingh/Katalon Studio/testing/Reports/20211006_215455/sanity_iOS/20211006_215455/1633539589242.png, /Users/sahil.vidaysingh/Katalon Studio/testing/Reports/20211006_215455/sanity_iOS/20211006_215455/1633539592405.png, /Users/sahil.vidaysingh/Katalon Studio/testing/Reports/20211006_215455/sanity_iOS/20211006_215455/1633539627059.png, /Users/sahil.vidaysingh/Katalon Studio/testing/Reports/20211006_215455/sanity_iOS/20211006_215455/1633539627178.png, /Users/sahil.vidaysingh/Katalon Studio/testing/Reports/20211006_215455/sanity_iOS/20211006_215455/1633539709204.png, /Users/sahil.vidaysingh/Katalon Studio/testing/Reports/20211006_215455/sanity_iOS/20211006_215455/1633539728116.png, /Users/sahil.vidaysingh/Katalon Studio/testing/Reports/20211006_215455/sanity_iOS/20211006_215455/1633539733134.png, /Users/sahil.vidaysingh/Katalon Studio/testing/Reports/20211006_215455/sanity_iOS/20211006_215455/1633539743139.png, /Users/sahil.vidaysingh/Katalon Studio/testing/Reports/20211006_215455/sanity_iOS/20211006_215455/1633539752336.png, /Users/sahil.vidaysingh/Katalon Studio/testing/Reports/20211006_215455/sanity_iOS/20211006_215455/1633539760937.png, /Users/sahil.vidaysingh/Katalon Studio/testing/Reports/20211006_215455/sanity_iOS/20211006_215455/1633539767103.png, /Users/sahil.vidaysingh/Katalon Studio/testing/Reports/20211006_215455/sanity_iOS/20211006_215455/1633539769684.png, /Users/sahil.vidaysingh/Katalon Studio/testing/Reports/20211006_215455/sanity_iOS/20211006_215455/1633539799426.png, /Users/sahil.vidaysingh/Katalon Studio/testing/Reports/20211006_215455/sanity_iOS/20211006_215455/1633539819792.png, /Users/sahil.vidaysingh/Katalon Studio/testing/Reports/20211006_215455/sanity_iOS/20211006_215455/1633539827033.png, /Users/sahil.vidaysingh/Katalon Studio/testing/Reports/20211006_215455/sanity_iOS/20211006_215455/1633539835453.png, /Users/sahil.vidaysingh/Katalon Studio/testing/Reports/20211006_215455/sanity_iOS/20211006_215455/1633539845330.png, /Users/sahil.vidaysingh/Katalon Studio/testing/Reports/20211006_215455/sanity_iOS/20211006_215455/1633539848268.png, /Users/sahil.vidaysingh/Katalon Studio/testing/Reports/20211006_215455/sanity_iOS/20211006_215455/1633539852557.png, /Users/sahil.vidaysingh/Katalon Studio/testing/Reports/20211006_215455/sanity_iOS/20211006_215455/1633539855877.png, /Users/sahil.vidaysingh/Katalon Studio/testing/Reports/20211006_215455/sanity_iOS/20211006_215455/1633539858077.png, /Users/sahil.vidaysingh/Katalon Studio/testing/Reports/20211006_215455/sanity_iOS/20211006_215455/1633539862355.png, /Users/sahil.vidaysingh/Katalon Studio/testing/Reports/20211006_215455/sanity_iOS/20211006_215455/1633539866032.png, /Users/sahil.vidaysingh/Katalon Studio/testing/Reports/20211006_215455/sanity_iOS/20211006_215455/1633539867209.png, /Users/sahil.vidaysingh/Katalon Studio/testing/Reports/20211006_215455/sanity_iOS/20211006_215455/1633539890720.png, /Users/sahil.vidaysingh/Katalon Studio/testing/Reports/20211006_215455/sanity_iOS/20211006_215455/1633539998298.png, /Users/sahil.vidaysingh/Katalon Studio/testing/Reports/20211006_215455/sanity_iOS/20211006_215455/1633540011332.png, /Users/sahil.vidaysingh/Katalon Studio/testing/Reports/20211006_215455/sanity_iOS/20211006_215455/1633540016225.png, /Users/sahil.vidaysingh/Katalon Studio/testing/Reports/20211006_215455/sanity_iOS/20211006_215455/1633540026275.png, /Users/sahil.vidaysingh/Katalon Studio/testing/Reports/20211006_215455/sanity_iOS/20211006_215455/1633540035336.png, /Users/sahil.vidaysingh/Katalon Studio/testing/Reports/20211006_215455/sanity_iOS/20211006_215455/1633540043938.png, /Users/sahil.vidaysingh/Katalon Studio/testing/Reports/20211006_215455/sanity_iOS/20211006_215455/1633540048992.png, /Users/sahil.vidaysingh/Katalon Studio/testing/Reports/20211006_215455/sanity_iOS/20211006_215455/1633540051899.png, /Users/sahil.vidaysingh/Katalon Studio/testing/Reports/20211006_215455/sanity_iOS/20211006_215455/1633540074496.png, /Users/sahil.vidaysingh/Katalon Studio/testing/Reports/20211006_215455/sanity_iOS/20211006_215455/1633540093786.png, /Users/sahil.vidaysingh/Katalon Studio/testing/Reports/20211006_215455/sanity_iOS/20211006_215455/1633540100911.png, /Users/sahil.vidaysingh/Katalon Studio/testing/Reports/20211006_215455/sanity_iOS/20211006_215455/1633540108720.png, /Users/sahil.vidaysingh/Katalon Studio/testing/Reports/20211006_215455/sanity_iOS/20211006_215455/1633540113663.png, /Users/sahil.vidaysingh/Katalon Studio/testing/Reports/20211006_215455/sanity_iOS/20211006_215455/1633540118034.png, /Users/sahil.vidaysingh/Katalon Studio/testing/Reports/20211006_215455/sanity_iOS/20211006_215455/1633540121717.png, /Users/sahil.vidaysingh/Katalon Studio/testing/Reports/20211006_215455/sanity_iOS/20211006_215455/1633540158630.png, /Users/sahil.vidaysingh/Katalon Studio/testing/Reports/20211006_215455/sanity_iOS/20211006_215455/1633540162922.png, /Users/sahil.vidaysingh/Katalon Studio/testing/Reports/20211006_215455/sanity_iOS/20211006_215455/1633540166591.png, /Users/sahil.vidaysingh/Katalon Studio/testing/Reports/20211006_215455/sanity_iOS/20211006_215455/1633540169457.png, /Users/sahil.vidaysingh/Katalon Studio/testing/Reports/20211006_215455/sanity_iOS/20211006_215455/1633540178574.png, /Users/sahil.vidaysingh/Katalon Studio/testing/Reports/20211006_215455/sanity_iOS/20211006_215455/1633540286348.png, /Users/sahil.vidaysingh/Katalon Studio/testing/Reports/20211006_215455/sanity_iOS/20211006_215455/1633540298214.png, /Users/sahil.vidaysingh/Katalon Studio/testing/Reports/20211006_215455/sanity_iOS/20211006_215455/1633540303192.png, /Users/sahil.vidaysingh/Katalon Studio/testing/Reports/20211006_215455/sanity_iOS/20211006_215455/1633540313279.png, /Users/sahil.vidaysingh/Katalon Studio/testing/Reports/20211006_215455/sanity_iOS/20211006_215455/1633540321862.png, /Users/sahil.vidaysingh/Katalon Studio/testing/Reports/20211006_215455/sanity_iOS/20211006_215455/1633540330306.png, /Users/sahil.vidaysingh/Katalon Studio/testing/Reports/20211006_215455/sanity_iOS/20211006_215455/1633540336832.png, /Users/sahil.vidaysingh/Katalon Studio/testing/Reports/20211006_215455/sanity_iOS/20211006_215455/1633540339699.png, /Users/sahil.vidaysingh/Katalon Studio/testing/Reports/20211006_215455/sanity_iOS/20211006_215455/1633540412167.png, /Users/sahil.vidaysingh/Katalon Studio/testing/Reports/20211006_215455/sanity_iOS/20211006_215455/1633540432420.png, /Users/sahil.vidaysingh/Katalon Studio/testing/Reports/20211006_215455/sanity_iOS/20211006_215455/1633540439822.png, /Users/sahil.vidaysingh/Katalon Studio/testing/Reports/20211006_215455/sanity_iOS/20211006_215455/1633540447963.png, /Users/sahil.vidaysingh/Katalon Studio/testing/Reports/20211006_215455/sanity_iOS/20211006_215455/1633540450316.png, /Users/sahil.vidaysingh/Katalon Studio/testing/Reports/20211006_215455/sanity_iOS/20211006_215455/1633540454779.png, /Users/sahil.vidaysingh/Katalon Studio/testing/Reports/20211006_215455/sanity_iOS/20211006_215455/1633540458479.png, /Users/sahil.vidaysingh/Katalon Studio/testing/Reports/20211006_215455/sanity_iOS/20211006_215455/1633540466108.png, /Users/sahil.vidaysingh/Katalon Studio/testing/Reports/20211006_215455/sanity_iOS/20211006_215455/1633540470262.png, /Users/sahil.vidaysingh/Katalon Studio/testing/Reports/20211006_215455/sanity_iOS/20211006_215455/1633540473407.png, /Users/sahil.vidaysingh/Katalon Studio/testing/Reports/20211006_215455/sanity_iOS/20211006_215455/1633540474659.png, /Users/sahil.vidaysingh/Katalon Studio/testing/Reports/20211006_215455/sanity_iOS/20211006_215455/1633540482425.png, /Users/sahil.vidaysingh/Katalon Studio/testing/Reports/20211006_215455/sanity_iOS/20211006_215455/1633540593032.png, /Users/sahil.vidaysingh/Katalon Studio/testing/Reports/20211006_215455/sanity_iOS/20211006_215455/1633540602581.png, /Users/sahil.vidaysingh/Katalon Studio/testing/Reports/20211006_215455/sanity_iOS/20211006_215455/1633540607452.png, /Users/sahil.vidaysingh/Katalon Studio/testing/Reports/20211006_215455/sanity_iOS/20211006_215455/1633540617800.png, /Users/sahil.vidaysingh/Katalon Studio/testing/Reports/20211006_215455/sanity_iOS/20211006_215455/1633540648234.png, /Users/sahil.vidaysingh/Katalon Studio/testing/Reports/20211006_215455/sanity_iOS/20211006_215455/1633540648359.png, /Users/sahil.vidaysingh/Katalon Studio/testing/Reports/20211006_215455/sanity_iOS/20211006_215455/1633540728016.png, /Users/sahil.vidaysingh/Katalon Studio/testing/Reports/20211006_215455/sanity_iOS/20211006_215455/1633540737542.png, /Users/sahil.vidaysingh/Katalon Studio/testing/Reports/20211006_215455/sanity_iOS/20211006_215455/1633540742661.png, /Users/sahil.vidaysingh/Katalon Studio/testing/Reports/20211006_215455/sanity_iOS/20211006_215455/1633540752965.png, /Users/sahil.vidaysingh/Katalon Studio/testing/Reports/20211006_215455/sanity_iOS/20211006_215455/1633540762357.png, /Users/sahil.vidaysingh/Katalon Studio/testing/Reports/20211006_215455/sanity_iOS/20211006_215455/1633540771916.png, /Users/sahil.vidaysingh/Katalon Studio/testing/Reports/20211006_215455/sanity_iOS/20211006_215455/1633540778110.png, /Users/sahil.vidaysingh/Katalon Studio/testing/Reports/20211006_215455/sanity_iOS/20211006_215455/1633540780852.png, /Users/sahil.vidaysingh/Katalon Studio/testing/Reports/20211006_215455/sanity_iOS/20211006_215455/1633540801911.png, /Users/sahil.vidaysingh/Katalon Studio/testing/Reports/20211006_215455/sanity_iOS/20211006_215455/1633540821848.png, /Users/sahil.vidaysingh/Katalon Studio/testing/Reports/20211006_215455/sanity_iOS/20211006_215455/1633540829148.png, /Users/sahil.vidaysingh/Katalon Studio/testing/Reports/20211006_215455/sanity_iOS/20211006_215455/1633540837050.png, /Users/sahil.vidaysingh/Katalon Studio/testing/Reports/20211006_215455/sanity_iOS/20211006_215455/1633540839433.png, /Users/sahil.vidaysingh/Katalon Studio/testing/Reports/20211006_215455/sanity_iOS/20211006_215455/1633540843578.png, /Users/sahil.vidaysingh/Katalon Studio/testing/Reports/20211006_215455/sanity_iOS/20211006_215455/1633540847195.png, /Users/sahil.vidaysingh/Katalon Studio/testing/Reports/20211006_215455/sanity_iOS/20211006_215455/1633540858970.png, /Users/sahil.vidaysingh/Katalon Studio/testing/Reports/20211006_215455/sanity_iOS/20211006_215455/1633540864197.png, /Users/sahil.vidaysingh/Katalon Studio/testing/Reports/20211006_215455/sanity_iOS/20211006_215455/1633540866999.png, /Users/sahil.vidaysingh/Katalon Studio/testing/Reports/20211006_215455/sanity_iOS/20211006_215455/1633540887474.png, /Users/sahil.vidaysingh/Katalon Studio/testing/Reports/20211006_215455/sanity_iOS/20211006_215455/1633540906054.png, /Users/sahil.vidaysingh/Katalon Studio/testing/Reports/20211006_215455/sanity_iOS/20211006_215455/1633540912987.png, /Users/sahil.vidaysingh/Katalon Studio/testing/Reports/20211006_215455/sanity_iOS/20211006_215455/1633540920509.png, /Users/sahil.vidaysingh/Katalon Studio/testing/Reports/20211006_215455/sanity_iOS/20211006_215455/1633540921957.png, /Users/sahil.vidaysingh/Katalon Studio/testing/Reports/20211006_215455/sanity_iOS/20211006_215455/1633540927466.png, /Users/sahil.vidaysingh/Katalon Studio/testing/Reports/20211006_215455/sanity_iOS/20211006_215455/1633540929827.png, /Users/sahil.vidaysingh/Katalon Studio/testing/Reports/20211006_215455/sanity_iOS/20211006_215455/1633540941354.png, /Users/sahil.vidaysingh/Katalon Studio/testing/Reports/20211006_215455/sanity_iOS/20211006_215455/1633540945582.png, /Users/sahil.vidaysingh/Katalon Studio/testing/Reports/20211006_215455/sanity_iOS/20211006_215455/1633540952461.png, /Users/sahil.vidaysingh/Katalon Studio/testing/Reports/20211006_215455/sanity_iOS/20211006_215455/1633540960520.png, /Users/sahil.vidaysingh/Katalon Studio/testing/Reports/20211006_215455/sanity_iOS/20211006_215455/1633540962802.png, /Users/sahil.vidaysingh/Katalon Studio/testing/Reports/20211006_215455/sanity_iOS/20211006_215455/1633540965125.png, /Users/sahil.vidaysingh/Katalon Studio/testing/Reports/20211006_215455/sanity_iOS/20211006_215455/1633540969644.png, /Users/sahil.vidaysingh/Katalon Studio/testing/Reports/20211006_215455/sanity_iOS/20211006_215455/1633540976604.png, /Users/sahil.vidaysingh/Katalon Studio/testing/Reports/20211006_215455/sanity_iOS/20211006_215455/1633540988813.png, /Users/sahil.vidaysingh/Katalon Studio/testing/Reports/20211006_215455/sanity_iOS/20211006_215455/1633540993159.png, /Users/sahil.vidaysingh/Katalon Studio/testing/Reports/20211006_215455/sanity_iOS/20211006_215455/1633540999751.png, /Users/sahil.vidaysingh/Katalon Studio/testing/Reports/20211006_215455/sanity_iOS/20211006_215455/1633541001952.png, /Users/sahil.vidaysingh/Katalon Studio/testing/Reports/20211006_215455/sanity_iOS/20211006_215455/1633541006235.png, /Users/sahil.vidaysingh/Katalon Studio/testing/Reports/20211006_215455/sanity_iOS/20211006_215455/1633541009750.png, /Users/sahil.vidaysingh/Katalon Studio/testing/Reports/20211006_215455/sanity_iOS/20211006_215455/1633541011327.png, /Users/sahil.vidaysingh/Katalon Studio/testing/Reports/20211006_215455/sanity_iOS/20211006_215455/1633541020372.png, /Users/sahil.vidaysingh/Katalon Studio/testing/Reports/20211006_215455/sanity_iOS/20211006_215455/1633541183697.png, /Users/sahil.vidaysingh/Katalon Studio/testing/Reports/20211006_215455/sanity_iOS/20211006_215455/1633541245143.png, /Users/sahil.vidaysingh/Katalon Studio/testing/Reports/20211006_215455/sanity_iOS/20211006_215455/1633541245270.png"/>
         <property name="hostName" value="sahil.vidaysingh - 192.168.29.216"/>
         <property name="os" value="Mac OS X 64bit"/>
         <property name="appiumServerStatus" value="{&quot;value&quot;:{&quot;build&quot;:{&quot;version&quot;:&quot;1.21.0&quot;}},&quot;sessionId&quot;:null,&quot;status&quot;:0}"/>
         <property name="katalonVersion" value="7.9.1.208"/>
         <property name="deviceOS" value="iOS"/>
         <property name="appiumVersion" value="1.21.0"/>
         <property name="deviceModel" value="Not available for Simulator"/>
         <property name="hostAddress" value="192.168.29.216"/>
         <property name="deviceManufacturer" value="Apple"/>
         <property name="deviceId" value="null"/>
         <property name="deviceName" value="iphone 8"/>
         <property name="deviceOSVersion" value="14.4"/>
      </properties>
      <testcase name="Test Cases/iOS/LogIn/Login_Page_Verfication" time="68.353" classname="Test Cases/iOS/LogIn/Login_Page_Verfication" status="PASSED">
         <system-out><![CDATA[2021-10-06 21:55:03 - [TEST_CASE][PASSED] - Test Cases/iOS/LogIn/Login_Page_Verfication: Test Cases/iOS/LogIn/Login_Page_Verfication

2021-10-06 21:55:03 - [TEST_STEP][PASSED] - ios_common_keywords.Start_Application.custom(): ios_common_keywords.Start_Application.custom is PASSED

2021-10-06 21:55:05 - [MESSAGE][INFO] - ios_webkit_debug_proxy server started on port 60518

2021-10-06 21:55:07 - [MESSAGE][INFO] - Appium server started on port 60,521

2021-10-06 21:56:02 - [MESSAGE][PASSED] - Started app at: '/Users/sahil.vidaysingh/Downloads/Hatch 3.app'

2021-10-06 21:56:02 - [MESSAGE][PASSED] - ios_common_keywords.Start_Application.custom is PASSED

2021-10-06 21:56:02 - [TEST_STEP][PASSED] - ios_login.Login_Screen.verify_LoginPage_Details(): ios_login.Login_Screen.verify_LoginPage_Details is PASSED

2021-10-06 21:56:02 - [MESSAGE][WARNING] - Timeout '0' is invalid. Using default page load timeout: '30'

2021-10-06 21:56:03 - [MESSAGE][PASSED] - Element 'Object Repository/iOS/LogIn/Login_Details_Screen/Forget_Password_Text' is exist

2021-10-06 21:56:03 - [MESSAGE][WARNING] - Timeout '0' is invalid. Using default page load timeout: '30'

2021-10-06 21:56:03 - [MESSAGE][PASSED] - Element 'Object Repository/iOS/LogIn/Login_Details_Screen/Welcome_Text' is exist

2021-10-06 21:56:03 - [MESSAGE][WARNING] - Timeout '0' is invalid. Using default page load timeout: '30'

2021-10-06 21:56:03 - [MESSAGE][PASSED] - Element 'Object Repository/iOS/LogIn/Login_Details_Screen/Order Express_Logo' is exist

2021-10-06 21:56:03 - [MESSAGE][PASSED] - ios_login.Login_Screen.verify_LoginPage_Details is PASSED

2021-10-06 21:56:03 - [TEST_STEP][PASSED] - ios_login.Login_Screen.login(password): ios_login.Login_Screen.login is PASSED

2021-10-06 21:56:04 - [MESSAGE][PASSED] - Element 'Object Repository/iOS/LogIn/Environment_Selection_Screen/Environment Selection_Text' is exist

2021-10-06 21:56:04 - [MESSAGE][WARNING] - Timeout '0' is invalid. Using default page load timeout: '30'

2021-10-06 21:56:05 - [MESSAGE][PASSED] - Tapped on element 'Object Repository/iOS/LogIn/Environment_Selection_Screen/Environment Selection_Text'

2021-10-06 21:56:05 - [MESSAGE][WARNING] - Timeout '0' is invalid. Using default page load timeout: '30'

2021-10-06 21:56:05 - [MESSAGE][PASSED] - Tapped on element 'Object Repository/iOS/LogIn/Environment_Selection_Screen/Environment_Button'

2021-10-06 21:56:05 - [MESSAGE][WARNING] - Timeout '0' is invalid. Using default page load timeout: '30'

2021-10-06 21:56:07 - [MESSAGE][PASSED] - Tapped on element 'Object Repository/iOS/LogIn/Login_Details_Screen/Login UserName_Button'

2021-10-06 21:56:07 - [MESSAGE][WARNING] - Timeout '0' is invalid. Using default page load timeout: '30'

2021-10-06 21:56:07 - [MESSAGE][PASSED] - Text 'kavan.mobile.r' has been set to element 'Object Repository/iOS/LogIn/Login_Details_Screen/UserName_Text_Field'

2021-10-06 21:56:07 - [MESSAGE][WARNING] - Timeout '0' is invalid. Using default page load timeout: '30'

2021-10-06 21:56:09 - [MESSAGE][PASSED] - Tapped on element 'Object Repository/iOS/LogIn/Login_Details_Screen/LoginBar-ButtonDown'

2021-10-06 21:56:09 - [MESSAGE][WARNING] - Timeout '0' is invalid. Using default page load timeout: '30'

2021-10-06 21:56:09 - [MESSAGE][PASSED] - Tapped on element 'Object Repository/iOS/LogIn/Login_Details_Screen/Password-Button'

2021-10-06 21:56:09 - [MESSAGE][WARNING] - Timeout '0' is invalid. Using default page load timeout: '30'

2021-10-06 21:56:10 - [MESSAGE][PASSED] - Text 'C@rdinal!' has been set to element 'Object Repository/iOS/LogIn/Login_Details_Screen/Password-Secure_Text_Field'

2021-10-06 21:56:10 - [MESSAGE][WARNING] - Timeout '0' is invalid. Using default page load timeout: '30'

2021-10-06 21:56:11 - [MESSAGE][PASSED] - Tapped on element 'Object Repository/iOS/LogIn/Login_Details_Screen/SignIn_Button'

2021-10-06 21:56:11 - [MESSAGE][PASSED] - ios_login.Login_Screen.login is PASSED]]></system-out>
         <system-err><![CDATA[]]></system-err>
      </testcase>
      <testcase name="Test Cases/iOS/Carts/Submit_Order_After_Edit_Order" time="251.214" classname="Test Cases/iOS/Carts/Submit_Order_After_Edit_Order" status="PASSED">
         <system-out><![CDATA[2021-10-06 21:56:11 - [TEST_CASE][PASSED] - Test Cases/iOS/Carts/Submit_Order_After_Edit_Order: Test Cases/iOS/Carts/Submit_Order_After_Edit_Order

2021-10-06 21:56:11 - [TEST_STEP][PASSED] - ios_common_keywords.Start_Application.custom(): ios_common_keywords.Start_Application.custom is PASSED

2021-10-06 21:57:00 - [MESSAGE][PASSED] - Started app at: '/Users/sahil.vidaysingh/Downloads/Hatch 3.app'

2021-10-06 21:57:00 - [MESSAGE][PASSED] - ios_common_keywords.Start_Application.custom is PASSED

2021-10-06 21:57:00 - [TEST_STEP][PASSED] - ios_login.Login_Screen.login(Password): ios_login.Login_Screen.login is PASSED

2021-10-06 21:57:00 - [MESSAGE][PASSED] - Element 'Object Repository/iOS/LogIn/Environment_Selection_Screen/Environment Selection_Text' is exist

2021-10-06 21:57:00 - [MESSAGE][WARNING] - Timeout '0' is invalid. Using default page load timeout: '30'

2021-10-06 21:57:01 - [MESSAGE][PASSED] - Tapped on element 'Object Repository/iOS/LogIn/Environment_Selection_Screen/Environment Selection_Text'

2021-10-06 21:57:01 - [MESSAGE][WARNING] - Timeout '0' is invalid. Using default page load timeout: '30'

2021-10-06 21:57:02 - [MESSAGE][PASSED] - Tapped on element 'Object Repository/iOS/LogIn/Environment_Selection_Screen/Environment_Button'

2021-10-06 21:57:02 - [MESSAGE][WARNING] - Timeout '0' is invalid. Using default page load timeout: '30'

2021-10-06 21:57:03 - [MESSAGE][PASSED] - Tapped on element 'Object Repository/iOS/LogIn/Login_Details_Screen/Login UserName_Button'

2021-10-06 21:57:03 - [MESSAGE][WARNING] - Timeout '0' is invalid. Using default page load timeout: '30'

2021-10-06 21:57:04 - [MESSAGE][PASSED] - Text 'kavan.mobile.r' has been set to element 'Object Repository/iOS/LogIn/Login_Details_Screen/UserName_Text_Field'

2021-10-06 21:57:04 - [MESSAGE][WARNING] - Timeout '0' is invalid. Using default page load timeout: '30'

2021-10-06 21:57:05 - [MESSAGE][PASSED] - Tapped on element 'Object Repository/iOS/LogIn/Login_Details_Screen/LoginBar-ButtonDown'

2021-10-06 21:57:05 - [MESSAGE][WARNING] - Timeout '0' is invalid. Using default page load timeout: '30'

2021-10-06 21:57:05 - [MESSAGE][PASSED] - Tapped on element 'Object Repository/iOS/LogIn/Login_Details_Screen/Password-Button'

2021-10-06 21:57:05 - [MESSAGE][WARNING] - Timeout '0' is invalid. Using default page load timeout: '30'

2021-10-06 21:57:06 - [MESSAGE][PASSED] - Text 'C@rdinal!' has been set to element 'Object Repository/iOS/LogIn/Login_Details_Screen/Password-Secure_Text_Field'

2021-10-06 21:57:06 - [MESSAGE][WARNING] - Timeout '0' is invalid. Using default page load timeout: '30'

2021-10-06 21:57:07 - [MESSAGE][PASSED] - Tapped on element 'Object Repository/iOS/LogIn/Login_Details_Screen/SignIn_Button'

2021-10-06 21:57:07 - [MESSAGE][PASSED] - ios_login.Login_Screen.login is PASSED

2021-10-06 21:57:07 - [TEST_STEP][PASSED] - ios_account_selection.Select_An_Account.Custom(Account): ios_account_selection.Select_An_Account.Custom is PASSED

2021-10-06 21:57:08 - [MESSAGE][PASSED] - Element 'Object Repository/iOS/Product_Search/Progress_Bar' is exist

2021-10-06 21:57:09 - [MESSAGE][PASSED] - Delayed 1 second(s)

2021-10-06 21:57:09 - [MESSAGE][PASSED] - Element 'Object Repository/iOS/Product_Search/Progress_Bar' is exist

2021-10-06 21:57:10 - [MESSAGE][PASSED] - Delayed 1 second(s)

2021-10-06 21:57:10 - [MESSAGE][PASSED] - Element 'Object Repository/iOS/Product_Search/Progress_Bar' is exist

2021-10-06 21:57:11 - [MESSAGE][PASSED] - Delayed 1 second(s)

2021-10-06 21:57:12 - [MESSAGE][PASSED] - Element 'Object Repository/iOS/Product_Search/Progress_Bar' is exist

2021-10-06 21:57:13 - [MESSAGE][PASSED] - Delayed 1 second(s)

2021-10-06 21:57:13 - [MESSAGE][PASSED] - Element 'Object Repository/iOS/Product_Search/Progress_Bar' is exist

2021-10-06 21:57:14 - [MESSAGE][PASSED] - Delayed 1 second(s)

2021-10-06 21:57:14 - [MESSAGE][PASSED] - Element 'Object Repository/iOS/Product_Search/Progress_Bar' is exist

2021-10-06 21:57:15 - [MESSAGE][PASSED] - Delayed 1 second(s)

2021-10-06 21:57:16 - [MESSAGE][PASSED] - Element 'Object Repository/iOS/Product_Search/Progress_Bar' is exist

2021-10-06 21:57:17 - [MESSAGE][PASSED] - Delayed 1 second(s)

2021-10-06 21:57:17 - [MESSAGE][PASSED] - Element 'Object Repository/iOS/Product_Search/Progress_Bar' is exist

2021-10-06 21:57:18 - [MESSAGE][PASSED] - Delayed 1 second(s)

2021-10-06 21:57:19 - [MESSAGE][PASSED] - Element 'Object Repository/iOS/Product_Search/Progress_Bar' is exist

2021-10-06 21:57:20 - [MESSAGE][PASSED] - Delayed 1 second(s)

2021-10-06 21:57:20 - [MESSAGE][PASSED] - Element 'Object Repository/iOS/Product_Search/Progress_Bar' is exist

2021-10-06 21:57:21 - [MESSAGE][PASSED] - Delayed 1 second(s)

2021-10-06 21:57:21 - [MESSAGE][PASSED] - Element 'Object Repository/iOS/Product_Search/Progress_Bar' is exist

2021-10-06 21:57:22 - [MESSAGE][PASSED] - Delayed 1 second(s)

2021-10-06 21:57:23 - [MESSAGE][PASSED] - Element 'Object Repository/iOS/Product_Search/Progress_Bar' is exist

2021-10-06 21:57:24 - [MESSAGE][PASSED] - Delayed 1 second(s)

2021-10-06 21:57:24 - [MESSAGE][PASSED] - Element 'Object Repository/iOS/Product_Search/Progress_Bar' is exist

2021-10-06 21:57:25 - [MESSAGE][PASSED] - Delayed 1 second(s)

2021-10-06 21:57:25 - [MESSAGE][PASSED] - Element 'Object Repository/iOS/Product_Search/Progress_Bar' is exist

2021-10-06 21:57:26 - [MESSAGE][PASSED] - Delayed 1 second(s)

2021-10-06 21:57:27 - [MESSAGE][PASSED] - Element 'Object Repository/iOS/Product_Search/Progress_Bar' is exist

2021-10-06 21:57:28 - [MESSAGE][PASSED] - Delayed 1 second(s)

2021-10-06 21:57:28 - [MESSAGE][PASSED] - Element 'Object Repository/iOS/Product_Search/Progress_Bar' is exist

2021-10-06 21:57:29 - [MESSAGE][PASSED] - Delayed 1 second(s)

2021-10-06 21:57:29 - [MESSAGE][PASSED] - Element 'Object Repository/iOS/Product_Search/Progress_Bar' is exist

2021-10-06 21:57:30 - [MESSAGE][PASSED] - Delayed 1 second(s)

2021-10-06 21:57:31 - [MESSAGE][PASSED] - Element 'Object Repository/iOS/Product_Search/Progress_Bar' is exist

2021-10-06 21:57:32 - [MESSAGE][PASSED] - Delayed 1 second(s)

2021-10-06 21:57:32 - [MESSAGE][PASSED] - Element 'Object Repository/iOS/Product_Search/Progress_Bar' is exist

2021-10-06 21:57:33 - [MESSAGE][PASSED] - Delayed 1 second(s)

2021-10-06 21:57:33 - [MESSAGE][PASSED] - Element 'Object Repository/iOS/Product_Search/Progress_Bar' is exist

2021-10-06 21:57:34 - [MESSAGE][PASSED] - Delayed 1 second(s)

2021-10-06 21:57:35 - [MESSAGE][PASSED] - Element 'Object Repository/iOS/Product_Search/Progress_Bar' is exist

2021-10-06 21:57:36 - [MESSAGE][PASSED] - Delayed 1 second(s)

2021-10-06 21:57:36 - [MESSAGE][PASSED] - Element 'Object Repository/iOS/Product_Search/Progress_Bar' is exist

2021-10-06 21:57:37 - [MESSAGE][PASSED] - Delayed 1 second(s)

2021-10-06 21:57:37 - [MESSAGE][PASSED] - Element 'Object Repository/iOS/Product_Search/Progress_Bar' is exist

2021-10-06 21:57:38 - [MESSAGE][PASSED] - Delayed 1 second(s)

2021-10-06 21:57:39 - [MESSAGE][PASSED] - Element 'Object Repository/iOS/Product_Search/Progress_Bar' is exist

2021-10-06 21:57:40 - [MESSAGE][PASSED] - Delayed 1 second(s)

2021-10-06 21:57:40 - [MESSAGE][PASSED] - Element 'Object Repository/iOS/Product_Search/Progress_Bar' is exist

2021-10-06 21:57:41 - [MESSAGE][PASSED] - Delayed 1 second(s)

2021-10-06 21:57:41 - [MESSAGE][PASSED] - Element 'Object Repository/iOS/Product_Search/Progress_Bar' is exist

2021-10-06 21:57:42 - [MESSAGE][PASSED] - Delayed 1 second(s)

2021-10-06 21:57:42 - [MESSAGE][PASSED] - Element 'Object Repository/iOS/Product_Search/Progress_Bar' is exist

2021-10-06 21:57:43 - [MESSAGE][PASSED] - Delayed 1 second(s)

2021-10-06 21:57:44 - [MESSAGE][PASSED] - Element 'Object Repository/iOS/Product_Search/Progress_Bar' is exist

2021-10-06 21:57:45 - [MESSAGE][PASSED] - Delayed 1 second(s)

2021-10-06 21:57:45 - [MESSAGE][PASSED] - Element 'Object Repository/iOS/Product_Search/Progress_Bar' is exist

2021-10-06 21:57:46 - [MESSAGE][PASSED] - Delayed 1 second(s)

2021-10-06 21:57:46 - [MESSAGE][PASSED] - Element 'Object Repository/iOS/Product_Search/Progress_Bar' is exist

2021-10-06 21:57:47 - [MESSAGE][PASSED] - Delayed 1 second(s)

2021-10-06 21:57:48 - [MESSAGE][PASSED] - Element 'Object Repository/iOS/Product_Search/Progress_Bar' is exist

2021-10-06 21:57:49 - [MESSAGE][PASSED] - Delayed 1 second(s)

2021-10-06 21:57:49 - [MESSAGE][PASSED] - Element 'Object Repository/iOS/Product_Search/Progress_Bar' is exist

2021-10-06 21:57:50 - [MESSAGE][PASSED] - Delayed 1 second(s)

2021-10-06 21:57:50 - [MESSAGE][PASSED] - Element 'Object Repository/iOS/Product_Search/Progress_Bar' is exist

2021-10-06 21:57:51 - [MESSAGE][PASSED] - Delayed 1 second(s)

2021-10-06 21:57:52 - [MESSAGE][PASSED] - Element 'Object Repository/iOS/Product_Search/Progress_Bar' is exist

2021-10-06 21:57:53 - [MESSAGE][PASSED] - Delayed 1 second(s)

2021-10-06 21:57:53 - [MESSAGE][PASSED] - Element 'Object Repository/iOS/Product_Search/Progress_Bar' is exist

2021-10-06 21:57:54 - [MESSAGE][PASSED] - Delayed 1 second(s)

2021-10-06 21:57:54 - [MESSAGE][PASSED] - Element 'Object Repository/iOS/Product_Search/Progress_Bar' is exist

2021-10-06 21:57:55 - [MESSAGE][PASSED] - Delayed 1 second(s)

2021-10-06 21:57:56 - [MESSAGE][PASSED] - Element 'Object Repository/iOS/Product_Search/Progress_Bar' is exist

2021-10-06 21:57:57 - [MESSAGE][PASSED] - Delayed 1 second(s)

2021-10-06 21:57:57 - [MESSAGE][PASSED] - Element 'Object Repository/iOS/Product_Search/Progress_Bar' is exist

2021-10-06 21:57:58 - [MESSAGE][PASSED] - Delayed 1 second(s)

2021-10-06 21:57:58 - [MESSAGE][PASSED] - Element 'Object Repository/iOS/Product_Search/Progress_Bar' is exist

2021-10-06 21:57:59 - [MESSAGE][PASSED] - Delayed 1 second(s)

2021-10-06 21:58:00 - [MESSAGE][PASSED] - Element 'Object Repository/iOS/Product_Search/Progress_Bar' is exist

2021-10-06 21:58:01 - [MESSAGE][PASSED] - Delayed 1 second(s)

2021-10-06 21:58:01 - [MESSAGE][PASSED] - Element 'Object Repository/iOS/Product_Search/Progress_Bar' is exist

2021-10-06 21:58:02 - [MESSAGE][PASSED] - Delayed 1 second(s)

2021-10-06 21:58:02 - [MESSAGE][PASSED] - Element 'Object Repository/iOS/Product_Search/Progress_Bar' is exist

2021-10-06 21:58:03 - [MESSAGE][PASSED] - Delayed 1 second(s)

2021-10-06 21:58:04 - [MESSAGE][PASSED] - Element 'Object Repository/iOS/Product_Search/Progress_Bar' is exist

2021-10-06 21:58:05 - [MESSAGE][PASSED] - Delayed 1 second(s)

2021-10-06 21:58:05 - [MESSAGE][PASSED] - Element 'Object Repository/iOS/Product_Search/Progress_Bar' is exist

2021-10-06 21:58:06 - [MESSAGE][PASSED] - Delayed 1 second(s)

2021-10-06 21:58:07 - [MESSAGE][PASSED] - Element 'Object Repository/iOS/Product_Search/Progress_Bar' is exist

2021-10-06 21:58:08 - [MESSAGE][PASSED] - Delayed 1 second(s)

2021-10-06 21:58:09 - [MESSAGE][PASSED] - Element 'Object Repository/iOS/Product_Search/Progress_Bar' is exist

2021-10-06 21:58:10 - [MESSAGE][PASSED] - Delayed 1 second(s)

2021-10-06 21:58:10 - [MESSAGE][PASSED] - Element 'Object Repository/iOS/Product_Search/Progress_Bar' is exist

2021-10-06 21:58:11 - [MESSAGE][PASSED] - Delayed 1 second(s)

2021-10-06 21:58:11 - [MESSAGE][PASSED] - Element 'Object Repository/iOS/Product_Search/Progress_Bar' is exist

2021-10-06 21:58:12 - [MESSAGE][PASSED] - Delayed 1 second(s)

2021-10-06 21:58:14 - [MESSAGE][WARNING] - Element 'Object Repository/iOS/Product_Search/Progress_Bar' not found
[[ATTACHMENT|/Users/sahil.vidaysingh/Katalon Studio/testing/Reports/20211006_215455/sanity_iOS/20211006_215455/1633537694266.png]]

2021-10-06 21:58:14 - [MESSAGE][WARNING] - Timeout '0' is invalid. Using default page load timeout: '30'

2021-10-06 21:58:15 - [MESSAGE][PASSED] - Element 'Object Repository/iOS/Account_Selection/You must select an account to continue_Text' is present

2021-10-06 21:58:20 - [MESSAGE][PASSED] - Scrolling to text '10-676018' successfully

2021-10-06 21:58:20 - [MESSAGE][WARNING] - Timeout '0' is invalid. Using default page load timeout: '30'

2021-10-06 21:58:22 - [MESSAGE][PASSED] - Tapped on element 'Object Repository/iOS/Account_Selection/AccountNo_Text'

2021-10-06 21:58:23 - [MESSAGE][WARNING] - Element 'Object Repository/iOS/Product_Search/Progress_Bar' not found
[[ATTACHMENT|/Users/sahil.vidaysingh/Katalon Studio/testing/Reports/20211006_215455/sanity_iOS/20211006_215455/1633537703640.png]]

2021-10-06 21:58:23 - [MESSAGE][PASSED] - ios_account_selection.Select_An_Account.Custom is PASSED

2021-10-06 21:58:23 - [TEST_STEP][PASSED] - ios_dashboard.dashboard_details.click_On_Orders(): ios_dashboard.dashboard_details.click_On_Orders is PASSED

2021-10-06 21:58:23 - [MESSAGE][WARNING] - Timeout '0' is invalid. Using default page load timeout: '30'

2021-10-06 21:58:24 - [MESSAGE][PASSED] - Tapped on element 'Object Repository/iOS/Dashboard/Orders_Tab'

2021-10-06 21:58:24 - [MESSAGE][PASSED] - ios_dashboard.dashboard_details.click_On_Orders is PASSED

2021-10-06 21:58:24 - [TEST_STEP][PASSED] - ios_orders.Cart_Screen.verify_Cart_Screen_Details_without_Adding_any_Product(): ios_orders.Cart_Screen.verify_Cart_Screen_Details_without_Adding_any_Product is PASSED

2021-10-06 21:58:24 - [MESSAGE][WARNING] - Timeout '0' is invalid. Using default page load timeout: '30'

2021-10-06 21:58:25 - [MESSAGE][PASSED] - Element 'Object Repository/iOS/Orders/Verification Details/Lines_Text' is exist

2021-10-06 21:58:25 - [MESSAGE][WARNING] - Timeout '0' is invalid. Using default page load timeout: '30'

2021-10-06 21:58:25 - [MESSAGE][PASSED] - Element 'Object Repository/iOS/Orders/Cart Page/Place All Orders/Disabled_Place All Orders_Button' is exist

2021-10-06 21:58:25 - [MESSAGE][WARNING] - Timeout '0' is invalid. Using default page load timeout: '30'

2021-10-06 21:58:26 - [MESSAGE][PASSED] - Element 'Object Repository/iOS/Orders/Cart Page/Upload All Orders/Disabled_Upload All Orders_Button' is exist

2021-10-06 21:58:26 - [MESSAGE][WARNING] - Timeout '0' is invalid. Using default page load timeout: '30'

2021-10-06 21:58:27 - [MESSAGE][PASSED] - Element 'Object Repository/iOS/Orders/Orders_Common_Screen/Cart Page_Tab' is exist

2021-10-06 21:58:27 - [MESSAGE][WARNING] - Timeout '0' is invalid. Using default page load timeout: '30'

2021-10-06 21:58:27 - [MESSAGE][PASSED] - Element 'Object Repository/iOS/Orders/Verification Details/Cart Header_Label' is exist

2021-10-06 21:58:27 - [MESSAGE][PASSED] - ios_orders.Cart_Screen.verify_Cart_Screen_Details_without_Adding_any_Product is PASSED

2021-10-06 21:58:27 - [TEST_STEP][PASSED] - ios_orders.Orders_Screen.click_On_NewOrder(): ios_orders.Orders_Screen.click_On_NewOrder is PASSED

2021-10-06 21:58:27 - [MESSAGE][WARNING] - Timeout '0' is invalid. Using default page load timeout: '30'

2021-10-06 21:58:28 - [MESSAGE][PASSED] - Tapped on element 'Object Repository/iOS/Orders/Orders_Common_Screen/New Order_Tab'

2021-10-06 21:58:28 - [MESSAGE][PASSED] - ios_orders.Orders_Screen.click_On_NewOrder is PASSED

2021-10-06 21:58:28 - [TEST_STEP][PASSED] - ios_orders.New_Order_Screen.verify_NewOrder_Screen_Details(): ios_orders.New_Order_Screen.verify_NewOrder_Screen_Details is PASSED

2021-10-06 21:58:28 - [MESSAGE][WARNING] - Timeout '0' is invalid. Using default page load timeout: '30'

2021-10-06 21:58:29 - [MESSAGE][PASSED] - Element 'Object Repository/iOS/Orders/New Order Page/Create a new order_Text' is exist

2021-10-06 21:58:29 - [MESSAGE][WARNING] - Timeout '0' is invalid. Using default page load timeout: '30'

2021-10-06 21:58:30 - [MESSAGE][PASSED] - Element 'Object Repository/iOS/Orders/New Order Page/Account_Text' is exist

2021-10-06 21:58:30 - [MESSAGE][WARNING] - Timeout '0' is invalid. Using default page load timeout: '30'

2021-10-06 21:58:30 - [MESSAGE][PASSED] - Element 'Object Repository/iOS/Orders/New Order Page/Purchase Order Details_Text' is exist

2021-10-06 21:58:30 - [MESSAGE][WARNING] - Timeout '0' is invalid. Using default page load timeout: '30'

2021-10-06 21:58:31 - [MESSAGE][PASSED] - Element 'Object Repository/iOS/Orders/New Order Page/Change Account_Text' is exist

2021-10-06 21:58:31 - [MESSAGE][PASSED] - ios_orders.New_Order_Screen.verify_NewOrder_Screen_Details is PASSED

2021-10-06 21:58:31 - [TEST_STEP][PASSED] - ios_orders.New_Order_Screen.enter_Purchase_Order_Details(PO_Name, PO_Memo): ios_orders.New_Order_Screen.enter_Purchase_Order_Details is PASSED

2021-10-06 21:58:31 - [MESSAGE][WARNING] - Duration '0' is invalid. Using default duration.

2021-10-06 21:58:31 - [MESSAGE][WARNING] - Timeout '0' is invalid. Using default page load timeout: '30'

2021-10-06 21:58:32 - [MESSAGE][PASSED] - Tapped and held on element 'Object Repository/iOS/Orders/Order Details Page/Edit PO Name and Memo/PO Name_TextField' with duration (default)

2021-10-06 21:58:32 - [MESSAGE][WARNING] - Timeout '0' is invalid. Using default page load timeout: '30'

2021-10-06 21:58:36 - [MESSAGE][PASSED] - Text 'po_name' has been set to element 'Object Repository/iOS/Orders/Order Details Page/Edit PO Name and Memo/PO Name_TextField'

2021-10-06 21:58:36 - [MESSAGE][WARNING] - Timeout '0' is invalid. Using default page load timeout: '30'

2021-10-06 21:58:37 - [MESSAGE][PASSED] - Tapped on element 'Object Repository/iOS/Product_Search/Return Keypad_Button'

2021-10-06 21:58:37 - [MESSAGE][WARNING] - Duration '0' is invalid. Using default duration.

2021-10-06 21:58:37 - [MESSAGE][WARNING] - Timeout '0' is invalid. Using default page load timeout: '30'

2021-10-06 21:58:38 - [MESSAGE][PASSED] - Tapped and held on element 'Object Repository/iOS/Orders/Order Details Page/Edit PO Name and Memo/poMemo Field_Button' with duration (default)

2021-10-06 21:58:38 - [MESSAGE][WARNING] - Timeout '0' is invalid. Using default page load timeout: '30'

2021-10-06 21:58:39 - [MESSAGE][PASSED] - Text 'po_memo' has been set to element 'Object Repository/iOS/Orders/Order Details Page/Edit PO Name and Memo/poMemoField_TextField'

2021-10-06 21:58:39 - [MESSAGE][WARNING] - Timeout '0' is invalid. Using default page load timeout: '30'

2021-10-06 21:58:41 - [MESSAGE][PASSED] - Tapped on element 'Object Repository/iOS/Product_Search/Return Keypad_Button'

2021-10-06 21:58:41 - [MESSAGE][PASSED] - ios_orders.New_Order_Screen.enter_Purchase_Order_Details is PASSED

2021-10-06 21:58:41 - [TEST_STEP][PASSED] - ios_orders.New_Order_Screen.verify_NewOrder_Screen_Details(): ios_orders.New_Order_Screen.verify_NewOrder_Screen_Details is PASSED

2021-10-06 21:58:41 - [MESSAGE][WARNING] - Timeout '0' is invalid. Using default page load timeout: '30'

2021-10-06 21:58:42 - [MESSAGE][PASSED] - Element 'Object Repository/iOS/Orders/New Order Page/Create a new order_Text' is exist

2021-10-06 21:58:42 - [MESSAGE][WARNING] - Timeout '0' is invalid. Using default page load timeout: '30'

2021-10-06 21:58:43 - [MESSAGE][PASSED] - Element 'Object Repository/iOS/Orders/New Order Page/Account_Text' is exist

2021-10-06 21:58:43 - [MESSAGE][WARNING] - Timeout '0' is invalid. Using default page load timeout: '30'

2021-10-06 21:58:43 - [MESSAGE][PASSED] - Element 'Object Repository/iOS/Orders/New Order Page/Purchase Order Details_Text' is exist

2021-10-06 21:58:43 - [MESSAGE][WARNING] - Timeout '0' is invalid. Using default page load timeout: '30'

2021-10-06 21:58:44 - [MESSAGE][PASSED] - Element 'Object Repository/iOS/Orders/New Order Page/Change Account_Text' is exist

2021-10-06 21:58:44 - [MESSAGE][PASSED] - ios_orders.New_Order_Screen.verify_NewOrder_Screen_Details is PASSED

2021-10-06 21:58:44 - [TEST_STEP][PASSED] - ios_orders.New_Order_Screen.create_Order(): ios_orders.New_Order_Screen.create_Order is PASSED

2021-10-06 21:58:44 - [MESSAGE][WARNING] - Timeout '0' is invalid. Using default page load timeout: '30'

2021-10-06 21:58:46 - [MESSAGE][PASSED] - Tapped on element 'Object Repository/iOS/Orders/New Order Page/Create Order_Button'

2021-10-06 21:58:46 - [MESSAGE][PASSED] - ios_orders.New_Order_Screen.create_Order is PASSED

2021-10-06 21:58:46 - [TEST_STEP][PASSED] - ios_orders.Order_details_Screen.add_Product_to_Order(Product_Name, Quantity): ios_orders.Order_details_Screen.add_Product_to_Order is PASSED

2021-10-06 21:58:48 - [MESSAGE][WARNING] - Element 'Object Repository/iOS/Product_Search/Progress_Bar' not found
[[ATTACHMENT|/Users/sahil.vidaysingh/Katalon Studio/testing/Reports/20211006_215455/sanity_iOS/20211006_215455/1633537727918.png]]

2021-10-06 21:58:48 - [MESSAGE][WARNING] - Duration '0' is invalid. Using default duration.

2021-10-06 21:58:48 - [MESSAGE][WARNING] - Timeout '0' is invalid. Using default page load timeout: '30'

2021-10-06 21:58:49 - [MESSAGE][PASSED] - Tapped and held on element 'Object Repository/iOS/Inventory/Location Details_Screen/Add Product to Location/Product SearchField' with duration (default)

2021-10-06 21:58:50 - [MESSAGE][WARNING] - Element 'Object Repository/iOS/Product_Search/Progress_Bar' not found
[[ATTACHMENT|/Users/sahil.vidaysingh/Katalon Studio/testing/Reports/20211006_215455/sanity_iOS/20211006_215455/1633537730600.png]]

2021-10-06 21:58:50 - [MESSAGE][WARNING] - Timeout '0' is invalid. Using default page load timeout: '30'

2021-10-06 21:58:52 - [MESSAGE][PASSED] - Text '4023347' has been set to element 'Object Repository/iOS/Product_Search/Product SearchField'

2021-10-06 21:58:52 - [MESSAGE][WARNING] - Duration '0' is invalid. Using default duration.

2021-10-06 21:58:52 - [MESSAGE][WARNING] - Timeout '0' is invalid. Using default page load timeout: '30'

2021-10-06 21:58:53 - [MESSAGE][PASSED] - Tapped and held on element 'Object Repository/iOS/Product_Search/Search Key_Button' with duration (default)

2021-10-06 21:58:53 - [MESSAGE][WARNING] - Timeout '0' is invalid. Using default page load timeout: '30'

2021-10-06 21:58:59 - [MESSAGE][PASSED] - Text '2' has been set to element 'Object Repository/iOS/Product_Search/Quantity_TextField'

2021-10-06 21:58:59 - [MESSAGE][PASSED] - Element 'Object Repository/iOS/Product_Search/Progress_Bar' is exist

2021-10-06 21:59:00 - [MESSAGE][PASSED] - Delayed 1 second(s)

2021-10-06 21:59:01 - [MESSAGE][PASSED] - Element 'Object Repository/iOS/Product_Search/Progress_Bar' is exist

2021-10-06 21:59:02 - [MESSAGE][PASSED] - Delayed 1 second(s)

2021-10-06 21:59:03 - [MESSAGE][PASSED] - Element 'Object Repository/iOS/Product_Search/Progress_Bar' is exist

2021-10-06 21:59:04 - [MESSAGE][PASSED] - Delayed 1 second(s)

2021-10-06 21:59:05 - [MESSAGE][PASSED] - Element 'Object Repository/iOS/Product_Search/Progress_Bar' is exist

2021-10-06 21:59:06 - [MESSAGE][PASSED] - Delayed 1 second(s)

2021-10-06 21:59:07 - [MESSAGE][WARNING] - Element 'Object Repository/iOS/Product_Search/Progress_Bar' not found
[[ATTACHMENT|/Users/sahil.vidaysingh/Katalon Studio/testing/Reports/20211006_215455/sanity_iOS/20211006_215455/1633537747238.png]]

2021-10-06 21:59:07 - [MESSAGE][WARNING] - Timeout '0' is invalid. Using default page load timeout: '30'

2021-10-06 21:59:08 - [MESSAGE][PASSED] - Tapped on element 'Object Repository/iOS/Orders/Cart Page/Place All Orders/Done_Keypad'

2021-10-06 21:59:08 - [MESSAGE][WARNING] - Timeout '0' is invalid. Using default page load timeout: '30'

2021-10-06 21:59:10 - [MESSAGE][PASSED] - Tapped on element 'Object Repository/iOS/Inventory/Inventory Details Screen/Add Product to Inventory using Search from Dashoboard/Add to Order_Text'

2021-10-06 21:59:10 - [MESSAGE][WARNING] - Timeout '0' is invalid. Using default page load timeout: '30'

2021-10-06 21:59:10 - [MESSAGE][PASSED] - Element 'Object Repository/iOS/Product_Search/Confirmation_Text' is exist

2021-10-06 21:59:10 - [MESSAGE][WARNING] - Timeout '0' is invalid. Using default page load timeout: '30'

2021-10-06 21:59:11 - [MESSAGE][PASSED] - Tapped on element 'Object Repository/iOS/Orders/Order Details Page/Upload Order/Continue Ordering_Text'

2021-10-06 21:59:11 - [MESSAGE][PASSED] - ios_orders.Order_details_Screen.add_Product_to_Order is PASSED

2021-10-06 21:59:11 - [TEST_STEP][PASSED] - ios_common_keywords.Go_Back.Custom(): ios_common_keywords.Go_Back.Custom is PASSED

2021-10-06 21:59:13 - [MESSAGE][WARNING] - Element 'Object Repository/iOS/Product_Search/Progress_Bar' not found
[[ATTACHMENT|/Users/sahil.vidaysingh/Katalon Studio/testing/Reports/20211006_215455/sanity_iOS/20211006_215455/1633537753602.png]]

2021-10-06 21:59:18 - [MESSAGE][WARNING] - Element 'Object Repository/iOS/Product_Search/Back_Text' not found
[[ATTACHMENT|/Users/sahil.vidaysingh/Katalon Studio/testing/Reports/20211006_215455/sanity_iOS/20211006_215455/1633537757911.png]]

2021-10-06 21:59:18 - [MESSAGE][PASSED] - Tapped on element 'Object Repository/iOS/Inventory/Location Details_Screen/Add Product to Location/Back Button_Text'

2021-10-06 21:59:19 - [MESSAGE][PASSED] - Element 'Object Repository/iOS/Product_Search/Progress_Bar' is exist

2021-10-06 21:59:21 - [MESSAGE][PASSED] - Delayed 2 second(s)

2021-10-06 21:59:23 - [MESSAGE][WARNING] - Element 'Object Repository/iOS/Product_Search/Progress_Bar' not found
[[ATTACHMENT|/Users/sahil.vidaysingh/Katalon Studio/testing/Reports/20211006_215455/sanity_iOS/20211006_215455/1633537763524.png]]

2021-10-06 21:59:23 - [MESSAGE][PASSED] - ios_common_keywords.Go_Back.Custom is PASSED

2021-10-06 21:59:23 - [TEST_STEP][PASSED] - ios_common_keywords.Go_Back.Custom(): ios_common_keywords.Go_Back.Custom is PASSED

2021-10-06 21:59:25 - [MESSAGE][WARNING] - Element 'Object Repository/iOS/Product_Search/Progress_Bar' not found
[[ATTACHMENT|/Users/sahil.vidaysingh/Katalon Studio/testing/Reports/20211006_215455/sanity_iOS/20211006_215455/1633537765826.png]]

2021-10-06 21:59:30 - [MESSAGE][WARNING] - Element 'Object Repository/iOS/Product_Search/Back_Text' not found
[[ATTACHMENT|/Users/sahil.vidaysingh/Katalon Studio/testing/Reports/20211006_215455/sanity_iOS/20211006_215455/1633537770009.png]]

2021-10-06 21:59:30 - [MESSAGE][PASSED] - Tapped on element 'Object Repository/iOS/Inventory/Location Details_Screen/Add Product to Location/Back Button_Text'

2021-10-06 21:59:33 - [MESSAGE][WARNING] - Element 'Object Repository/iOS/Product_Search/Progress_Bar' not found
[[ATTACHMENT|/Users/sahil.vidaysingh/Katalon Studio/testing/Reports/20211006_215455/sanity_iOS/20211006_215455/1633537773217.png]]

2021-10-06 21:59:33 - [MESSAGE][PASSED] - ios_common_keywords.Go_Back.Custom is PASSED

2021-10-06 21:59:33 - [TEST_STEP][PASSED] - ios_orders.Cart_Screen.verify_Cart_Screen_Details_with_Added_Product(): ios_orders.Cart_Screen.verify_Cart_Screen_Details_with_Added_Product is PASSED

2021-10-06 21:59:33 - [MESSAGE][WARNING] - Timeout '0' is invalid. Using default page load timeout: '30'

2021-10-06 21:59:34 - [MESSAGE][PASSED] - Element 'Object Repository/iOS/Orders/Orders_Common_Screen/Cart Page_Tab' is exist

2021-10-06 21:59:34 - [MESSAGE][WARNING] - Timeout '0' is invalid. Using default page load timeout: '30'

2021-10-06 21:59:34 - [MESSAGE][PASSED] - Element 'Object Repository/iOS/Orders/Cart Page/Upload All Orders/Enabled_Upload All Orders_Button' is exist

2021-10-06 21:59:34 - [MESSAGE][WARNING] - Timeout '0' is invalid. Using default page load timeout: '30'

2021-10-06 21:59:35 - [MESSAGE][PASSED] - Element 'Object Repository/iOS/Orders/Verification Details/Cart Header_Label' is exist

2021-10-06 21:59:35 - [MESSAGE][WARNING] - Timeout '0' is invalid. Using default page load timeout: '30'

2021-10-06 21:59:36 - [MESSAGE][PASSED] - Element 'Object Repository/iOS/Orders/Verification Details/All Mobile Orders_Text' is exist

2021-10-06 21:59:36 - [MESSAGE][WARNING] - Timeout '0' is invalid. Using default page load timeout: '30'

2021-10-06 21:59:36 - [MESSAGE][PASSED] - Element 'Object Repository/iOS/Orders/Verification Details/OrderList_Text' is exist

2021-10-06 21:59:36 - [MESSAGE][WARNING] - Timeout '0' is invalid. Using default page load timeout: '30'

2021-10-06 21:59:37 - [MESSAGE][PASSED] - Element 'Object Repository/iOS/Orders/Verification Details/Cart Total_Text' is exist

2021-10-06 21:59:37 - [MESSAGE][WARNING] - Timeout '0' is invalid. Using default page load timeout: '30'

2021-10-06 21:59:38 - [MESSAGE][PASSED] - Element 'Object Repository/iOS/Orders/Verification Details/OrderList_Amount_Text' is exist

2021-10-06 21:59:38 - [MESSAGE][PASSED] - ios_orders.Cart_Screen.verify_Cart_Screen_Details_with_Added_Product is PASSED

2021-10-06 21:59:38 - [TEST_STEP][PASSED] - ios_orders.Cart_Screen.click_On_Order(Account): ios_orders.Cart_Screen.click_On_Order is PASSED

2021-10-06 21:59:38 - [MESSAGE][WARNING] - Timeout '0' is invalid. Using default page load timeout: '30'

2021-10-06 21:59:39 - [MESSAGE][PASSED] - Tapped on element 'Object Repository/iOS/Orders/Order Details Page/Order Details_Text'

2021-10-06 21:59:39 - [MESSAGE][PASSED] - ios_orders.Cart_Screen.click_On_Order is PASSED

2021-10-06 21:59:39 - [TEST_STEP][PASSED] - ios_orders.Order_details_Screen.verify_Order_Details_Screen_Details_with_added_product(): ios_orders.Order_details_Screen.verify_Order_Details_Screen_Details_with_added_product is PASSED

2021-10-06 21:59:39 - [MESSAGE][WARNING] - Timeout '0' is invalid. Using default page load timeout: '30'

2021-10-06 21:59:40 - [MESSAGE][PASSED] - Element 'Object Repository/iOS/Orders/Order Details Page/Verification Details/Order Total_Text' is exist

2021-10-06 21:59:40 - [MESSAGE][WARNING] - Timeout '0' is invalid. Using default page load timeout: '30'

2021-10-06 21:59:41 - [MESSAGE][PASSED] - Element 'Object Repository/iOS/Orders/Order Details Page/Verification Details/Product Cost_Text' is exist

2021-10-06 21:59:41 - [MESSAGE][WARNING] - Timeout '0' is invalid. Using default page load timeout: '30'

2021-10-06 21:59:41 - [MESSAGE][PASSED] - Element 'Object Repository/iOS/Orders/Order Details Page/Verification Details/Remove Item_Button' is exist

2021-10-06 21:59:41 - [MESSAGE][WARNING] - Timeout '0' is invalid. Using default page load timeout: '30'

2021-10-06 21:59:42 - [MESSAGE][PASSED] - Element 'Object Repository/iOS/Product_Details/UOI_Text' is exist

2021-10-06 21:59:42 - [MESSAGE][WARNING] - Timeout '0' is invalid. Using default page load timeout: '30'

2021-10-06 21:59:42 - [MESSAGE][PASSED] - Element 'Object Repository/iOS/Product_Details/AMU_Text' is exist

2021-10-06 21:59:42 - [MESSAGE][WARNING] - Timeout '0' is invalid. Using default page load timeout: '30'

2021-10-06 21:59:43 - [MESSAGE][PASSED] - Element 'Object Repository/iOS/Product_Details/NDCLabel_Text' is exist

2021-10-06 21:59:43 - [MESSAGE][WARNING] - Timeout '0' is invalid. Using default page load timeout: '30'

2021-10-06 21:59:43 - [MESSAGE][PASSED] - Element 'Object Repository/iOS/Product_Details/ManufacturerName_Text' is exist

2021-10-06 21:59:43 - [MESSAGE][PASSED] - ios_orders.Order_details_Screen.verify_Order_Details_Screen_Details_with_added_product is PASSED

2021-10-06 21:59:43 - [TEST_STEP][PASSED] - ios_orders.Order_details_Screen.edit_PO_Name_and_Memo(New_PO_Name, New_PO_Memo): ios_orders.Order_details_Screen.edit_PO_Name_and_Memo is PASSED

2021-10-06 21:59:46 - [MESSAGE][PASSED] - Scrolling to text 'Edit' successfully

2021-10-06 21:59:46 - [MESSAGE][WARNING] - Timeout '0' is invalid. Using default page load timeout: '30'

2021-10-06 21:59:48 - [MESSAGE][PASSED] - Tapped on element 'Object Repository/iOS/Orders/Order Details Page/Edit PO Name and Memo/SearchEditOrderLabel'

2021-10-06 21:59:48 - [MESSAGE][WARNING] - Duration '0' is invalid. Using default duration.

2021-10-06 21:59:48 - [MESSAGE][WARNING] - Timeout '0' is invalid. Using default page load timeout: '30'

2021-10-06 21:59:49 - [MESSAGE][PASSED] - Tapped and held on element 'Object Repository/iOS/Orders/Order Details Page/Edit PO Name and Memo/poMemoField_TextField' with duration (default)

2021-10-06 21:59:49 - [MESSAGE][WARNING] - Timeout '0' is invalid. Using default page load timeout: '30'

2021-10-06 21:59:50 - [MESSAGE][PASSED] - Element 'Object Repository/iOS/Orders/Order Details Page/Edit PO Name and Memo/poMemoField_TextField' text is cleared

2021-10-06 21:59:50 - [MESSAGE][WARNING] - Timeout '0' is invalid. Using default page load timeout: '30'

2021-10-06 21:59:51 - [MESSAGE][PASSED] - Text 'new_PO_Name' has been set to element 'Object Repository/iOS/Orders/Order Details Page/Edit PO Name and Memo/poMemoField_TextField'

2021-10-06 21:59:51 - [MESSAGE][WARNING] - Duration '0' is invalid. Using default duration.

2021-10-06 21:59:51 - [MESSAGE][WARNING] - Timeout '0' is invalid. Using default page load timeout: '30'

2021-10-06 21:59:53 - [MESSAGE][PASSED] - Tapped and held on element 'Object Repository/iOS/Product_Search/Return Keypad_Button' with duration (default)

2021-10-06 21:59:53 - [MESSAGE][WARNING] - Duration '0' is invalid. Using default duration.

2021-10-06 21:59:53 - [MESSAGE][WARNING] - Timeout '0' is invalid. Using default page load timeout: '30'

2021-10-06 21:59:54 - [MESSAGE][PASSED] - Tapped and held on element 'Object Repository/iOS/Orders/Order Details Page/Edit PO Name and Memo/EditPOButton' with duration (default)

2021-10-06 21:59:54 - [MESSAGE][WARNING] - Timeout '0' is invalid. Using default page load timeout: '30'

2021-10-06 21:59:54 - [MESSAGE][PASSED] - Element 'Object Repository/iOS/Orders/Order Details Page/Edit PO Name and Memo/Edit P.O_TextField' text is cleared

2021-10-06 21:59:54 - [MESSAGE][WARNING] - Timeout '0' is invalid. Using default page load timeout: '30'

2021-10-06 21:59:55 - [MESSAGE][PASSED] - Text 'new_PO_Memo' has been set to element 'Object Repository/iOS/Orders/Order Details Page/Edit PO Name and Memo/Edit P.O_TextField'

2021-10-06 21:59:55 - [MESSAGE][WARNING] - Timeout '0' is invalid. Using default page load timeout: '30'

2021-10-06 21:59:56 - [MESSAGE][PASSED] - Tapped on element 'Object Repository/iOS/Orders/Order Details Page/Edit PO Name and Memo/Update Order_Button'

2021-10-06 21:59:56 - [MESSAGE][PASSED] - ios_orders.Order_details_Screen.edit_PO_Name_and_Memo is PASSED

2021-10-06 21:59:56 - [TEST_STEP][PASSED] - ios_common_keywords.Go_Back.Custom(): ios_common_keywords.Go_Back.Custom is PASSED

2021-10-06 21:59:57 - [MESSAGE][PASSED] - Element 'Object Repository/iOS/Product_Search/Progress_Bar' is exist

2021-10-06 21:59:59 - [MESSAGE][PASSED] - Delayed 2 second(s)

2021-10-06 22:00:01 - [MESSAGE][WARNING] - Element 'Object Repository/iOS/Product_Search/Progress_Bar' not found
[[ATTACHMENT|/Users/sahil.vidaysingh/Katalon Studio/testing/Reports/20211006_215455/sanity_iOS/20211006_215455/1633537801624.png]]

2021-10-06 22:00:05 - [MESSAGE][WARNING] - Element 'Object Repository/iOS/Product_Search/Back_Text' not found
[[ATTACHMENT|/Users/sahil.vidaysingh/Katalon Studio/testing/Reports/20211006_215455/sanity_iOS/20211006_215455/1633537805851.png]]

2021-10-06 22:00:07 - [MESSAGE][PASSED] - Tapped on element 'Object Repository/iOS/Inventory/Location Details_Screen/Add Product to Location/Back Button_Text'

2021-10-06 22:00:09 - [MESSAGE][WARNING] - Element 'Object Repository/iOS/Product_Search/Progress_Bar' not found
[[ATTACHMENT|/Users/sahil.vidaysingh/Katalon Studio/testing/Reports/20211006_215455/sanity_iOS/20211006_215455/1633537809600.png]]

2021-10-06 22:00:09 - [MESSAGE][PASSED] - ios_common_keywords.Go_Back.Custom is PASSED

2021-10-06 22:00:09 - [TEST_STEP][PASSED] - ios_orders.Cart_Screen.delete_Order(Account): ios_orders.Cart_Screen.delete_Order is PASSED

2021-10-06 22:00:15 - [MESSAGE][WARNING] - Element 'Object Repository/iOS/Product_Search/Progress_Bar' not found
[[ATTACHMENT|/Users/sahil.vidaysingh/Katalon Studio/testing/Reports/20211006_215455/sanity_iOS/20211006_215455/1633537815887.png]]

2021-10-06 22:00:16 - [MESSAGE][WARNING] - Timeout '0' is invalid. Using default page load timeout: '30'

2021-10-06 22:00:16 - [MESSAGE][PASSED] - Object 'Object Repository/iOS/Orders/Order Details Page/Order Details_Text' has top position '375'

2021-10-06 22:00:16 - [MESSAGE][WARNING] - Timeout '0' is invalid. Using default page load timeout: '30'

2021-10-06 22:00:17 - [MESSAGE][PASSED] - Object 'Object Repository/iOS/Orders/Order Details Page/Order Details_Text' has height: '17'

2021-10-06 22:00:19 - [MESSAGE][PASSED] - Swiped from 1,300,383 to 0,383

2021-10-06 22:00:19 - [MESSAGE][WARNING] - Timeout '0' is invalid. Using default page load timeout: '30'

2021-10-06 22:00:19 - [MESSAGE][PASSED] - Element 'Object Repository/iOS/Orders/Cart Page/Delete_Order/Success_Text' is exist

2021-10-06 22:00:19 - [MESSAGE][WARNING] - Timeout '0' is invalid. Using default page load timeout: '30'

2021-10-06 22:00:20 - [MESSAGE][PASSED] - Element 'Object Repository/iOS/Orders/Cart Page/Delete_Order/Order(s) deleted successfully_Text' is exist

2021-10-06 22:00:20 - [MESSAGE][WARNING] - Duration '0' is invalid. Using default duration.

2021-10-06 22:00:20 - [MESSAGE][WARNING] - Timeout '0' is invalid. Using default page load timeout: '30'

2021-10-06 22:00:22 - [MESSAGE][PASSED] - Tapped and held on element 'Object Repository/iOS/Orders/Cart Page/Delete_Order/OK_Button' with duration (default)

2021-10-06 22:00:22 - [MESSAGE][PASSED] - ios_orders.Cart_Screen.delete_Order is PASSED]]></system-out>
         <system-err><![CDATA[]]></system-err>
      </testcase>
      <testcase name="Test Cases/iOS/Carts/Create_Delete_Order" time="116.435" classname="Test Cases/iOS/Carts/Create_Delete_Order" status="PASSED">
         <system-out><![CDATA[2021-10-06 22:00:22 - [TEST_CASE][PASSED] - Test Cases/iOS/Carts/Create_Delete_Order: Test Cases/iOS/Carts/Create_Delete_Order

2021-10-06 22:00:22 - [TEST_STEP][PASSED] - ios_common_keywords.Start_Application.custom(): ios_common_keywords.Start_Application.custom is PASSED

2021-10-06 22:01:13 - [MESSAGE][PASSED] - Started app at: '/Users/sahil.vidaysingh/Downloads/Hatch 3.app'

2021-10-06 22:01:13 - [MESSAGE][PASSED] - ios_common_keywords.Start_Application.custom is PASSED

2021-10-06 22:01:13 - [TEST_STEP][PASSED] - ios_login.Login_Screen.login(Password): ios_login.Login_Screen.login is PASSED

2021-10-06 22:01:14 - [MESSAGE][PASSED] - Element 'Object Repository/iOS/LogIn/Environment_Selection_Screen/Environment Selection_Text' is exist

2021-10-06 22:01:14 - [MESSAGE][WARNING] - Timeout '0' is invalid. Using default page load timeout: '30'

2021-10-06 22:01:15 - [MESSAGE][PASSED] - Tapped on element 'Object Repository/iOS/LogIn/Environment_Selection_Screen/Environment Selection_Text'

2021-10-06 22:01:15 - [MESSAGE][WARNING] - Timeout '0' is invalid. Using default page load timeout: '30'

2021-10-06 22:01:15 - [MESSAGE][PASSED] - Tapped on element 'Object Repository/iOS/LogIn/Environment_Selection_Screen/Environment_Button'

2021-10-06 22:01:15 - [MESSAGE][WARNING] - Timeout '0' is invalid. Using default page load timeout: '30'

2021-10-06 22:01:17 - [MESSAGE][PASSED] - Tapped on element 'Object Repository/iOS/LogIn/Login_Details_Screen/Login UserName_Button'

2021-10-06 22:01:17 - [MESSAGE][WARNING] - Timeout '0' is invalid. Using default page load timeout: '30'

2021-10-06 22:01:17 - [MESSAGE][PASSED] - Text 'kavan.mobile.r' has been set to element 'Object Repository/iOS/LogIn/Login_Details_Screen/UserName_Text_Field'

2021-10-06 22:01:17 - [MESSAGE][WARNING] - Timeout '0' is invalid. Using default page load timeout: '30'

2021-10-06 22:01:18 - [MESSAGE][PASSED] - Tapped on element 'Object Repository/iOS/LogIn/Login_Details_Screen/LoginBar-ButtonDown'

2021-10-06 22:01:18 - [MESSAGE][WARNING] - Timeout '0' is invalid. Using default page load timeout: '30'

2021-10-06 22:01:19 - [MESSAGE][PASSED] - Tapped on element 'Object Repository/iOS/LogIn/Login_Details_Screen/Password-Button'

2021-10-06 22:01:19 - [MESSAGE][WARNING] - Timeout '0' is invalid. Using default page load timeout: '30'

2021-10-06 22:01:20 - [MESSAGE][PASSED] - Text 'C@rdinal!' has been set to element 'Object Repository/iOS/LogIn/Login_Details_Screen/Password-Secure_Text_Field'

2021-10-06 22:01:20 - [MESSAGE][WARNING] - Timeout '0' is invalid. Using default page load timeout: '30'

2021-10-06 22:01:21 - [MESSAGE][PASSED] - Tapped on element 'Object Repository/iOS/LogIn/Login_Details_Screen/SignIn_Button'

2021-10-06 22:01:21 - [MESSAGE][PASSED] - ios_login.Login_Screen.login is PASSED

2021-10-06 22:01:21 - [TEST_STEP][PASSED] - ios_account_selection.Select_An_Account.Custom(account): ios_account_selection.Select_An_Account.Custom is PASSED

2021-10-06 22:01:21 - [MESSAGE][PASSED] - Element 'Object Repository/iOS/Product_Search/Progress_Bar' is exist

2021-10-06 22:01:22 - [MESSAGE][PASSED] - Delayed 1 second(s)

2021-10-06 22:01:22 - [MESSAGE][PASSED] - Element 'Object Repository/iOS/Product_Search/Progress_Bar' is exist

2021-10-06 22:01:23 - [MESSAGE][PASSED] - Delayed 1 second(s)

2021-10-06 22:01:24 - [MESSAGE][PASSED] - Element 'Object Repository/iOS/Product_Search/Progress_Bar' is exist

2021-10-06 22:01:25 - [MESSAGE][PASSED] - Delayed 1 second(s)

2021-10-06 22:01:25 - [MESSAGE][PASSED] - Element 'Object Repository/iOS/Product_Search/Progress_Bar' is exist

2021-10-06 22:01:26 - [MESSAGE][PASSED] - Delayed 1 second(s)

2021-10-06 22:01:26 - [MESSAGE][PASSED] - Element 'Object Repository/iOS/Product_Search/Progress_Bar' is exist

2021-10-06 22:01:27 - [MESSAGE][PASSED] - Delayed 1 second(s)

2021-10-06 22:01:28 - [MESSAGE][PASSED] - Element 'Object Repository/iOS/Product_Search/Progress_Bar' is exist

2021-10-06 22:01:29 - [MESSAGE][PASSED] - Delayed 1 second(s)

2021-10-06 22:01:31 - [MESSAGE][WARNING] - Element 'Object Repository/iOS/Product_Search/Progress_Bar' not found
[[ATTACHMENT|/Users/sahil.vidaysingh/Katalon Studio/testing/Reports/20211006_215455/sanity_iOS/20211006_215455/1633537891285.png]]

2021-10-06 22:01:31 - [MESSAGE][WARNING] - Timeout '0' is invalid. Using default page load timeout: '30'

2021-10-06 22:01:31 - [MESSAGE][PASSED] - Element 'Object Repository/iOS/Account_Selection/You must select an account to continue_Text' is present

2021-10-06 22:01:40 - [MESSAGE][PASSED] - Scrolling to text '10-676018' successfully

2021-10-06 22:01:40 - [MESSAGE][WARNING] - Timeout '0' is invalid. Using default page load timeout: '30'

2021-10-06 22:01:41 - [MESSAGE][PASSED] - Tapped on element 'Object Repository/iOS/Account_Selection/AccountNo_Text'

2021-10-06 22:01:42 - [MESSAGE][WARNING] - Element 'Object Repository/iOS/Product_Search/Progress_Bar' not found
[[ATTACHMENT|/Users/sahil.vidaysingh/Katalon Studio/testing/Reports/20211006_215455/sanity_iOS/20211006_215455/1633537902572.png]]

2021-10-06 22:01:42 - [MESSAGE][PASSED] - ios_account_selection.Select_An_Account.Custom is PASSED

2021-10-06 22:01:42 - [TEST_STEP][PASSED] - ios_dashboard.dashboard_details.click_On_Orders(): ios_dashboard.dashboard_details.click_On_Orders is PASSED

2021-10-06 22:01:42 - [MESSAGE][WARNING] - Timeout '0' is invalid. Using default page load timeout: '30'

2021-10-06 22:01:43 - [MESSAGE][PASSED] - Tapped on element 'Object Repository/iOS/Dashboard/Orders_Tab'

2021-10-06 22:01:43 - [MESSAGE][PASSED] - ios_dashboard.dashboard_details.click_On_Orders is PASSED

2021-10-06 22:01:43 - [TEST_STEP][PASSED] - ios_orders.Orders_Screen.click_On_NewOrder(): ios_orders.Orders_Screen.click_On_NewOrder is PASSED

2021-10-06 22:01:43 - [MESSAGE][WARNING] - Timeout '0' is invalid. Using default page load timeout: '30'

2021-10-06 22:01:44 - [MESSAGE][PASSED] - Tapped on element 'Object Repository/iOS/Orders/Orders_Common_Screen/New Order_Tab'

2021-10-06 22:01:44 - [MESSAGE][PASSED] - ios_orders.Orders_Screen.click_On_NewOrder is PASSED

2021-10-06 22:01:44 - [TEST_STEP][PASSED] - ios_orders.New_Order_Screen.enter_Purchase_Order_Details(PO_Name, PO_Memo): ios_orders.New_Order_Screen.enter_Purchase_Order_Details is PASSED

2021-10-06 22:01:44 - [MESSAGE][WARNING] - Duration '0' is invalid. Using default duration.

2021-10-06 22:01:44 - [MESSAGE][WARNING] - Timeout '0' is invalid. Using default page load timeout: '30'

2021-10-06 22:01:46 - [MESSAGE][PASSED] - Tapped and held on element 'Object Repository/iOS/Orders/Order Details Page/Edit PO Name and Memo/PO Name_TextField' with duration (default)

2021-10-06 22:01:46 - [MESSAGE][WARNING] - Timeout '0' is invalid. Using default page load timeout: '30'

2021-10-06 22:01:49 - [MESSAGE][PASSED] - Text 'po_name' has been set to element 'Object Repository/iOS/Orders/Order Details Page/Edit PO Name and Memo/PO Name_TextField'

2021-10-06 22:01:49 - [MESSAGE][WARNING] - Timeout '0' is invalid. Using default page load timeout: '30'

2021-10-06 22:01:50 - [MESSAGE][PASSED] - Tapped on element 'Object Repository/iOS/Product_Search/Return Keypad_Button'

2021-10-06 22:01:50 - [MESSAGE][WARNING] - Duration '0' is invalid. Using default duration.

2021-10-06 22:01:50 - [MESSAGE][WARNING] - Timeout '0' is invalid. Using default page load timeout: '30'

2021-10-06 22:01:52 - [MESSAGE][PASSED] - Tapped and held on element 'Object Repository/iOS/Orders/Order Details Page/Edit PO Name and Memo/poMemo Field_Button' with duration (default)

2021-10-06 22:01:52 - [MESSAGE][WARNING] - Timeout '0' is invalid. Using default page load timeout: '30'

2021-10-06 22:01:53 - [MESSAGE][PASSED] - Text 'po_memo' has been set to element 'Object Repository/iOS/Orders/Order Details Page/Edit PO Name and Memo/poMemoField_TextField'

2021-10-06 22:01:53 - [MESSAGE][WARNING] - Timeout '0' is invalid. Using default page load timeout: '30'

2021-10-06 22:01:54 - [MESSAGE][PASSED] - Tapped on element 'Object Repository/iOS/Product_Search/Return Keypad_Button'

2021-10-06 22:01:54 - [MESSAGE][PASSED] - ios_orders.New_Order_Screen.enter_Purchase_Order_Details is PASSED

2021-10-06 22:01:54 - [TEST_STEP][PASSED] - ios_orders.New_Order_Screen.create_Order(): ios_orders.New_Order_Screen.create_Order is PASSED

2021-10-06 22:01:54 - [MESSAGE][WARNING] - Timeout '0' is invalid. Using default page load timeout: '30'

2021-10-06 22:01:56 - [MESSAGE][PASSED] - Tapped on element 'Object Repository/iOS/Orders/New Order Page/Create Order_Button'

2021-10-06 22:01:56 - [MESSAGE][PASSED] - ios_orders.New_Order_Screen.create_Order is PASSED

2021-10-06 22:01:56 - [TEST_STEP][PASSED] - ios_common_keywords.Go_Back.Custom(): ios_common_keywords.Go_Back.Custom is PASSED

2021-10-06 22:01:58 - [MESSAGE][WARNING] - Element 'Object Repository/iOS/Product_Search/Progress_Bar' not found
[[ATTACHMENT|/Users/sahil.vidaysingh/Katalon Studio/testing/Reports/20211006_215455/sanity_iOS/20211006_215455/1633537918529.png]]

2021-10-06 22:02:02 - [MESSAGE][WARNING] - Element 'Object Repository/iOS/Product_Search/Back_Text' not found
[[ATTACHMENT|/Users/sahil.vidaysingh/Katalon Studio/testing/Reports/20211006_215455/sanity_iOS/20211006_215455/1633537922809.png]]

2021-10-06 22:02:04 - [MESSAGE][PASSED] - Tapped on element 'Object Repository/iOS/Inventory/Location Details_Screen/Add Product to Location/Back Button_Text'

2021-10-06 22:02:06 - [MESSAGE][WARNING] - Element 'Object Repository/iOS/Product_Search/Progress_Bar' not found
[[ATTACHMENT|/Users/sahil.vidaysingh/Katalon Studio/testing/Reports/20211006_215455/sanity_iOS/20211006_215455/1633537926552.png]]

2021-10-06 22:02:06 - [MESSAGE][PASSED] - ios_common_keywords.Go_Back.Custom is PASSED

2021-10-06 22:02:06 - [TEST_STEP][PASSED] - ios_orders.Cart_Screen.delete_Order(account): ios_orders.Cart_Screen.delete_Order is PASSED

2021-10-06 22:02:12 - [MESSAGE][WARNING] - Element 'Object Repository/iOS/Product_Search/Progress_Bar' not found
[[ATTACHMENT|/Users/sahil.vidaysingh/Katalon Studio/testing/Reports/20211006_215455/sanity_iOS/20211006_215455/1633537932676.png]]

2021-10-06 22:02:12 - [MESSAGE][WARNING] - Timeout '0' is invalid. Using default page load timeout: '30'

2021-10-06 22:02:13 - [MESSAGE][PASSED] - Object 'Object Repository/iOS/Orders/Order Details Page/Order Details_Text' has top position '375'

2021-10-06 22:02:13 - [MESSAGE][WARNING] - Timeout '0' is invalid. Using default page load timeout: '30'

2021-10-06 22:02:14 - [MESSAGE][PASSED] - Object 'Object Repository/iOS/Orders/Order Details Page/Order Details_Text' has height: '17'

2021-10-06 22:02:15 - [MESSAGE][PASSED] - Swiped from 1,300,383 to 0,383

2021-10-06 22:02:15 - [MESSAGE][WARNING] - Timeout '0' is invalid. Using default page load timeout: '30'

2021-10-06 22:02:16 - [MESSAGE][PASSED] - Element 'Object Repository/iOS/Orders/Cart Page/Delete_Order/Success_Text' is exist

2021-10-06 22:02:16 - [MESSAGE][WARNING] - Timeout '0' is invalid. Using default page load timeout: '30'

2021-10-06 22:02:17 - [MESSAGE][PASSED] - Element 'Object Repository/iOS/Orders/Cart Page/Delete_Order/Order(s) deleted successfully_Text' is exist

2021-10-06 22:02:17 - [MESSAGE][WARNING] - Duration '0' is invalid. Using default duration.

2021-10-06 22:02:17 - [MESSAGE][WARNING] - Timeout '0' is invalid. Using default page load timeout: '30'

2021-10-06 22:02:19 - [MESSAGE][PASSED] - Tapped and held on element 'Object Repository/iOS/Orders/Cart Page/Delete_Order/OK_Button' with duration (default)

2021-10-06 22:02:19 - [MESSAGE][PASSED] - ios_orders.Cart_Screen.delete_Order is PASSED]]></system-out>
         <system-err><![CDATA[]]></system-err>
      </testcase>
      <testcase name="Test Cases/iOS/Carts/Place and Upload All Orders" time="651.441" classname="Test Cases/iOS/Carts/Place and Upload All Orders" status="FAILED">
         <failure type="FAILED" message="Test Cases/iOS/Carts/Place and Upload All Orders FAILED.
Reason:
com.kms.katalon.core.exception.StepFailedException: Object Object Repository/iOS/Orders/Orders_Common_Screen/New Order_Tab not found
	at com.kms.katalon.core.keyword.internal.KeywordMain.stepFailed(KeywordMain.groovy:50)
	at com.kms.katalon.core.mobile.keyword.internal.MobileKeywordMain.stepFailed(MobileKeywordMain.groovy:40)
	at com.kms.katalon.core.mobile.keyword.builtin.TapKeyword$_tap_closure1.doCall(TapKeyword.groovy:79)
	at com.kms.katalon.core.mobile.keyword.builtin.TapKeyword$_tap_closure1.call(TapKeyword.groovy)
	at com.kms.katalon.core.mobile.keyword.internal.MobileKeywordMain.runKeyword(MobileKeywordMain.groovy:21)
	at com.kms.katalon.core.mobile.keyword.builtin.TapKeyword.tap(TapKeyword.groovy:86)
	at com.kms.katalon.core.mobile.keyword.builtin.TapKeyword.execute(TapKeyword.groovy:68)
	at com.kms.katalon.core.keyword.internal.KeywordExecutor.executeKeywordForPlatform(KeywordExecutor.groovy:73)
	at com.kms.katalon.core.mobile.keyword.MobileBuiltInKeywords.tap(MobileBuiltInKeywords.groovy:1354)
	at com.kms.katalon.core.mobile.keyword.MobileBuiltInKeywords$tap$3.call(Unknown Source)
	at ios_orders.Orders_Screen.click_On_NewOrder(Orders_Screen.groovy:48)
	at ios_orders.Orders_Screen.invokeMethod(Orders_Screen.groovy)
	at com.kms.katalon.core.main.CustomKeywordDelegatingMetaClass.invokeStaticMethod(CustomKeywordDelegatingMetaClass.java:50)
	at Place and Upload All Orders.run(Place and Upload All Orders:40)
	at com.kms.katalon.core.main.ScriptEngine.run(ScriptEngine.java:194)
	at com.kms.katalon.core.main.ScriptEngine.runScriptAsRawText(ScriptEngine.java:119)
	at com.kms.katalon.core.main.TestCaseExecutor.runScript(TestCaseExecutor.java:398)
	at com.kms.katalon.core.main.TestCaseExecutor.doExecute(TestCaseExecutor.java:389)
	at com.kms.katalon.core.main.TestCaseExecutor.processExecutionPhase(TestCaseExecutor.java:368)
	at com.kms.katalon.core.main.TestCaseExecutor.accessMainPhase(TestCaseExecutor.java:360)
	at com.kms.katalon.core.main.TestCaseExecutor.execute(TestCaseExecutor.java:255)
	at com.kms.katalon.core.main.TestSuiteExecutor.accessTestCaseMainPhase(TestSuiteExecutor.java:203)
	at com.kms.katalon.core.main.TestSuiteExecutor.accessTestSuiteMainPhase(TestSuiteExecutor.java:152)
	at com.kms.katalon.core.main.TestSuiteExecutor.execute(TestSuiteExecutor.java:95)
	at com.kms.katalon.core.main.TestCaseMain.startTestSuite(TestCaseMain.java:157)
	at com.kms.katalon.core.main.TestCaseMain$startTestSuite$0.call(Unknown Source)
	at TempTestSuite1633537495900.run(TempTestSuite1633537495900.groovy:39)
"/>
         <system-out><![CDATA[2021-10-06 22:02:19 - [TEST_CASE][FAILED] - Test Cases/iOS/Carts/Place and Upload All Orders: Test Cases/iOS/Carts/Place and Upload All Orders FAILED.
Reason:
com.kms.katalon.core.exception.StepFailedException: Object Object Repository/iOS/Orders/Orders_Common_Screen/New Order_Tab not found
	at com.kms.katalon.core.keyword.internal.KeywordMain.stepFailed(KeywordMain.groovy:50)
	at com.kms.katalon.core.mobile.keyword.internal.MobileKeywordMain.stepFailed(MobileKeywordMain.groovy:40)
	at com.kms.katalon.core.mobile.keyword.builtin.TapKeyword$_tap_closure1.doCall(TapKeyword.groovy:79)
	at com.kms.katalon.core.mobile.keyword.builtin.TapKeyword$_tap_closure1.call(TapKeyword.groovy)
	at com.kms.katalon.core.mobile.keyword.internal.MobileKeywordMain.runKeyword(MobileKeywordMain.groovy:21)
	at com.kms.katalon.core.mobile.keyword.builtin.TapKeyword.tap(TapKeyword.groovy:86)
	at com.kms.katalon.core.mobile.keyword.builtin.TapKeyword.execute(TapKeyword.groovy:68)
	at com.kms.katalon.core.keyword.internal.KeywordExecutor.executeKeywordForPlatform(KeywordExecutor.groovy:73)
	at com.kms.katalon.core.mobile.keyword.MobileBuiltInKeywords.tap(MobileBuiltInKeywords.groovy:1354)
	at com.kms.katalon.core.mobile.keyword.MobileBuiltInKeywords$tap$3.call(Unknown Source)
	at ios_orders.Orders_Screen.click_On_NewOrder(Orders_Screen.groovy:48)
	at ios_orders.Orders_Screen.invokeMethod(Orders_Screen.groovy)
	at com.kms.katalon.core.main.CustomKeywordDelegatingMetaClass.invokeStaticMethod(CustomKeywordDelegatingMetaClass.java:50)
	at Place and Upload All Orders.run(Place and Upload All Orders:40)
	at com.kms.katalon.core.main.ScriptEngine.run(ScriptEngine.java:194)
	at com.kms.katalon.core.main.ScriptEngine.runScriptAsRawText(ScriptEngine.java:119)
	at com.kms.katalon.core.main.TestCaseExecutor.runScript(TestCaseExecutor.java:398)
	at com.kms.katalon.core.main.TestCaseExecutor.doExecute(TestCaseExecutor.java:389)
	at com.kms.katalon.core.main.TestCaseExecutor.processExecutionPhase(TestCaseExecutor.java:368)
	at com.kms.katalon.core.main.TestCaseExecutor.accessMainPhase(TestCaseExecutor.java:360)
	at com.kms.katalon.core.main.TestCaseExecutor.execute(TestCaseExecutor.java:255)
	at com.kms.katalon.core.main.TestSuiteExecutor.accessTestCaseMainPhase(TestSuiteExecutor.java:203)
	at com.kms.katalon.core.main.TestSuiteExecutor.accessTestSuiteMainPhase(TestSuiteExecutor.java:152)
	at com.kms.katalon.core.main.TestSuiteExecutor.execute(TestSuiteExecutor.java:95)
	at com.kms.katalon.core.main.TestCaseMain.startTestSuite(TestCaseMain.java:157)
	at com.kms.katalon.core.main.TestCaseMain$startTestSuite$0.call(Unknown Source)
	at TempTestSuite1633537495900.run(TempTestSuite1633537495900.groovy:39)


2021-10-06 22:02:19 - [TEST_STEP][PASSED] - ios_common_keywords.Start_Application.custom(): ios_common_keywords.Start_Application.custom is PASSED

2021-10-06 22:03:11 - [MESSAGE][PASSED] - Started app at: '/Users/sahil.vidaysingh/Downloads/Hatch 3.app'

2021-10-06 22:03:11 - [MESSAGE][PASSED] - ios_common_keywords.Start_Application.custom is PASSED

2021-10-06 22:03:11 - [TEST_STEP][PASSED] - ios_login.Login_Screen.login(Password): ios_login.Login_Screen.login is PASSED

2021-10-06 22:03:11 - [MESSAGE][PASSED] - Element 'Object Repository/iOS/LogIn/Environment_Selection_Screen/Environment Selection_Text' is exist

2021-10-06 22:03:11 - [MESSAGE][WARNING] - Timeout '0' is invalid. Using default page load timeout: '30'

2021-10-06 22:03:12 - [MESSAGE][PASSED] - Tapped on element 'Object Repository/iOS/LogIn/Environment_Selection_Screen/Environment Selection_Text'

2021-10-06 22:03:12 - [MESSAGE][WARNING] - Timeout '0' is invalid. Using default page load timeout: '30'

2021-10-06 22:03:13 - [MESSAGE][PASSED] - Tapped on element 'Object Repository/iOS/LogIn/Environment_Selection_Screen/Environment_Button'

2021-10-06 22:03:13 - [MESSAGE][WARNING] - Timeout '0' is invalid. Using default page load timeout: '30'

2021-10-06 22:03:14 - [MESSAGE][PASSED] - Tapped on element 'Object Repository/iOS/LogIn/Login_Details_Screen/Login UserName_Button'

2021-10-06 22:03:14 - [MESSAGE][WARNING] - Timeout '0' is invalid. Using default page load timeout: '30'

2021-10-06 22:03:15 - [MESSAGE][PASSED] - Text 'kavan.mobile.r' has been set to element 'Object Repository/iOS/LogIn/Login_Details_Screen/UserName_Text_Field'

2021-10-06 22:03:15 - [MESSAGE][WARNING] - Timeout '0' is invalid. Using default page load timeout: '30'

2021-10-06 22:03:15 - [MESSAGE][PASSED] - Tapped on element 'Object Repository/iOS/LogIn/Login_Details_Screen/LoginBar-ButtonDown'

2021-10-06 22:03:15 - [MESSAGE][WARNING] - Timeout '0' is invalid. Using default page load timeout: '30'

2021-10-06 22:03:16 - [MESSAGE][PASSED] - Tapped on element 'Object Repository/iOS/LogIn/Login_Details_Screen/Password-Button'

2021-10-06 22:03:16 - [MESSAGE][WARNING] - Timeout '0' is invalid. Using default page load timeout: '30'

2021-10-06 22:03:17 - [MESSAGE][PASSED] - Text 'C@rdinal!' has been set to element 'Object Repository/iOS/LogIn/Login_Details_Screen/Password-Secure_Text_Field'

2021-10-06 22:03:17 - [MESSAGE][WARNING] - Timeout '0' is invalid. Using default page load timeout: '30'

2021-10-06 22:03:18 - [MESSAGE][PASSED] - Tapped on element 'Object Repository/iOS/LogIn/Login_Details_Screen/SignIn_Button'

2021-10-06 22:03:18 - [MESSAGE][PASSED] - ios_login.Login_Screen.login is PASSED

2021-10-06 22:03:18 - [TEST_STEP][PASSED] - ios_account_selection.Select_An_Account.Custom(Account): ios_account_selection.Select_An_Account.Custom is PASSED

2021-10-06 22:03:18 - [MESSAGE][PASSED] - Element 'Object Repository/iOS/Product_Search/Progress_Bar' is exist

2021-10-06 22:03:19 - [MESSAGE][PASSED] - Delayed 1 second(s)

2021-10-06 22:03:20 - [MESSAGE][PASSED] - Element 'Object Repository/iOS/Product_Search/Progress_Bar' is exist

2021-10-06 22:03:21 - [MESSAGE][PASSED] - Delayed 1 second(s)

2021-10-06 22:03:21 - [MESSAGE][PASSED] - Element 'Object Repository/iOS/Product_Search/Progress_Bar' is exist

2021-10-06 22:03:22 - [MESSAGE][PASSED] - Delayed 1 second(s)

2021-10-06 22:03:22 - [MESSAGE][PASSED] - Element 'Object Repository/iOS/Product_Search/Progress_Bar' is exist

2021-10-06 22:03:23 - [MESSAGE][PASSED] - Delayed 1 second(s)

2021-10-06 22:03:24 - [MESSAGE][PASSED] - Element 'Object Repository/iOS/Product_Search/Progress_Bar' is exist

2021-10-06 22:03:25 - [MESSAGE][PASSED] - Delayed 1 second(s)

2021-10-06 22:03:25 - [MESSAGE][PASSED] - Element 'Object Repository/iOS/Product_Search/Progress_Bar' is exist

2021-10-06 22:03:26 - [MESSAGE][PASSED] - Delayed 1 second(s)

2021-10-06 22:03:26 - [MESSAGE][PASSED] - Element 'Object Repository/iOS/Product_Search/Progress_Bar' is exist

2021-10-06 22:03:27 - [MESSAGE][PASSED] - Delayed 1 second(s)

2021-10-06 22:03:30 - [MESSAGE][WARNING] - Element 'Object Repository/iOS/Product_Search/Progress_Bar' not found
[[ATTACHMENT|/Users/sahil.vidaysingh/Katalon Studio/testing/Reports/20211006_215455/sanity_iOS/20211006_215455/1633538009834.png]]

2021-10-06 22:03:30 - [MESSAGE][WARNING] - Timeout '0' is invalid. Using default page load timeout: '30'

2021-10-06 22:03:30 - [MESSAGE][PASSED] - Element 'Object Repository/iOS/Account_Selection/You must select an account to continue_Text' is present

2021-10-06 22:03:38 - [MESSAGE][PASSED] - Scrolling to text '10-676018' successfully

2021-10-06 22:03:38 - [MESSAGE][WARNING] - Timeout '0' is invalid. Using default page load timeout: '30'

2021-10-06 22:03:39 - [MESSAGE][PASSED] - Tapped on element 'Object Repository/iOS/Account_Selection/AccountNo_Text'

2021-10-06 22:03:41 - [MESSAGE][WARNING] - Element 'Object Repository/iOS/Product_Search/Progress_Bar' not found
[[ATTACHMENT|/Users/sahil.vidaysingh/Katalon Studio/testing/Reports/20211006_215455/sanity_iOS/20211006_215455/1633538021178.png]]

2021-10-06 22:03:41 - [MESSAGE][PASSED] - ios_account_selection.Select_An_Account.Custom is PASSED

2021-10-06 22:03:41 - [TEST_STEP][PASSED] - ios_dashboard.dashboard_details.click_On_Orders(): ios_dashboard.dashboard_details.click_On_Orders is PASSED

2021-10-06 22:03:41 - [MESSAGE][WARNING] - Timeout '0' is invalid. Using default page load timeout: '30'

2021-10-06 22:03:41 - [MESSAGE][PASSED] - Tapped on element 'Object Repository/iOS/Dashboard/Orders_Tab'

2021-10-06 22:03:42 - [MESSAGE][PASSED] - ios_dashboard.dashboard_details.click_On_Orders is PASSED

2021-10-06 22:03:42 - [TEST_STEP][PASSED] - ios_orders.Orders_Screen.click_On_NewOrder(): ios_orders.Orders_Screen.click_On_NewOrder is PASSED

2021-10-06 22:03:42 - [MESSAGE][WARNING] - Timeout '0' is invalid. Using default page load timeout: '30'

2021-10-06 22:03:43 - [MESSAGE][PASSED] - Tapped on element 'Object Repository/iOS/Orders/Orders_Common_Screen/New Order_Tab'

2021-10-06 22:03:43 - [MESSAGE][PASSED] - ios_orders.Orders_Screen.click_On_NewOrder is PASSED

2021-10-06 22:03:43 - [TEST_STEP][PASSED] - ios_orders.New_Order_Screen.enter_Purchase_Order_Details(PO_Name, PO_Memo): ios_orders.New_Order_Screen.enter_Purchase_Order_Details is PASSED

2021-10-06 22:03:43 - [MESSAGE][WARNING] - Duration '0' is invalid. Using default duration.

2021-10-06 22:03:43 - [MESSAGE][WARNING] - Timeout '0' is invalid. Using default page load timeout: '30'

2021-10-06 22:03:44 - [MESSAGE][PASSED] - Tapped and held on element 'Object Repository/iOS/Orders/Order Details Page/Edit PO Name and Memo/PO Name_TextField' with duration (default)

2021-10-06 22:03:44 - [MESSAGE][WARNING] - Timeout '0' is invalid. Using default page load timeout: '30'

2021-10-06 22:03:48 - [MESSAGE][PASSED] - Text 'po_name' has been set to element 'Object Repository/iOS/Orders/Order Details Page/Edit PO Name and Memo/PO Name_TextField'

2021-10-06 22:03:48 - [MESSAGE][WARNING] - Timeout '0' is invalid. Using default page load timeout: '30'

2021-10-06 22:03:49 - [MESSAGE][PASSED] - Tapped on element 'Object Repository/iOS/Product_Search/Return Keypad_Button'

2021-10-06 22:03:49 - [MESSAGE][WARNING] - Duration '0' is invalid. Using default duration.

2021-10-06 22:03:49 - [MESSAGE][WARNING] - Timeout '0' is invalid. Using default page load timeout: '30'

2021-10-06 22:03:50 - [MESSAGE][PASSED] - Tapped and held on element 'Object Repository/iOS/Orders/Order Details Page/Edit PO Name and Memo/poMemo Field_Button' with duration (default)

2021-10-06 22:03:50 - [MESSAGE][WARNING] - Timeout '0' is invalid. Using default page load timeout: '30'

2021-10-06 22:03:51 - [MESSAGE][PASSED] - Text 'po_memo' has been set to element 'Object Repository/iOS/Orders/Order Details Page/Edit PO Name and Memo/poMemoField_TextField'

2021-10-06 22:03:51 - [MESSAGE][WARNING] - Timeout '0' is invalid. Using default page load timeout: '30'

2021-10-06 22:03:53 - [MESSAGE][PASSED] - Tapped on element 'Object Repository/iOS/Product_Search/Return Keypad_Button'

2021-10-06 22:03:53 - [MESSAGE][PASSED] - ios_orders.New_Order_Screen.enter_Purchase_Order_Details is PASSED

2021-10-06 22:03:53 - [TEST_STEP][PASSED] - ios_orders.New_Order_Screen.create_Order(): ios_orders.New_Order_Screen.create_Order is PASSED

2021-10-06 22:03:53 - [MESSAGE][WARNING] - Timeout '0' is invalid. Using default page load timeout: '30'

2021-10-06 22:03:54 - [MESSAGE][PASSED] - Tapped on element 'Object Repository/iOS/Orders/New Order Page/Create Order_Button'

2021-10-06 22:03:54 - [MESSAGE][PASSED] - ios_orders.New_Order_Screen.create_Order is PASSED

2021-10-06 22:03:54 - [TEST_STEP][PASSED] - ios_orders.Order_details_Screen.add_Product_to_Order(Product_Name, Quantity): ios_orders.Order_details_Screen.add_Product_to_Order is PASSED

2021-10-06 22:03:55 - [MESSAGE][WARNING] - Element 'Object Repository/iOS/Product_Search/Progress_Bar' not found
[[ATTACHMENT|/Users/sahil.vidaysingh/Katalon Studio/testing/Reports/20211006_215455/sanity_iOS/20211006_215455/1633538035900.png]]

2021-10-06 22:03:56 - [MESSAGE][WARNING] - Duration '0' is invalid. Using default duration.

2021-10-06 22:03:56 - [MESSAGE][WARNING] - Timeout '0' is invalid. Using default page load timeout: '30'

2021-10-06 22:03:57 - [MESSAGE][PASSED] - Tapped and held on element 'Object Repository/iOS/Inventory/Location Details_Screen/Add Product to Location/Product SearchField' with duration (default)

2021-10-06 22:03:58 - [MESSAGE][WARNING] - Element 'Object Repository/iOS/Product_Search/Progress_Bar' not found
[[ATTACHMENT|/Users/sahil.vidaysingh/Katalon Studio/testing/Reports/20211006_215455/sanity_iOS/20211006_215455/1633538038617.png]]

2021-10-06 22:03:58 - [MESSAGE][WARNING] - Timeout '0' is invalid. Using default page load timeout: '30'

2021-10-06 22:04:00 - [MESSAGE][PASSED] - Text 'tyl' has been set to element 'Object Repository/iOS/Product_Search/Product SearchField'

2021-10-06 22:04:00 - [MESSAGE][WARNING] - Duration '0' is invalid. Using default duration.

2021-10-06 22:04:00 - [MESSAGE][WARNING] - Timeout '0' is invalid. Using default page load timeout: '30'

2021-10-06 22:04:01 - [MESSAGE][PASSED] - Tapped and held on element 'Object Repository/iOS/Product_Search/Search Key_Button' with duration (default)

2021-10-06 22:04:01 - [MESSAGE][WARNING] - Timeout '0' is invalid. Using default page load timeout: '30'

2021-10-06 22:04:23 - [MESSAGE][PASSED] - Text '2' has been set to element 'Object Repository/iOS/Product_Search/Quantity_TextField'

2021-10-06 22:04:27 - [MESSAGE][PASSED] - Element 'Object Repository/iOS/Product_Search/Progress_Bar' is exist

2021-10-06 22:04:28 - [MESSAGE][PASSED] - Delayed 1 second(s)

2021-10-06 22:04:32 - [MESSAGE][PASSED] - Element 'Object Repository/iOS/Product_Search/Progress_Bar' is exist

2021-10-06 22:04:33 - [MESSAGE][PASSED] - Delayed 1 second(s)

2021-10-06 22:04:37 - [MESSAGE][PASSED] - Element 'Object Repository/iOS/Product_Search/Progress_Bar' is exist

2021-10-06 22:04:38 - [MESSAGE][PASSED] - Delayed 1 second(s)

2021-10-06 22:04:42 - [MESSAGE][PASSED] - Element 'Object Repository/iOS/Product_Search/Progress_Bar' is exist

2021-10-06 22:04:43 - [MESSAGE][PASSED] - Delayed 1 second(s)

2021-10-06 22:04:47 - [MESSAGE][PASSED] - Element 'Object Repository/iOS/Product_Search/Progress_Bar' is exist

2021-10-06 22:04:48 - [MESSAGE][PASSED] - Delayed 1 second(s)

2021-10-06 22:04:52 - [MESSAGE][PASSED] - Element 'Object Repository/iOS/Product_Search/Progress_Bar' is exist

2021-10-06 22:04:53 - [MESSAGE][PASSED] - Delayed 1 second(s)

2021-10-06 22:04:58 - [MESSAGE][PASSED] - Element 'Object Repository/iOS/Product_Search/Progress_Bar' is exist

2021-10-06 22:04:59 - [MESSAGE][PASSED] - Delayed 1 second(s)

2021-10-06 22:05:03 - [MESSAGE][PASSED] - Element 'Object Repository/iOS/Product_Search/Progress_Bar' is exist

2021-10-06 22:05:04 - [MESSAGE][PASSED] - Delayed 1 second(s)

2021-10-06 22:05:08 - [MESSAGE][PASSED] - Element 'Object Repository/iOS/Product_Search/Progress_Bar' is exist

2021-10-06 22:05:09 - [MESSAGE][PASSED] - Delayed 1 second(s)

2021-10-06 22:05:13 - [MESSAGE][PASSED] - Element 'Object Repository/iOS/Product_Search/Progress_Bar' is exist

2021-10-06 22:05:14 - [MESSAGE][PASSED] - Delayed 1 second(s)

2021-10-06 22:05:18 - [MESSAGE][PASSED] - Element 'Object Repository/iOS/Product_Search/Progress_Bar' is exist

2021-10-06 22:05:19 - [MESSAGE][PASSED] - Delayed 1 second(s)

2021-10-06 22:05:23 - [MESSAGE][PASSED] - Element 'Object Repository/iOS/Product_Search/Progress_Bar' is exist

2021-10-06 22:05:24 - [MESSAGE][PASSED] - Delayed 1 second(s)

2021-10-06 22:05:28 - [MESSAGE][PASSED] - Element 'Object Repository/iOS/Product_Search/Progress_Bar' is exist

2021-10-06 22:05:29 - [MESSAGE][PASSED] - Delayed 1 second(s)

2021-10-06 22:05:34 - [MESSAGE][PASSED] - Element 'Object Repository/iOS/Product_Search/Progress_Bar' is exist

2021-10-06 22:05:35 - [MESSAGE][PASSED] - Delayed 1 second(s)

2021-10-06 22:05:39 - [MESSAGE][PASSED] - Element 'Object Repository/iOS/Product_Search/Progress_Bar' is exist

2021-10-06 22:05:40 - [MESSAGE][PASSED] - Delayed 1 second(s)

2021-10-06 22:05:44 - [MESSAGE][PASSED] - Element 'Object Repository/iOS/Product_Search/Progress_Bar' is exist

2021-10-06 22:05:45 - [MESSAGE][PASSED] - Delayed 1 second(s)

2021-10-06 22:05:49 - [MESSAGE][PASSED] - Element 'Object Repository/iOS/Product_Search/Progress_Bar' is exist

2021-10-06 22:05:50 - [MESSAGE][PASSED] - Delayed 1 second(s)

2021-10-06 22:05:54 - [MESSAGE][PASSED] - Element 'Object Repository/iOS/Product_Search/Progress_Bar' is exist

2021-10-06 22:05:55 - [MESSAGE][PASSED] - Delayed 1 second(s)

2021-10-06 22:05:59 - [MESSAGE][PASSED] - Element 'Object Repository/iOS/Product_Search/Progress_Bar' is exist

2021-10-06 22:06:00 - [MESSAGE][PASSED] - Delayed 1 second(s)

2021-10-06 22:06:04 - [MESSAGE][PASSED] - Element 'Object Repository/iOS/Product_Search/Progress_Bar' is exist

2021-10-06 22:06:05 - [MESSAGE][PASSED] - Delayed 1 second(s)

2021-10-06 22:06:09 - [MESSAGE][PASSED] - Element 'Object Repository/iOS/Product_Search/Progress_Bar' is exist

2021-10-06 22:06:10 - [MESSAGE][PASSED] - Delayed 1 second(s)

2021-10-06 22:06:15 - [MESSAGE][PASSED] - Element 'Object Repository/iOS/Product_Search/Progress_Bar' is exist

2021-10-06 22:06:16 - [MESSAGE][PASSED] - Delayed 1 second(s)

2021-10-06 22:06:20 - [MESSAGE][PASSED] - Element 'Object Repository/iOS/Product_Search/Progress_Bar' is exist

2021-10-06 22:06:21 - [MESSAGE][PASSED] - Delayed 1 second(s)

2021-10-06 22:06:25 - [MESSAGE][PASSED] - Element 'Object Repository/iOS/Product_Search/Progress_Bar' is exist

2021-10-06 22:06:26 - [MESSAGE][PASSED] - Delayed 1 second(s)

2021-10-06 22:06:30 - [MESSAGE][PASSED] - Element 'Object Repository/iOS/Product_Search/Progress_Bar' is exist

2021-10-06 22:06:31 - [MESSAGE][PASSED] - Delayed 1 second(s)

2021-10-06 22:06:35 - [MESSAGE][PASSED] - Element 'Object Repository/iOS/Product_Search/Progress_Bar' is exist

2021-10-06 22:06:36 - [MESSAGE][PASSED] - Delayed 1 second(s)

2021-10-06 22:06:40 - [MESSAGE][PASSED] - Element 'Object Repository/iOS/Product_Search/Progress_Bar' is exist

2021-10-06 22:06:41 - [MESSAGE][PASSED] - Delayed 1 second(s)

2021-10-06 22:06:45 - [MESSAGE][PASSED] - Element 'Object Repository/iOS/Product_Search/Progress_Bar' is exist

2021-10-06 22:06:46 - [MESSAGE][PASSED] - Delayed 1 second(s)

2021-10-06 22:06:50 - [MESSAGE][PASSED] - Element 'Object Repository/iOS/Product_Search/Progress_Bar' is exist

2021-10-06 22:06:52 - [MESSAGE][PASSED] - Delayed 1 second(s)

2021-10-06 22:06:56 - [MESSAGE][PASSED] - Element 'Object Repository/iOS/Product_Search/Progress_Bar' is exist

2021-10-06 22:06:57 - [MESSAGE][PASSED] - Delayed 1 second(s)

2021-10-06 22:07:01 - [MESSAGE][PASSED] - Element 'Object Repository/iOS/Product_Search/Progress_Bar' is exist

2021-10-06 22:07:02 - [MESSAGE][PASSED] - Delayed 1 second(s)

2021-10-06 22:07:07 - [MESSAGE][PASSED] - Element 'Object Repository/iOS/Product_Search/Progress_Bar' is exist

2021-10-06 22:07:08 - [MESSAGE][PASSED] - Delayed 1 second(s)

2021-10-06 22:07:12 - [MESSAGE][PASSED] - Element 'Object Repository/iOS/Product_Search/Progress_Bar' is exist

2021-10-06 22:07:13 - [MESSAGE][PASSED] - Delayed 1 second(s)

2021-10-06 22:07:18 - [MESSAGE][PASSED] - Element 'Object Repository/iOS/Product_Search/Progress_Bar' is exist

2021-10-06 22:07:19 - [MESSAGE][PASSED] - Delayed 1 second(s)

2021-10-06 22:07:23 - [MESSAGE][PASSED] - Element 'Object Repository/iOS/Product_Search/Progress_Bar' is exist

2021-10-06 22:07:24 - [MESSAGE][PASSED] - Delayed 1 second(s)

2021-10-06 22:07:28 - [MESSAGE][PASSED] - Element 'Object Repository/iOS/Product_Search/Progress_Bar' is exist

2021-10-06 22:07:29 - [MESSAGE][PASSED] - Delayed 1 second(s)

2021-10-06 22:07:34 - [MESSAGE][PASSED] - Element 'Object Repository/iOS/Product_Search/Progress_Bar' is exist

2021-10-06 22:07:35 - [MESSAGE][PASSED] - Delayed 1 second(s)

2021-10-06 22:07:39 - [MESSAGE][PASSED] - Element 'Object Repository/iOS/Product_Search/Progress_Bar' is exist

2021-10-06 22:07:40 - [MESSAGE][PASSED] - Delayed 1 second(s)

2021-10-06 22:07:45 - [MESSAGE][PASSED] - Element 'Object Repository/iOS/Product_Search/Progress_Bar' is exist

2021-10-06 22:07:46 - [MESSAGE][PASSED] - Delayed 1 second(s)

2021-10-06 22:07:50 - [MESSAGE][PASSED] - Element 'Object Repository/iOS/Product_Search/Progress_Bar' is exist

2021-10-06 22:07:51 - [MESSAGE][PASSED] - Delayed 1 second(s)

2021-10-06 22:07:55 - [MESSAGE][PASSED] - Element 'Object Repository/iOS/Product_Search/Progress_Bar' is exist

2021-10-06 22:07:56 - [MESSAGE][PASSED] - Delayed 1 second(s)

2021-10-06 22:08:01 - [MESSAGE][PASSED] - Element 'Object Repository/iOS/Product_Search/Progress_Bar' is exist

2021-10-06 22:08:02 - [MESSAGE][PASSED] - Delayed 1 second(s)

2021-10-06 22:08:06 - [MESSAGE][PASSED] - Element 'Object Repository/iOS/Product_Search/Progress_Bar' is exist

2021-10-06 22:08:07 - [MESSAGE][PASSED] - Delayed 1 second(s)

2021-10-06 22:08:12 - [MESSAGE][PASSED] - Element 'Object Repository/iOS/Product_Search/Progress_Bar' is exist

2021-10-06 22:08:13 - [MESSAGE][PASSED] - Delayed 1 second(s)

2021-10-06 22:08:17 - [MESSAGE][PASSED] - Element 'Object Repository/iOS/Product_Search/Progress_Bar' is exist

2021-10-06 22:08:18 - [MESSAGE][PASSED] - Delayed 1 second(s)

2021-10-06 22:08:22 - [MESSAGE][PASSED] - Element 'Object Repository/iOS/Product_Search/Progress_Bar' is exist

2021-10-06 22:08:23 - [MESSAGE][PASSED] - Delayed 1 second(s)

2021-10-06 22:08:28 - [MESSAGE][PASSED] - Element 'Object Repository/iOS/Product_Search/Progress_Bar' is exist

2021-10-06 22:08:29 - [MESSAGE][PASSED] - Delayed 1 second(s)

2021-10-06 22:08:33 - [MESSAGE][PASSED] - Element 'Object Repository/iOS/Product_Search/Progress_Bar' is exist

2021-10-06 22:08:34 - [MESSAGE][PASSED] - Delayed 1 second(s)

2021-10-06 22:08:39 - [MESSAGE][PASSED] - Element 'Object Repository/iOS/Product_Search/Progress_Bar' is exist

2021-10-06 22:08:40 - [MESSAGE][PASSED] - Delayed 1 second(s)

2021-10-06 22:08:44 - [MESSAGE][PASSED] - Element 'Object Repository/iOS/Product_Search/Progress_Bar' is exist

2021-10-06 22:08:45 - [MESSAGE][PASSED] - Delayed 1 second(s)

2021-10-06 22:08:50 - [MESSAGE][PASSED] - Element 'Object Repository/iOS/Product_Search/Progress_Bar' is exist

2021-10-06 22:08:51 - [MESSAGE][PASSED] - Delayed 1 second(s)

2021-10-06 22:08:55 - [MESSAGE][PASSED] - Element 'Object Repository/iOS/Product_Search/Progress_Bar' is exist

2021-10-06 22:08:56 - [MESSAGE][PASSED] - Delayed 1 second(s)

2021-10-06 22:09:01 - [MESSAGE][PASSED] - Element 'Object Repository/iOS/Product_Search/Progress_Bar' is exist

2021-10-06 22:09:02 - [MESSAGE][PASSED] - Delayed 1 second(s)

2021-10-06 22:09:06 - [MESSAGE][PASSED] - Element 'Object Repository/iOS/Product_Search/Progress_Bar' is exist

2021-10-06 22:09:07 - [MESSAGE][PASSED] - Delayed 1 second(s)

2021-10-06 22:09:12 - [MESSAGE][PASSED] - Element 'Object Repository/iOS/Product_Search/Progress_Bar' is exist

2021-10-06 22:09:13 - [MESSAGE][PASSED] - Delayed 1 second(s)

2021-10-06 22:09:17 - [MESSAGE][PASSED] - Element 'Object Repository/iOS/Product_Search/Progress_Bar' is exist

2021-10-06 22:09:18 - [MESSAGE][PASSED] - Delayed 1 second(s)

2021-10-06 22:09:22 - [MESSAGE][PASSED] - Element 'Object Repository/iOS/Product_Search/Progress_Bar' is exist

2021-10-06 22:09:23 - [MESSAGE][PASSED] - Delayed 1 second(s)

2021-10-06 22:09:28 - [MESSAGE][PASSED] - Element 'Object Repository/iOS/Product_Search/Progress_Bar' is exist

2021-10-06 22:09:29 - [MESSAGE][PASSED] - Delayed 1 second(s)

2021-10-06 22:09:33 - [MESSAGE][PASSED] - Element 'Object Repository/iOS/Product_Search/Progress_Bar' is exist

2021-10-06 22:09:34 - [MESSAGE][PASSED] - Delayed 1 second(s)

2021-10-06 22:09:39 - [MESSAGE][PASSED] - Element 'Object Repository/iOS/Product_Search/Progress_Bar' is exist

2021-10-06 22:09:40 - [MESSAGE][PASSED] - Delayed 1 second(s)

2021-10-06 22:09:44 - [MESSAGE][PASSED] - Element 'Object Repository/iOS/Product_Search/Progress_Bar' is exist

2021-10-06 22:09:45 - [MESSAGE][PASSED] - Delayed 1 second(s)

2021-10-06 22:09:50 - [MESSAGE][PASSED] - Element 'Object Repository/iOS/Product_Search/Progress_Bar' is exist

2021-10-06 22:09:51 - [MESSAGE][PASSED] - Delayed 1 second(s)

2021-10-06 22:09:55 - [MESSAGE][PASSED] - Element 'Object Repository/iOS/Product_Search/Progress_Bar' is exist

2021-10-06 22:09:56 - [MESSAGE][PASSED] - Delayed 1 second(s)

2021-10-06 22:10:01 - [MESSAGE][PASSED] - Element 'Object Repository/iOS/Product_Search/Progress_Bar' is exist

2021-10-06 22:10:02 - [MESSAGE][PASSED] - Delayed 1 second(s)

2021-10-06 22:10:07 - [MESSAGE][PASSED] - Element 'Object Repository/iOS/Product_Search/Progress_Bar' is exist

2021-10-06 22:10:08 - [MESSAGE][PASSED] - Delayed 1 second(s)

2021-10-06 22:10:12 - [MESSAGE][PASSED] - Element 'Object Repository/iOS/Product_Search/Progress_Bar' is exist

2021-10-06 22:10:13 - [MESSAGE][PASSED] - Delayed 1 second(s)

2021-10-06 22:10:18 - [MESSAGE][PASSED] - Element 'Object Repository/iOS/Product_Search/Progress_Bar' is exist

2021-10-06 22:10:19 - [MESSAGE][PASSED] - Delayed 1 second(s)

2021-10-06 22:10:23 - [MESSAGE][PASSED] - Element 'Object Repository/iOS/Product_Search/Progress_Bar' is exist

2021-10-06 22:10:24 - [MESSAGE][PASSED] - Delayed 1 second(s)

2021-10-06 22:10:29 - [MESSAGE][PASSED] - Element 'Object Repository/iOS/Product_Search/Progress_Bar' is exist

2021-10-06 22:10:30 - [MESSAGE][PASSED] - Delayed 1 second(s)

2021-10-06 22:10:34 - [MESSAGE][PASSED] - Element 'Object Repository/iOS/Product_Search/Progress_Bar' is exist

2021-10-06 22:10:35 - [MESSAGE][PASSED] - Delayed 1 second(s)

2021-10-06 22:10:41 - [MESSAGE][PASSED] - Element 'Object Repository/iOS/Product_Search/Progress_Bar' is exist

2021-10-06 22:10:42 - [MESSAGE][PASSED] - Delayed 1 second(s)

2021-10-06 22:10:47 - [MESSAGE][PASSED] - Element 'Object Repository/iOS/Product_Search/Progress_Bar' is exist

2021-10-06 22:10:48 - [MESSAGE][PASSED] - Delayed 1 second(s)

2021-10-06 22:10:52 - [MESSAGE][PASSED] - Element 'Object Repository/iOS/Product_Search/Progress_Bar' is exist

2021-10-06 22:10:53 - [MESSAGE][PASSED] - Delayed 1 second(s)

2021-10-06 22:10:58 - [MESSAGE][PASSED] - Element 'Object Repository/iOS/Product_Search/Progress_Bar' is exist

2021-10-06 22:10:59 - [MESSAGE][PASSED] - Delayed 1 second(s)

2021-10-06 22:11:03 - [MESSAGE][PASSED] - Element 'Object Repository/iOS/Product_Search/Progress_Bar' is exist

2021-10-06 22:11:04 - [MESSAGE][PASSED] - Delayed 1 second(s)

2021-10-06 22:11:09 - [MESSAGE][PASSED] - Element 'Object Repository/iOS/Product_Search/Progress_Bar' is exist

2021-10-06 22:11:10 - [MESSAGE][PASSED] - Delayed 1 second(s)

2021-10-06 22:11:16 - [MESSAGE][PASSED] - Element 'Object Repository/iOS/Product_Search/Progress_Bar' is exist

2021-10-06 22:11:17 - [MESSAGE][PASSED] - Delayed 1 second(s)

2021-10-06 22:11:22 - [MESSAGE][PASSED] - Element 'Object Repository/iOS/Product_Search/Progress_Bar' is exist

2021-10-06 22:11:23 - [MESSAGE][PASSED] - Delayed 1 second(s)

2021-10-06 22:11:27 - [MESSAGE][PASSED] - Element 'Object Repository/iOS/Product_Search/Progress_Bar' is exist

2021-10-06 22:11:28 - [MESSAGE][PASSED] - Delayed 1 second(s)

2021-10-06 22:11:33 - [MESSAGE][PASSED] - Element 'Object Repository/iOS/Product_Search/Progress_Bar' is exist

2021-10-06 22:11:34 - [MESSAGE][PASSED] - Delayed 1 second(s)

2021-10-06 22:11:38 - [MESSAGE][PASSED] - Element 'Object Repository/iOS/Product_Search/Progress_Bar' is exist

2021-10-06 22:11:39 - [MESSAGE][PASSED] - Delayed 1 second(s)

2021-10-06 22:11:44 - [MESSAGE][PASSED] - Element 'Object Repository/iOS/Product_Search/Progress_Bar' is exist

2021-10-06 22:11:45 - [MESSAGE][PASSED] - Delayed 1 second(s)

2021-10-06 22:11:50 - [MESSAGE][WARNING] - Failed to check for element 'Object Repository/iOS/Product_Search/Progress_Bar' exist (Root cause: org.openqa.selenium.WebDriverException: An unknown server-side error occurred while processing the command. Original error: Invalid number value (infinite) in JSON write
Build info: version: '3.141.59', revision: 'e82be7d358', time: '2018-11-14T08:25:53'
System info: host: 'LIND44C21HWMD6N.cardinalhealth.net', ip: '192.168.29.216', os.name: 'Mac OS X', os.arch: 'x86_64', os.version: '10.16', java.version: '1.8.0_275'
Driver info: io.appium.java_client.ios.IOSDriver
Capabilities {app: /Users/sahil.vidaysingh/Dow..., automationName: XCUITest, browserName: , chromedriverPort: 60522, databaseEnabled: false, deviceName: iphone 8, fullReset: true, javascriptEnabled: true, locationContextEnabled: false, networkConnectionEnabled: false, newCommandTimeout: 1800, noReset: false, platform: IOS, platformName: iOS, platformVersion: 14.4, realDeviceLogger: /Applications/Katalon Studi..., takesScreenshot: true, udid: 2B504F47-40EA-4A1D-A6C0-6A1..., waitForAppScript: true;, wdaLocalPort: 61302, webStorageEnabled: false}
Session ID: b8700284-2a71-4284-b9e7-6ff4a4e5b363
	at org.openqa.selenium.remote.http.W3CHttpResponseCodec.createException(W3CHttpResponseCodec.java:187)
	at org.openqa.selenium.remote.http.W3CHttpResponseCodec.decode(W3CHttpResponseCodec.java:122)
	at org.openqa.selenium.remote.http.W3CHttpResponseCodec.decode(W3CHttpResponseCodec.java:49)
	at org.openqa.selenium.remote.HttpCommandExecutor.execute(HttpCommandExecutor.java:158)
	at io.appium.java_client.remote.AppiumCommandExecutor.execute(AppiumCommandExecutor.java:239)
	at org.openqa.selenium.remote.RemoteWebDriver.execute(RemoteWebDriver.java:552)
	at io.appium.java_client.DefaultGenericMobileDriver.execute(DefaultGenericMobileDriver.java:42)
	at io.appium.java_client.AppiumDriver.execute(AppiumDriver.java:1)
	at io.appium.java_client.ios.IOSDriver.execute(IOSDriver.java:1)
	at org.openqa.selenium.remote.RemoteWebElement.execute(RemoteWebElement.java:285)
	at io.appium.java_client.DefaultGenericMobileElement.execute(DefaultGenericMobileElement.java:45)
	at io.appium.java_client.MobileElement.execute(MobileElement.java:1)
	at io.appium.java_client.ios.IOSElement.execute(IOSElement.java:1)
	at org.openqa.selenium.remote.RemoteWebElement.getLocation(RemoteWebElement.java:337)
	at org.openqa.selenium.WebElement$getLocation.call(Unknown Source)
	at com.kms.katalon.core.mobile.keyword.internal.MobileAbstractKeyword.findElement(MobileAbstractKeyword.groovy:86)
	at com.kms.katalon.core.mobile.keyword.builtin.VerifyElementExistKeyword.access$1(VerifyElementExistKeyword.groovy)
	at com.kms.katalon.core.mobile.keyword.builtin.VerifyElementExistKeyword$_verifyElementExist_closure1.doCall(VerifyElementExistKeyword.groovy:72)
	at com.kms.katalon.core.mobile.keyword.builtin.VerifyElementExistKeyword$_verifyElementExist_closure1.call(VerifyElementExistKeyword.groovy)
	at com.kms.katalon.core.mobile.keyword.internal.MobileKeywordMain.runKeyword(MobileKeywordMain.groovy:21)
	at com.kms.katalon.core.mobile.keyword.builtin.VerifyElementExistKeyword.verifyElementExist(VerifyElementExistKeyword.groovy:80)
	at com.kms.katalon.core.mobile.keyword.builtin.VerifyElementExistKeyword.execute(VerifyElementExistKeyword.groovy:64)
	at com.kms.katalon.core.keyword.internal.KeywordExecutor.executeKeywordForPlatform(KeywordExecutor.groovy:73)
	at com.kms.katalon.core.mobile.keyword.MobileBuiltInKeywords.verifyElementExist(MobileBuiltInKeywords.groovy:1570)
	at com.kms.katalon.core.mobile.keyword.MobileBuiltInKeywords$verifyElementExist$1.call(Unknown Source)
	at ios_orders.Order_details_Screen.add_Product_to_Order(Order_details_Screen.groovy:97)
	at ios_orders.Order_details_Screen.invokeMethod(Order_details_Screen.groovy)
	at com.kms.katalon.core.main.CustomKeywordDelegatingMetaClass.invokeStaticMethod(CustomKeywordDelegatingMetaClass.java:50)
	at Place and Upload All Orders.run(Place and Upload All Orders:34)
	at com.kms.katalon.core.main.ScriptEngine.run(ScriptEngine.java:194)
	at com.kms.katalon.core.main.ScriptEngine.runScriptAsRawText(ScriptEngine.java:119)
	at com.kms.katalon.core.main.TestCaseExecutor.runScript(TestCaseExecutor.java:398)
	at com.kms.katalon.core.main.TestCaseExecutor.doExecute(TestCaseExecutor.java:389)
	at com.kms.katalon.core.main.TestCaseExecutor.processExecutionPhase(TestCaseExecutor.java:368)
	at com.kms.katalon.core.main.TestCaseExecutor.accessMainPhase(TestCaseExecutor.java:360)
	at com.kms.katalon.core.main.TestCaseExecutor.execute(TestCaseExecutor.java:255)
	at com.kms.katalon.core.main.TestSuiteExecutor.accessTestCaseMainPhase(TestSuiteExecutor.java:203)
	at com.kms.katalon.core.main.TestSuiteExecutor.accessTestSuiteMainPhase(TestSuiteExecutor.java:152)
	at com.kms.katalon.core.main.TestSuiteExecutor.execute(TestSuiteExecutor.java:95)
	at com.kms.katalon.core.main.TestCaseMain.startTestSuite(TestCaseMain.java:157)
	at com.kms.katalon.core.main.TestCaseMain$startTestSuite$0.call(Unknown Source)
	at TempTestSuite1633537495900.run(TempTestSuite1633537495900.groovy:39)
)
[[ATTACHMENT|/Users/sahil.vidaysingh/Katalon Studio/testing/Reports/20211006_215455/sanity_iOS/20211006_215455/1633538510143.png]]

2021-10-06 22:11:50 - [MESSAGE][WARNING] - Timeout '0' is invalid. Using default page load timeout: '30'

2021-10-06 22:12:09 - [MESSAGE][PASSED] - Tapped on element 'Object Repository/iOS/Orders/Cart Page/Place All Orders/Done_Keypad'

2021-10-06 22:12:09 - [MESSAGE][WARNING] - Timeout '0' is invalid. Using default page load timeout: '30'

2021-10-06 22:12:15 - [MESSAGE][PASSED] - Tapped on element 'Object Repository/iOS/Inventory/Inventory Details Screen/Add Product to Inventory using Search from Dashoboard/Add to Order_Text'

2021-10-06 22:12:15 - [MESSAGE][WARNING] - Timeout '0' is invalid. Using default page load timeout: '30'

2021-10-06 22:12:18 - [MESSAGE][PASSED] - Element 'Object Repository/iOS/Product_Search/Confirmation_Text' is exist

2021-10-06 22:12:18 - [MESSAGE][WARNING] - Timeout '0' is invalid. Using default page load timeout: '30'

2021-10-06 22:12:19 - [MESSAGE][PASSED] - Tapped on element 'Object Repository/iOS/Orders/Order Details Page/Upload Order/Continue Ordering_Text'

2021-10-06 22:12:19 - [MESSAGE][PASSED] - ios_orders.Order_details_Screen.add_Product_to_Order is PASSED

2021-10-06 22:12:19 - [TEST_STEP][PASSED] - ios_common_keywords.Go_Back.Custom(): ios_common_keywords.Go_Back.Custom is PASSED

2021-10-06 22:12:22 - [MESSAGE][WARNING] - Element 'Object Repository/iOS/Product_Search/Progress_Bar' not found
[[ATTACHMENT|/Users/sahil.vidaysingh/Katalon Studio/testing/Reports/20211006_215455/sanity_iOS/20211006_215455/1633538542827.png]]

2021-10-06 22:12:28 - [MESSAGE][WARNING] - Element 'Object Repository/iOS/Product_Search/Back_Text' not found
[[ATTACHMENT|/Users/sahil.vidaysingh/Katalon Studio/testing/Reports/20211006_215455/sanity_iOS/20211006_215455/1633538548161.png]]

2021-10-06 22:12:32 - [MESSAGE][PASSED] - Tapped on element 'Object Repository/iOS/Inventory/Location Details_Screen/Add Product to Location/Back Button_Text'

2021-10-06 22:12:32 - [MESSAGE][PASSED] - Element 'Object Repository/iOS/Product_Search/Progress_Bar' is exist

2021-10-06 22:12:34 - [MESSAGE][PASSED] - Delayed 2 second(s)

2021-10-06 22:12:37 - [MESSAGE][WARNING] - Element 'Object Repository/iOS/Product_Search/Progress_Bar' not found
[[ATTACHMENT|/Users/sahil.vidaysingh/Katalon Studio/testing/Reports/20211006_215455/sanity_iOS/20211006_215455/1633538557123.png]]

2021-10-06 22:12:37 - [MESSAGE][PASSED] - ios_common_keywords.Go_Back.Custom is PASSED

2021-10-06 22:12:37 - [TEST_STEP][PASSED] - ios_orders.Order_details_Screen.upload_Order(): ios_orders.Order_details_Screen.upload_Order is PASSED

2021-10-06 22:12:38 - [MESSAGE][WARNING] - Element 'Object Repository/iOS/Product_Search/Progress_Bar' not found
[[ATTACHMENT|/Users/sahil.vidaysingh/Katalon Studio/testing/Reports/20211006_215455/sanity_iOS/20211006_215455/1633538558604.png]]

2021-10-06 22:12:38 - [MESSAGE][WARNING] - Timeout '0' is invalid. Using default page load timeout: '30'

2021-10-06 22:12:39 - [MESSAGE][PASSED] - Tapped on element 'Object Repository/iOS/Orders/Order Details Page/Upload Order/UploadOrder_Button'

2021-10-06 22:12:39 - [MESSAGE][WARNING] - Timeout '0' is invalid. Using default page load timeout: '30'

2021-10-06 22:12:40 - [MESSAGE][PASSED] - Tapped on element 'Object Repository/iOS/Orders/Order Details Page/Upload Order/ContinueOnDesktop_Button'

2021-10-06 22:12:40 - [MESSAGE][PASSED] - ios_orders.Order_details_Screen.upload_Order is PASSED

2021-10-06 22:12:40 - [TEST_STEP][FAILED] - ios_orders.Orders_Screen.click_On_NewOrder(): Object Object Repository/iOS/Orders/Orders_Common_Screen/New Order_Tab not found

2021-10-06 22:12:40 - [MESSAGE][WARNING] - Timeout '0' is invalid. Using default page load timeout: '30'

2021-10-06 22:13:10 - [MESSAGE][FAILED] - Object Object Repository/iOS/Orders/Orders_Common_Screen/New Order_Tab not found
[[ATTACHMENT|/Users/sahil.vidaysingh/Katalon Studio/testing/Reports/20211006_215455/sanity_iOS/20211006_215455/1633538590289.png]]

2021-10-06 22:13:10 - [MESSAGE][FAILED] - Failed to tap on element 'Object Repository/iOS/Orders/Orders_Common_Screen/New Order_Tab' (Root cause: com.kms.katalon.core.exception.StepFailedException: Object Object Repository/iOS/Orders/Orders_Common_Screen/New Order_Tab not found
	at com.kms.katalon.core.keyword.internal.KeywordMain.stepFailed(KeywordMain.groovy:50)
	at com.kms.katalon.core.mobile.keyword.internal.MobileKeywordMain.stepFailed(MobileKeywordMain.groovy:40)
	at com.kms.katalon.core.mobile.keyword.builtin.TapKeyword$_tap_closure1.doCall(TapKeyword.groovy:79)
	at com.kms.katalon.core.mobile.keyword.builtin.TapKeyword$_tap_closure1.call(TapKeyword.groovy)
	at com.kms.katalon.core.mobile.keyword.internal.MobileKeywordMain.runKeyword(MobileKeywordMain.groovy:21)
	at com.kms.katalon.core.mobile.keyword.builtin.TapKeyword.tap(TapKeyword.groovy:86)
	at com.kms.katalon.core.mobile.keyword.builtin.TapKeyword.execute(TapKeyword.groovy:68)
	at com.kms.katalon.core.keyword.internal.KeywordExecutor.executeKeywordForPlatform(KeywordExecutor.groovy:73)
	at com.kms.katalon.core.mobile.keyword.MobileBuiltInKeywords.tap(MobileBuiltInKeywords.groovy:1354)
	at com.kms.katalon.core.mobile.keyword.MobileBuiltInKeywords$tap$3.call(Unknown Source)
	at ios_orders.Orders_Screen.click_On_NewOrder(Orders_Screen.groovy:48)
	at ios_orders.Orders_Screen.invokeMethod(Orders_Screen.groovy)
	at com.kms.katalon.core.main.CustomKeywordDelegatingMetaClass.invokeStaticMethod(CustomKeywordDelegatingMetaClass.java:50)
	at Place and Upload All Orders.run(Place and Upload All Orders:40)
	at com.kms.katalon.core.main.ScriptEngine.run(ScriptEngine.java:194)
	at com.kms.katalon.core.main.ScriptEngine.runScriptAsRawText(ScriptEngine.java:119)
	at com.kms.katalon.core.main.TestCaseExecutor.runScript(TestCaseExecutor.java:398)
	at com.kms.katalon.core.main.TestCaseExecutor.doExecute(TestCaseExecutor.java:389)
	at com.kms.katalon.core.main.TestCaseExecutor.processExecutionPhase(TestCaseExecutor.java:368)
	at com.kms.katalon.core.main.TestCaseExecutor.accessMainPhase(TestCaseExecutor.java:360)
	at com.kms.katalon.core.main.TestCaseExecutor.execute(TestCaseExecutor.java:255)
	at com.kms.katalon.core.main.TestSuiteExecutor.accessTestCaseMainPhase(TestSuiteExecutor.java:203)
	at com.kms.katalon.core.main.TestSuiteExecutor.accessTestSuiteMainPhase(TestSuiteExecutor.java:152)
	at com.kms.katalon.core.main.TestSuiteExecutor.execute(TestSuiteExecutor.java:95)
	at com.kms.katalon.core.main.TestCaseMain.startTestSuite(TestCaseMain.java:157)
	at com.kms.katalon.core.main.TestCaseMain$startTestSuite$0.call(Unknown Source)
	at TempTestSuite1633537495900.run(TempTestSuite1633537495900.groovy:39)
)
[[ATTACHMENT|/Users/sahil.vidaysingh/Katalon Studio/testing/Reports/20211006_215455/sanity_iOS/20211006_215455/1633538590396.png]]

2021-10-06 22:13:10 - [MESSAGE][FAILED] - Object Object Repository/iOS/Orders/Orders_Common_Screen/New Order_Tab not found]]></system-out>
         <system-err><![CDATA[2021-10-06 22:02:19 - [TEST_CASE][FAILED] - Test Cases/iOS/Carts/Place and Upload All Orders: Test Cases/iOS/Carts/Place and Upload All Orders FAILED.
Reason:
com.kms.katalon.core.exception.StepFailedException: Object Object Repository/iOS/Orders/Orders_Common_Screen/New Order_Tab not found
	at com.kms.katalon.core.keyword.internal.KeywordMain.stepFailed(KeywordMain.groovy:50)
	at com.kms.katalon.core.mobile.keyword.internal.MobileKeywordMain.stepFailed(MobileKeywordMain.groovy:40)
	at com.kms.katalon.core.mobile.keyword.builtin.TapKeyword$_tap_closure1.doCall(TapKeyword.groovy:79)
	at com.kms.katalon.core.mobile.keyword.builtin.TapKeyword$_tap_closure1.call(TapKeyword.groovy)
	at com.kms.katalon.core.mobile.keyword.internal.MobileKeywordMain.runKeyword(MobileKeywordMain.groovy:21)
	at com.kms.katalon.core.mobile.keyword.builtin.TapKeyword.tap(TapKeyword.groovy:86)
	at com.kms.katalon.core.mobile.keyword.builtin.TapKeyword.execute(TapKeyword.groovy:68)
	at com.kms.katalon.core.keyword.internal.KeywordExecutor.executeKeywordForPlatform(KeywordExecutor.groovy:73)
	at com.kms.katalon.core.mobile.keyword.MobileBuiltInKeywords.tap(MobileBuiltInKeywords.groovy:1354)
	at com.kms.katalon.core.mobile.keyword.MobileBuiltInKeywords$tap$3.call(Unknown Source)
	at ios_orders.Orders_Screen.click_On_NewOrder(Orders_Screen.groovy:48)
	at ios_orders.Orders_Screen.invokeMethod(Orders_Screen.groovy)
	at com.kms.katalon.core.main.CustomKeywordDelegatingMetaClass.invokeStaticMethod(CustomKeywordDelegatingMetaClass.java:50)
	at Place and Upload All Orders.run(Place and Upload All Orders:40)
	at com.kms.katalon.core.main.ScriptEngine.run(ScriptEngine.java:194)
	at com.kms.katalon.core.main.ScriptEngine.runScriptAsRawText(ScriptEngine.java:119)
	at com.kms.katalon.core.main.TestCaseExecutor.runScript(TestCaseExecutor.java:398)
	at com.kms.katalon.core.main.TestCaseExecutor.doExecute(TestCaseExecutor.java:389)
	at com.kms.katalon.core.main.TestCaseExecutor.processExecutionPhase(TestCaseExecutor.java:368)
	at com.kms.katalon.core.main.TestCaseExecutor.accessMainPhase(TestCaseExecutor.java:360)
	at com.kms.katalon.core.main.TestCaseExecutor.execute(TestCaseExecutor.java:255)
	at com.kms.katalon.core.main.TestSuiteExecutor.accessTestCaseMainPhase(TestSuiteExecutor.java:203)
	at com.kms.katalon.core.main.TestSuiteExecutor.accessTestSuiteMainPhase(TestSuiteExecutor.java:152)
	at com.kms.katalon.core.main.TestSuiteExecutor.execute(TestSuiteExecutor.java:95)
	at com.kms.katalon.core.main.TestCaseMain.startTestSuite(TestCaseMain.java:157)
	at com.kms.katalon.core.main.TestCaseMain$startTestSuite$0.call(Unknown Source)
	at TempTestSuite1633537495900.run(TempTestSuite1633537495900.groovy:39)]]></system-err>
      </testcase>
      <testcase name="Test Cases/iOS/Carts/Place and Upload Order" time="199.011" classname="Test Cases/iOS/Carts/Place and Upload Order" status="PASSED">
         <system-out><![CDATA[2021-10-06 22:13:10 - [TEST_CASE][PASSED] - Test Cases/iOS/Carts/Place and Upload Order: Test Cases/iOS/Carts/Place and Upload Order

2021-10-06 22:13:10 - [TEST_STEP][PASSED] - ios_common_keywords.Start_Application.custom(): ios_common_keywords.Start_Application.custom is PASSED

2021-10-06 22:14:08 - [MESSAGE][PASSED] - Started app at: '/Users/sahil.vidaysingh/Downloads/Hatch 3.app'

2021-10-06 22:14:08 - [MESSAGE][PASSED] - ios_common_keywords.Start_Application.custom is PASSED

2021-10-06 22:14:08 - [TEST_STEP][PASSED] - ios_login.Login_Screen.login(Password): ios_login.Login_Screen.login is PASSED

2021-10-06 22:14:08 - [MESSAGE][PASSED] - Element 'Object Repository/iOS/LogIn/Environment_Selection_Screen/Environment Selection_Text' is exist

2021-10-06 22:14:08 - [MESSAGE][WARNING] - Timeout '0' is invalid. Using default page load timeout: '30'

2021-10-06 22:14:09 - [MESSAGE][PASSED] - Tapped on element 'Object Repository/iOS/LogIn/Environment_Selection_Screen/Environment Selection_Text'

2021-10-06 22:14:09 - [MESSAGE][WARNING] - Timeout '0' is invalid. Using default page load timeout: '30'

2021-10-06 22:14:10 - [MESSAGE][PASSED] - Tapped on element 'Object Repository/iOS/LogIn/Environment_Selection_Screen/Environment_Button'

2021-10-06 22:14:10 - [MESSAGE][WARNING] - Timeout '0' is invalid. Using default page load timeout: '30'

2021-10-06 22:14:11 - [MESSAGE][PASSED] - Tapped on element 'Object Repository/iOS/LogIn/Login_Details_Screen/Login UserName_Button'

2021-10-06 22:14:11 - [MESSAGE][WARNING] - Timeout '0' is invalid. Using default page load timeout: '30'

2021-10-06 22:14:12 - [MESSAGE][PASSED] - Text 'kavan.mobile.r' has been set to element 'Object Repository/iOS/LogIn/Login_Details_Screen/UserName_Text_Field'

2021-10-06 22:14:12 - [MESSAGE][WARNING] - Timeout '0' is invalid. Using default page load timeout: '30'

2021-10-06 22:14:13 - [MESSAGE][PASSED] - Tapped on element 'Object Repository/iOS/LogIn/Login_Details_Screen/LoginBar-ButtonDown'

2021-10-06 22:14:13 - [MESSAGE][WARNING] - Timeout '0' is invalid. Using default page load timeout: '30'

2021-10-06 22:14:14 - [MESSAGE][PASSED] - Tapped on element 'Object Repository/iOS/LogIn/Login_Details_Screen/Password-Button'

2021-10-06 22:14:14 - [MESSAGE][WARNING] - Timeout '0' is invalid. Using default page load timeout: '30'

2021-10-06 22:14:15 - [MESSAGE][PASSED] - Text 'C@rdinal!' has been set to element 'Object Repository/iOS/LogIn/Login_Details_Screen/Password-Secure_Text_Field'

2021-10-06 22:14:15 - [MESSAGE][WARNING] - Timeout '0' is invalid. Using default page load timeout: '30'

2021-10-06 22:14:15 - [MESSAGE][PASSED] - Tapped on element 'Object Repository/iOS/LogIn/Login_Details_Screen/SignIn_Button'

2021-10-06 22:14:15 - [MESSAGE][PASSED] - ios_login.Login_Screen.login is PASSED

2021-10-06 22:14:15 - [TEST_STEP][PASSED] - ios_account_selection.Select_An_Account.Custom(Account): ios_account_selection.Select_An_Account.Custom is PASSED

2021-10-06 22:14:16 - [MESSAGE][PASSED] - Element 'Object Repository/iOS/Product_Search/Progress_Bar' is exist

2021-10-06 22:14:17 - [MESSAGE][PASSED] - Delayed 1 second(s)

2021-10-06 22:14:18 - [MESSAGE][PASSED] - Element 'Object Repository/iOS/Product_Search/Progress_Bar' is exist

2021-10-06 22:14:19 - [MESSAGE][PASSED] - Delayed 1 second(s)

2021-10-06 22:14:19 - [MESSAGE][PASSED] - Element 'Object Repository/iOS/Product_Search/Progress_Bar' is exist

2021-10-06 22:14:20 - [MESSAGE][PASSED] - Delayed 1 second(s)

2021-10-06 22:14:20 - [MESSAGE][PASSED] - Element 'Object Repository/iOS/Product_Search/Progress_Bar' is exist

2021-10-06 22:14:21 - [MESSAGE][PASSED] - Delayed 1 second(s)

2021-10-06 22:14:22 - [MESSAGE][PASSED] - Element 'Object Repository/iOS/Product_Search/Progress_Bar' is exist

2021-10-06 22:14:23 - [MESSAGE][PASSED] - Delayed 1 second(s)

2021-10-06 22:14:23 - [MESSAGE][PASSED] - Element 'Object Repository/iOS/Product_Search/Progress_Bar' is exist

2021-10-06 22:14:24 - [MESSAGE][PASSED] - Delayed 1 second(s)

2021-10-06 22:14:25 - [MESSAGE][PASSED] - Element 'Object Repository/iOS/Product_Search/Progress_Bar' is exist

2021-10-06 22:14:26 - [MESSAGE][PASSED] - Delayed 1 second(s)

2021-10-06 22:14:27 - [MESSAGE][PASSED] - Element 'Object Repository/iOS/Product_Search/Progress_Bar' is exist

2021-10-06 22:14:28 - [MESSAGE][PASSED] - Delayed 1 second(s)

2021-10-06 22:14:28 - [MESSAGE][PASSED] - Element 'Object Repository/iOS/Product_Search/Progress_Bar' is exist

2021-10-06 22:14:29 - [MESSAGE][PASSED] - Delayed 1 second(s)

2021-10-06 22:14:30 - [MESSAGE][PASSED] - Element 'Object Repository/iOS/Product_Search/Progress_Bar' is exist

2021-10-06 22:14:31 - [MESSAGE][PASSED] - Delayed 1 second(s)

2021-10-06 22:14:32 - [MESSAGE][WARNING] - Element 'Object Repository/iOS/Product_Search/Progress_Bar' not found
[[ATTACHMENT|/Users/sahil.vidaysingh/Katalon Studio/testing/Reports/20211006_215455/sanity_iOS/20211006_215455/1633538672348.png]]

2021-10-06 22:14:32 - [MESSAGE][WARNING] - Timeout '0' is invalid. Using default page load timeout: '30'

2021-10-06 22:14:33 - [MESSAGE][PASSED] - Element 'Object Repository/iOS/Account_Selection/You must select an account to continue_Text' is present

2021-10-06 22:14:39 - [MESSAGE][PASSED] - Scrolling to text '10-676018' successfully

2021-10-06 22:14:39 - [MESSAGE][WARNING] - Timeout '0' is invalid. Using default page load timeout: '30'

2021-10-06 22:14:40 - [MESSAGE][PASSED] - Tapped on element 'Object Repository/iOS/Account_Selection/AccountNo_Text'

2021-10-06 22:14:42 - [MESSAGE][WARNING] - Element 'Object Repository/iOS/Product_Search/Progress_Bar' not found
[[ATTACHMENT|/Users/sahil.vidaysingh/Katalon Studio/testing/Reports/20211006_215455/sanity_iOS/20211006_215455/1633538682058.png]]

2021-10-06 22:14:42 - [MESSAGE][PASSED] - ios_account_selection.Select_An_Account.Custom is PASSED

2021-10-06 22:14:42 - [TEST_STEP][PASSED] - ios_dashboard.dashboard_details.click_On_Orders(): ios_dashboard.dashboard_details.click_On_Orders is PASSED

2021-10-06 22:14:42 - [MESSAGE][WARNING] - Timeout '0' is invalid. Using default page load timeout: '30'

2021-10-06 22:14:42 - [MESSAGE][PASSED] - Tapped on element 'Object Repository/iOS/Dashboard/Orders_Tab'

2021-10-06 22:14:42 - [MESSAGE][PASSED] - ios_dashboard.dashboard_details.click_On_Orders is PASSED

2021-10-06 22:14:42 - [TEST_STEP][PASSED] - ios_orders.Orders_Screen.click_On_NewOrder(): ios_orders.Orders_Screen.click_On_NewOrder is PASSED

2021-10-06 22:14:42 - [MESSAGE][WARNING] - Timeout '0' is invalid. Using default page load timeout: '30'

2021-10-06 22:14:44 - [MESSAGE][PASSED] - Tapped on element 'Object Repository/iOS/Orders/Orders_Common_Screen/New Order_Tab'

2021-10-06 22:14:44 - [MESSAGE][PASSED] - ios_orders.Orders_Screen.click_On_NewOrder is PASSED

2021-10-06 22:14:44 - [TEST_STEP][PASSED] - ios_orders.New_Order_Screen.enter_Purchase_Order_Details(PO_Name, PO_Memo): ios_orders.New_Order_Screen.enter_Purchase_Order_Details is PASSED

2021-10-06 22:14:44 - [MESSAGE][WARNING] - Duration '0' is invalid. Using default duration.

2021-10-06 22:14:44 - [MESSAGE][WARNING] - Timeout '0' is invalid. Using default page load timeout: '30'

2021-10-06 22:14:45 - [MESSAGE][PASSED] - Tapped and held on element 'Object Repository/iOS/Orders/Order Details Page/Edit PO Name and Memo/PO Name_TextField' with duration (default)

2021-10-06 22:14:45 - [MESSAGE][WARNING] - Timeout '0' is invalid. Using default page load timeout: '30'

2021-10-06 22:14:49 - [MESSAGE][PASSED] - Text 'po_name' has been set to element 'Object Repository/iOS/Orders/Order Details Page/Edit PO Name and Memo/PO Name_TextField'

2021-10-06 22:14:49 - [MESSAGE][WARNING] - Timeout '0' is invalid. Using default page load timeout: '30'

2021-10-06 22:14:51 - [MESSAGE][PASSED] - Tapped on element 'Object Repository/iOS/Product_Search/Return Keypad_Button'

2021-10-06 22:14:51 - [MESSAGE][WARNING] - Duration '0' is invalid. Using default duration.

2021-10-06 22:14:51 - [MESSAGE][WARNING] - Timeout '0' is invalid. Using default page load timeout: '30'

2021-10-06 22:14:53 - [MESSAGE][PASSED] - Tapped and held on element 'Object Repository/iOS/Orders/Order Details Page/Edit PO Name and Memo/poMemo Field_Button' with duration (default)

2021-10-06 22:14:53 - [MESSAGE][WARNING] - Timeout '0' is invalid. Using default page load timeout: '30'

2021-10-06 22:14:54 - [MESSAGE][PASSED] - Text 'po_memo' has been set to element 'Object Repository/iOS/Orders/Order Details Page/Edit PO Name and Memo/poMemoField_TextField'

2021-10-06 22:14:54 - [MESSAGE][WARNING] - Timeout '0' is invalid. Using default page load timeout: '30'

2021-10-06 22:14:56 - [MESSAGE][PASSED] - Tapped on element 'Object Repository/iOS/Product_Search/Return Keypad_Button'

2021-10-06 22:14:56 - [MESSAGE][PASSED] - ios_orders.New_Order_Screen.enter_Purchase_Order_Details is PASSED

2021-10-06 22:14:56 - [TEST_STEP][PASSED] - ios_orders.New_Order_Screen.create_Order(): ios_orders.New_Order_Screen.create_Order is PASSED

2021-10-06 22:14:56 - [MESSAGE][WARNING] - Timeout '0' is invalid. Using default page load timeout: '30'

2021-10-06 22:14:58 - [MESSAGE][PASSED] - Tapped on element 'Object Repository/iOS/Orders/New Order Page/Create Order_Button'

2021-10-06 22:14:58 - [MESSAGE][PASSED] - ios_orders.New_Order_Screen.create_Order is PASSED

2021-10-06 22:14:58 - [TEST_STEP][PASSED] - ios_orders.Order_details_Screen.add_Product_to_Order(Product_Name, Quantity): ios_orders.Order_details_Screen.add_Product_to_Order is PASSED

2021-10-06 22:14:59 - [MESSAGE][WARNING] - Element 'Object Repository/iOS/Product_Search/Progress_Bar' not found
[[ATTACHMENT|/Users/sahil.vidaysingh/Katalon Studio/testing/Reports/20211006_215455/sanity_iOS/20211006_215455/1633538699754.png]]

2021-10-06 22:14:59 - [MESSAGE][WARNING] - Duration '0' is invalid. Using default duration.

2021-10-06 22:14:59 - [MESSAGE][WARNING] - Timeout '0' is invalid. Using default page load timeout: '30'

2021-10-06 22:15:01 - [MESSAGE][PASSED] - Tapped and held on element 'Object Repository/iOS/Inventory/Location Details_Screen/Add Product to Location/Product SearchField' with duration (default)

2021-10-06 22:15:02 - [MESSAGE][WARNING] - Element 'Object Repository/iOS/Product_Search/Progress_Bar' not found
[[ATTACHMENT|/Users/sahil.vidaysingh/Katalon Studio/testing/Reports/20211006_215455/sanity_iOS/20211006_215455/1633538702567.png]]

2021-10-06 22:15:02 - [MESSAGE][WARNING] - Timeout '0' is invalid. Using default page load timeout: '30'

2021-10-06 22:15:04 - [MESSAGE][PASSED] - Text 'tyl' has been set to element 'Object Repository/iOS/Product_Search/Product SearchField'

2021-10-06 22:15:04 - [MESSAGE][WARNING] - Duration '0' is invalid. Using default duration.

2021-10-06 22:15:04 - [MESSAGE][WARNING] - Timeout '0' is invalid. Using default page load timeout: '30'

2021-10-06 22:15:05 - [MESSAGE][PASSED] - Tapped and held on element 'Object Repository/iOS/Product_Search/Search Key_Button' with duration (default)

2021-10-06 22:15:05 - [MESSAGE][WARNING] - Timeout '0' is invalid. Using default page load timeout: '30'

2021-10-06 22:15:28 - [MESSAGE][PASSED] - Text '2' has been set to element 'Object Repository/iOS/Product_Search/Quantity_TextField'

2021-10-06 22:15:33 - [MESSAGE][PASSED] - Element 'Object Repository/iOS/Product_Search/Progress_Bar' is exist

2021-10-06 22:15:34 - [MESSAGE][PASSED] - Delayed 1 second(s)

2021-10-06 22:15:38 - [MESSAGE][PASSED] - Element 'Object Repository/iOS/Product_Search/Progress_Bar' is exist

2021-10-06 22:15:39 - [MESSAGE][PASSED] - Delayed 1 second(s)

2021-10-06 22:15:44 - [MESSAGE][PASSED] - Element 'Object Repository/iOS/Product_Search/Progress_Bar' is exist

2021-10-06 22:15:45 - [MESSAGE][PASSED] - Delayed 1 second(s)

2021-10-06 22:15:51 - [MESSAGE][WARNING] - Element 'Object Repository/iOS/Product_Search/Progress_Bar' not found
[[ATTACHMENT|/Users/sahil.vidaysingh/Katalon Studio/testing/Reports/20211006_215455/sanity_iOS/20211006_215455/1633538751220.png]]

2021-10-06 22:15:51 - [MESSAGE][WARNING] - Timeout '0' is invalid. Using default page load timeout: '30'

2021-10-06 22:16:00 - [MESSAGE][PASSED] - Tapped on element 'Object Repository/iOS/Orders/Cart Page/Place All Orders/Done_Keypad'

2021-10-06 22:16:00 - [MESSAGE][WARNING] - Timeout '0' is invalid. Using default page load timeout: '30'

2021-10-06 22:16:06 - [MESSAGE][PASSED] - Tapped on element 'Object Repository/iOS/Inventory/Inventory Details Screen/Add Product to Inventory using Search from Dashoboard/Add to Order_Text'

2021-10-06 22:16:06 - [MESSAGE][WARNING] - Timeout '0' is invalid. Using default page load timeout: '30'

2021-10-06 22:16:07 - [MESSAGE][PASSED] - Element 'Object Repository/iOS/Product_Search/Confirmation_Text' is exist

2021-10-06 22:16:07 - [MESSAGE][WARNING] - Timeout '0' is invalid. Using default page load timeout: '30'

2021-10-06 22:16:08 - [MESSAGE][PASSED] - Tapped on element 'Object Repository/iOS/Orders/Order Details Page/Upload Order/Continue Ordering_Text'

2021-10-06 22:16:08 - [MESSAGE][PASSED] - ios_orders.Order_details_Screen.add_Product_to_Order is PASSED

2021-10-06 22:16:08 - [TEST_STEP][PASSED] - ios_common_keywords.Go_Back.Custom(): ios_common_keywords.Go_Back.Custom is PASSED

2021-10-06 22:16:11 - [MESSAGE][WARNING] - Element 'Object Repository/iOS/Product_Search/Progress_Bar' not found
[[ATTACHMENT|/Users/sahil.vidaysingh/Katalon Studio/testing/Reports/20211006_215455/sanity_iOS/20211006_215455/1633538771713.png]]

2021-10-06 22:16:17 - [MESSAGE][WARNING] - Element 'Object Repository/iOS/Product_Search/Back_Text' not found
[[ATTACHMENT|/Users/sahil.vidaysingh/Katalon Studio/testing/Reports/20211006_215455/sanity_iOS/20211006_215455/1633538777027.png]]

2021-10-06 22:16:21 - [MESSAGE][PASSED] - Tapped on element 'Object Repository/iOS/Inventory/Location Details_Screen/Add Product to Location/Back Button_Text'

2021-10-06 22:16:21 - [MESSAGE][PASSED] - Element 'Object Repository/iOS/Product_Search/Progress_Bar' is exist

2021-10-06 22:16:23 - [MESSAGE][PASSED] - Delayed 2 second(s)

2021-10-06 22:16:26 - [MESSAGE][WARNING] - Element 'Object Repository/iOS/Product_Search/Progress_Bar' not found
[[ATTACHMENT|/Users/sahil.vidaysingh/Katalon Studio/testing/Reports/20211006_215455/sanity_iOS/20211006_215455/1633538786175.png]]

2021-10-06 22:16:26 - [MESSAGE][PASSED] - ios_common_keywords.Go_Back.Custom is PASSED

2021-10-06 22:16:26 - [TEST_STEP][PASSED] - ios_orders.Order_details_Screen.upload_Order(): ios_orders.Order_details_Screen.upload_Order is PASSED

2021-10-06 22:16:27 - [MESSAGE][WARNING] - Element 'Object Repository/iOS/Product_Search/Progress_Bar' not found
[[ATTACHMENT|/Users/sahil.vidaysingh/Katalon Studio/testing/Reports/20211006_215455/sanity_iOS/20211006_215455/1633538787675.png]]

2021-10-06 22:16:27 - [MESSAGE][WARNING] - Timeout '0' is invalid. Using default page load timeout: '30'

2021-10-06 22:16:29 - [MESSAGE][PASSED] - Tapped on element 'Object Repository/iOS/Orders/Order Details Page/Upload Order/UploadOrder_Button'

2021-10-06 22:16:29 - [MESSAGE][WARNING] - Timeout '0' is invalid. Using default page load timeout: '30'

2021-10-06 22:16:29 - [MESSAGE][PASSED] - Tapped on element 'Object Repository/iOS/Orders/Order Details Page/Upload Order/ContinueOnDesktop_Button'

2021-10-06 22:16:29 - [MESSAGE][PASSED] - ios_orders.Order_details_Screen.upload_Order is PASSED]]></system-out>
         <system-err><![CDATA[]]></system-err>
      </testcase>
      <testcase name="Test Cases/iOS/Carts/Adding_Alternate_Product" time="461.965" classname="Test Cases/iOS/Carts/Adding_Alternate_Product" status="FAILED">
         <failure type="FAILED" message="Test Cases/iOS/Carts/Adding_Alternate_Product FAILED.
Reason:
com.kms.katalon.core.exception.StepFailedException: Failed to tap on element 'Object Repository/iOS/Inventory/Location Details_Screen/Add Product to Location/Back Button_Text' (Root cause: org.openqa.selenium.WebDriverException: An unknown server-side error occurred while processing the command. Original error: Could not proxy command to the remote server. Original error: connect ECONNREFUSED 127.0.0.1:61967
Build info: version: '3.141.59', revision: 'e82be7d358', time: '2018-11-14T08:25:53'
System info: host: 'LIND44C21HWMD6N.cardinalhealth.net', ip: '192.168.29.216', os.name: 'Mac OS X', os.arch: 'x86_64', os.version: '10.16', java.version: '1.8.0_275'
Driver info: io.appium.java_client.ios.IOSDriver
Capabilities {app: /Users/sahil.vidaysingh/Dow..., automationName: XCUITest, browserName: , chromedriverPort: 60522, databaseEnabled: false, deviceName: iphone 8, fullReset: true, javascriptEnabled: true, locationContextEnabled: false, networkConnectionEnabled: false, newCommandTimeout: 1800, noReset: false, platform: IOS, platformName: iOS, platformVersion: 14.4, realDeviceLogger: /Applications/Katalon Studi..., takesScreenshot: true, udid: 2B504F47-40EA-4A1D-A6C0-6A1..., waitForAppScript: true;, wdaLocalPort: 61967, webStorageEnabled: false}
Session ID: f60f41c0-3551-429a-ae57-08baf61d2ca7
	at org.openqa.selenium.remote.http.W3CHttpResponseCodec.createException(W3CHttpResponseCodec.java:187)
	at org.openqa.selenium.remote.http.W3CHttpResponseCodec.decode(W3CHttpResponseCodec.java:122)
	at org.openqa.selenium.remote.http.W3CHttpResponseCodec.decode(W3CHttpResponseCodec.java:49)
	at org.openqa.selenium.remote.HttpCommandExecutor.execute(HttpCommandExecutor.java:158)
	at io.appium.java_client.remote.AppiumCommandExecutor.execute(AppiumCommandExecutor.java:239)
	at org.openqa.selenium.remote.RemoteWebDriver.execute(RemoteWebDriver.java:552)
	at io.appium.java_client.DefaultGenericMobileDriver.execute(DefaultGenericMobileDriver.java:46)
	at io.appium.java_client.AppiumDriver.execute(AppiumDriver.java:1)
	at io.appium.java_client.ios.IOSDriver.execute(IOSDriver.java:1)
	at org.openqa.selenium.remote.RemoteWebDriver$RemoteWebDriverOptions$RemoteWindow.getSize(RemoteWebDriver.java:813)
	at org.openqa.selenium.WebDriver$Window$getSize.call(Unknown Source)
	at com.kms.katalon.core.mobile.keyword.internal.MobileAbstractKeyword.findElement(MobileAbstractKeyword.groovy:81)
	at com.kms.katalon.core.mobile.keyword.builtin.TapKeyword.access$1(TapKeyword.groovy)
	at com.kms.katalon.core.mobile.keyword.builtin.TapKeyword$_tap_closure1.doCall(TapKeyword.groovy:76)
	at com.kms.katalon.core.mobile.keyword.builtin.TapKeyword$_tap_closure1.call(TapKeyword.groovy)
	at com.kms.katalon.core.mobile.keyword.internal.MobileKeywordMain.runKeyword(MobileKeywordMain.groovy:21)
	at com.kms.katalon.core.mobile.keyword.builtin.TapKeyword.tap(TapKeyword.groovy:86)
	at com.kms.katalon.core.mobile.keyword.builtin.TapKeyword.execute(TapKeyword.groovy:68)
	at com.kms.katalon.core.keyword.internal.KeywordExecutor.executeKeywordForPlatform(KeywordExecutor.groovy:73)
	at com.kms.katalon.core.mobile.keyword.MobileBuiltInKeywords.tap(MobileBuiltInKeywords.groovy:1354)
	at com.kms.katalon.core.mobile.keyword.MobileBuiltInKeywords$tap$3.call(Unknown Source)
	at ios_common_keywords.Go_Back.Custom(Go_Back.groovy:41)
	at ios_common_keywords.Go_Back.invokeMethod(Go_Back.groovy)
	at com.kms.katalon.core.main.CustomKeywordDelegatingMetaClass.invokeStaticMethod(CustomKeywordDelegatingMetaClass.java:50)
	at Adding_Alternate_Product.run(Adding_Alternate_Product:37)
	at com.kms.katalon.core.main.ScriptEngine.run(ScriptEngine.java:194)
	at com.kms.katalon.core.main.ScriptEngine.runScriptAsRawText(ScriptEngine.java:119)
	at com.kms.katalon.core.main.TestCaseExecutor.runScript(TestCaseExecutor.java:398)
	at com.kms.katalon.core.main.TestCaseExecutor.doExecute(TestCaseExecutor.java:389)
	at com.kms.katalon.core.main.TestCaseExecutor.processExecutionPhase(TestCaseExecutor.java:368)
	at com.kms.katalon.core.main.TestCaseExecutor.accessMainPhase(TestCaseExecutor.java:360)
	at com.kms.katalon.core.main.TestCaseExecutor.execute(TestCaseExecutor.java:255)
	at com.kms.katalon.core.main.TestSuiteExecutor.accessTestCaseMainPhase(TestSuiteExecutor.java:203)
	at com.kms.katalon.core.main.TestSuiteExecutor.accessTestSuiteMainPhase(TestSuiteExecutor.java:152)
	at com.kms.katalon.core.main.TestSuiteExecutor.execute(TestSuiteExecutor.java:95)
	at com.kms.katalon.core.main.TestCaseMain.startTestSuite(TestCaseMain.java:157)
	at com.kms.katalon.core.main.TestCaseMain$startTestSuite$0.call(Unknown Source)
	at TempTestSuite1633537495900.run(TempTestSuite1633537495900.groovy:39)
)
	at com.kms.katalon.core.keyword.internal.KeywordMain.stepFailed(KeywordMain.groovy:50)
	at com.kms.katalon.core.mobile.keyword.internal.MobileKeywordMain.stepFailed(MobileKeywordMain.groovy:40)
	at com.kms.katalon.core.mobile.keyword.internal.MobileKeywordMain.runKeyword(MobileKeywordMain.groovy:23)
	at com.kms.katalon.core.mobile.keyword.builtin.TapKeyword.tap(TapKeyword.groovy:86)
	at com.kms.katalon.core.mobile.keyword.builtin.TapKeyword.execute(TapKeyword.groovy:68)
	at com.kms.katalon.core.keyword.internal.KeywordExecutor.executeKeywordForPlatform(KeywordExecutor.groovy:73)
	at com.kms.katalon.core.mobile.keyword.MobileBuiltInKeywords.tap(MobileBuiltInKeywords.groovy:1354)
	at com.kms.katalon.core.mobile.keyword.MobileBuiltInKeywords$tap$3.call(Unknown Source)
	at ios_common_keywords.Go_Back.Custom(Go_Back.groovy:41)
	at ios_common_keywords.Go_Back.invokeMethod(Go_Back.groovy)
	at com.kms.katalon.core.main.CustomKeywordDelegatingMetaClass.invokeStaticMethod(CustomKeywordDelegatingMetaClass.java:50)
	at Adding_Alternate_Product.run(Adding_Alternate_Product:37)
	at com.kms.katalon.core.main.ScriptEngine.run(ScriptEngine.java:194)
	at com.kms.katalon.core.main.ScriptEngine.runScriptAsRawText(ScriptEngine.java:119)
	at com.kms.katalon.core.main.TestCaseExecutor.runScript(TestCaseExecutor.java:398)
	at com.kms.katalon.core.main.TestCaseExecutor.doExecute(TestCaseExecutor.java:389)
	at com.kms.katalon.core.main.TestCaseExecutor.processExecutionPhase(TestCaseExecutor.java:368)
	at com.kms.katalon.core.main.TestCaseExecutor.accessMainPhase(TestCaseExecutor.java:360)
	at com.kms.katalon.core.main.TestCaseExecutor.execute(TestCaseExecutor.java:255)
	at com.kms.katalon.core.main.TestSuiteExecutor.accessTestCaseMainPhase(TestSuiteExecutor.java:203)
	at com.kms.katalon.core.main.TestSuiteExecutor.accessTestSuiteMainPhase(TestSuiteExecutor.java:152)
	at com.kms.katalon.core.main.TestSuiteExecutor.execute(TestSuiteExecutor.java:95)
	at com.kms.katalon.core.main.TestCaseMain.startTestSuite(TestCaseMain.java:157)
	at com.kms.katalon.core.main.TestCaseMain$startTestSuite$0.call(Unknown Source)
	at TempTestSuite1633537495900.run(TempTestSuite1633537495900.groovy:39)
Caused by: org.openqa.selenium.WebDriverException: An unknown server-side error occurred while processing the command. Original error: Could not proxy command to the remote server. Original error: connect ECONNREFUSED 127.0.0.1:61967
Build info: version: '3.141.59', revision: 'e82be7d358', time: '2018-11-14T08:25:53'
System info: host: 'LIND44C21HWMD6N.cardinalhealth.net', ip: '192.168.29.216', os.name: 'Mac OS X', os.arch: 'x86_64', os.version: '10.16', java.version: '1.8.0_275'
Driver info: io.appium.java_client.ios.IOSDriver
Capabilities {app: /Users/sahil.vidaysingh/Dow..., automationName: XCUITest, browserName: , chromedriverPort: 60522, databaseEnabled: false, deviceName: iphone 8, fullReset: true, javascriptEnabled: true, locationContextEnabled: false, networkConnectionEnabled: false, newCommandTimeout: 1800, noReset: false, platform: IOS, platformName: iOS, platformVersion: 14.4, realDeviceLogger: /Applications/Katalon Studi..., takesScreenshot: true, udid: 2B504F47-40EA-4A1D-A6C0-6A1..., waitForAppScript: true;, wdaLocalPort: 61967, webStorageEnabled: false}
Session ID: f60f41c0-3551-429a-ae57-08baf61d2ca7
	at org.openqa.selenium.remote.http.W3CHttpResponseCodec.createException(W3CHttpResponseCodec.java:187)
	at org.openqa.selenium.remote.http.W3CHttpResponseCodec.decode(W3CHttpResponseCodec.java:122)
	at org.openqa.selenium.remote.http.W3CHttpResponseCodec.decode(W3CHttpResponseCodec.java:49)
	at org.openqa.selenium.remote.HttpCommandExecutor.execute(HttpCommandExecutor.java:158)
	at io.appium.java_client.remote.AppiumCommandExecutor.execute(AppiumCommandExecutor.java:239)
	at org.openqa.selenium.remote.RemoteWebDriver.execute(RemoteWebDriver.java:552)
	at io.appium.java_client.DefaultGenericMobileDriver.execute(DefaultGenericMobileDriver.java:46)
	at io.appium.java_client.AppiumDriver.execute(AppiumDriver.java:1)
	at io.appium.java_client.ios.IOSDriver.execute(IOSDriver.java:1)
	at org.openqa.selenium.remote.RemoteWebDriver$RemoteWebDriverOptions$RemoteWindow.getSize(RemoteWebDriver.java:813)
	at org.openqa.selenium.WebDriver$Window$getSize.call(Unknown Source)
	at com.kms.katalon.core.mobile.keyword.internal.MobileAbstractKeyword.findElement(MobileAbstractKeyword.groovy:81)
	at com.kms.katalon.core.mobile.keyword.builtin.TapKeyword.access$1(TapKeyword.groovy)
	at com.kms.katalon.core.mobile.keyword.builtin.TapKeyword$_tap_closure1.doCall(TapKeyword.groovy:76)
	at com.kms.katalon.core.mobile.keyword.builtin.TapKeyword$_tap_closure1.call(TapKeyword.groovy)
	at com.kms.katalon.core.mobile.keyword.internal.MobileKeywordMain.runKeyword(MobileKeywordMain.groovy:21)
	... 22 more
"/>
         <system-out><![CDATA[2021-10-06 22:16:29 - [TEST_CASE][FAILED] - Test Cases/iOS/Carts/Adding_Alternate_Product: Test Cases/iOS/Carts/Adding_Alternate_Product FAILED.
Reason:
com.kms.katalon.core.exception.StepFailedException: Failed to tap on element 'Object Repository/iOS/Inventory/Location Details_Screen/Add Product to Location/Back Button_Text' (Root cause: org.openqa.selenium.WebDriverException: An unknown server-side error occurred while processing the command. Original error: Could not proxy command to the remote server. Original error: connect ECONNREFUSED 127.0.0.1:61967
Build info: version: '3.141.59', revision: 'e82be7d358', time: '2018-11-14T08:25:53'
System info: host: 'LIND44C21HWMD6N.cardinalhealth.net', ip: '192.168.29.216', os.name: 'Mac OS X', os.arch: 'x86_64', os.version: '10.16', java.version: '1.8.0_275'
Driver info: io.appium.java_client.ios.IOSDriver
Capabilities {app: /Users/sahil.vidaysingh/Dow..., automationName: XCUITest, browserName: , chromedriverPort: 60522, databaseEnabled: false, deviceName: iphone 8, fullReset: true, javascriptEnabled: true, locationContextEnabled: false, networkConnectionEnabled: false, newCommandTimeout: 1800, noReset: false, platform: IOS, platformName: iOS, platformVersion: 14.4, realDeviceLogger: /Applications/Katalon Studi..., takesScreenshot: true, udid: 2B504F47-40EA-4A1D-A6C0-6A1..., waitForAppScript: true;, wdaLocalPort: 61967, webStorageEnabled: false}
Session ID: f60f41c0-3551-429a-ae57-08baf61d2ca7
	at org.openqa.selenium.remote.http.W3CHttpResponseCodec.createException(W3CHttpResponseCodec.java:187)
	at org.openqa.selenium.remote.http.W3CHttpResponseCodec.decode(W3CHttpResponseCodec.java:122)
	at org.openqa.selenium.remote.http.W3CHttpResponseCodec.decode(W3CHttpResponseCodec.java:49)
	at org.openqa.selenium.remote.HttpCommandExecutor.execute(HttpCommandExecutor.java:158)
	at io.appium.java_client.remote.AppiumCommandExecutor.execute(AppiumCommandExecutor.java:239)
	at org.openqa.selenium.remote.RemoteWebDriver.execute(RemoteWebDriver.java:552)
	at io.appium.java_client.DefaultGenericMobileDriver.execute(DefaultGenericMobileDriver.java:46)
	at io.appium.java_client.AppiumDriver.execute(AppiumDriver.java:1)
	at io.appium.java_client.ios.IOSDriver.execute(IOSDriver.java:1)
	at org.openqa.selenium.remote.RemoteWebDriver$RemoteWebDriverOptions$RemoteWindow.getSize(RemoteWebDriver.java:813)
	at org.openqa.selenium.WebDriver$Window$getSize.call(Unknown Source)
	at com.kms.katalon.core.mobile.keyword.internal.MobileAbstractKeyword.findElement(MobileAbstractKeyword.groovy:81)
	at com.kms.katalon.core.mobile.keyword.builtin.TapKeyword.access$1(TapKeyword.groovy)
	at com.kms.katalon.core.mobile.keyword.builtin.TapKeyword$_tap_closure1.doCall(TapKeyword.groovy:76)
	at com.kms.katalon.core.mobile.keyword.builtin.TapKeyword$_tap_closure1.call(TapKeyword.groovy)
	at com.kms.katalon.core.mobile.keyword.internal.MobileKeywordMain.runKeyword(MobileKeywordMain.groovy:21)
	at com.kms.katalon.core.mobile.keyword.builtin.TapKeyword.tap(TapKeyword.groovy:86)
	at com.kms.katalon.core.mobile.keyword.builtin.TapKeyword.execute(TapKeyword.groovy:68)
	at com.kms.katalon.core.keyword.internal.KeywordExecutor.executeKeywordForPlatform(KeywordExecutor.groovy:73)
	at com.kms.katalon.core.mobile.keyword.MobileBuiltInKeywords.tap(MobileBuiltInKeywords.groovy:1354)
	at com.kms.katalon.core.mobile.keyword.MobileBuiltInKeywords$tap$3.call(Unknown Source)
	at ios_common_keywords.Go_Back.Custom(Go_Back.groovy:41)
	at ios_common_keywords.Go_Back.invokeMethod(Go_Back.groovy)
	at com.kms.katalon.core.main.CustomKeywordDelegatingMetaClass.invokeStaticMethod(CustomKeywordDelegatingMetaClass.java:50)
	at Adding_Alternate_Product.run(Adding_Alternate_Product:37)
	at com.kms.katalon.core.main.ScriptEngine.run(ScriptEngine.java:194)
	at com.kms.katalon.core.main.ScriptEngine.runScriptAsRawText(ScriptEngine.java:119)
	at com.kms.katalon.core.main.TestCaseExecutor.runScript(TestCaseExecutor.java:398)
	at com.kms.katalon.core.main.TestCaseExecutor.doExecute(TestCaseExecutor.java:389)
	at com.kms.katalon.core.main.TestCaseExecutor.processExecutionPhase(TestCaseExecutor.java:368)
	at com.kms.katalon.core.main.TestCaseExecutor.accessMainPhase(TestCaseExecutor.java:360)
	at com.kms.katalon.core.main.TestCaseExecutor.execute(TestCaseExecutor.java:255)
	at com.kms.katalon.core.main.TestSuiteExecutor.accessTestCaseMainPhase(TestSuiteExecutor.java:203)
	at com.kms.katalon.core.main.TestSuiteExecutor.accessTestSuiteMainPhase(TestSuiteExecutor.java:152)
	at com.kms.katalon.core.main.TestSuiteExecutor.execute(TestSuiteExecutor.java:95)
	at com.kms.katalon.core.main.TestCaseMain.startTestSuite(TestCaseMain.java:157)
	at com.kms.katalon.core.main.TestCaseMain$startTestSuite$0.call(Unknown Source)
	at TempTestSuite1633537495900.run(TempTestSuite1633537495900.groovy:39)
)
	at com.kms.katalon.core.keyword.internal.KeywordMain.stepFailed(KeywordMain.groovy:50)
	at com.kms.katalon.core.mobile.keyword.internal.MobileKeywordMain.stepFailed(MobileKeywordMain.groovy:40)
	at com.kms.katalon.core.mobile.keyword.internal.MobileKeywordMain.runKeyword(MobileKeywordMain.groovy:23)
	at com.kms.katalon.core.mobile.keyword.builtin.TapKeyword.tap(TapKeyword.groovy:86)
	at com.kms.katalon.core.mobile.keyword.builtin.TapKeyword.execute(TapKeyword.groovy:68)
	at com.kms.katalon.core.keyword.internal.KeywordExecutor.executeKeywordForPlatform(KeywordExecutor.groovy:73)
	at com.kms.katalon.core.mobile.keyword.MobileBuiltInKeywords.tap(MobileBuiltInKeywords.groovy:1354)
	at com.kms.katalon.core.mobile.keyword.MobileBuiltInKeywords$tap$3.call(Unknown Source)
	at ios_common_keywords.Go_Back.Custom(Go_Back.groovy:41)
	at ios_common_keywords.Go_Back.invokeMethod(Go_Back.groovy)
	at com.kms.katalon.core.main.CustomKeywordDelegatingMetaClass.invokeStaticMethod(CustomKeywordDelegatingMetaClass.java:50)
	at Adding_Alternate_Product.run(Adding_Alternate_Product:37)
	at com.kms.katalon.core.main.ScriptEngine.run(ScriptEngine.java:194)
	at com.kms.katalon.core.main.ScriptEngine.runScriptAsRawText(ScriptEngine.java:119)
	at com.kms.katalon.core.main.TestCaseExecutor.runScript(TestCaseExecutor.java:398)
	at com.kms.katalon.core.main.TestCaseExecutor.doExecute(TestCaseExecutor.java:389)
	at com.kms.katalon.core.main.TestCaseExecutor.processExecutionPhase(TestCaseExecutor.java:368)
	at com.kms.katalon.core.main.TestCaseExecutor.accessMainPhase(TestCaseExecutor.java:360)
	at com.kms.katalon.core.main.TestCaseExecutor.execute(TestCaseExecutor.java:255)
	at com.kms.katalon.core.main.TestSuiteExecutor.accessTestCaseMainPhase(TestSuiteExecutor.java:203)
	at com.kms.katalon.core.main.TestSuiteExecutor.accessTestSuiteMainPhase(TestSuiteExecutor.java:152)
	at com.kms.katalon.core.main.TestSuiteExecutor.execute(TestSuiteExecutor.java:95)
	at com.kms.katalon.core.main.TestCaseMain.startTestSuite(TestCaseMain.java:157)
	at com.kms.katalon.core.main.TestCaseMain$startTestSuite$0.call(Unknown Source)
	at TempTestSuite1633537495900.run(TempTestSuite1633537495900.groovy:39)
Caused by: org.openqa.selenium.WebDriverException: An unknown server-side error occurred while processing the command. Original error: Could not proxy command to the remote server. Original error: connect ECONNREFUSED 127.0.0.1:61967
Build info: version: '3.141.59', revision: 'e82be7d358', time: '2018-11-14T08:25:53'
System info: host: 'LIND44C21HWMD6N.cardinalhealth.net', ip: '192.168.29.216', os.name: 'Mac OS X', os.arch: 'x86_64', os.version: '10.16', java.version: '1.8.0_275'
Driver info: io.appium.java_client.ios.IOSDriver
Capabilities {app: /Users/sahil.vidaysingh/Dow..., automationName: XCUITest, browserName: , chromedriverPort: 60522, databaseEnabled: false, deviceName: iphone 8, fullReset: true, javascriptEnabled: true, locationContextEnabled: false, networkConnectionEnabled: false, newCommandTimeout: 1800, noReset: false, platform: IOS, platformName: iOS, platformVersion: 14.4, realDeviceLogger: /Applications/Katalon Studi..., takesScreenshot: true, udid: 2B504F47-40EA-4A1D-A6C0-6A1..., waitForAppScript: true;, wdaLocalPort: 61967, webStorageEnabled: false}
Session ID: f60f41c0-3551-429a-ae57-08baf61d2ca7
	at org.openqa.selenium.remote.http.W3CHttpResponseCodec.createException(W3CHttpResponseCodec.java:187)
	at org.openqa.selenium.remote.http.W3CHttpResponseCodec.decode(W3CHttpResponseCodec.java:122)
	at org.openqa.selenium.remote.http.W3CHttpResponseCodec.decode(W3CHttpResponseCodec.java:49)
	at org.openqa.selenium.remote.HttpCommandExecutor.execute(HttpCommandExecutor.java:158)
	at io.appium.java_client.remote.AppiumCommandExecutor.execute(AppiumCommandExecutor.java:239)
	at org.openqa.selenium.remote.RemoteWebDriver.execute(RemoteWebDriver.java:552)
	at io.appium.java_client.DefaultGenericMobileDriver.execute(DefaultGenericMobileDriver.java:46)
	at io.appium.java_client.AppiumDriver.execute(AppiumDriver.java:1)
	at io.appium.java_client.ios.IOSDriver.execute(IOSDriver.java:1)
	at org.openqa.selenium.remote.RemoteWebDriver$RemoteWebDriverOptions$RemoteWindow.getSize(RemoteWebDriver.java:813)
	at org.openqa.selenium.WebDriver$Window$getSize.call(Unknown Source)
	at com.kms.katalon.core.mobile.keyword.internal.MobileAbstractKeyword.findElement(MobileAbstractKeyword.groovy:81)
	at com.kms.katalon.core.mobile.keyword.builtin.TapKeyword.access$1(TapKeyword.groovy)
	at com.kms.katalon.core.mobile.keyword.builtin.TapKeyword$_tap_closure1.doCall(TapKeyword.groovy:76)
	at com.kms.katalon.core.mobile.keyword.builtin.TapKeyword$_tap_closure1.call(TapKeyword.groovy)
	at com.kms.katalon.core.mobile.keyword.internal.MobileKeywordMain.runKeyword(MobileKeywordMain.groovy:21)
	... 22 more


2021-10-06 22:16:29 - [TEST_STEP][PASSED] - ios_common_keywords.Start_Application.custom(): ios_common_keywords.Start_Application.custom is PASSED

2021-10-06 22:17:21 - [MESSAGE][PASSED] - Started app at: '/Users/sahil.vidaysingh/Downloads/Hatch 3.app'

2021-10-06 22:17:21 - [MESSAGE][PASSED] - ios_common_keywords.Start_Application.custom is PASSED

2021-10-06 22:17:21 - [TEST_STEP][PASSED] - ios_login.Login_Screen.login(Password): ios_login.Login_Screen.login is PASSED

2021-10-06 22:17:21 - [MESSAGE][PASSED] - Element 'Object Repository/iOS/LogIn/Environment_Selection_Screen/Environment Selection_Text' is exist

2021-10-06 22:17:22 - [MESSAGE][WARNING] - Timeout '0' is invalid. Using default page load timeout: '30'

2021-10-06 22:17:22 - [MESSAGE][PASSED] - Tapped on element 'Object Repository/iOS/LogIn/Environment_Selection_Screen/Environment Selection_Text'

2021-10-06 22:17:22 - [MESSAGE][WARNING] - Timeout '0' is invalid. Using default page load timeout: '30'

2021-10-06 22:17:23 - [MESSAGE][PASSED] - Tapped on element 'Object Repository/iOS/LogIn/Environment_Selection_Screen/Environment_Button'

2021-10-06 22:17:23 - [MESSAGE][WARNING] - Timeout '0' is invalid. Using default page load timeout: '30'

2021-10-06 22:17:24 - [MESSAGE][PASSED] - Tapped on element 'Object Repository/iOS/LogIn/Login_Details_Screen/Login UserName_Button'

2021-10-06 22:17:24 - [MESSAGE][WARNING] - Timeout '0' is invalid. Using default page load timeout: '30'

2021-10-06 22:17:25 - [MESSAGE][PASSED] - Text 'kavan.mobile.r' has been set to element 'Object Repository/iOS/LogIn/Login_Details_Screen/UserName_Text_Field'

2021-10-06 22:17:25 - [MESSAGE][WARNING] - Timeout '0' is invalid. Using default page load timeout: '30'

2021-10-06 22:17:26 - [MESSAGE][PASSED] - Tapped on element 'Object Repository/iOS/LogIn/Login_Details_Screen/LoginBar-ButtonDown'

2021-10-06 22:17:26 - [MESSAGE][WARNING] - Timeout '0' is invalid. Using default page load timeout: '30'

2021-10-06 22:17:27 - [MESSAGE][PASSED] - Tapped on element 'Object Repository/iOS/LogIn/Login_Details_Screen/Password-Button'

2021-10-06 22:17:27 - [MESSAGE][WARNING] - Timeout '0' is invalid. Using default page load timeout: '30'

2021-10-06 22:17:28 - [MESSAGE][PASSED] - Text 'C@rdinal!' has been set to element 'Object Repository/iOS/LogIn/Login_Details_Screen/Password-Secure_Text_Field'

2021-10-06 22:17:28 - [MESSAGE][WARNING] - Timeout '0' is invalid. Using default page load timeout: '30'

2021-10-06 22:17:29 - [MESSAGE][PASSED] - Tapped on element 'Object Repository/iOS/LogIn/Login_Details_Screen/SignIn_Button'

2021-10-06 22:17:29 - [MESSAGE][PASSED] - ios_login.Login_Screen.login is PASSED

2021-10-06 22:17:29 - [TEST_STEP][PASSED] - ios_account_selection.Select_An_Account.Custom(Account): ios_account_selection.Select_An_Account.Custom is PASSED

2021-10-06 22:17:30 - [MESSAGE][PASSED] - Element 'Object Repository/iOS/Product_Search/Progress_Bar' is exist

2021-10-06 22:17:31 - [MESSAGE][PASSED] - Delayed 1 second(s)

2021-10-06 22:17:31 - [MESSAGE][PASSED] - Element 'Object Repository/iOS/Product_Search/Progress_Bar' is exist

2021-10-06 22:17:32 - [MESSAGE][PASSED] - Delayed 1 second(s)

2021-10-06 22:17:32 - [MESSAGE][PASSED] - Element 'Object Repository/iOS/Product_Search/Progress_Bar' is exist

2021-10-06 22:17:33 - [MESSAGE][PASSED] - Delayed 1 second(s)

2021-10-06 22:17:34 - [MESSAGE][PASSED] - Element 'Object Repository/iOS/Product_Search/Progress_Bar' is exist

2021-10-06 22:17:35 - [MESSAGE][PASSED] - Delayed 1 second(s)

2021-10-06 22:17:35 - [MESSAGE][PASSED] - Element 'Object Repository/iOS/Product_Search/Progress_Bar' is exist

2021-10-06 22:17:36 - [MESSAGE][PASSED] - Delayed 1 second(s)

2021-10-06 22:17:37 - [MESSAGE][PASSED] - Element 'Object Repository/iOS/Product_Search/Progress_Bar' is exist

2021-10-06 22:17:38 - [MESSAGE][PASSED] - Delayed 1 second(s)

2021-10-06 22:17:38 - [MESSAGE][PASSED] - Element 'Object Repository/iOS/Product_Search/Progress_Bar' is exist

2021-10-06 22:17:39 - [MESSAGE][PASSED] - Delayed 1 second(s)

2021-10-06 22:17:40 - [MESSAGE][PASSED] - Element 'Object Repository/iOS/Product_Search/Progress_Bar' is exist

2021-10-06 22:17:41 - [MESSAGE][PASSED] - Delayed 1 second(s)

2021-10-06 22:17:41 - [MESSAGE][PASSED] - Element 'Object Repository/iOS/Product_Search/Progress_Bar' is exist

2021-10-06 22:17:42 - [MESSAGE][PASSED] - Delayed 1 second(s)

2021-10-06 22:17:43 - [MESSAGE][PASSED] - Element 'Object Repository/iOS/Product_Search/Progress_Bar' is exist

2021-10-06 22:17:44 - [MESSAGE][PASSED] - Delayed 1 second(s)

2021-10-06 22:17:46 - [MESSAGE][WARNING] - Element 'Object Repository/iOS/Product_Search/Progress_Bar' not found
[[ATTACHMENT|/Users/sahil.vidaysingh/Katalon Studio/testing/Reports/20211006_215455/sanity_iOS/20211006_215455/1633538865837.png]]

2021-10-06 22:17:46 - [MESSAGE][WARNING] - Timeout '0' is invalid. Using default page load timeout: '30'

2021-10-06 22:17:47 - [MESSAGE][PASSED] - Element 'Object Repository/iOS/Account_Selection/You must select an account to continue_Text' is present

2021-10-06 22:17:52 - [MESSAGE][PASSED] - Scrolling to text '10-676018' successfully

2021-10-06 22:17:52 - [MESSAGE][WARNING] - Timeout '0' is invalid. Using default page load timeout: '30'

2021-10-06 22:17:54 - [MESSAGE][PASSED] - Tapped on element 'Object Repository/iOS/Account_Selection/AccountNo_Text'

2021-10-06 22:17:55 - [MESSAGE][WARNING] - Element 'Object Repository/iOS/Product_Search/Progress_Bar' not found
[[ATTACHMENT|/Users/sahil.vidaysingh/Katalon Studio/testing/Reports/20211006_215455/sanity_iOS/20211006_215455/1633538875339.png]]

2021-10-06 22:17:55 - [MESSAGE][PASSED] - ios_account_selection.Select_An_Account.Custom is PASSED

2021-10-06 22:17:55 - [TEST_STEP][PASSED] - ios_dashboard.dashboard_details.click_On_Orders(): ios_dashboard.dashboard_details.click_On_Orders is PASSED

2021-10-06 22:17:55 - [MESSAGE][WARNING] - Timeout '0' is invalid. Using default page load timeout: '30'

2021-10-06 22:17:56 - [MESSAGE][PASSED] - Tapped on element 'Object Repository/iOS/Dashboard/Orders_Tab'

2021-10-06 22:17:56 - [MESSAGE][PASSED] - ios_dashboard.dashboard_details.click_On_Orders is PASSED

2021-10-06 22:17:56 - [TEST_STEP][PASSED] - ios_orders.Orders_Screen.click_On_NewOrder(): ios_orders.Orders_Screen.click_On_NewOrder is PASSED

2021-10-06 22:17:56 - [MESSAGE][WARNING] - Timeout '0' is invalid. Using default page load timeout: '30'

2021-10-06 22:17:57 - [MESSAGE][PASSED] - Tapped on element 'Object Repository/iOS/Orders/Orders_Common_Screen/New Order_Tab'

2021-10-06 22:17:57 - [MESSAGE][PASSED] - ios_orders.Orders_Screen.click_On_NewOrder is PASSED

2021-10-06 22:17:57 - [TEST_STEP][PASSED] - ios_orders.New_Order_Screen.enter_Purchase_Order_Details(PO_Name, PO_Memo): ios_orders.New_Order_Screen.enter_Purchase_Order_Details is PASSED

2021-10-06 22:17:57 - [MESSAGE][WARNING] - Duration '0' is invalid. Using default duration.

2021-10-06 22:17:57 - [MESSAGE][WARNING] - Timeout '0' is invalid. Using default page load timeout: '30'

2021-10-06 22:17:58 - [MESSAGE][PASSED] - Tapped and held on element 'Object Repository/iOS/Orders/Order Details Page/Edit PO Name and Memo/PO Name_TextField' with duration (default)

2021-10-06 22:17:58 - [MESSAGE][WARNING] - Timeout '0' is invalid. Using default page load timeout: '30'

2021-10-06 22:18:02 - [MESSAGE][PASSED] - Text 'po_name' has been set to element 'Object Repository/iOS/Orders/Order Details Page/Edit PO Name and Memo/PO Name_TextField'

2021-10-06 22:18:02 - [MESSAGE][WARNING] - Timeout '0' is invalid. Using default page load timeout: '30'

2021-10-06 22:18:03 - [MESSAGE][PASSED] - Tapped on element 'Object Repository/iOS/Product_Search/Return Keypad_Button'

2021-10-06 22:18:03 - [MESSAGE][WARNING] - Duration '0' is invalid. Using default duration.

2021-10-06 22:18:03 - [MESSAGE][WARNING] - Timeout '0' is invalid. Using default page load timeout: '30'

2021-10-06 22:18:04 - [MESSAGE][PASSED] - Tapped and held on element 'Object Repository/iOS/Orders/Order Details Page/Edit PO Name and Memo/poMemo Field_Button' with duration (default)

2021-10-06 22:18:04 - [MESSAGE][WARNING] - Timeout '0' is invalid. Using default page load timeout: '30'

2021-10-06 22:18:05 - [MESSAGE][PASSED] - Text 'po_memo' has been set to element 'Object Repository/iOS/Orders/Order Details Page/Edit PO Name and Memo/poMemoField_TextField'

2021-10-06 22:18:05 - [MESSAGE][WARNING] - Timeout '0' is invalid. Using default page load timeout: '30'

2021-10-06 22:18:07 - [MESSAGE][PASSED] - Tapped on element 'Object Repository/iOS/Product_Search/Return Keypad_Button'

2021-10-06 22:18:07 - [MESSAGE][PASSED] - ios_orders.New_Order_Screen.enter_Purchase_Order_Details is PASSED

2021-10-06 22:18:07 - [TEST_STEP][PASSED] - ios_orders.New_Order_Screen.create_Order(): ios_orders.New_Order_Screen.create_Order is PASSED

2021-10-06 22:18:07 - [MESSAGE][WARNING] - Timeout '0' is invalid. Using default page load timeout: '30'

2021-10-06 22:18:08 - [MESSAGE][PASSED] - Tapped on element 'Object Repository/iOS/Orders/New Order Page/Create Order_Button'

2021-10-06 22:18:08 - [MESSAGE][PASSED] - ios_orders.New_Order_Screen.create_Order is PASSED

2021-10-06 22:18:08 - [TEST_STEP][PASSED] - ios_orders.Order_details_Screen.add_Alternate_Product(Product_Name, Quantity): ios_orders.Order_details_Screen.add_Alternate_Product is PASSED

2021-10-06 22:18:09 - [MESSAGE][WARNING] - Element 'Object Repository/iOS/Product_Search/Progress_Bar' not found
[[ATTACHMENT|/Users/sahil.vidaysingh/Katalon Studio/testing/Reports/20211006_215455/sanity_iOS/20211006_215455/1633538889903.png]]

2021-10-06 22:18:10 - [MESSAGE][WARNING] - Duration '0' is invalid. Using default duration.

2021-10-06 22:18:10 - [MESSAGE][WARNING] - Timeout '0' is invalid. Using default page load timeout: '30'

2021-10-06 22:18:11 - [MESSAGE][PASSED] - Tapped and held on element 'Object Repository/iOS/Inventory/Location Details_Screen/Add Product to Location/Product SearchField' with duration (default)

2021-10-06 22:18:12 - [MESSAGE][WARNING] - Element 'Object Repository/iOS/Product_Search/Progress_Bar' not found
[[ATTACHMENT|/Users/sahil.vidaysingh/Katalon Studio/testing/Reports/20211006_215455/sanity_iOS/20211006_215455/1633538892847.png]]

2021-10-06 22:18:12 - [MESSAGE][WARNING] - Timeout '0' is invalid. Using default page load timeout: '30'

2021-10-06 22:18:14 - [MESSAGE][PASSED] - Text 'tyl' has been set to element 'Object Repository/iOS/Product_Search/Product SearchField'

2021-10-06 22:18:14 - [MESSAGE][WARNING] - Duration '0' is invalid. Using default duration.

2021-10-06 22:18:14 - [MESSAGE][WARNING] - Timeout '0' is invalid. Using default page load timeout: '30'

2021-10-06 22:18:15 - [MESSAGE][PASSED] - Tapped and held on element 'Object Repository/iOS/Product_Search/Search Key_Button' with duration (default)

2021-10-06 22:18:15 - [MESSAGE][WARNING] - Timeout '0' is invalid. Using default page load timeout: '30'

2021-10-06 22:18:35 - [MESSAGE][PASSED] - Tapped on element 'Object Repository/iOS/Product_Search/Alternate Products_Text'

2021-10-06 22:18:35 - [MESSAGE][WARNING] - Timeout '0' is invalid. Using default page load timeout: '30'

2021-10-06 22:18:46 - [MESSAGE][PASSED] - Text '2' has been set to element 'Object Repository/iOS/Product_Search/Quantity_TextField'

2021-10-06 22:18:48 - [MESSAGE][WARNING] - Element 'Object Repository/iOS/Product_Search/Progress_Bar' not found
[[ATTACHMENT|/Users/sahil.vidaysingh/Katalon Studio/testing/Reports/20211006_215455/sanity_iOS/20211006_215455/1633538928238.png]]

2021-10-06 22:18:48 - [MESSAGE][WARNING] - Timeout '0' is invalid. Using default page load timeout: '30'

2021-10-06 22:18:50 - [MESSAGE][PASSED] - Tapped on element 'Object Repository/iOS/Orders/Cart Page/Place All Orders/Done_Keypad'

2021-10-06 22:18:50 - [MESSAGE][WARNING] - Timeout '0' is invalid. Using default page load timeout: '30'

2021-10-06 22:18:51 - [MESSAGE][PASSED] - Tapped on element 'Object Repository/iOS/Product_Search/Add Alternate To Order_Button'

2021-10-06 22:18:51 - [MESSAGE][WARNING] - Timeout '0' is invalid. Using default page load timeout: '30'

2021-10-06 22:18:56 - [MESSAGE][PASSED] - Tapped on element 'Object Repository/iOS/Product_Search/Continue_Button'

2021-10-06 22:18:56 - [MESSAGE][PASSED] - ios_orders.Order_details_Screen.add_Alternate_Product is PASSED

2021-10-06 22:18:56 - [TEST_STEP][FAILED] - ios_common_keywords.Go_Back.Custom(): Failed to tap on element 'Object Repository/iOS/Inventory/Location Details_Screen/Add Product to Location/Back Button_Text' (Root cause: org.openqa.selenium.WebDriverException: An unknown server-side error occurred while processing the command. Original error: Could not proxy command to the remote server. Original error: connect ECONNREFUSED 127.0.0.1:61967
Build info: version: '3.141.59', revision: 'e82be7d358', time: '2018-11-14T08:25:53'
System info: host: 'LIND44C21HWMD6N.cardinalhealth.net', ip: '192.168.29.216', os.name: 'Mac OS X', os.arch: 'x86_64', os.version: '10.16', java.version: '1.8.0_275'
Driver info: io.appium.java_client.ios.IOSDriver
Capabilities {app: /Users/sahil.vidaysingh/Dow..., automationName: XCUITest, browserName: , chromedriverPort: 60522, databaseEnabled: false, deviceName: iphone 8, fullReset: true, javascriptEnabled: true, locationContextEnabled: false, networkConnectionEnabled: false, newCommandTimeout: 1800, noReset: false, platform: IOS, platformName: iOS, platformVersion: 14.4, realDeviceLogger: /Applications/Katalon Studi..., takesScreenshot: true, udid: 2B504F47-40EA-4A1D-A6C0-6A1..., waitForAppScript: true;, wdaLocalPort: 61967, webStorageEnabled: false}
Session ID: f60f41c0-3551-429a-ae57-08baf61d2ca7
	at org.openqa.selenium.remote.http.W3CHttpResponseCodec.createException(W3CHttpResponseCodec.java:187)
	at org.openqa.selenium.remote.http.W3CHttpResponseCodec.decode(W3CHttpResponseCodec.java:122)
	at org.openqa.selenium.remote.http.W3CHttpResponseCodec.decode(W3CHttpResponseCodec.java:49)
	at org.openqa.selenium.remote.HttpCommandExecutor.execute(HttpCommandExecutor.java:158)
	at io.appium.java_client.remote.AppiumCommandExecutor.execute(AppiumCommandExecutor.java:239)
	at org.openqa.selenium.remote.RemoteWebDriver.execute(RemoteWebDriver.java:552)
	at io.appium.java_client.DefaultGenericMobileDriver.execute(DefaultGenericMobileDriver.java:46)
	at io.appium.java_client.AppiumDriver.execute(AppiumDriver.java:1)
	at io.appium.java_client.ios.IOSDriver.execute(IOSDriver.java:1)
	at org.openqa.selenium.remote.RemoteWebDriver$RemoteWebDriverOptions$RemoteWindow.getSize(RemoteWebDriver.java:813)
	at org.openqa.selenium.WebDriver$Window$getSize.call(Unknown Source)
	at com.kms.katalon.core.mobile.keyword.internal.MobileAbstractKeyword.findElement(MobileAbstractKeyword.groovy:81)
	at com.kms.katalon.core.mobile.keyword.builtin.TapKeyword.access$1(TapKeyword.groovy)
	at com.kms.katalon.core.mobile.keyword.builtin.TapKeyword$_tap_closure1.doCall(TapKeyword.groovy:76)
	at com.kms.katalon.core.mobile.keyword.builtin.TapKeyword$_tap_closure1.call(TapKeyword.groovy)
	at com.kms.katalon.core.mobile.keyword.internal.MobileKeywordMain.runKeyword(MobileKeywordMain.groovy:21)
	at com.kms.katalon.core.mobile.keyword.builtin.TapKeyword.tap(TapKeyword.groovy:86)
	at com.kms.katalon.core.mobile.keyword.builtin.TapKeyword.execute(TapKeyword.groovy:68)
	at com.kms.katalon.core.keyword.internal.KeywordExecutor.executeKeywordForPlatform(KeywordExecutor.groovy:73)
	at com.kms.katalon.core.mobile.keyword.MobileBuiltInKeywords.tap(MobileBuiltInKeywords.groovy:1354)
	at com.kms.katalon.core.mobile.keyword.MobileBuiltInKeywords$tap$3.call(Unknown Source)
	at ios_common_keywords.Go_Back.Custom(Go_Back.groovy:41)
	at ios_common_keywords.Go_Back.invokeMethod(Go_Back.groovy)
	at com.kms.katalon.core.main.CustomKeywordDelegatingMetaClass.invokeStaticMethod(CustomKeywordDelegatingMetaClass.java:50)
	at Adding_Alternate_Product.run(Adding_Alternate_Product:37)
	at com.kms.katalon.core.main.ScriptEngine.run(ScriptEngine.java:194)
	at com.kms.katalon.core.main.ScriptEngine.runScriptAsRawText(ScriptEngine.java:119)
	at com.kms.katalon.core.main.TestCaseExecutor.runScript(TestCaseExecutor.java:398)
	at com.kms.katalon.core.main.TestCaseExecutor.doExecute(TestCaseExecutor.java:389)
	at com.kms.katalon.core.main.TestCaseExecutor.processExecutionPhase(TestCaseExecutor.java:368)
	at com.kms.katalon.core.main.TestCaseExecutor.accessMainPhase(TestCaseExecutor.java:360)
	at com.kms.katalon.core.main.TestCaseExecutor.execute(TestCaseExecutor.java:255)
	at com.kms.katalon.core.main.TestSuiteExecutor.accessTestCaseMainPhase(TestSuiteExecutor.java:203)
	at com.kms.katalon.core.main.TestSuiteExecutor.accessTestSuiteMainPhase(TestSuiteExecutor.java:152)
	at com.kms.katalon.core.main.TestSuiteExecutor.execute(TestSuiteExecutor.java:95)
	at com.kms.katalon.core.main.TestCaseMain.startTestSuite(TestCaseMain.java:157)
	at com.kms.katalon.core.main.TestCaseMain$startTestSuite$0.call(Unknown Source)
	at TempTestSuite1633537495900.run(TempTestSuite1633537495900.groovy:39)
)

2021-10-06 22:19:00 - [MESSAGE][PASSED] - Element 'Object Repository/iOS/Product_Search/Progress_Bar' is exist

2021-10-06 22:19:02 - [MESSAGE][PASSED] - Delayed 2 second(s)

2021-10-06 22:19:06 - [MESSAGE][PASSED] - Element 'Object Repository/iOS/Product_Search/Progress_Bar' is exist

2021-10-06 22:19:08 - [MESSAGE][PASSED] - Delayed 2 second(s)

2021-10-06 22:19:12 - [MESSAGE][PASSED] - Element 'Object Repository/iOS/Product_Search/Progress_Bar' is exist

2021-10-06 22:19:14 - [MESSAGE][PASSED] - Delayed 2 second(s)

2021-10-06 22:19:18 - [MESSAGE][PASSED] - Element 'Object Repository/iOS/Product_Search/Progress_Bar' is exist

2021-10-06 22:19:20 - [MESSAGE][PASSED] - Delayed 2 second(s)

2021-10-06 22:19:24 - [MESSAGE][PASSED] - Element 'Object Repository/iOS/Product_Search/Progress_Bar' is exist

2021-10-06 22:19:26 - [MESSAGE][PASSED] - Delayed 2 second(s)

2021-10-06 22:19:30 - [MESSAGE][PASSED] - Element 'Object Repository/iOS/Product_Search/Progress_Bar' is exist

2021-10-06 22:19:32 - [MESSAGE][PASSED] - Delayed 2 second(s)

2021-10-06 22:19:36 - [MESSAGE][PASSED] - Element 'Object Repository/iOS/Product_Search/Progress_Bar' is exist

2021-10-06 22:19:38 - [MESSAGE][PASSED] - Delayed 2 second(s)

2021-10-06 22:19:42 - [MESSAGE][PASSED] - Element 'Object Repository/iOS/Product_Search/Progress_Bar' is exist

2021-10-06 22:19:44 - [MESSAGE][PASSED] - Delayed 2 second(s)

2021-10-06 22:19:48 - [MESSAGE][PASSED] - Element 'Object Repository/iOS/Product_Search/Progress_Bar' is exist

2021-10-06 22:19:50 - [MESSAGE][PASSED] - Delayed 2 second(s)

2021-10-06 22:19:54 - [MESSAGE][PASSED] - Element 'Object Repository/iOS/Product_Search/Progress_Bar' is exist

2021-10-06 22:19:56 - [MESSAGE][PASSED] - Delayed 2 second(s)

2021-10-06 22:20:00 - [MESSAGE][PASSED] - Element 'Object Repository/iOS/Product_Search/Progress_Bar' is exist

2021-10-06 22:20:02 - [MESSAGE][PASSED] - Delayed 2 second(s)

2021-10-06 22:20:06 - [MESSAGE][PASSED] - Element 'Object Repository/iOS/Product_Search/Progress_Bar' is exist

2021-10-06 22:20:08 - [MESSAGE][PASSED] - Delayed 2 second(s)

2021-10-06 22:20:12 - [MESSAGE][PASSED] - Element 'Object Repository/iOS/Product_Search/Progress_Bar' is exist

2021-10-06 22:20:14 - [MESSAGE][PASSED] - Delayed 2 second(s)

2021-10-06 22:20:18 - [MESSAGE][PASSED] - Element 'Object Repository/iOS/Product_Search/Progress_Bar' is exist

2021-10-06 22:20:20 - [MESSAGE][PASSED] - Delayed 2 second(s)

2021-10-06 22:20:24 - [MESSAGE][PASSED] - Element 'Object Repository/iOS/Product_Search/Progress_Bar' is exist

2021-10-06 22:20:26 - [MESSAGE][PASSED] - Delayed 2 second(s)

2021-10-06 22:20:30 - [MESSAGE][PASSED] - Element 'Object Repository/iOS/Product_Search/Progress_Bar' is exist

2021-10-06 22:20:32 - [MESSAGE][PASSED] - Delayed 2 second(s)

2021-10-06 22:20:35 - [MESSAGE][PASSED] - Element 'Object Repository/iOS/Product_Search/Progress_Bar' is exist

2021-10-06 22:20:37 - [MESSAGE][PASSED] - Delayed 2 second(s)

2021-10-06 22:20:41 - [MESSAGE][PASSED] - Element 'Object Repository/iOS/Product_Search/Progress_Bar' is exist

2021-10-06 22:20:43 - [MESSAGE][PASSED] - Delayed 2 second(s)

2021-10-06 22:20:47 - [MESSAGE][PASSED] - Element 'Object Repository/iOS/Product_Search/Progress_Bar' is exist

2021-10-06 22:20:49 - [MESSAGE][PASSED] - Delayed 2 second(s)

2021-10-06 22:20:53 - [MESSAGE][PASSED] - Element 'Object Repository/iOS/Product_Search/Progress_Bar' is exist

2021-10-06 22:20:55 - [MESSAGE][PASSED] - Delayed 2 second(s)

2021-10-06 22:20:59 - [MESSAGE][PASSED] - Element 'Object Repository/iOS/Product_Search/Progress_Bar' is exist

2021-10-06 22:21:01 - [MESSAGE][PASSED] - Delayed 2 second(s)

2021-10-06 22:21:05 - [MESSAGE][PASSED] - Element 'Object Repository/iOS/Product_Search/Progress_Bar' is exist

2021-10-06 22:21:07 - [MESSAGE][PASSED] - Delayed 2 second(s)

2021-10-06 22:21:11 - [MESSAGE][PASSED] - Element 'Object Repository/iOS/Product_Search/Progress_Bar' is exist

2021-10-06 22:21:13 - [MESSAGE][PASSED] - Delayed 2 second(s)

2021-10-06 22:21:17 - [MESSAGE][PASSED] - Element 'Object Repository/iOS/Product_Search/Progress_Bar' is exist

2021-10-06 22:21:19 - [MESSAGE][PASSED] - Delayed 2 second(s)

2021-10-06 22:21:23 - [MESSAGE][PASSED] - Element 'Object Repository/iOS/Product_Search/Progress_Bar' is exist

2021-10-06 22:21:25 - [MESSAGE][PASSED] - Delayed 2 second(s)

2021-10-06 22:21:29 - [MESSAGE][PASSED] - Element 'Object Repository/iOS/Product_Search/Progress_Bar' is exist

2021-10-06 22:21:31 - [MESSAGE][PASSED] - Delayed 2 second(s)

2021-10-06 22:21:36 - [MESSAGE][PASSED] - Element 'Object Repository/iOS/Product_Search/Progress_Bar' is exist

2021-10-06 22:21:38 - [MESSAGE][PASSED] - Delayed 2 second(s)

2021-10-06 22:21:43 - [MESSAGE][PASSED] - Element 'Object Repository/iOS/Product_Search/Progress_Bar' is exist

2021-10-06 22:21:45 - [MESSAGE][PASSED] - Delayed 2 second(s)

2021-10-06 22:21:49 - [MESSAGE][PASSED] - Element 'Object Repository/iOS/Product_Search/Progress_Bar' is exist

2021-10-06 22:21:51 - [MESSAGE][PASSED] - Delayed 2 second(s)

2021-10-06 22:21:55 - [MESSAGE][PASSED] - Element 'Object Repository/iOS/Product_Search/Progress_Bar' is exist

2021-10-06 22:21:57 - [MESSAGE][PASSED] - Delayed 2 second(s)

2021-10-06 22:22:01 - [MESSAGE][PASSED] - Element 'Object Repository/iOS/Product_Search/Progress_Bar' is exist

2021-10-06 22:22:03 - [MESSAGE][PASSED] - Delayed 2 second(s)

2021-10-06 22:22:07 - [MESSAGE][PASSED] - Element 'Object Repository/iOS/Product_Search/Progress_Bar' is exist

2021-10-06 22:22:09 - [MESSAGE][PASSED] - Delayed 2 second(s)

2021-10-06 22:23:51 - [MESSAGE][WARNING] - Cannot take screenshot

2021-10-06 22:23:51 - [MESSAGE][WARNING] - Element 'Object Repository/iOS/Product_Search/Progress_Bar' not found

2021-10-06 22:24:01 - [MESSAGE][WARNING] - Cannot take screenshot

2021-10-06 22:24:01 - [MESSAGE][WARNING] - Failed to check for element 'Object Repository/iOS/Product_Search/Back_Text' exist (Root cause: org.openqa.selenium.WebDriverException: An unknown server-side error occurred while processing the command. Original error: Could not proxy command to the remote server. Original error: connect ECONNREFUSED 127.0.0.1:61967
Build info: version: '3.141.59', revision: 'e82be7d358', time: '2018-11-14T08:25:53'
System info: host: 'LIND44C21HWMD6N.cardinalhealth.net', ip: '192.168.29.216', os.name: 'Mac OS X', os.arch: 'x86_64', os.version: '10.16', java.version: '1.8.0_275'
Driver info: io.appium.java_client.ios.IOSDriver
Capabilities {app: /Users/sahil.vidaysingh/Dow..., automationName: XCUITest, browserName: , chromedriverPort: 60522, databaseEnabled: false, deviceName: iphone 8, fullReset: true, javascriptEnabled: true, locationContextEnabled: false, networkConnectionEnabled: false, newCommandTimeout: 1800, noReset: false, platform: IOS, platformName: iOS, platformVersion: 14.4, realDeviceLogger: /Applications/Katalon Studi..., takesScreenshot: true, udid: 2B504F47-40EA-4A1D-A6C0-6A1..., waitForAppScript: true;, wdaLocalPort: 61967, webStorageEnabled: false}
Session ID: f60f41c0-3551-429a-ae57-08baf61d2ca7
	at org.openqa.selenium.remote.http.W3CHttpResponseCodec.createException(W3CHttpResponseCodec.java:187)
	at org.openqa.selenium.remote.http.W3CHttpResponseCodec.decode(W3CHttpResponseCodec.java:122)
	at org.openqa.selenium.remote.http.W3CHttpResponseCodec.decode(W3CHttpResponseCodec.java:49)
	at org.openqa.selenium.remote.HttpCommandExecutor.execute(HttpCommandExecutor.java:158)
	at io.appium.java_client.remote.AppiumCommandExecutor.execute(AppiumCommandExecutor.java:239)
	at org.openqa.selenium.remote.RemoteWebDriver.execute(RemoteWebDriver.java:552)
	at io.appium.java_client.DefaultGenericMobileDriver.execute(DefaultGenericMobileDriver.java:46)
	at io.appium.java_client.AppiumDriver.execute(AppiumDriver.java:1)
	at io.appium.java_client.ios.IOSDriver.execute(IOSDriver.java:1)
	at org.openqa.selenium.remote.RemoteWebDriver$RemoteWebDriverOptions$RemoteWindow.getSize(RemoteWebDriver.java:813)
	at org.openqa.selenium.WebDriver$Window$getSize.call(Unknown Source)
	at com.kms.katalon.core.mobile.keyword.internal.MobileAbstractKeyword.findElement(MobileAbstractKeyword.groovy:81)
	at com.kms.katalon.core.mobile.keyword.builtin.VerifyElementExistKeyword.access$1(VerifyElementExistKeyword.groovy)
	at com.kms.katalon.core.mobile.keyword.builtin.VerifyElementExistKeyword$_verifyElementExist_closure1.doCall(VerifyElementExistKeyword.groovy:72)
	at com.kms.katalon.core.mobile.keyword.builtin.VerifyElementExistKeyword$_verifyElementExist_closure1.call(VerifyElementExistKeyword.groovy)
	at com.kms.katalon.core.mobile.keyword.internal.MobileKeywordMain.runKeyword(MobileKeywordMain.groovy:21)
	at com.kms.katalon.core.mobile.keyword.builtin.VerifyElementExistKeyword.verifyElementExist(VerifyElementExistKeyword.groovy:80)
	at com.kms.katalon.core.mobile.keyword.builtin.VerifyElementExistKeyword.execute(VerifyElementExistKeyword.groovy:64)
	at com.kms.katalon.core.keyword.internal.KeywordExecutor.executeKeywordForPlatform(KeywordExecutor.groovy:73)
	at com.kms.katalon.core.mobile.keyword.MobileBuiltInKeywords.verifyElementExist(MobileBuiltInKeywords.groovy:1570)
	at com.kms.katalon.core.mobile.keyword.MobileBuiltInKeywords$verifyElementExist$1.call(Unknown Source)
	at ios_common_keywords.Go_Back.Custom(Go_Back.groovy:36)
	at ios_common_keywords.Go_Back.invokeMethod(Go_Back.groovy)
	at com.kms.katalon.core.main.CustomKeywordDelegatingMetaClass.invokeStaticMethod(CustomKeywordDelegatingMetaClass.java:50)
	at Adding_Alternate_Product.run(Adding_Alternate_Product:37)
	at com.kms.katalon.core.main.ScriptEngine.run(ScriptEngine.java:194)
	at com.kms.katalon.core.main.ScriptEngine.runScriptAsRawText(ScriptEngine.java:119)
	at com.kms.katalon.core.main.TestCaseExecutor.runScript(TestCaseExecutor.java:398)
	at com.kms.katalon.core.main.TestCaseExecutor.doExecute(TestCaseExecutor.java:389)
	at com.kms.katalon.core.main.TestCaseExecutor.processExecutionPhase(TestCaseExecutor.java:368)
	at com.kms.katalon.core.main.TestCaseExecutor.accessMainPhase(TestCaseExecutor.java:360)
	at com.kms.katalon.core.main.TestCaseExecutor.execute(TestCaseExecutor.java:255)
	at com.kms.katalon.core.main.TestSuiteExecutor.accessTestCaseMainPhase(TestSuiteExecutor.java:203)
	at com.kms.katalon.core.main.TestSuiteExecutor.accessTestSuiteMainPhase(TestSuiteExecutor.java:152)
	at com.kms.katalon.core.main.TestSuiteExecutor.execute(TestSuiteExecutor.java:95)
	at com.kms.katalon.core.main.TestCaseMain.startTestSuite(TestCaseMain.java:157)
	at com.kms.katalon.core.main.TestCaseMain$startTestSuite$0.call(Unknown Source)
	at TempTestSuite1633537495900.run(TempTestSuite1633537495900.groovy:39)
)

2021-10-06 22:24:11 - [MESSAGE][FAILED] - Failed to tap on element 'Object Repository/iOS/Inventory/Location Details_Screen/Add Product to Location/Back Button_Text' (Root cause: org.openqa.selenium.WebDriverException: An unknown server-side error occurred while processing the command. Original error: Could not proxy command to the remote server. Original error: connect ECONNREFUSED 127.0.0.1:61967
Build info: version: '3.141.59', revision: 'e82be7d358', time: '2018-11-14T08:25:53'
System info: host: 'LIND44C21HWMD6N.cardinalhealth.net', ip: '192.168.29.216', os.name: 'Mac OS X', os.arch: 'x86_64', os.version: '10.16', java.version: '1.8.0_275'
Driver info: io.appium.java_client.ios.IOSDriver
Capabilities {app: /Users/sahil.vidaysingh/Dow..., automationName: XCUITest, browserName: , chromedriverPort: 60522, databaseEnabled: false, deviceName: iphone 8, fullReset: true, javascriptEnabled: true, locationContextEnabled: false, networkConnectionEnabled: false, newCommandTimeout: 1800, noReset: false, platform: IOS, platformName: iOS, platformVersion: 14.4, realDeviceLogger: /Applications/Katalon Studi..., takesScreenshot: true, udid: 2B504F47-40EA-4A1D-A6C0-6A1..., waitForAppScript: true;, wdaLocalPort: 61967, webStorageEnabled: false}
Session ID: f60f41c0-3551-429a-ae57-08baf61d2ca7
	at org.openqa.selenium.remote.http.W3CHttpResponseCodec.createException(W3CHttpResponseCodec.java:187)
	at org.openqa.selenium.remote.http.W3CHttpResponseCodec.decode(W3CHttpResponseCodec.java:122)
	at org.openqa.selenium.remote.http.W3CHttpResponseCodec.decode(W3CHttpResponseCodec.java:49)
	at org.openqa.selenium.remote.HttpCommandExecutor.execute(HttpCommandExecutor.java:158)
	at io.appium.java_client.remote.AppiumCommandExecutor.execute(AppiumCommandExecutor.java:239)
	at org.openqa.selenium.remote.RemoteWebDriver.execute(RemoteWebDriver.java:552)
	at io.appium.java_client.DefaultGenericMobileDriver.execute(DefaultGenericMobileDriver.java:46)
	at io.appium.java_client.AppiumDriver.execute(AppiumDriver.java:1)
	at io.appium.java_client.ios.IOSDriver.execute(IOSDriver.java:1)
	at org.openqa.selenium.remote.RemoteWebDriver$RemoteWebDriverOptions$RemoteWindow.getSize(RemoteWebDriver.java:813)
	at org.openqa.selenium.WebDriver$Window$getSize.call(Unknown Source)
	at com.kms.katalon.core.mobile.keyword.internal.MobileAbstractKeyword.findElement(MobileAbstractKeyword.groovy:81)
	at com.kms.katalon.core.mobile.keyword.builtin.TapKeyword.access$1(TapKeyword.groovy)
	at com.kms.katalon.core.mobile.keyword.builtin.TapKeyword$_tap_closure1.doCall(TapKeyword.groovy:76)
	at com.kms.katalon.core.mobile.keyword.builtin.TapKeyword$_tap_closure1.call(TapKeyword.groovy)
	at com.kms.katalon.core.mobile.keyword.internal.MobileKeywordMain.runKeyword(MobileKeywordMain.groovy:21)
	at com.kms.katalon.core.mobile.keyword.builtin.TapKeyword.tap(TapKeyword.groovy:86)
	at com.kms.katalon.core.mobile.keyword.builtin.TapKeyword.execute(TapKeyword.groovy:68)
	at com.kms.katalon.core.keyword.internal.KeywordExecutor.executeKeywordForPlatform(KeywordExecutor.groovy:73)
	at com.kms.katalon.core.mobile.keyword.MobileBuiltInKeywords.tap(MobileBuiltInKeywords.groovy:1354)
	at com.kms.katalon.core.mobile.keyword.MobileBuiltInKeywords$tap$3.call(Unknown Source)
	at ios_common_keywords.Go_Back.Custom(Go_Back.groovy:41)
	at ios_common_keywords.Go_Back.invokeMethod(Go_Back.groovy)
	at com.kms.katalon.core.main.CustomKeywordDelegatingMetaClass.invokeStaticMethod(CustomKeywordDelegatingMetaClass.java:50)
	at Adding_Alternate_Product.run(Adding_Alternate_Product:37)
	at com.kms.katalon.core.main.ScriptEngine.run(ScriptEngine.java:194)
	at com.kms.katalon.core.main.ScriptEngine.runScriptAsRawText(ScriptEngine.java:119)
	at com.kms.katalon.core.main.TestCaseExecutor.runScript(TestCaseExecutor.java:398)
	at com.kms.katalon.core.main.TestCaseExecutor.doExecute(TestCaseExecutor.java:389)
	at com.kms.katalon.core.main.TestCaseExecutor.processExecutionPhase(TestCaseExecutor.java:368)
	at com.kms.katalon.core.main.TestCaseExecutor.accessMainPhase(TestCaseExecutor.java:360)
	at com.kms.katalon.core.main.TestCaseExecutor.execute(TestCaseExecutor.java:255)
	at com.kms.katalon.core.main.TestSuiteExecutor.accessTestCaseMainPhase(TestSuiteExecutor.java:203)
	at com.kms.katalon.core.main.TestSuiteExecutor.accessTestSuiteMainPhase(TestSuiteExecutor.java:152)
	at com.kms.katalon.core.main.TestSuiteExecutor.execute(TestSuiteExecutor.java:95)
	at com.kms.katalon.core.main.TestCaseMain.startTestSuite(TestCaseMain.java:157)
	at com.kms.katalon.core.main.TestCaseMain$startTestSuite$0.call(Unknown Source)
	at TempTestSuite1633537495900.run(TempTestSuite1633537495900.groovy:39)
)
[[ATTACHMENT|/Users/sahil.vidaysingh/Katalon Studio/testing/Reports/20211006_215455/sanity_iOS/20211006_215455/1633539241260.png]]

2021-10-06 22:24:11 - [MESSAGE][FAILED] - Failed to tap on element 'Object Repository/iOS/Inventory/Location Details_Screen/Add Product to Location/Back Button_Text' (Root cause: org.openqa.selenium.WebDriverException: An unknown server-side error occurred while processing the command. Original error: Could not proxy command to the remote server. Original error: connect ECONNREFUSED 127.0.0.1:61967
Build info: version: '3.141.59', revision: 'e82be7d358', time: '2018-11-14T08:25:53'
System info: host: 'LIND44C21HWMD6N.cardinalhealth.net', ip: '192.168.29.216', os.name: 'Mac OS X', os.arch: 'x86_64', os.version: '10.16', java.version: '1.8.0_275'
Driver info: io.appium.java_client.ios.IOSDriver
Capabilities {app: /Users/sahil.vidaysingh/Dow..., automationName: XCUITest, browserName: , chromedriverPort: 60522, databaseEnabled: false, deviceName: iphone 8, fullReset: true, javascriptEnabled: true, locationContextEnabled: false, networkConnectionEnabled: false, newCommandTimeout: 1800, noReset: false, platform: IOS, platformName: iOS, platformVersion: 14.4, realDeviceLogger: /Applications/Katalon Studi..., takesScreenshot: true, udid: 2B504F47-40EA-4A1D-A6C0-6A1..., waitForAppScript: true;, wdaLocalPort: 61967, webStorageEnabled: false}
Session ID: f60f41c0-3551-429a-ae57-08baf61d2ca7
	at org.openqa.selenium.remote.http.W3CHttpResponseCodec.createException(W3CHttpResponseCodec.java:187)
	at org.openqa.selenium.remote.http.W3CHttpResponseCodec.decode(W3CHttpResponseCodec.java:122)
	at org.openqa.selenium.remote.http.W3CHttpResponseCodec.decode(W3CHttpResponseCodec.java:49)
	at org.openqa.selenium.remote.HttpCommandExecutor.execute(HttpCommandExecutor.java:158)
	at io.appium.java_client.remote.AppiumCommandExecutor.execute(AppiumCommandExecutor.java:239)
	at org.openqa.selenium.remote.RemoteWebDriver.execute(RemoteWebDriver.java:552)
	at io.appium.java_client.DefaultGenericMobileDriver.execute(DefaultGenericMobileDriver.java:46)
	at io.appium.java_client.AppiumDriver.execute(AppiumDriver.java:1)
	at io.appium.java_client.ios.IOSDriver.execute(IOSDriver.java:1)
	at org.openqa.selenium.remote.RemoteWebDriver$RemoteWebDriverOptions$RemoteWindow.getSize(RemoteWebDriver.java:813)
	at org.openqa.selenium.WebDriver$Window$getSize.call(Unknown Source)
	at com.kms.katalon.core.mobile.keyword.internal.MobileAbstractKeyword.findElement(MobileAbstractKeyword.groovy:81)
	at com.kms.katalon.core.mobile.keyword.builtin.TapKeyword.access$1(TapKeyword.groovy)
	at com.kms.katalon.core.mobile.keyword.builtin.TapKeyword$_tap_closure1.doCall(TapKeyword.groovy:76)
	at com.kms.katalon.core.mobile.keyword.builtin.TapKeyword$_tap_closure1.call(TapKeyword.groovy)
	at com.kms.katalon.core.mobile.keyword.internal.MobileKeywordMain.runKeyword(MobileKeywordMain.groovy:21)
	at com.kms.katalon.core.mobile.keyword.builtin.TapKeyword.tap(TapKeyword.groovy:86)
	at com.kms.katalon.core.mobile.keyword.builtin.TapKeyword.execute(TapKeyword.groovy:68)
	at com.kms.katalon.core.keyword.internal.KeywordExecutor.executeKeywordForPlatform(KeywordExecutor.groovy:73)
	at com.kms.katalon.core.mobile.keyword.MobileBuiltInKeywords.tap(MobileBuiltInKeywords.groovy:1354)
	at com.kms.katalon.core.mobile.keyword.MobileBuiltInKeywords$tap$3.call(Unknown Source)
	at ios_common_keywords.Go_Back.Custom(Go_Back.groovy:41)
	at ios_common_keywords.Go_Back.invokeMethod(Go_Back.groovy)
	at com.kms.katalon.core.main.CustomKeywordDelegatingMetaClass.invokeStaticMethod(CustomKeywordDelegatingMetaClass.java:50)
	at Adding_Alternate_Product.run(Adding_Alternate_Product:37)
	at com.kms.katalon.core.main.ScriptEngine.run(ScriptEngine.java:194)
	at com.kms.katalon.core.main.ScriptEngine.runScriptAsRawText(ScriptEngine.java:119)
	at com.kms.katalon.core.main.TestCaseExecutor.runScript(TestCaseExecutor.java:398)
	at com.kms.katalon.core.main.TestCaseExecutor.doExecute(TestCaseExecutor.java:389)
	at com.kms.katalon.core.main.TestCaseExecutor.processExecutionPhase(TestCaseExecutor.java:368)
	at com.kms.katalon.core.main.TestCaseExecutor.accessMainPhase(TestCaseExecutor.java:360)
	at com.kms.katalon.core.main.TestCaseExecutor.execute(TestCaseExecutor.java:255)
	at com.kms.katalon.core.main.TestSuiteExecutor.accessTestCaseMainPhase(TestSuiteExecutor.java:203)
	at com.kms.katalon.core.main.TestSuiteExecutor.accessTestSuiteMainPhase(TestSuiteExecutor.java:152)
	at com.kms.katalon.core.main.TestSuiteExecutor.execute(TestSuiteExecutor.java:95)
	at com.kms.katalon.core.main.TestCaseMain.startTestSuite(TestCaseMain.java:157)
	at com.kms.katalon.core.main.TestCaseMain$startTestSuite$0.call(Unknown Source)
	at TempTestSuite1633537495900.run(TempTestSuite1633537495900.groovy:39)
)]]></system-out>
         <system-err><![CDATA[2021-10-06 22:16:29 - [TEST_CASE][FAILED] - Test Cases/iOS/Carts/Adding_Alternate_Product: Test Cases/iOS/Carts/Adding_Alternate_Product FAILED.
Reason:
com.kms.katalon.core.exception.StepFailedException: Failed to tap on element 'Object Repository/iOS/Inventory/Location Details_Screen/Add Product to Location/Back Button_Text' (Root cause: org.openqa.selenium.WebDriverException: An unknown server-side error occurred while processing the command. Original error: Could not proxy command to the remote server. Original error: connect ECONNREFUSED 127.0.0.1:61967
Build info: version: '3.141.59', revision: 'e82be7d358', time: '2018-11-14T08:25:53'
System info: host: 'LIND44C21HWMD6N.cardinalhealth.net', ip: '192.168.29.216', os.name: 'Mac OS X', os.arch: 'x86_64', os.version: '10.16', java.version: '1.8.0_275'
Driver info: io.appium.java_client.ios.IOSDriver
Capabilities {app: /Users/sahil.vidaysingh/Dow..., automationName: XCUITest, browserName: , chromedriverPort: 60522, databaseEnabled: false, deviceName: iphone 8, fullReset: true, javascriptEnabled: true, locationContextEnabled: false, networkConnectionEnabled: false, newCommandTimeout: 1800, noReset: false, platform: IOS, platformName: iOS, platformVersion: 14.4, realDeviceLogger: /Applications/Katalon Studi..., takesScreenshot: true, udid: 2B504F47-40EA-4A1D-A6C0-6A1..., waitForAppScript: true;, wdaLocalPort: 61967, webStorageEnabled: false}
Session ID: f60f41c0-3551-429a-ae57-08baf61d2ca7
	at org.openqa.selenium.remote.http.W3CHttpResponseCodec.createException(W3CHttpResponseCodec.java:187)
	at org.openqa.selenium.remote.http.W3CHttpResponseCodec.decode(W3CHttpResponseCodec.java:122)
	at org.openqa.selenium.remote.http.W3CHttpResponseCodec.decode(W3CHttpResponseCodec.java:49)
	at org.openqa.selenium.remote.HttpCommandExecutor.execute(HttpCommandExecutor.java:158)
	at io.appium.java_client.remote.AppiumCommandExecutor.execute(AppiumCommandExecutor.java:239)
	at org.openqa.selenium.remote.RemoteWebDriver.execute(RemoteWebDriver.java:552)
	at io.appium.java_client.DefaultGenericMobileDriver.execute(DefaultGenericMobileDriver.java:46)
	at io.appium.java_client.AppiumDriver.execute(AppiumDriver.java:1)
	at io.appium.java_client.ios.IOSDriver.execute(IOSDriver.java:1)
	at org.openqa.selenium.remote.RemoteWebDriver$RemoteWebDriverOptions$RemoteWindow.getSize(RemoteWebDriver.java:813)
	at org.openqa.selenium.WebDriver$Window$getSize.call(Unknown Source)
	at com.kms.katalon.core.mobile.keyword.internal.MobileAbstractKeyword.findElement(MobileAbstractKeyword.groovy:81)
	at com.kms.katalon.core.mobile.keyword.builtin.TapKeyword.access$1(TapKeyword.groovy)
	at com.kms.katalon.core.mobile.keyword.builtin.TapKeyword$_tap_closure1.doCall(TapKeyword.groovy:76)
	at com.kms.katalon.core.mobile.keyword.builtin.TapKeyword$_tap_closure1.call(TapKeyword.groovy)
	at com.kms.katalon.core.mobile.keyword.internal.MobileKeywordMain.runKeyword(MobileKeywordMain.groovy:21)
	at com.kms.katalon.core.mobile.keyword.builtin.TapKeyword.tap(TapKeyword.groovy:86)
	at com.kms.katalon.core.mobile.keyword.builtin.TapKeyword.execute(TapKeyword.groovy:68)
	at com.kms.katalon.core.keyword.internal.KeywordExecutor.executeKeywordForPlatform(KeywordExecutor.groovy:73)
	at com.kms.katalon.core.mobile.keyword.MobileBuiltInKeywords.tap(MobileBuiltInKeywords.groovy:1354)
	at com.kms.katalon.core.mobile.keyword.MobileBuiltInKeywords$tap$3.call(Unknown Source)
	at ios_common_keywords.Go_Back.Custom(Go_Back.groovy:41)
	at ios_common_keywords.Go_Back.invokeMethod(Go_Back.groovy)
	at com.kms.katalon.core.main.CustomKeywordDelegatingMetaClass.invokeStaticMethod(CustomKeywordDelegatingMetaClass.java:50)
	at Adding_Alternate_Product.run(Adding_Alternate_Product:37)
	at com.kms.katalon.core.main.ScriptEngine.run(ScriptEngine.java:194)
	at com.kms.katalon.core.main.ScriptEngine.runScriptAsRawText(ScriptEngine.java:119)
	at com.kms.katalon.core.main.TestCaseExecutor.runScript(TestCaseExecutor.java:398)
	at com.kms.katalon.core.main.TestCaseExecutor.doExecute(TestCaseExecutor.java:389)
	at com.kms.katalon.core.main.TestCaseExecutor.processExecutionPhase(TestCaseExecutor.java:368)
	at com.kms.katalon.core.main.TestCaseExecutor.accessMainPhase(TestCaseExecutor.java:360)
	at com.kms.katalon.core.main.TestCaseExecutor.execute(TestCaseExecutor.java:255)
	at com.kms.katalon.core.main.TestSuiteExecutor.accessTestCaseMainPhase(TestSuiteExecutor.java:203)
	at com.kms.katalon.core.main.TestSuiteExecutor.accessTestSuiteMainPhase(TestSuiteExecutor.java:152)
	at com.kms.katalon.core.main.TestSuiteExecutor.execute(TestSuiteExecutor.java:95)
	at com.kms.katalon.core.main.TestCaseMain.startTestSuite(TestCaseMain.java:157)
	at com.kms.katalon.core.main.TestCaseMain$startTestSuite$0.call(Unknown Source)
	at TempTestSuite1633537495900.run(TempTestSuite1633537495900.groovy:39)
)
	at com.kms.katalon.core.keyword.internal.KeywordMain.stepFailed(KeywordMain.groovy:50)
	at com.kms.katalon.core.mobile.keyword.internal.MobileKeywordMain.stepFailed(MobileKeywordMain.groovy:40)
	at com.kms.katalon.core.mobile.keyword.internal.MobileKeywordMain.runKeyword(MobileKeywordMain.groovy:23)
	at com.kms.katalon.core.mobile.keyword.builtin.TapKeyword.tap(TapKeyword.groovy:86)
	at com.kms.katalon.core.mobile.keyword.builtin.TapKeyword.execute(TapKeyword.groovy:68)
	at com.kms.katalon.core.keyword.internal.KeywordExecutor.executeKeywordForPlatform(KeywordExecutor.groovy:73)
	at com.kms.katalon.core.mobile.keyword.MobileBuiltInKeywords.tap(MobileBuiltInKeywords.groovy:1354)
	at com.kms.katalon.core.mobile.keyword.MobileBuiltInKeywords$tap$3.call(Unknown Source)
	at ios_common_keywords.Go_Back.Custom(Go_Back.groovy:41)
	at ios_common_keywords.Go_Back.invokeMethod(Go_Back.groovy)
	at com.kms.katalon.core.main.CustomKeywordDelegatingMetaClass.invokeStaticMethod(CustomKeywordDelegatingMetaClass.java:50)
	at Adding_Alternate_Product.run(Adding_Alternate_Product:37)
	at com.kms.katalon.core.main.ScriptEngine.run(ScriptEngine.java:194)
	at com.kms.katalon.core.main.ScriptEngine.runScriptAsRawText(ScriptEngine.java:119)
	at com.kms.katalon.core.main.TestCaseExecutor.runScript(TestCaseExecutor.java:398)
	at com.kms.katalon.core.main.TestCaseExecutor.doExecute(TestCaseExecutor.java:389)
	at com.kms.katalon.core.main.TestCaseExecutor.processExecutionPhase(TestCaseExecutor.java:368)
	at com.kms.katalon.core.main.TestCaseExecutor.accessMainPhase(TestCaseExecutor.java:360)
	at com.kms.katalon.core.main.TestCaseExecutor.execute(TestCaseExecutor.java:255)
	at com.kms.katalon.core.main.TestSuiteExecutor.accessTestCaseMainPhase(TestSuiteExecutor.java:203)
	at com.kms.katalon.core.main.TestSuiteExecutor.accessTestSuiteMainPhase(TestSuiteExecutor.java:152)
	at com.kms.katalon.core.main.TestSuiteExecutor.execute(TestSuiteExecutor.java:95)
	at com.kms.katalon.core.main.TestCaseMain.startTestSuite(TestCaseMain.java:157)
	at com.kms.katalon.core.main.TestCaseMain$startTestSuite$0.call(Unknown Source)
	at TempTestSuite1633537495900.run(TempTestSuite1633537495900.groovy:39)
Caused by: org.openqa.selenium.WebDriverException: An unknown server-side error occurred while processing the command. Original error: Could not proxy command to the remote server. Original error: connect ECONNREFUSED 127.0.0.1:61967
Build info: version: '3.141.59', revision: 'e82be7d358', time: '2018-11-14T08:25:53'
System info: host: 'LIND44C21HWMD6N.cardinalhealth.net', ip: '192.168.29.216', os.name: 'Mac OS X', os.arch: 'x86_64', os.version: '10.16', java.version: '1.8.0_275'
Driver info: io.appium.java_client.ios.IOSDriver
Capabilities {app: /Users/sahil.vidaysingh/Dow..., automationName: XCUITest, browserName: , chromedriverPort: 60522, databaseEnabled: false, deviceName: iphone 8, fullReset: true, javascriptEnabled: true, locationContextEnabled: false, networkConnectionEnabled: false, newCommandTimeout: 1800, noReset: false, platform: IOS, platformName: iOS, platformVersion: 14.4, realDeviceLogger: /Applications/Katalon Studi..., takesScreenshot: true, udid: 2B504F47-40EA-4A1D-A6C0-6A1..., waitForAppScript: true;, wdaLocalPort: 61967, webStorageEnabled: false}
Session ID: f60f41c0-3551-429a-ae57-08baf61d2ca7
	at org.openqa.selenium.remote.http.W3CHttpResponseCodec.createException(W3CHttpResponseCodec.java:187)
	at org.openqa.selenium.remote.http.W3CHttpResponseCodec.decode(W3CHttpResponseCodec.java:122)
	at org.openqa.selenium.remote.http.W3CHttpResponseCodec.decode(W3CHttpResponseCodec.java:49)
	at org.openqa.selenium.remote.HttpCommandExecutor.execute(HttpCommandExecutor.java:158)
	at io.appium.java_client.remote.AppiumCommandExecutor.execute(AppiumCommandExecutor.java:239)
	at org.openqa.selenium.remote.RemoteWebDriver.execute(RemoteWebDriver.java:552)
	at io.appium.java_client.DefaultGenericMobileDriver.execute(DefaultGenericMobileDriver.java:46)
	at io.appium.java_client.AppiumDriver.execute(AppiumDriver.java:1)
	at io.appium.java_client.ios.IOSDriver.execute(IOSDriver.java:1)
	at org.openqa.selenium.remote.RemoteWebDriver$RemoteWebDriverOptions$RemoteWindow.getSize(RemoteWebDriver.java:813)
	at org.openqa.selenium.WebDriver$Window$getSize.call(Unknown Source)
	at com.kms.katalon.core.mobile.keyword.internal.MobileAbstractKeyword.findElement(MobileAbstractKeyword.groovy:81)
	at com.kms.katalon.core.mobile.keyword.builtin.TapKeyword.access$1(TapKeyword.groovy)
	at com.kms.katalon.core.mobile.keyword.builtin.TapKeyword$_tap_closure1.doCall(TapKeyword.groovy:76)
	at com.kms.katalon.core.mobile.keyword.builtin.TapKeyword$_tap_closure1.call(TapKeyword.groovy)
	at com.kms.katalon.core.mobile.keyword.internal.MobileKeywordMain.runKeyword(MobileKeywordMain.groovy:21)
	... 22 more]]></system-err>
      </testcase>
      <testcase name="Test Cases/iOS/Account Selection/Verify Change Account From HomePage,Inventory,Carts)" time="124.196" classname="Test Cases/iOS/Account Selection/Verify Change Account From HomePage,Inventory,Carts)" status="PASSED">
         <system-out><![CDATA[2021-10-06 22:24:11 - [TEST_CASE][PASSED] - Test Cases/iOS/Account Selection/Verify Change Account From HomePage,Inventory,Carts): Test Cases/iOS/Account Selection/Verify Change Account From HomePage,Inventory,Carts)

2021-10-06 22:24:11 - [TEST_STEP][PASSED] - ios_common_keywords.Start_Application.custom(): ios_common_keywords.Start_Application.custom is PASSED

2021-10-06 22:25:01 - [MESSAGE][PASSED] - Started app at: '/Users/sahil.vidaysingh/Downloads/Hatch 3.app'

2021-10-06 22:25:01 - [MESSAGE][PASSED] - ios_common_keywords.Start_Application.custom is PASSED

2021-10-06 22:25:01 - [TEST_STEP][PASSED] - ios_login.Login_Screen.verify_LoginPage_Details(): ios_login.Login_Screen.verify_LoginPage_Details is PASSED

2021-10-06 22:25:01 - [MESSAGE][WARNING] - Timeout '0' is invalid. Using default page load timeout: '30'

2021-10-06 22:25:02 - [MESSAGE][PASSED] - Element 'Object Repository/iOS/LogIn/Login_Details_Screen/Forget_Password_Text' is exist

2021-10-06 22:25:02 - [MESSAGE][WARNING] - Timeout '0' is invalid. Using default page load timeout: '30'

2021-10-06 22:25:02 - [MESSAGE][PASSED] - Element 'Object Repository/iOS/LogIn/Login_Details_Screen/Welcome_Text' is exist

2021-10-06 22:25:02 - [MESSAGE][WARNING] - Timeout '0' is invalid. Using default page load timeout: '30'

2021-10-06 22:25:02 - [MESSAGE][PASSED] - Element 'Object Repository/iOS/LogIn/Login_Details_Screen/Order Express_Logo' is exist

2021-10-06 22:25:02 - [MESSAGE][PASSED] - ios_login.Login_Screen.verify_LoginPage_Details is PASSED

2021-10-06 22:25:02 - [TEST_STEP][PASSED] - ios_login.Login_Screen.login(password): ios_login.Login_Screen.login is PASSED

2021-10-06 22:25:03 - [MESSAGE][PASSED] - Element 'Object Repository/iOS/LogIn/Environment_Selection_Screen/Environment Selection_Text' is exist

2021-10-06 22:25:03 - [MESSAGE][WARNING] - Timeout '0' is invalid. Using default page load timeout: '30'

2021-10-06 22:25:03 - [MESSAGE][PASSED] - Tapped on element 'Object Repository/iOS/LogIn/Environment_Selection_Screen/Environment Selection_Text'

2021-10-06 22:25:03 - [MESSAGE][WARNING] - Timeout '0' is invalid. Using default page load timeout: '30'

2021-10-06 22:25:04 - [MESSAGE][PASSED] - Tapped on element 'Object Repository/iOS/LogIn/Environment_Selection_Screen/Environment_Button'

2021-10-06 22:25:04 - [MESSAGE][WARNING] - Timeout '0' is invalid. Using default page load timeout: '30'

2021-10-06 22:25:05 - [MESSAGE][PASSED] - Tapped on element 'Object Repository/iOS/LogIn/Login_Details_Screen/Login UserName_Button'

2021-10-06 22:25:05 - [MESSAGE][WARNING] - Timeout '0' is invalid. Using default page load timeout: '30'

2021-10-06 22:25:06 - [MESSAGE][PASSED] - Text 'kavan.mobile.r' has been set to element 'Object Repository/iOS/LogIn/Login_Details_Screen/UserName_Text_Field'

2021-10-06 22:25:06 - [MESSAGE][WARNING] - Timeout '0' is invalid. Using default page load timeout: '30'

2021-10-06 22:25:07 - [MESSAGE][PASSED] - Tapped on element 'Object Repository/iOS/LogIn/Login_Details_Screen/LoginBar-ButtonDown'

2021-10-06 22:25:07 - [MESSAGE][WARNING] - Timeout '0' is invalid. Using default page load timeout: '30'

2021-10-06 22:25:07 - [MESSAGE][PASSED] - Tapped on element 'Object Repository/iOS/LogIn/Login_Details_Screen/Password-Button'

2021-10-06 22:25:07 - [MESSAGE][WARNING] - Timeout '0' is invalid. Using default page load timeout: '30'

2021-10-06 22:25:08 - [MESSAGE][PASSED] - Text 'C@rdinal!' has been set to element 'Object Repository/iOS/LogIn/Login_Details_Screen/Password-Secure_Text_Field'

2021-10-06 22:25:08 - [MESSAGE][WARNING] - Timeout '0' is invalid. Using default page load timeout: '30'

2021-10-06 22:25:09 - [MESSAGE][PASSED] - Tapped on element 'Object Repository/iOS/LogIn/Login_Details_Screen/SignIn_Button'

2021-10-06 22:25:09 - [MESSAGE][PASSED] - ios_login.Login_Screen.login is PASSED

2021-10-06 22:25:09 - [TEST_STEP][PASSED] - ios_account_selection.Select_An_Account.Custom(account): ios_account_selection.Select_An_Account.Custom is PASSED

2021-10-06 22:25:10 - [MESSAGE][PASSED] - Element 'Object Repository/iOS/Product_Search/Progress_Bar' is exist

2021-10-06 22:25:11 - [MESSAGE][PASSED] - Delayed 1 second(s)

2021-10-06 22:25:11 - [MESSAGE][PASSED] - Element 'Object Repository/iOS/Product_Search/Progress_Bar' is exist

2021-10-06 22:25:12 - [MESSAGE][PASSED] - Delayed 1 second(s)

2021-10-06 22:25:12 - [MESSAGE][PASSED] - Element 'Object Repository/iOS/Product_Search/Progress_Bar' is exist

2021-10-06 22:25:13 - [MESSAGE][PASSED] - Delayed 1 second(s)

2021-10-06 22:25:14 - [MESSAGE][PASSED] - Element 'Object Repository/iOS/Product_Search/Progress_Bar' is exist

2021-10-06 22:25:15 - [MESSAGE][PASSED] - Delayed 1 second(s)

2021-10-06 22:25:15 - [MESSAGE][PASSED] - Element 'Object Repository/iOS/Product_Search/Progress_Bar' is exist

2021-10-06 22:25:16 - [MESSAGE][PASSED] - Delayed 1 second(s)

2021-10-06 22:25:17 - [MESSAGE][PASSED] - Element 'Object Repository/iOS/Product_Search/Progress_Bar' is exist

2021-10-06 22:25:18 - [MESSAGE][PASSED] - Delayed 1 second(s)

2021-10-06 22:25:20 - [MESSAGE][WARNING] - Element 'Object Repository/iOS/Product_Search/Progress_Bar' not found
[[ATTACHMENT|/Users/sahil.vidaysingh/Katalon Studio/testing/Reports/20211006_215455/sanity_iOS/20211006_215455/1633539319849.png]]

2021-10-06 22:25:20 - [MESSAGE][WARNING] - Timeout '0' is invalid. Using default page load timeout: '30'

2021-10-06 22:25:20 - [MESSAGE][PASSED] - Element 'Object Repository/iOS/Account_Selection/You must select an account to continue_Text' is present

2021-10-06 22:25:29 - [MESSAGE][PASSED] - Scrolling to text '10-676018' successfully

2021-10-06 22:25:29 - [MESSAGE][WARNING] - Timeout '0' is invalid. Using default page load timeout: '30'

2021-10-06 22:25:31 - [MESSAGE][PASSED] - Tapped on element 'Object Repository/iOS/Account_Selection/AccountNo_Text'

2021-10-06 22:25:32 - [MESSAGE][WARNING] - Element 'Object Repository/iOS/Product_Search/Progress_Bar' not found
[[ATTACHMENT|/Users/sahil.vidaysingh/Katalon Studio/testing/Reports/20211006_215455/sanity_iOS/20211006_215455/1633539332287.png]]

2021-10-06 22:25:32 - [MESSAGE][PASSED] - ios_account_selection.Select_An_Account.Custom is PASSED

2021-10-06 22:25:32 - [TEST_STEP][PASSED] - ios_account_selection.Change_Account.Custom(new_account): ios_account_selection.Change_Account.Custom is PASSED

2021-10-06 22:25:32 - [MESSAGE][WARNING] - Timeout '0' is invalid. Using default page load timeout: '30'

2021-10-06 22:25:33 - [MESSAGE][PASSED] - Tapped on element 'Object Repository/iOS/Account_Selection/Change Account_Text'

2021-10-06 22:25:33 - [MESSAGE][WARNING] - Timeout '0' is invalid. Using default page load timeout: '30'

2021-10-06 22:25:34 - [MESSAGE][PASSED] - Tapped on element 'Object Repository/iOS/Account_Selection/Change_Account_Navigation'

2021-10-06 22:25:39 - [MESSAGE][PASSED] - Scrolling to text '10-676018' successfully

2021-10-06 22:25:39 - [MESSAGE][WARNING] - Timeout '0' is invalid. Using default page load timeout: '30'

2021-10-06 22:25:41 - [MESSAGE][PASSED] - Tapped on element 'Object Repository/iOS/Account_Selection/AccountNo_Text'

2021-10-06 22:25:41 - [MESSAGE][PASSED] - ios_account_selection.Change_Account.Custom is PASSED

2021-10-06 22:25:41 - [TEST_STEP][PASSED] - ios_dashboard.dashboard_details.click_On_Orders(): ios_dashboard.dashboard_details.click_On_Orders is PASSED

2021-10-06 22:25:41 - [MESSAGE][WARNING] - Timeout '0' is invalid. Using default page load timeout: '30'

2021-10-06 22:25:42 - [MESSAGE][PASSED] - Tapped on element 'Object Repository/iOS/Dashboard/Orders_Tab'

2021-10-06 22:25:42 - [MESSAGE][PASSED] - ios_dashboard.dashboard_details.click_On_Orders is PASSED

2021-10-06 22:25:42 - [TEST_STEP][PASSED] - ios_account_selection.Change_Account.Custom(new_account): ios_account_selection.Change_Account.Custom is PASSED

2021-10-06 22:25:42 - [MESSAGE][WARNING] - Timeout '0' is invalid. Using default page load timeout: '30'

2021-10-06 22:25:43 - [MESSAGE][PASSED] - Tapped on element 'Object Repository/iOS/Account_Selection/Change Account_Text'

2021-10-06 22:25:43 - [MESSAGE][WARNING] - Timeout '0' is invalid. Using default page load timeout: '30'

2021-10-06 22:25:44 - [MESSAGE][PASSED] - Tapped on element 'Object Repository/iOS/Account_Selection/Change_Account_Navigation'

2021-10-06 22:25:50 - [MESSAGE][PASSED] - Scrolling to text '10-676018' successfully

2021-10-06 22:25:50 - [MESSAGE][WARNING] - Timeout '0' is invalid. Using default page load timeout: '30'

2021-10-06 22:25:51 - [MESSAGE][PASSED] - Tapped on element 'Object Repository/iOS/Account_Selection/AccountNo_Text'

2021-10-06 22:25:51 - [MESSAGE][PASSED] - ios_account_selection.Change_Account.Custom is PASSED

2021-10-06 22:25:51 - [TEST_STEP][PASSED] - ios_dashboard.dashboard_details.click_On_More_Options(): ios_dashboard.dashboard_details.click_On_More_Options is PASSED

2021-10-06 22:25:51 - [MESSAGE][WARNING] - Timeout '0' is invalid. Using default page load timeout: '30'

2021-10-06 22:25:52 - [MESSAGE][PASSED] - Tapped on element 'Object Repository/iOS/Dashboard/More Options_Tab'

2021-10-06 22:25:52 - [MESSAGE][PASSED] - ios_dashboard.dashboard_details.click_On_More_Options is PASSED

2021-10-06 22:25:52 - [TEST_STEP][PASSED] - ios_more_options_screen.Go_To_Inventory_Listing_Screen.Custom(): ios_more_options_screen.Go_To_Inventory_Listing_Screen.Custom is PASSED

2021-10-06 22:25:56 - [MESSAGE][WARNING] - Element 'Object Repository/iOS/Product_Search/Progress_Bar' not found
[[ATTACHMENT|/Users/sahil.vidaysingh/Katalon Studio/testing/Reports/20211006_215455/sanity_iOS/20211006_215455/1633539356793.png]]

2021-10-06 22:25:56 - [MESSAGE][WARNING] - Timeout '0' is invalid. Using default page load timeout: '30'

2021-10-06 22:25:58 - [MESSAGE][PASSED] - Tapped on element 'Object Repository/iOS/More Options Screen/Inventory Selection Under MoreOptions_Text'

2021-10-06 22:25:58 - [MESSAGE][PASSED] - Element 'Object Repository/iOS/Product_Search/Progress_Bar' is exist

2021-10-06 22:26:02 - [MESSAGE][PASSED] - Delayed 4 second(s)

2021-10-06 22:26:06 - [MESSAGE][WARNING] - Element 'Object Repository/iOS/Product_Search/Progress_Bar' not found
[[ATTACHMENT|/Users/sahil.vidaysingh/Katalon Studio/testing/Reports/20211006_215455/sanity_iOS/20211006_215455/1633539366848.png]]

2021-10-06 22:26:06 - [MESSAGE][PASSED] - ios_more_options_screen.Go_To_Inventory_Listing_Screen.Custom is PASSED

2021-10-06 22:26:06 - [TEST_STEP][PASSED] - ios_account_selection.Change_Account.Custom(new_account): ios_account_selection.Change_Account.Custom is PASSED

2021-10-06 22:26:07 - [MESSAGE][WARNING] - Timeout '0' is invalid. Using default page load timeout: '30'

2021-10-06 22:26:08 - [MESSAGE][PASSED] - Tapped on element 'Object Repository/iOS/Account_Selection/Change Account_Text'

2021-10-06 22:26:08 - [MESSAGE][WARNING] - Timeout '0' is invalid. Using default page load timeout: '30'

2021-10-06 22:26:08 - [MESSAGE][PASSED] - Tapped on element 'Object Repository/iOS/Account_Selection/Change_Account_Navigation'

2021-10-06 22:26:14 - [MESSAGE][PASSED] - Scrolling to text '10-676018' successfully

2021-10-06 22:26:14 - [MESSAGE][WARNING] - Timeout '0' is invalid. Using default page load timeout: '30'

2021-10-06 22:26:15 - [MESSAGE][PASSED] - Tapped on element 'Object Repository/iOS/Account_Selection/AccountNo_Text'

2021-10-06 22:26:15 - [MESSAGE][PASSED] - ios_account_selection.Change_Account.Custom is PASSED]]></system-out>
         <system-err><![CDATA[]]></system-err>
      </testcase>
      <testcase name="Test Cases/iOS/Carts/Create Order by Search from Dashboard and Carts screen" time="251.592" classname="Test Cases/iOS/Carts/Create Order by Search from Dashboard and Carts screen" status="FAILED">
         <failure type="FAILED" message="Test Cases/iOS/Carts/Create Order by Search from Dashboard and Carts screen FAILED.
Reason:
com.kms.katalon.core.exception.StepFailedException: Object Object Repository/iOS/Orders/Cart Page/Place All Orders/Done_Keypad not found
	at com.kms.katalon.core.keyword.internal.KeywordMain.stepFailed(KeywordMain.groovy:50)
	at com.kms.katalon.core.mobile.keyword.internal.MobileKeywordMain.stepFailed(MobileKeywordMain.groovy:40)
	at com.kms.katalon.core.mobile.keyword.builtin.TapKeyword$_tap_closure1.doCall(TapKeyword.groovy:79)
	at com.kms.katalon.core.mobile.keyword.builtin.TapKeyword$_tap_closure1.call(TapKeyword.groovy)
	at com.kms.katalon.core.mobile.keyword.internal.MobileKeywordMain.runKeyword(MobileKeywordMain.groovy:21)
	at com.kms.katalon.core.mobile.keyword.builtin.TapKeyword.tap(TapKeyword.groovy:86)
	at com.kms.katalon.core.mobile.keyword.builtin.TapKeyword.execute(TapKeyword.groovy:68)
	at com.kms.katalon.core.keyword.internal.KeywordExecutor.executeKeywordForPlatform(KeywordExecutor.groovy:73)
	at com.kms.katalon.core.mobile.keyword.MobileBuiltInKeywords.tap(MobileBuiltInKeywords.groovy:1354)
	at com.kms.katalon.core.mobile.keyword.MobileBuiltInKeywords$tap$3.call(Unknown Source)
	at ios_dashboard.dashboard_details.Adding_Product_from_Dashboard_To_Cart(dashboard_details.groovy:107)
	at ios_dashboard.dashboard_details.invokeMethod(dashboard_details.groovy)
	at com.kms.katalon.core.main.CustomKeywordDelegatingMetaClass.invokeStaticMethod(CustomKeywordDelegatingMetaClass.java:50)
	at Create Order by Search from Dashboard and Carts screen.run(Create Order by Search from Dashboard and Carts screen:46)
	at com.kms.katalon.core.main.ScriptEngine.run(ScriptEngine.java:194)
	at com.kms.katalon.core.main.ScriptEngine.runScriptAsRawText(ScriptEngine.java:119)
	at com.kms.katalon.core.main.TestCaseExecutor.runScript(TestCaseExecutor.java:398)
	at com.kms.katalon.core.main.TestCaseExecutor.doExecute(TestCaseExecutor.java:389)
	at com.kms.katalon.core.main.TestCaseExecutor.processExecutionPhase(TestCaseExecutor.java:368)
	at com.kms.katalon.core.main.TestCaseExecutor.accessMainPhase(TestCaseExecutor.java:360)
	at com.kms.katalon.core.main.TestCaseExecutor.execute(TestCaseExecutor.java:255)
	at com.kms.katalon.core.main.TestSuiteExecutor.accessTestCaseMainPhase(TestSuiteExecutor.java:203)
	at com.kms.katalon.core.main.TestSuiteExecutor.accessTestSuiteMainPhase(TestSuiteExecutor.java:152)
	at com.kms.katalon.core.main.TestSuiteExecutor.execute(TestSuiteExecutor.java:95)
	at com.kms.katalon.core.main.TestCaseMain.startTestSuite(TestCaseMain.java:157)
	at com.kms.katalon.core.main.TestCaseMain$startTestSuite$0.call(Unknown Source)
	at TempTestSuite1633537495900.run(TempTestSuite1633537495900.groovy:39)
"/>
         <system-out><![CDATA[2021-10-06 22:26:15 - [TEST_CASE][FAILED] - Test Cases/iOS/Carts/Create Order by Search from Dashboard and Carts screen: Test Cases/iOS/Carts/Create Order by Search from Dashboard and Carts screen FAILED.
Reason:
com.kms.katalon.core.exception.StepFailedException: Object Object Repository/iOS/Orders/Cart Page/Place All Orders/Done_Keypad not found
	at com.kms.katalon.core.keyword.internal.KeywordMain.stepFailed(KeywordMain.groovy:50)
	at com.kms.katalon.core.mobile.keyword.internal.MobileKeywordMain.stepFailed(MobileKeywordMain.groovy:40)
	at com.kms.katalon.core.mobile.keyword.builtin.TapKeyword$_tap_closure1.doCall(TapKeyword.groovy:79)
	at com.kms.katalon.core.mobile.keyword.builtin.TapKeyword$_tap_closure1.call(TapKeyword.groovy)
	at com.kms.katalon.core.mobile.keyword.internal.MobileKeywordMain.runKeyword(MobileKeywordMain.groovy:21)
	at com.kms.katalon.core.mobile.keyword.builtin.TapKeyword.tap(TapKeyword.groovy:86)
	at com.kms.katalon.core.mobile.keyword.builtin.TapKeyword.execute(TapKeyword.groovy:68)
	at com.kms.katalon.core.keyword.internal.KeywordExecutor.executeKeywordForPlatform(KeywordExecutor.groovy:73)
	at com.kms.katalon.core.mobile.keyword.MobileBuiltInKeywords.tap(MobileBuiltInKeywords.groovy:1354)
	at com.kms.katalon.core.mobile.keyword.MobileBuiltInKeywords$tap$3.call(Unknown Source)
	at ios_dashboard.dashboard_details.Adding_Product_from_Dashboard_To_Cart(dashboard_details.groovy:107)
	at ios_dashboard.dashboard_details.invokeMethod(dashboard_details.groovy)
	at com.kms.katalon.core.main.CustomKeywordDelegatingMetaClass.invokeStaticMethod(CustomKeywordDelegatingMetaClass.java:50)
	at Create Order by Search from Dashboard and Carts screen.run(Create Order by Search from Dashboard and Carts screen:46)
	at com.kms.katalon.core.main.ScriptEngine.run(ScriptEngine.java:194)
	at com.kms.katalon.core.main.ScriptEngine.runScriptAsRawText(ScriptEngine.java:119)
	at com.kms.katalon.core.main.TestCaseExecutor.runScript(TestCaseExecutor.java:398)
	at com.kms.katalon.core.main.TestCaseExecutor.doExecute(TestCaseExecutor.java:389)
	at com.kms.katalon.core.main.TestCaseExecutor.processExecutionPhase(TestCaseExecutor.java:368)
	at com.kms.katalon.core.main.TestCaseExecutor.accessMainPhase(TestCaseExecutor.java:360)
	at com.kms.katalon.core.main.TestCaseExecutor.execute(TestCaseExecutor.java:255)
	at com.kms.katalon.core.main.TestSuiteExecutor.accessTestCaseMainPhase(TestSuiteExecutor.java:203)
	at com.kms.katalon.core.main.TestSuiteExecutor.accessTestSuiteMainPhase(TestSuiteExecutor.java:152)
	at com.kms.katalon.core.main.TestSuiteExecutor.execute(TestSuiteExecutor.java:95)
	at com.kms.katalon.core.main.TestCaseMain.startTestSuite(TestCaseMain.java:157)
	at com.kms.katalon.core.main.TestCaseMain$startTestSuite$0.call(Unknown Source)
	at TempTestSuite1633537495900.run(TempTestSuite1633537495900.groovy:39)


2021-10-06 22:26:15 - [TEST_STEP][PASSED] - ios_common_keywords.Start_Application.custom(): ios_common_keywords.Start_Application.custom is PASSED

2021-10-06 22:27:09 - [MESSAGE][PASSED] - Started app at: '/Users/sahil.vidaysingh/Downloads/Hatch 3.app'

2021-10-06 22:27:09 - [MESSAGE][PASSED] - ios_common_keywords.Start_Application.custom is PASSED

2021-10-06 22:27:09 - [TEST_STEP][PASSED] - ios_login.Login_Screen.login(Password): ios_login.Login_Screen.login is PASSED

2021-10-06 22:27:09 - [MESSAGE][PASSED] - Element 'Object Repository/iOS/LogIn/Environment_Selection_Screen/Environment Selection_Text' is exist

2021-10-06 22:27:09 - [MESSAGE][WARNING] - Timeout '0' is invalid. Using default page load timeout: '30'

2021-10-06 22:27:10 - [MESSAGE][PASSED] - Tapped on element 'Object Repository/iOS/LogIn/Environment_Selection_Screen/Environment Selection_Text'

2021-10-06 22:27:10 - [MESSAGE][WARNING] - Timeout '0' is invalid. Using default page load timeout: '30'

2021-10-06 22:27:11 - [MESSAGE][PASSED] - Tapped on element 'Object Repository/iOS/LogIn/Environment_Selection_Screen/Environment_Button'

2021-10-06 22:27:11 - [MESSAGE][WARNING] - Timeout '0' is invalid. Using default page load timeout: '30'

2021-10-06 22:27:12 - [MESSAGE][PASSED] - Tapped on element 'Object Repository/iOS/LogIn/Login_Details_Screen/Login UserName_Button'

2021-10-06 22:27:12 - [MESSAGE][WARNING] - Timeout '0' is invalid. Using default page load timeout: '30'

2021-10-06 22:27:13 - [MESSAGE][PASSED] - Text 'kavan.mobile.r' has been set to element 'Object Repository/iOS/LogIn/Login_Details_Screen/UserName_Text_Field'

2021-10-06 22:27:13 - [MESSAGE][WARNING] - Timeout '0' is invalid. Using default page load timeout: '30'

2021-10-06 22:27:15 - [MESSAGE][PASSED] - Tapped on element 'Object Repository/iOS/LogIn/Login_Details_Screen/LoginBar-ButtonDown'

2021-10-06 22:27:15 - [MESSAGE][WARNING] - Timeout '0' is invalid. Using default page load timeout: '30'

2021-10-06 22:27:15 - [MESSAGE][PASSED] - Tapped on element 'Object Repository/iOS/LogIn/Login_Details_Screen/Password-Button'

2021-10-06 22:27:15 - [MESSAGE][WARNING] - Timeout '0' is invalid. Using default page load timeout: '30'

2021-10-06 22:27:16 - [MESSAGE][PASSED] - Text 'C@rdinal!' has been set to element 'Object Repository/iOS/LogIn/Login_Details_Screen/Password-Secure_Text_Field'

2021-10-06 22:27:16 - [MESSAGE][WARNING] - Timeout '0' is invalid. Using default page load timeout: '30'

2021-10-06 22:27:18 - [MESSAGE][PASSED] - Tapped on element 'Object Repository/iOS/LogIn/Login_Details_Screen/SignIn_Button'

2021-10-06 22:27:18 - [MESSAGE][PASSED] - ios_login.Login_Screen.login is PASSED

2021-10-06 22:27:18 - [TEST_STEP][PASSED] - ios_account_selection.Select_An_Account.Custom(account): ios_account_selection.Select_An_Account.Custom is PASSED

2021-10-06 22:27:18 - [MESSAGE][PASSED] - Element 'Object Repository/iOS/Product_Search/Progress_Bar' is exist

2021-10-06 22:27:19 - [MESSAGE][PASSED] - Delayed 1 second(s)

2021-10-06 22:27:19 - [MESSAGE][PASSED] - Element 'Object Repository/iOS/Product_Search/Progress_Bar' is exist

2021-10-06 22:27:20 - [MESSAGE][PASSED] - Delayed 1 second(s)

2021-10-06 22:27:21 - [MESSAGE][PASSED] - Element 'Object Repository/iOS/Product_Search/Progress_Bar' is exist

2021-10-06 22:27:22 - [MESSAGE][PASSED] - Delayed 1 second(s)

2021-10-06 22:27:22 - [MESSAGE][PASSED] - Element 'Object Repository/iOS/Product_Search/Progress_Bar' is exist

2021-10-06 22:27:23 - [MESSAGE][PASSED] - Delayed 1 second(s)

2021-10-06 22:27:23 - [MESSAGE][PASSED] - Element 'Object Repository/iOS/Product_Search/Progress_Bar' is exist

2021-10-06 22:27:24 - [MESSAGE][PASSED] - Delayed 1 second(s)

2021-10-06 22:27:25 - [MESSAGE][PASSED] - Element 'Object Repository/iOS/Product_Search/Progress_Bar' is exist

2021-10-06 22:27:26 - [MESSAGE][PASSED] - Delayed 1 second(s)

2021-10-06 22:27:28 - [MESSAGE][WARNING] - Element 'Object Repository/iOS/Product_Search/Progress_Bar' not found
[[ATTACHMENT|/Users/sahil.vidaysingh/Katalon Studio/testing/Reports/20211006_215455/sanity_iOS/20211006_215455/1633539448018.png]]

2021-10-06 22:27:28 - [MESSAGE][WARNING] - Timeout '0' is invalid. Using default page load timeout: '30'

2021-10-06 22:27:28 - [MESSAGE][PASSED] - Element 'Object Repository/iOS/Account_Selection/You must select an account to continue_Text' is present

2021-10-06 22:27:36 - [MESSAGE][PASSED] - Scrolling to text '10-676018' successfully

2021-10-06 22:27:36 - [MESSAGE][WARNING] - Timeout '0' is invalid. Using default page load timeout: '30'

2021-10-06 22:27:38 - [MESSAGE][PASSED] - Tapped on element 'Object Repository/iOS/Account_Selection/AccountNo_Text'

2021-10-06 22:27:39 - [MESSAGE][WARNING] - Element 'Object Repository/iOS/Product_Search/Progress_Bar' not found
[[ATTACHMENT|/Users/sahil.vidaysingh/Katalon Studio/testing/Reports/20211006_215455/sanity_iOS/20211006_215455/1633539459589.png]]

2021-10-06 22:27:39 - [MESSAGE][PASSED] - ios_account_selection.Select_An_Account.Custom is PASSED

2021-10-06 22:27:39 - [TEST_STEP][PASSED] - ios_dashboard.dashboard_details.click_On_Orders(): ios_dashboard.dashboard_details.click_On_Orders is PASSED

2021-10-06 22:27:39 - [MESSAGE][WARNING] - Timeout '0' is invalid. Using default page load timeout: '30'

2021-10-06 22:27:40 - [MESSAGE][PASSED] - Tapped on element 'Object Repository/iOS/Dashboard/Orders_Tab'

2021-10-06 22:27:40 - [MESSAGE][PASSED] - ios_dashboard.dashboard_details.click_On_Orders is PASSED

2021-10-06 22:27:40 - [TEST_STEP][PASSED] - ios_orders.Orders_Screen.click_On_NewOrder(): ios_orders.Orders_Screen.click_On_NewOrder is PASSED

2021-10-06 22:27:40 - [MESSAGE][WARNING] - Timeout '0' is invalid. Using default page load timeout: '30'

2021-10-06 22:27:41 - [MESSAGE][PASSED] - Tapped on element 'Object Repository/iOS/Orders/Orders_Common_Screen/New Order_Tab'

2021-10-06 22:27:41 - [MESSAGE][PASSED] - ios_orders.Orders_Screen.click_On_NewOrder is PASSED

2021-10-06 22:27:41 - [TEST_STEP][PASSED] - ios_orders.New_Order_Screen.enter_Purchase_Order_Details(PO_Name, PO_Memo): ios_orders.New_Order_Screen.enter_Purchase_Order_Details is PASSED

2021-10-06 22:27:41 - [MESSAGE][WARNING] - Duration '0' is invalid. Using default duration.

2021-10-06 22:27:41 - [MESSAGE][WARNING] - Timeout '0' is invalid. Using default page load timeout: '30'

2021-10-06 22:27:43 - [MESSAGE][PASSED] - Tapped and held on element 'Object Repository/iOS/Orders/Order Details Page/Edit PO Name and Memo/PO Name_TextField' with duration (default)

2021-10-06 22:27:43 - [MESSAGE][WARNING] - Timeout '0' is invalid. Using default page load timeout: '30'

2021-10-06 22:27:46 - [MESSAGE][PASSED] - Text 'po_name' has been set to element 'Object Repository/iOS/Orders/Order Details Page/Edit PO Name and Memo/PO Name_TextField'

2021-10-06 22:27:46 - [MESSAGE][WARNING] - Timeout '0' is invalid. Using default page load timeout: '30'

2021-10-06 22:27:47 - [MESSAGE][PASSED] - Tapped on element 'Object Repository/iOS/Product_Search/Return Keypad_Button'

2021-10-06 22:27:47 - [MESSAGE][WARNING] - Duration '0' is invalid. Using default duration.

2021-10-06 22:27:47 - [MESSAGE][WARNING] - Timeout '0' is invalid. Using default page load timeout: '30'

2021-10-06 22:27:49 - [MESSAGE][PASSED] - Tapped and held on element 'Object Repository/iOS/Orders/Order Details Page/Edit PO Name and Memo/poMemo Field_Button' with duration (default)

2021-10-06 22:27:49 - [MESSAGE][WARNING] - Timeout '0' is invalid. Using default page load timeout: '30'

2021-10-06 22:27:50 - [MESSAGE][PASSED] - Text 'po_memo' has been set to element 'Object Repository/iOS/Orders/Order Details Page/Edit PO Name and Memo/poMemoField_TextField'

2021-10-06 22:27:50 - [MESSAGE][WARNING] - Timeout '0' is invalid. Using default page load timeout: '30'

2021-10-06 22:27:51 - [MESSAGE][PASSED] - Tapped on element 'Object Repository/iOS/Product_Search/Return Keypad_Button'

2021-10-06 22:27:51 - [MESSAGE][PASSED] - ios_orders.New_Order_Screen.enter_Purchase_Order_Details is PASSED

2021-10-06 22:27:51 - [TEST_STEP][PASSED] - ios_orders.New_Order_Screen.create_Order(): ios_orders.New_Order_Screen.create_Order is PASSED

2021-10-06 22:27:51 - [MESSAGE][WARNING] - Timeout '0' is invalid. Using default page load timeout: '30'

2021-10-06 22:27:53 - [MESSAGE][PASSED] - Tapped on element 'Object Repository/iOS/Orders/New Order Page/Create Order_Button'

2021-10-06 22:27:53 - [MESSAGE][PASSED] - ios_orders.New_Order_Screen.create_Order is PASSED

2021-10-06 22:27:53 - [TEST_STEP][PASSED] - ios_common_keywords.Go_Back.Custom(): ios_common_keywords.Go_Back.Custom is PASSED

2021-10-06 22:27:55 - [MESSAGE][WARNING] - Element 'Object Repository/iOS/Product_Search/Progress_Bar' not found
[[ATTACHMENT|/Users/sahil.vidaysingh/Katalon Studio/testing/Reports/20211006_215455/sanity_iOS/20211006_215455/1633539475564.png]]

2021-10-06 22:28:00 - [MESSAGE][WARNING] - Element 'Object Repository/iOS/Product_Search/Back_Text' not found
[[ATTACHMENT|/Users/sahil.vidaysingh/Katalon Studio/testing/Reports/20211006_215455/sanity_iOS/20211006_215455/1633539480032.png]]

2021-10-06 22:28:01 - [MESSAGE][PASSED] - Tapped on element 'Object Repository/iOS/Inventory/Location Details_Screen/Add Product to Location/Back Button_Text'

2021-10-06 22:28:03 - [MESSAGE][WARNING] - Element 'Object Repository/iOS/Product_Search/Progress_Bar' not found
[[ATTACHMENT|/Users/sahil.vidaysingh/Katalon Studio/testing/Reports/20211006_215455/sanity_iOS/20211006_215455/1633539483764.png]]

2021-10-06 22:28:03 - [MESSAGE][PASSED] - ios_common_keywords.Go_Back.Custom is PASSED

2021-10-06 22:28:03 - [TEST_STEP][PASSED] - ios_orders.Cart_Screen.delete_Order(account): ios_orders.Cart_Screen.delete_Order is PASSED

2021-10-06 22:28:10 - [MESSAGE][WARNING] - Element 'Object Repository/iOS/Product_Search/Progress_Bar' not found
[[ATTACHMENT|/Users/sahil.vidaysingh/Katalon Studio/testing/Reports/20211006_215455/sanity_iOS/20211006_215455/1633539490276.png]]

2021-10-06 22:28:10 - [MESSAGE][WARNING] - Timeout '0' is invalid. Using default page load timeout: '30'

2021-10-06 22:28:11 - [MESSAGE][PASSED] - Object 'Object Repository/iOS/Orders/Order Details Page/Order Details_Text' has top position '375'

2021-10-06 22:28:11 - [MESSAGE][WARNING] - Timeout '0' is invalid. Using default page load timeout: '30'

2021-10-06 22:28:12 - [MESSAGE][PASSED] - Object 'Object Repository/iOS/Orders/Order Details Page/Order Details_Text' has height: '17'

2021-10-06 22:28:13 - [MESSAGE][PASSED] - Swiped from 1,300,383 to 0,383

2021-10-06 22:28:13 - [MESSAGE][WARNING] - Timeout '0' is invalid. Using default page load timeout: '30'

2021-10-06 22:28:14 - [MESSAGE][PASSED] - Element 'Object Repository/iOS/Orders/Cart Page/Delete_Order/Success_Text' is exist

2021-10-06 22:28:14 - [MESSAGE][WARNING] - Timeout '0' is invalid. Using default page load timeout: '30'

2021-10-06 22:28:15 - [MESSAGE][PASSED] - Element 'Object Repository/iOS/Orders/Cart Page/Delete_Order/Order(s) deleted successfully_Text' is exist

2021-10-06 22:28:15 - [MESSAGE][WARNING] - Duration '0' is invalid. Using default duration.

2021-10-06 22:28:15 - [MESSAGE][WARNING] - Timeout '0' is invalid. Using default page load timeout: '30'

2021-10-06 22:28:17 - [MESSAGE][PASSED] - Tapped and held on element 'Object Repository/iOS/Orders/Cart Page/Delete_Order/OK_Button' with duration (default)

2021-10-06 22:28:17 - [MESSAGE][PASSED] - ios_orders.Cart_Screen.delete_Order is PASSED

2021-10-06 22:28:17 - [TEST_STEP][PASSED] - ios_dashboard.dashboard_details.click_On_Orders(): ios_dashboard.dashboard_details.click_On_Orders is PASSED

2021-10-06 22:28:17 - [MESSAGE][WARNING] - Timeout '0' is invalid. Using default page load timeout: '30'

2021-10-06 22:28:18 - [MESSAGE][PASSED] - Tapped on element 'Object Repository/iOS/Dashboard/Orders_Tab'

2021-10-06 22:28:18 - [MESSAGE][PASSED] - ios_dashboard.dashboard_details.click_On_Orders is PASSED

2021-10-06 22:28:18 - [TEST_STEP][PASSED] - ios_dashboard.dashboard_details.Adding_Product_from_Dashboard_To_Cart(Product_Name, quantity): ios_dashboard.dashboard_details.Adding_Product_from_Dashboard_To_Cart is PASSED

2021-10-06 22:28:20 - [MESSAGE][WARNING] - Element 'Object Repository/iOS/Product_Search/Progress_Bar' not found
[[ATTACHMENT|/Users/sahil.vidaysingh/Katalon Studio/testing/Reports/20211006_215455/sanity_iOS/20211006_215455/1633539499933.png]]

2021-10-06 22:28:20 - [MESSAGE][WARNING] - Duration '0' is invalid. Using default duration.

2021-10-06 22:28:20 - [MESSAGE][WARNING] - Timeout '0' is invalid. Using default page load timeout: '30'

2021-10-06 22:28:21 - [MESSAGE][PASSED] - Tapped and held on element 'Object Repository/iOS/Inventory/Location Details_Screen/Add Product to Location/Product SearchField' with duration (default)

2021-10-06 22:28:23 - [MESSAGE][WARNING] - Element 'Object Repository/iOS/Product_Search/Progress_Bar' not found
[[ATTACHMENT|/Users/sahil.vidaysingh/Katalon Studio/testing/Reports/20211006_215455/sanity_iOS/20211006_215455/1633539502972.png]]

2021-10-06 22:28:23 - [MESSAGE][WARNING] - Timeout '0' is invalid. Using default page load timeout: '30'

2021-10-06 22:28:24 - [MESSAGE][PASSED] - Text '4023347' has been set to element 'Object Repository/iOS/Product_Search/Product SearchField'

2021-10-06 22:28:24 - [MESSAGE][WARNING] - Duration '0' is invalid. Using default duration.

2021-10-06 22:28:24 - [MESSAGE][WARNING] - Timeout '0' is invalid. Using default page load timeout: '30'

2021-10-06 22:28:26 - [MESSAGE][PASSED] - Tapped and held on element 'Object Repository/iOS/Product_Search/Search Key_Button' with duration (default)

2021-10-06 22:28:26 - [MESSAGE][WARNING] - Timeout '0' is invalid. Using default page load timeout: '30'

2021-10-06 22:28:30 - [MESSAGE][PASSED] - Text '2' has been set to element 'Object Repository/iOS/Product_Search/Quantity_TextField'

2021-10-06 22:28:30 - [MESSAGE][WARNING] - Timeout '0' is invalid. Using default page load timeout: '30'

2021-10-06 22:28:32 - [MESSAGE][PASSED] - Tapped on element 'Object Repository/iOS/Orders/Cart Page/Place All Orders/Done_Keypad'

2021-10-06 22:28:32 - [MESSAGE][WARNING] - Timeout '0' is invalid. Using default page load timeout: '30'

2021-10-06 22:28:33 - [MESSAGE][PASSED] - Tapped on element 'Object Repository/iOS/Inventory/Inventory Details Screen/Add Product to Inventory using Search from Dashoboard/Add to Order_Text'

2021-10-06 22:28:33 - [MESSAGE][WARNING] - Timeout '0' is invalid. Using default page load timeout: '30'

2021-10-06 22:28:34 - [MESSAGE][PASSED] - Element 'Object Repository/iOS/Product_Search/Confirmation_Text' is exist

2021-10-06 22:28:34 - [MESSAGE][WARNING] - Duration '0' is invalid. Using default duration.

2021-10-06 22:28:34 - [MESSAGE][WARNING] - Timeout '0' is invalid. Using default page load timeout: '30'

2021-10-06 22:28:35 - [MESSAGE][PASSED] - Tapped and held on element 'Object Repository/iOS/Orders/Order Details Page/Upload Order/After Adding Product Continue_Button' with duration (default)

2021-10-06 22:28:35 - [MESSAGE][PASSED] - ios_dashboard.dashboard_details.Adding_Product_from_Dashboard_To_Cart is PASSED

2021-10-06 22:28:35 - [TEST_STEP][PASSED] - ios_common_keywords.Go_Back.Custom(): ios_common_keywords.Go_Back.Custom is PASSED

2021-10-06 22:28:36 - [MESSAGE][PASSED] - Element 'Object Repository/iOS/Product_Search/Progress_Bar' is exist

2021-10-06 22:28:38 - [MESSAGE][PASSED] - Delayed 2 second(s)

2021-10-06 22:28:38 - [MESSAGE][PASSED] - Element 'Object Repository/iOS/Product_Search/Progress_Bar' is exist

2021-10-06 22:28:40 - [MESSAGE][PASSED] - Delayed 2 second(s)

2021-10-06 22:28:41 - [MESSAGE][PASSED] - Element 'Object Repository/iOS/Product_Search/Progress_Bar' is exist

2021-10-06 22:28:43 - [MESSAGE][PASSED] - Delayed 2 second(s)

2021-10-06 22:28:43 - [MESSAGE][PASSED] - Element 'Object Repository/iOS/Product_Search/Progress_Bar' is exist

2021-10-06 22:28:45 - [MESSAGE][PASSED] - Delayed 2 second(s)

2021-10-06 22:28:46 - [MESSAGE][PASSED] - Element 'Object Repository/iOS/Product_Search/Progress_Bar' is exist

2021-10-06 22:28:48 - [MESSAGE][PASSED] - Delayed 2 second(s)

2021-10-06 22:28:48 - [MESSAGE][PASSED] - Element 'Object Repository/iOS/Product_Search/Progress_Bar' is exist

2021-10-06 22:28:50 - [MESSAGE][PASSED] - Delayed 2 second(s)

2021-10-06 22:28:51 - [MESSAGE][PASSED] - Element 'Object Repository/iOS/Product_Search/Progress_Bar' is exist

2021-10-06 22:28:53 - [MESSAGE][PASSED] - Delayed 2 second(s)

2021-10-06 22:28:53 - [MESSAGE][PASSED] - Element 'Object Repository/iOS/Product_Search/Progress_Bar' is exist

2021-10-06 22:28:55 - [MESSAGE][PASSED] - Delayed 2 second(s)

2021-10-06 22:28:56 - [MESSAGE][PASSED] - Element 'Object Repository/iOS/Product_Search/Progress_Bar' is exist

2021-10-06 22:28:58 - [MESSAGE][PASSED] - Delayed 2 second(s)

2021-10-06 22:28:58 - [MESSAGE][PASSED] - Element 'Object Repository/iOS/Product_Search/Progress_Bar' is exist

2021-10-06 22:29:00 - [MESSAGE][PASSED] - Delayed 2 second(s)

2021-10-06 22:29:01 - [MESSAGE][PASSED] - Element 'Object Repository/iOS/Product_Search/Progress_Bar' is exist

2021-10-06 22:29:03 - [MESSAGE][PASSED] - Delayed 2 second(s)

2021-10-06 22:29:03 - [MESSAGE][PASSED] - Element 'Object Repository/iOS/Product_Search/Progress_Bar' is exist

2021-10-06 22:29:05 - [MESSAGE][PASSED] - Delayed 2 second(s)

2021-10-06 22:29:06 - [MESSAGE][PASSED] - Element 'Object Repository/iOS/Product_Search/Progress_Bar' is exist

2021-10-06 22:29:08 - [MESSAGE][PASSED] - Delayed 2 second(s)

2021-10-06 22:29:09 - [MESSAGE][PASSED] - Element 'Object Repository/iOS/Product_Search/Progress_Bar' is exist

2021-10-06 22:29:11 - [MESSAGE][PASSED] - Delayed 2 second(s)

2021-10-06 22:29:11 - [MESSAGE][PASSED] - Element 'Object Repository/iOS/Product_Search/Progress_Bar' is exist

2021-10-06 22:29:13 - [MESSAGE][PASSED] - Delayed 2 second(s)

2021-10-06 22:29:14 - [MESSAGE][PASSED] - Element 'Object Repository/iOS/Product_Search/Progress_Bar' is exist

2021-10-06 22:29:16 - [MESSAGE][PASSED] - Delayed 2 second(s)

2021-10-06 22:29:16 - [MESSAGE][PASSED] - Element 'Object Repository/iOS/Product_Search/Progress_Bar' is exist

2021-10-06 22:29:18 - [MESSAGE][PASSED] - Delayed 2 second(s)

2021-10-06 22:29:19 - [MESSAGE][PASSED] - Element 'Object Repository/iOS/Product_Search/Progress_Bar' is exist

2021-10-06 22:29:21 - [MESSAGE][PASSED] - Delayed 2 second(s)

2021-10-06 22:29:21 - [MESSAGE][PASSED] - Element 'Object Repository/iOS/Product_Search/Progress_Bar' is exist

2021-10-06 22:29:23 - [MESSAGE][PASSED] - Delayed 2 second(s)

2021-10-06 22:29:24 - [MESSAGE][PASSED] - Element 'Object Repository/iOS/Product_Search/Progress_Bar' is exist

2021-10-06 22:29:26 - [MESSAGE][PASSED] - Delayed 2 second(s)

2021-10-06 22:29:26 - [MESSAGE][PASSED] - Element 'Object Repository/iOS/Product_Search/Progress_Bar' is exist

2021-10-06 22:29:28 - [MESSAGE][PASSED] - Delayed 2 second(s)

2021-10-06 22:29:29 - [MESSAGE][PASSED] - Element 'Object Repository/iOS/Product_Search/Progress_Bar' is exist

2021-10-06 22:29:31 - [MESSAGE][PASSED] - Delayed 2 second(s)

2021-10-06 22:29:31 - [MESSAGE][PASSED] - Element 'Object Repository/iOS/Product_Search/Progress_Bar' is exist

2021-10-06 22:29:33 - [MESSAGE][PASSED] - Delayed 2 second(s)

2021-10-06 22:29:34 - [MESSAGE][PASSED] - Element 'Object Repository/iOS/Product_Search/Progress_Bar' is exist

2021-10-06 22:29:36 - [MESSAGE][PASSED] - Delayed 2 second(s)

2021-10-06 22:29:39 - [MESSAGE][WARNING] - Element 'Object Repository/iOS/Product_Search/Progress_Bar' not found
[[ATTACHMENT|/Users/sahil.vidaysingh/Katalon Studio/testing/Reports/20211006_215455/sanity_iOS/20211006_215455/1633539579052.png]]

2021-10-06 22:29:43 - [MESSAGE][WARNING] - Element 'Object Repository/iOS/Product_Search/Back_Text' not found
[[ATTACHMENT|/Users/sahil.vidaysingh/Katalon Studio/testing/Reports/20211006_215455/sanity_iOS/20211006_215455/1633539583437.png]]

2021-10-06 22:29:44 - [MESSAGE][PASSED] - Tapped on element 'Object Repository/iOS/Inventory/Location Details_Screen/Add Product to Location/Back Button_Text'

2021-10-06 22:29:46 - [MESSAGE][WARNING] - Element 'Object Repository/iOS/Product_Search/Progress_Bar' not found
[[ATTACHMENT|/Users/sahil.vidaysingh/Katalon Studio/testing/Reports/20211006_215455/sanity_iOS/20211006_215455/1633539586660.png]]

2021-10-06 22:29:46 - [MESSAGE][PASSED] - ios_common_keywords.Go_Back.Custom is PASSED

2021-10-06 22:29:46 - [TEST_STEP][PASSED] - ios_dashboard.dashboard_details.click_On_Orders(): ios_dashboard.dashboard_details.click_On_Orders is PASSED

2021-10-06 22:29:46 - [MESSAGE][WARNING] - Timeout '0' is invalid. Using default page load timeout: '30'

2021-10-06 22:29:47 - [MESSAGE][PASSED] - Tapped on element 'Object Repository/iOS/Dashboard/Orders_Tab'

2021-10-06 22:29:47 - [MESSAGE][PASSED] - ios_dashboard.dashboard_details.click_On_Orders is PASSED

2021-10-06 22:29:47 - [TEST_STEP][FAILED] - ios_dashboard.dashboard_details.Adding_Product_from_Dashboard_To_Cart(Product_Name, quantity): Object Object Repository/iOS/Orders/Cart Page/Place All Orders/Done_Keypad not found

2021-10-06 22:29:49 - [MESSAGE][WARNING] - Element 'Object Repository/iOS/Product_Search/Progress_Bar' not found
[[ATTACHMENT|/Users/sahil.vidaysingh/Katalon Studio/testing/Reports/20211006_215455/sanity_iOS/20211006_215455/1633539589242.png]]

2021-10-06 22:29:49 - [MESSAGE][WARNING] - Duration '0' is invalid. Using default duration.

2021-10-06 22:29:49 - [MESSAGE][WARNING] - Timeout '0' is invalid. Using default page load timeout: '30'

2021-10-06 22:29:51 - [MESSAGE][PASSED] - Tapped and held on element 'Object Repository/iOS/Inventory/Location Details_Screen/Add Product to Location/Product SearchField' with duration (default)

2021-10-06 22:29:52 - [MESSAGE][WARNING] - Element 'Object Repository/iOS/Product_Search/Progress_Bar' not found
[[ATTACHMENT|/Users/sahil.vidaysingh/Katalon Studio/testing/Reports/20211006_215455/sanity_iOS/20211006_215455/1633539592405.png]]

2021-10-06 22:29:52 - [MESSAGE][WARNING] - Timeout '0' is invalid. Using default page load timeout: '30'

2021-10-06 22:29:54 - [MESSAGE][PASSED] - Text '4023347' has been set to element 'Object Repository/iOS/Product_Search/Product SearchField'

2021-10-06 22:29:54 - [MESSAGE][WARNING] - Duration '0' is invalid. Using default duration.

2021-10-06 22:29:54 - [MESSAGE][WARNING] - Timeout '0' is invalid. Using default page load timeout: '30'

2021-10-06 22:29:55 - [MESSAGE][PASSED] - Tapped and held on element 'Object Repository/iOS/Product_Search/Search Key_Button' with duration (default)

2021-10-06 22:29:55 - [MESSAGE][WARNING] - Timeout '0' is invalid. Using default page load timeout: '30'

2021-10-06 22:29:56 - [MESSAGE][PASSED] - Text '2' has been set to element 'Object Repository/iOS/Product_Search/Quantity_TextField'

2021-10-06 22:29:56 - [MESSAGE][WARNING] - Timeout '0' is invalid. Using default page load timeout: '30'

2021-10-06 22:30:27 - [MESSAGE][FAILED] - Object Object Repository/iOS/Orders/Cart Page/Place All Orders/Done_Keypad not found
[[ATTACHMENT|/Users/sahil.vidaysingh/Katalon Studio/testing/Reports/20211006_215455/sanity_iOS/20211006_215455/1633539627059.png]]

2021-10-06 22:30:27 - [MESSAGE][FAILED] - Failed to tap on element 'Object Repository/iOS/Orders/Cart Page/Place All Orders/Done_Keypad' (Root cause: com.kms.katalon.core.exception.StepFailedException: Object Object Repository/iOS/Orders/Cart Page/Place All Orders/Done_Keypad not found
	at com.kms.katalon.core.keyword.internal.KeywordMain.stepFailed(KeywordMain.groovy:50)
	at com.kms.katalon.core.mobile.keyword.internal.MobileKeywordMain.stepFailed(MobileKeywordMain.groovy:40)
	at com.kms.katalon.core.mobile.keyword.builtin.TapKeyword$_tap_closure1.doCall(TapKeyword.groovy:79)
	at com.kms.katalon.core.mobile.keyword.builtin.TapKeyword$_tap_closure1.call(TapKeyword.groovy)
	at com.kms.katalon.core.mobile.keyword.internal.MobileKeywordMain.runKeyword(MobileKeywordMain.groovy:21)
	at com.kms.katalon.core.mobile.keyword.builtin.TapKeyword.tap(TapKeyword.groovy:86)
	at com.kms.katalon.core.mobile.keyword.builtin.TapKeyword.execute(TapKeyword.groovy:68)
	at com.kms.katalon.core.keyword.internal.KeywordExecutor.executeKeywordForPlatform(KeywordExecutor.groovy:73)
	at com.kms.katalon.core.mobile.keyword.MobileBuiltInKeywords.tap(MobileBuiltInKeywords.groovy:1354)
	at com.kms.katalon.core.mobile.keyword.MobileBuiltInKeywords$tap$3.call(Unknown Source)
	at ios_dashboard.dashboard_details.Adding_Product_from_Dashboard_To_Cart(dashboard_details.groovy:107)
	at ios_dashboard.dashboard_details.invokeMethod(dashboard_details.groovy)
	at com.kms.katalon.core.main.CustomKeywordDelegatingMetaClass.invokeStaticMethod(CustomKeywordDelegatingMetaClass.java:50)
	at Create Order by Search from Dashboard and Carts screen.run(Create Order by Search from Dashboard and Carts screen:46)
	at com.kms.katalon.core.main.ScriptEngine.run(ScriptEngine.java:194)
	at com.kms.katalon.core.main.ScriptEngine.runScriptAsRawText(ScriptEngine.java:119)
	at com.kms.katalon.core.main.TestCaseExecutor.runScript(TestCaseExecutor.java:398)
	at com.kms.katalon.core.main.TestCaseExecutor.doExecute(TestCaseExecutor.java:389)
	at com.kms.katalon.core.main.TestCaseExecutor.processExecutionPhase(TestCaseExecutor.java:368)
	at com.kms.katalon.core.main.TestCaseExecutor.accessMainPhase(TestCaseExecutor.java:360)
	at com.kms.katalon.core.main.TestCaseExecutor.execute(TestCaseExecutor.java:255)
	at com.kms.katalon.core.main.TestSuiteExecutor.accessTestCaseMainPhase(TestSuiteExecutor.java:203)
	at com.kms.katalon.core.main.TestSuiteExecutor.accessTestSuiteMainPhase(TestSuiteExecutor.java:152)
	at com.kms.katalon.core.main.TestSuiteExecutor.execute(TestSuiteExecutor.java:95)
	at com.kms.katalon.core.main.TestCaseMain.startTestSuite(TestCaseMain.java:157)
	at com.kms.katalon.core.main.TestCaseMain$startTestSuite$0.call(Unknown Source)
	at TempTestSuite1633537495900.run(TempTestSuite1633537495900.groovy:39)
)
[[ATTACHMENT|/Users/sahil.vidaysingh/Katalon Studio/testing/Reports/20211006_215455/sanity_iOS/20211006_215455/1633539627178.png]]

2021-10-06 22:30:27 - [MESSAGE][FAILED] - Object Object Repository/iOS/Orders/Cart Page/Place All Orders/Done_Keypad not found]]></system-out>
         <system-err><![CDATA[2021-10-06 22:26:15 - [TEST_CASE][FAILED] - Test Cases/iOS/Carts/Create Order by Search from Dashboard and Carts screen: Test Cases/iOS/Carts/Create Order by Search from Dashboard and Carts screen FAILED.
Reason:
com.kms.katalon.core.exception.StepFailedException: Object Object Repository/iOS/Orders/Cart Page/Place All Orders/Done_Keypad not found
	at com.kms.katalon.core.keyword.internal.KeywordMain.stepFailed(KeywordMain.groovy:50)
	at com.kms.katalon.core.mobile.keyword.internal.MobileKeywordMain.stepFailed(MobileKeywordMain.groovy:40)
	at com.kms.katalon.core.mobile.keyword.builtin.TapKeyword$_tap_closure1.doCall(TapKeyword.groovy:79)
	at com.kms.katalon.core.mobile.keyword.builtin.TapKeyword$_tap_closure1.call(TapKeyword.groovy)
	at com.kms.katalon.core.mobile.keyword.internal.MobileKeywordMain.runKeyword(MobileKeywordMain.groovy:21)
	at com.kms.katalon.core.mobile.keyword.builtin.TapKeyword.tap(TapKeyword.groovy:86)
	at com.kms.katalon.core.mobile.keyword.builtin.TapKeyword.execute(TapKeyword.groovy:68)
	at com.kms.katalon.core.keyword.internal.KeywordExecutor.executeKeywordForPlatform(KeywordExecutor.groovy:73)
	at com.kms.katalon.core.mobile.keyword.MobileBuiltInKeywords.tap(MobileBuiltInKeywords.groovy:1354)
	at com.kms.katalon.core.mobile.keyword.MobileBuiltInKeywords$tap$3.call(Unknown Source)
	at ios_dashboard.dashboard_details.Adding_Product_from_Dashboard_To_Cart(dashboard_details.groovy:107)
	at ios_dashboard.dashboard_details.invokeMethod(dashboard_details.groovy)
	at com.kms.katalon.core.main.CustomKeywordDelegatingMetaClass.invokeStaticMethod(CustomKeywordDelegatingMetaClass.java:50)
	at Create Order by Search from Dashboard and Carts screen.run(Create Order by Search from Dashboard and Carts screen:46)
	at com.kms.katalon.core.main.ScriptEngine.run(ScriptEngine.java:194)
	at com.kms.katalon.core.main.ScriptEngine.runScriptAsRawText(ScriptEngine.java:119)
	at com.kms.katalon.core.main.TestCaseExecutor.runScript(TestCaseExecutor.java:398)
	at com.kms.katalon.core.main.TestCaseExecutor.doExecute(TestCaseExecutor.java:389)
	at com.kms.katalon.core.main.TestCaseExecutor.processExecutionPhase(TestCaseExecutor.java:368)
	at com.kms.katalon.core.main.TestCaseExecutor.accessMainPhase(TestCaseExecutor.java:360)
	at com.kms.katalon.core.main.TestCaseExecutor.execute(TestCaseExecutor.java:255)
	at com.kms.katalon.core.main.TestSuiteExecutor.accessTestCaseMainPhase(TestSuiteExecutor.java:203)
	at com.kms.katalon.core.main.TestSuiteExecutor.accessTestSuiteMainPhase(TestSuiteExecutor.java:152)
	at com.kms.katalon.core.main.TestSuiteExecutor.execute(TestSuiteExecutor.java:95)
	at com.kms.katalon.core.main.TestCaseMain.startTestSuite(TestCaseMain.java:157)
	at com.kms.katalon.core.main.TestCaseMain$startTestSuite$0.call(Unknown Source)
	at TempTestSuite1633537495900.run(TempTestSuite1633537495900.groovy:39)]]></system-err>
      </testcase>
      <testcase name="Test Cases/iOS/Inventory/Verify Inventory Location(Edit,Update)" time="293.687" classname="Test Cases/iOS/Inventory/Verify Inventory Location(Edit,Update)" status="PASSED">
         <system-out><![CDATA[2021-10-06 22:30:27 - [TEST_CASE][PASSED] - Test Cases/iOS/Inventory/Verify Inventory Location(Edit,Update): Test Cases/iOS/Inventory/Verify Inventory Location(Edit,Update)

2021-10-06 22:30:27 - [TEST_STEP][PASSED] - ios_common_keywords.Start_Application.custom(): ios_common_keywords.Start_Application.custom is PASSED

2021-10-06 22:31:22 - [MESSAGE][PASSED] - Started app at: '/Users/sahil.vidaysingh/Downloads/Hatch 3.app'

2021-10-06 22:31:22 - [MESSAGE][PASSED] - ios_common_keywords.Start_Application.custom is PASSED

2021-10-06 22:31:22 - [TEST_STEP][PASSED] - ios_login.Login_Screen.login(Password): ios_login.Login_Screen.login is PASSED

2021-10-06 22:31:22 - [MESSAGE][PASSED] - Element 'Object Repository/iOS/LogIn/Environment_Selection_Screen/Environment Selection_Text' is exist

2021-10-06 22:31:22 - [MESSAGE][WARNING] - Timeout '0' is invalid. Using default page load timeout: '30'

2021-10-06 22:31:23 - [MESSAGE][PASSED] - Tapped on element 'Object Repository/iOS/LogIn/Environment_Selection_Screen/Environment Selection_Text'

2021-10-06 22:31:23 - [MESSAGE][WARNING] - Timeout '0' is invalid. Using default page load timeout: '30'

2021-10-06 22:31:24 - [MESSAGE][PASSED] - Tapped on element 'Object Repository/iOS/LogIn/Environment_Selection_Screen/Environment_Button'

2021-10-06 22:31:24 - [MESSAGE][WARNING] - Timeout '0' is invalid. Using default page load timeout: '30'

2021-10-06 22:31:25 - [MESSAGE][PASSED] - Tapped on element 'Object Repository/iOS/LogIn/Login_Details_Screen/Login UserName_Button'

2021-10-06 22:31:25 - [MESSAGE][WARNING] - Timeout '0' is invalid. Using default page load timeout: '30'

2021-10-06 22:31:26 - [MESSAGE][PASSED] - Text 'kavan.mobile.r' has been set to element 'Object Repository/iOS/LogIn/Login_Details_Screen/UserName_Text_Field'

2021-10-06 22:31:26 - [MESSAGE][WARNING] - Timeout '0' is invalid. Using default page load timeout: '30'

2021-10-06 22:31:27 - [MESSAGE][PASSED] - Tapped on element 'Object Repository/iOS/LogIn/Login_Details_Screen/LoginBar-ButtonDown'

2021-10-06 22:31:27 - [MESSAGE][WARNING] - Timeout '0' is invalid. Using default page load timeout: '30'

2021-10-06 22:31:28 - [MESSAGE][PASSED] - Tapped on element 'Object Repository/iOS/LogIn/Login_Details_Screen/Password-Button'

2021-10-06 22:31:28 - [MESSAGE][WARNING] - Timeout '0' is invalid. Using default page load timeout: '30'

2021-10-06 22:31:28 - [MESSAGE][PASSED] - Text 'C@rdinal!' has been set to element 'Object Repository/iOS/LogIn/Login_Details_Screen/Password-Secure_Text_Field'

2021-10-06 22:31:28 - [MESSAGE][WARNING] - Timeout '0' is invalid. Using default page load timeout: '30'

2021-10-06 22:31:29 - [MESSAGE][PASSED] - Tapped on element 'Object Repository/iOS/LogIn/Login_Details_Screen/SignIn_Button'

2021-10-06 22:31:29 - [MESSAGE][PASSED] - ios_login.Login_Screen.login is PASSED

2021-10-06 22:31:29 - [TEST_STEP][PASSED] - ios_account_selection.Select_An_Account.Custom(Account): ios_account_selection.Select_An_Account.Custom is PASSED

2021-10-06 22:31:30 - [MESSAGE][PASSED] - Element 'Object Repository/iOS/Product_Search/Progress_Bar' is exist

2021-10-06 22:31:31 - [MESSAGE][PASSED] - Delayed 1 second(s)

2021-10-06 22:31:31 - [MESSAGE][PASSED] - Element 'Object Repository/iOS/Product_Search/Progress_Bar' is exist

2021-10-06 22:31:32 - [MESSAGE][PASSED] - Delayed 1 second(s)

2021-10-06 22:31:33 - [MESSAGE][PASSED] - Element 'Object Repository/iOS/Product_Search/Progress_Bar' is exist

2021-10-06 22:31:34 - [MESSAGE][PASSED] - Delayed 1 second(s)

2021-10-06 22:31:34 - [MESSAGE][PASSED] - Element 'Object Repository/iOS/Product_Search/Progress_Bar' is exist

2021-10-06 22:31:35 - [MESSAGE][PASSED] - Delayed 1 second(s)

2021-10-06 22:31:35 - [MESSAGE][PASSED] - Element 'Object Repository/iOS/Product_Search/Progress_Bar' is exist

2021-10-06 22:31:36 - [MESSAGE][PASSED] - Delayed 1 second(s)

2021-10-06 22:31:37 - [MESSAGE][PASSED] - Element 'Object Repository/iOS/Product_Search/Progress_Bar' is exist

2021-10-06 22:31:38 - [MESSAGE][PASSED] - Delayed 1 second(s)

2021-10-06 22:31:38 - [MESSAGE][PASSED] - Element 'Object Repository/iOS/Product_Search/Progress_Bar' is exist

2021-10-06 22:31:39 - [MESSAGE][PASSED] - Delayed 1 second(s)

2021-10-06 22:31:40 - [MESSAGE][PASSED] - Element 'Object Repository/iOS/Product_Search/Progress_Bar' is exist

2021-10-06 22:31:41 - [MESSAGE][PASSED] - Delayed 1 second(s)

2021-10-06 22:31:41 - [MESSAGE][PASSED] - Element 'Object Repository/iOS/Product_Search/Progress_Bar' is exist

2021-10-06 22:31:42 - [MESSAGE][PASSED] - Delayed 1 second(s)

2021-10-06 22:31:42 - [MESSAGE][PASSED] - Element 'Object Repository/iOS/Product_Search/Progress_Bar' is exist

2021-10-06 22:31:43 - [MESSAGE][PASSED] - Delayed 1 second(s)

2021-10-06 22:31:44 - [MESSAGE][PASSED] - Element 'Object Repository/iOS/Product_Search/Progress_Bar' is exist

2021-10-06 22:31:45 - [MESSAGE][PASSED] - Delayed 1 second(s)

2021-10-06 22:31:45 - [MESSAGE][PASSED] - Element 'Object Repository/iOS/Product_Search/Progress_Bar' is exist

2021-10-06 22:31:46 - [MESSAGE][PASSED] - Delayed 1 second(s)

2021-10-06 22:31:46 - [MESSAGE][PASSED] - Element 'Object Repository/iOS/Product_Search/Progress_Bar' is exist

2021-10-06 22:31:47 - [MESSAGE][PASSED] - Delayed 1 second(s)

2021-10-06 22:31:49 - [MESSAGE][WARNING] - Element 'Object Repository/iOS/Product_Search/Progress_Bar' not found
[[ATTACHMENT|/Users/sahil.vidaysingh/Katalon Studio/testing/Reports/20211006_215455/sanity_iOS/20211006_215455/1633539709204.png]]

2021-10-06 22:31:49 - [MESSAGE][WARNING] - Timeout '0' is invalid. Using default page load timeout: '30'

2021-10-06 22:31:49 - [MESSAGE][PASSED] - Element 'Object Repository/iOS/Account_Selection/You must select an account to continue_Text' is present

2021-10-06 22:32:05 - [MESSAGE][PASSED] - Scrolling to text '10-676018' successfully

2021-10-06 22:32:05 - [MESSAGE][WARNING] - Timeout '0' is invalid. Using default page load timeout: '30'

2021-10-06 22:32:06 - [MESSAGE][PASSED] - Tapped on element 'Object Repository/iOS/Account_Selection/AccountNo_Text'

2021-10-06 22:32:08 - [MESSAGE][WARNING] - Element 'Object Repository/iOS/Product_Search/Progress_Bar' not found
[[ATTACHMENT|/Users/sahil.vidaysingh/Katalon Studio/testing/Reports/20211006_215455/sanity_iOS/20211006_215455/1633539728116.png]]

2021-10-06 22:32:08 - [MESSAGE][PASSED] - ios_account_selection.Select_An_Account.Custom is PASSED

2021-10-06 22:32:08 - [TEST_STEP][PASSED] - ios_dashboard.dashboard_details.click_On_More_Options(): ios_dashboard.dashboard_details.click_On_More_Options is PASSED

2021-10-06 22:32:08 - [MESSAGE][WARNING] - Timeout '0' is invalid. Using default page load timeout: '30'

2021-10-06 22:32:08 - [MESSAGE][PASSED] - Tapped on element 'Object Repository/iOS/Dashboard/More Options_Tab'

2021-10-06 22:32:08 - [MESSAGE][PASSED] - ios_dashboard.dashboard_details.click_On_More_Options is PASSED

2021-10-06 22:32:08 - [TEST_STEP][PASSED] - ios_more_options_screen.Go_To_Inventory_Listing_Screen.Custom(): ios_more_options_screen.Go_To_Inventory_Listing_Screen.Custom is PASSED

2021-10-06 22:32:13 - [MESSAGE][WARNING] - Element 'Object Repository/iOS/Product_Search/Progress_Bar' not found
[[ATTACHMENT|/Users/sahil.vidaysingh/Katalon Studio/testing/Reports/20211006_215455/sanity_iOS/20211006_215455/1633539733134.png]]

2021-10-06 22:32:13 - [MESSAGE][WARNING] - Timeout '0' is invalid. Using default page load timeout: '30'

2021-10-06 22:32:13 - [MESSAGE][PASSED] - Tapped on element 'Object Repository/iOS/More Options Screen/Inventory Selection Under MoreOptions_Text'

2021-10-06 22:32:14 - [MESSAGE][PASSED] - Element 'Object Repository/iOS/Product_Search/Progress_Bar' is exist

2021-10-06 22:32:18 - [MESSAGE][PASSED] - Delayed 4 second(s)

2021-10-06 22:32:23 - [MESSAGE][WARNING] - Element 'Object Repository/iOS/Product_Search/Progress_Bar' not found
[[ATTACHMENT|/Users/sahil.vidaysingh/Katalon Studio/testing/Reports/20211006_215455/sanity_iOS/20211006_215455/1633539743139.png]]

2021-10-06 22:32:23 - [MESSAGE][PASSED] - ios_more_options_screen.Go_To_Inventory_Listing_Screen.Custom is PASSED

2021-10-06 22:32:23 - [TEST_STEP][PASSED] - ios_inventory.Inventory_listing_Screen.create_Inventory(Inventory_Name): ios_inventory.Inventory_listing_Screen.create_Inventory is PASSED

2021-10-06 22:32:23 - [MESSAGE][WARNING] - Timeout '0' is invalid. Using default page load timeout: '30'

2021-10-06 22:32:23 - [MESSAGE][PASSED] - Element 'Object Repository/iOS/Inventory/Inventory Listing Screen/Verification Details/Create_InventorySectionHeader' is exist

2021-10-06 22:32:23 - [MESSAGE][WARNING] - Timeout '0' is invalid. Using default page load timeout: '30'

2021-10-06 22:32:25 - [MESSAGE][PASSED] - Tapped on element 'Object Repository/iOS/Inventory/Inventory Listing Screen/Verification Details/Create_InventorySectionHeader'

2021-10-06 22:32:25 - [MESSAGE][WARNING] - Timeout '0' is invalid. Using default page load timeout: '30'

2021-10-06 22:32:26 - [MESSAGE][PASSED] - Tapped on element 'Object Repository/iOS/Inventory/Inventory Listing Screen/Verification Details/Inventory Name_Text'

2021-10-06 22:32:26 - [MESSAGE][WARNING] - Timeout '0' is invalid. Using default page load timeout: '30'

2021-10-06 22:32:27 - [MESSAGE][PASSED] - Text 'KatalonInvv' has been set to element 'Object Repository/iOS/Inventory/Inventory Listing Screen/Verification Details/InventoryName TextField'

2021-10-06 22:32:27 - [MESSAGE][WARNING] - Duration '0' is invalid. Using default duration.

2021-10-06 22:32:27 - [MESSAGE][WARNING] - Timeout '0' is invalid. Using default page load timeout: '30'

2021-10-06 22:32:28 - [MESSAGE][PASSED] - Tapped and held on element 'Object Repository/iOS/Inventory/Inventory Listing Screen/Create New Inventory_Screen/Return_Keypad_Button' with duration (default)

2021-10-06 22:32:28 - [MESSAGE][WARNING] - Timeout '0' is invalid. Using default page load timeout: '30'

2021-10-06 22:32:29 - [MESSAGE][PASSED] - Tapped on element 'Object Repository/iOS/Inventory/Inventory Listing Screen/Create New Inventory_Screen/Create Inventory_Text'

2021-10-06 22:32:30 - [MESSAGE][PASSED] - Element 'Object Repository/iOS/Product_Search/Progress_Bar' is exist

2021-10-06 22:32:31 - [MESSAGE][PASSED] - Delayed 1 second(s)

2021-10-06 22:32:32 - [MESSAGE][WARNING] - Element 'Object Repository/iOS/Product_Search/Progress_Bar' not found
[[ATTACHMENT|/Users/sahil.vidaysingh/Katalon Studio/testing/Reports/20211006_215455/sanity_iOS/20211006_215455/1633539752336.png]]

2021-10-06 22:32:32 - [MESSAGE][PASSED] - ios_inventory.Inventory_listing_Screen.create_Inventory is PASSED

2021-10-06 22:32:32 - [TEST_STEP][PASSED] - ios_inventory.Inventory_details_Screen.add_Location(Location_Name, Cost_Type): ios_inventory.Inventory_details_Screen.add_Location is PASSED

2021-10-06 22:32:32 - [MESSAGE][WARNING] - Timeout '0' is invalid. Using default page load timeout: '30'

2021-10-06 22:32:33 - [MESSAGE][PASSED] - Tapped on element 'Object Repository/iOS/Inventory/Inventory Details Screen/Add Location/Add location_Text'

2021-10-06 22:32:33 - [MESSAGE][WARNING] - Timeout '0' is invalid. Using default page load timeout: '30'

2021-10-06 22:32:33 - [MESSAGE][PASSED] - Tapped on element 'Object Repository/iOS/Inventory/Inventory Details Screen/Add Location/LocationName_TextField'

2021-10-06 22:32:34 - [MESSAGE][WARNING] - Timeout '0' is invalid. Using default page load timeout: '30'

2021-10-06 22:32:35 - [MESSAGE][PASSED] - Text 'jujutsuu' has been set to element 'Object Repository/iOS/Inventory/Inventory Details Screen/Add Location/LocationName_TextField'

2021-10-06 22:32:35 - [MESSAGE][WARNING] - Timeout '0' is invalid. Using default page load timeout: '30'

2021-10-06 22:32:36 - [MESSAGE][PASSED] - Tapped on element 'Object Repository/iOS/Inventory/Inventory Details Screen/Add Location/Last Price_Button'

2021-10-06 22:32:36 - [MESSAGE][WARNING] - Timeout '0' is invalid. Using default page load timeout: '30'

2021-10-06 22:32:38 - [MESSAGE][PASSED] - Tapped on element 'Object Repository/iOS/Inventory/Inventory Details Screen/Add Location/Create New Location_Text'

2021-10-06 22:32:38 - [MESSAGE][PASSED] - Element 'Object Repository/iOS/Product_Search/Progress_Bar' is exist

2021-10-06 22:32:39 - [MESSAGE][PASSED] - Delayed 1 second(s)

2021-10-06 22:32:41 - [MESSAGE][WARNING] - Element 'Object Repository/iOS/Product_Search/Progress_Bar' not found
[[ATTACHMENT|/Users/sahil.vidaysingh/Katalon Studio/testing/Reports/20211006_215455/sanity_iOS/20211006_215455/1633539760937.png]]

2021-10-06 22:32:41 - [MESSAGE][WARNING] - Timeout '0' is invalid. Using default page load timeout: '30'

2021-10-06 22:32:41 - [MESSAGE][PASSED] - Element 'Object Repository/iOS/Inventory/Inventory Details Screen/Add Location/LocationName Verification_Text' is exist

2021-10-06 22:32:41 - [MESSAGE][PASSED] - ios_inventory.Inventory_details_Screen.add_Location is PASSED

2021-10-06 22:32:41 - [TEST_STEP][PASSED] - ios_inventory.Inventory_details_Screen.click_On_Location(Location_Name): ios_inventory.Inventory_details_Screen.click_On_Location is PASSED

2021-10-06 22:32:41 - [MESSAGE][WARNING] - Timeout '0' is invalid. Using default page load timeout: '30'

2021-10-06 22:32:42 - [MESSAGE][PASSED] - Tapped on element 'Object Repository/iOS/Inventory/Inventory Details Screen/Add Location/Tap On Location_Text'

2021-10-06 22:32:42 - [MESSAGE][PASSED] - ios_inventory.Inventory_details_Screen.click_On_Location is PASSED

2021-10-06 22:32:42 - [TEST_STEP][PASSED] - ios_inventory.Location_details_Screen.add_Product_to_Location(Location_Name, Product_Name): ios_inventory.Location_details_Screen.add_Product_to_Location is PASSED

2021-10-06 22:32:43 - [MESSAGE][PASSED] - Element 'Object Repository/iOS/Product_Search/Progress_Bar' is exist

2021-10-06 22:32:44 - [MESSAGE][PASSED] - Delayed 1 second(s)

2021-10-06 22:32:44 - [MESSAGE][PASSED] - Element 'Object Repository/iOS/Product_Search/Progress_Bar' is exist

2021-10-06 22:32:45 - [MESSAGE][PASSED] - Delayed 1 second(s)

2021-10-06 22:32:47 - [MESSAGE][WARNING] - Element 'Object Repository/iOS/Product_Search/Progress_Bar' not found
[[ATTACHMENT|/Users/sahil.vidaysingh/Katalon Studio/testing/Reports/20211006_215455/sanity_iOS/20211006_215455/1633539767103.png]]

2021-10-06 22:32:47 - [MESSAGE][WARNING] - Duration '0' is invalid. Using default duration.

2021-10-06 22:32:47 - [MESSAGE][WARNING] - Timeout '0' is invalid. Using default page load timeout: '30'

2021-10-06 22:32:48 - [MESSAGE][PASSED] - Tapped and held on element 'Object Repository/iOS/Inventory/Location Details_Screen/Add Product to Location/Product SearchField' with duration (default)

2021-10-06 22:32:49 - [MESSAGE][WARNING] - Element 'Object Repository/iOS/Product_Search/Progress_Bar' not found
[[ATTACHMENT|/Users/sahil.vidaysingh/Katalon Studio/testing/Reports/20211006_215455/sanity_iOS/20211006_215455/1633539769684.png]]

2021-10-06 22:32:49 - [MESSAGE][WARNING] - Timeout '0' is invalid. Using default page load timeout: '30'

2021-10-06 22:32:51 - [MESSAGE][PASSED] - Text 'tyl' has been set to element 'Object Repository/iOS/Inventory/Location Details_Screen/Add Product to Location/Product SearchField'

2021-10-06 22:32:51 - [MESSAGE][WARNING] - Duration '0' is invalid. Using default duration.

2021-10-06 22:32:51 - [MESSAGE][WARNING] - Timeout '0' is invalid. Using default page load timeout: '30'

2021-10-06 22:32:52 - [MESSAGE][PASSED] - Tapped and held on element 'Object Repository/iOS/Product_Search/Search Key_Button' with duration (default)

2021-10-06 22:32:53 - [MESSAGE][PASSED] - Element 'Object Repository/iOS/Product_Search/Progress_Bar' is exist

2021-10-06 22:32:54 - [MESSAGE][PASSED] - Delayed 1 second(s)

2021-10-06 22:32:54 - [MESSAGE][PASSED] - Element 'Object Repository/iOS/Product_Search/Progress_Bar' is exist

2021-10-06 22:32:55 - [MESSAGE][PASSED] - Delayed 1 second(s)

2021-10-06 22:32:56 - [MESSAGE][PASSED] - Element 'Object Repository/iOS/Product_Search/Progress_Bar' is exist

2021-10-06 22:32:57 - [MESSAGE][PASSED] - Delayed 1 second(s)

2021-10-06 22:32:57 - [MESSAGE][PASSED] - Element 'Object Repository/iOS/Product_Search/Progress_Bar' is exist

2021-10-06 22:32:58 - [MESSAGE][PASSED] - Delayed 1 second(s)

2021-10-06 22:32:58 - [MESSAGE][PASSED] - Element 'Object Repository/iOS/Product_Search/Progress_Bar' is exist

2021-10-06 22:32:59 - [MESSAGE][PASSED] - Delayed 1 second(s)

2021-10-06 22:33:06 - [MESSAGE][PASSED] - Element 'Object Repository/iOS/Product_Search/Progress_Bar' is exist

2021-10-06 22:33:07 - [MESSAGE][PASSED] - Delayed 1 second(s)

2021-10-06 22:33:13 - [MESSAGE][PASSED] - Element 'Object Repository/iOS/Product_Search/Progress_Bar' is exist

2021-10-06 22:33:14 - [MESSAGE][PASSED] - Delayed 1 second(s)

2021-10-06 22:33:19 - [MESSAGE][WARNING] - Element 'Object Repository/iOS/Product_Search/Progress_Bar' not found
[[ATTACHMENT|/Users/sahil.vidaysingh/Katalon Studio/testing/Reports/20211006_215455/sanity_iOS/20211006_215455/1633539799426.png]]

2021-10-06 22:33:19 - [MESSAGE][WARNING] - Timeout '0' is invalid. Using default page load timeout: '30'

2021-10-06 22:33:27 - [MESSAGE][PASSED] - Tapped on element 'Object Repository/iOS/Inventory/Location Details_Screen/Add Product to Location/Add Product to Location_Text'

2021-10-06 22:33:27 - [MESSAGE][WARNING] - Timeout '0' is invalid. Using default page load timeout: '30'

2021-10-06 22:33:34 - [MESSAGE][PASSED] - Tapped on element 'Object Repository/iOS/Inventory/Location Details_Screen/Add Product to Location/Continue Browsing After Adding Product_Text'

2021-10-06 22:33:34 - [MESSAGE][PASSED] - ios_inventory.Location_details_Screen.add_Product_to_Location is PASSED

2021-10-06 22:33:34 - [TEST_STEP][PASSED] - ios_common_keywords.Go_Back.Custom(): ios_common_keywords.Go_Back.Custom is PASSED

2021-10-06 22:33:39 - [MESSAGE][WARNING] - Element 'Object Repository/iOS/Product_Search/Progress_Bar' not found
[[ATTACHMENT|/Users/sahil.vidaysingh/Katalon Studio/testing/Reports/20211006_215455/sanity_iOS/20211006_215455/1633539819792.png]]

2021-10-06 22:33:47 - [MESSAGE][WARNING] - Element 'Object Repository/iOS/Product_Search/Back_Text' not found
[[ATTACHMENT|/Users/sahil.vidaysingh/Katalon Studio/testing/Reports/20211006_215455/sanity_iOS/20211006_215455/1633539827033.png]]

2021-10-06 22:33:53 - [MESSAGE][PASSED] - Tapped on element 'Object Repository/iOS/Inventory/Location Details_Screen/Add Product to Location/Back Button_Text'

2021-10-06 22:33:55 - [MESSAGE][WARNING] - Element 'Object Repository/iOS/Product_Search/Progress_Bar' not found
[[ATTACHMENT|/Users/sahil.vidaysingh/Katalon Studio/testing/Reports/20211006_215455/sanity_iOS/20211006_215455/1633539835453.png]]

2021-10-06 22:33:55 - [MESSAGE][PASSED] - ios_common_keywords.Go_Back.Custom is PASSED

2021-10-06 22:33:55 - [TEST_STEP][PASSED] - ios_inventory.Location_details_Screen.edit_Location_Name(new_Location_Name, Cost_Type): ios_inventory.Location_details_Screen.edit_Location_Name is PASSED

2021-10-06 22:33:55 - [MESSAGE][WARNING] - Timeout '0' is invalid. Using default page load timeout: '30'

2021-10-06 22:33:56 - [MESSAGE][PASSED] - Tapped on element 'Object Repository/iOS/Inventory/Location Details_Screen/Edit_Location Name/Edit Location_Text'

2021-10-06 22:33:56 - [MESSAGE][WARNING] - Timeout '0' is invalid. Using default page load timeout: '30'

2021-10-06 22:33:58 - [MESSAGE][PASSED] - Element 'Object Repository/iOS/Inventory/Inventory Details Screen/Add Location/LocationName_TextField' text is cleared

2021-10-06 22:33:58 - [MESSAGE][WARNING] - Timeout '0' is invalid. Using default page load timeout: '30'

2021-10-06 22:33:59 - [MESSAGE][PASSED] - Text 'kaisen' has been set to element 'Object Repository/iOS/Inventory/Inventory Details Screen/Add Location/LocationName_TextField'

2021-10-06 22:33:59 - [MESSAGE][WARNING] - Timeout '0' is invalid. Using default page load timeout: '30'

2021-10-06 22:34:00 - [MESSAGE][PASSED] - Tapped on element 'Object Repository/iOS/Inventory/Inventory Details Screen/Add Location/Current Price_Button'

2021-10-06 22:34:00 - [MESSAGE][WARNING] - Timeout '0' is invalid. Using default page load timeout: '30'

2021-10-06 22:34:02 - [MESSAGE][PASSED] - Tapped on element 'Object Repository/iOS/Inventory/Location Details_Screen/Copy Product from Location/Save Changes_Text'

2021-10-06 22:34:03 - [MESSAGE][PASSED] - Element 'Object Repository/iOS/Product_Search/Progress_Bar' is exist

2021-10-06 22:34:04 - [MESSAGE][PASSED] - Delayed 1 second(s)

2021-10-06 22:34:05 - [MESSAGE][WARNING] - Element 'Object Repository/iOS/Product_Search/Progress_Bar' not found
[[ATTACHMENT|/Users/sahil.vidaysingh/Katalon Studio/testing/Reports/20211006_215455/sanity_iOS/20211006_215455/1633539845330.png]]

2021-10-06 22:34:05 - [MESSAGE][WARNING] - Timeout '0' is invalid. Using default page load timeout: '30'

2021-10-06 22:34:05 - [MESSAGE][PASSED] - Element 'Object Repository/iOS/Inventory/Inventory Details Screen/Add Location/LocationName Verification_Text' is exist

2021-10-06 22:34:05 - [MESSAGE][PASSED] - ios_inventory.Location_details_Screen.edit_Location_Name is PASSED

2021-10-06 22:34:05 - [TEST_STEP][PASSED] - ios_common_keywords.Go_Back.Custom(): ios_common_keywords.Go_Back.Custom is PASSED

2021-10-06 22:34:08 - [MESSAGE][WARNING] - Element 'Object Repository/iOS/Product_Search/Progress_Bar' not found
[[ATTACHMENT|/Users/sahil.vidaysingh/Katalon Studio/testing/Reports/20211006_215455/sanity_iOS/20211006_215455/1633539848268.png]]

2021-10-06 22:34:12 - [MESSAGE][WARNING] - Element 'Object Repository/iOS/Product_Search/Back_Text' not found
[[ATTACHMENT|/Users/sahil.vidaysingh/Katalon Studio/testing/Reports/20211006_215455/sanity_iOS/20211006_215455/1633539852557.png]]

2021-10-06 22:34:13 - [MESSAGE][PASSED] - Tapped on element 'Object Repository/iOS/Inventory/Location Details_Screen/Add Product to Location/Back Button_Text'

2021-10-06 22:34:15 - [MESSAGE][WARNING] - Element 'Object Repository/iOS/Product_Search/Progress_Bar' not found
[[ATTACHMENT|/Users/sahil.vidaysingh/Katalon Studio/testing/Reports/20211006_215455/sanity_iOS/20211006_215455/1633539855877.png]]

2021-10-06 22:34:15 - [MESSAGE][PASSED] - ios_common_keywords.Go_Back.Custom is PASSED

2021-10-06 22:34:15 - [TEST_STEP][PASSED] - ios_common_keywords.Go_Back.Custom(): ios_common_keywords.Go_Back.Custom is PASSED

2021-10-06 22:34:18 - [MESSAGE][WARNING] - Element 'Object Repository/iOS/Product_Search/Progress_Bar' not found
[[ATTACHMENT|/Users/sahil.vidaysingh/Katalon Studio/testing/Reports/20211006_215455/sanity_iOS/20211006_215455/1633539858077.png]]

2021-10-06 22:34:22 - [MESSAGE][WARNING] - Element 'Object Repository/iOS/Product_Search/Back_Text' not found
[[ATTACHMENT|/Users/sahil.vidaysingh/Katalon Studio/testing/Reports/20211006_215455/sanity_iOS/20211006_215455/1633539862355.png]]

2021-10-06 22:34:23 - [MESSAGE][PASSED] - Tapped on element 'Object Repository/iOS/Inventory/Location Details_Screen/Add Product to Location/Back Button_Text'

2021-10-06 22:34:26 - [MESSAGE][WARNING] - Element 'Object Repository/iOS/Product_Search/Progress_Bar' not found
[[ATTACHMENT|/Users/sahil.vidaysingh/Katalon Studio/testing/Reports/20211006_215455/sanity_iOS/20211006_215455/1633539866032.png]]

2021-10-06 22:34:26 - [MESSAGE][PASSED] - ios_common_keywords.Go_Back.Custom is PASSED

2021-10-06 22:34:26 - [TEST_STEP][PASSED] - ios_inventory.Inventory_listing_Screen.delete_Inventory(Inventory_Name): ios_inventory.Inventory_listing_Screen.delete_Inventory is PASSED

2021-10-06 22:34:27 - [MESSAGE][WARNING] - Element 'Object Repository/iOS/Product_Search/Progress_Bar' not found
[[ATTACHMENT|/Users/sahil.vidaysingh/Katalon Studio/testing/Reports/20211006_215455/sanity_iOS/20211006_215455/1633539867209.png]]

2021-10-06 22:34:27 - [MESSAGE][WARNING] - Timeout '0' is invalid. Using default page load timeout: '30'

2021-10-06 22:34:28 - [MESSAGE][PASSED] - Tapped on element 'Object Repository/iOS/Inventory/Inventory Listing Screen/Delete Inventory/Slide_PopUpButton For Inventory Deletion'

2021-10-06 22:34:28 - [MESSAGE][WARNING] - Timeout '0' is invalid. Using default page load timeout: '30'

2021-10-06 22:34:29 - [MESSAGE][PASSED] - Tapped on element 'Object Repository/iOS/Inventory/Inventory Listing Screen/Delete Inventory/Delete Inventory_Text'

2021-10-06 22:34:29 - [MESSAGE][WARNING] - Timeout '0' is invalid. Using default page load timeout: '30'

2021-10-06 22:34:30 - [MESSAGE][PASSED] - Tapped on element 'Object Repository/iOS/Inventory/Inventory Listing Screen/Delete Inventory/Yes for Deletion_Text'

2021-10-06 22:34:31 - [MESSAGE][PASSED] - Element 'Object Repository/iOS/Product_Search/Progress_Bar' is exist

2021-10-06 22:34:32 - [MESSAGE][PASSED] - Delayed 1 second(s)

2021-10-06 22:34:33 - [MESSAGE][PASSED] - Element 'Object Repository/iOS/Product_Search/Progress_Bar' is exist

2021-10-06 22:34:34 - [MESSAGE][PASSED] - Delayed 1 second(s)

2021-10-06 22:34:35 - [MESSAGE][PASSED] - Element 'Object Repository/iOS/Product_Search/Progress_Bar' is exist

2021-10-06 22:34:36 - [MESSAGE][PASSED] - Delayed 1 second(s)

2021-10-06 22:34:37 - [MESSAGE][PASSED] - Element 'Object Repository/iOS/Product_Search/Progress_Bar' is exist

2021-10-06 22:34:38 - [MESSAGE][PASSED] - Delayed 1 second(s)

2021-10-06 22:34:39 - [MESSAGE][PASSED] - Element 'Object Repository/iOS/Product_Search/Progress_Bar' is exist

2021-10-06 22:34:40 - [MESSAGE][PASSED] - Delayed 1 second(s)

2021-10-06 22:34:41 - [MESSAGE][PASSED] - Element 'Object Repository/iOS/Product_Search/Progress_Bar' is exist

2021-10-06 22:34:42 - [MESSAGE][PASSED] - Delayed 1 second(s)

2021-10-06 22:34:43 - [MESSAGE][PASSED] - Element 'Object Repository/iOS/Product_Search/Progress_Bar' is exist

2021-10-06 22:34:44 - [MESSAGE][PASSED] - Delayed 1 second(s)

2021-10-06 22:34:45 - [MESSAGE][PASSED] - Element 'Object Repository/iOS/Product_Search/Progress_Bar' is exist

2021-10-06 22:34:46 - [MESSAGE][PASSED] - Delayed 1 second(s)

2021-10-06 22:34:47 - [MESSAGE][PASSED] - Element 'Object Repository/iOS/Product_Search/Progress_Bar' is exist

2021-10-06 22:34:48 - [MESSAGE][PASSED] - Delayed 1 second(s)

2021-10-06 22:34:48 - [MESSAGE][PASSED] - Element 'Object Repository/iOS/Product_Search/Progress_Bar' is exist

2021-10-06 22:34:49 - [MESSAGE][PASSED] - Delayed 1 second(s)

2021-10-06 22:34:50 - [MESSAGE][WARNING] - Element 'Object Repository/iOS/Product_Search/Progress_Bar' not found
[[ATTACHMENT|/Users/sahil.vidaysingh/Katalon Studio/testing/Reports/20211006_215455/sanity_iOS/20211006_215455/1633539890720.png]]

2021-10-06 22:34:50 - [MESSAGE][WARNING] - Timeout '0' is invalid. Using default page load timeout: '30'

2021-10-06 22:35:20 - [MESSAGE][PASSED] - Element 'Object Repository/iOS/Inventory/Inventory Details Screen/Open Inventory Details/Open Inventory_Text' not found

2021-10-06 22:35:20 - [MESSAGE][PASSED] - ios_inventory.Inventory_listing_Screen.delete_Inventory is PASSED]]></system-out>
         <system-err><![CDATA[]]></system-err>
      </testcase>
      <testcase name="Test Cases/iOS/Inventory/View Location Product Details" time="287.961" classname="Test Cases/iOS/Inventory/View Location Product Details" status="PASSED">
         <system-out><![CDATA[2021-10-06 22:35:20 - [TEST_CASE][PASSED] - Test Cases/iOS/Inventory/View Location Product Details: Test Cases/iOS/Inventory/View Location Product Details

2021-10-06 22:35:21 - [TEST_STEP][PASSED] - ios_common_keywords.Start_Application.custom(): ios_common_keywords.Start_Application.custom is PASSED

2021-10-06 22:36:19 - [MESSAGE][PASSED] - Started app at: '/Users/sahil.vidaysingh/Downloads/Hatch 3.app'

2021-10-06 22:36:19 - [MESSAGE][PASSED] - ios_common_keywords.Start_Application.custom is PASSED

2021-10-06 22:36:19 - [TEST_STEP][PASSED] - ios_login.Login_Screen.login(Password): ios_login.Login_Screen.login is PASSED

2021-10-06 22:36:20 - [MESSAGE][PASSED] - Element 'Object Repository/iOS/LogIn/Environment_Selection_Screen/Environment Selection_Text' is exist

2021-10-06 22:36:20 - [MESSAGE][WARNING] - Timeout '0' is invalid. Using default page load timeout: '30'

2021-10-06 22:36:21 - [MESSAGE][PASSED] - Tapped on element 'Object Repository/iOS/LogIn/Environment_Selection_Screen/Environment Selection_Text'

2021-10-06 22:36:21 - [MESSAGE][WARNING] - Timeout '0' is invalid. Using default page load timeout: '30'

2021-10-06 22:36:22 - [MESSAGE][PASSED] - Tapped on element 'Object Repository/iOS/LogIn/Environment_Selection_Screen/Environment_Button'

2021-10-06 22:36:22 - [MESSAGE][WARNING] - Timeout '0' is invalid. Using default page load timeout: '30'

2021-10-06 22:36:23 - [MESSAGE][PASSED] - Tapped on element 'Object Repository/iOS/LogIn/Login_Details_Screen/Login UserName_Button'

2021-10-06 22:36:23 - [MESSAGE][WARNING] - Timeout '0' is invalid. Using default page load timeout: '30'

2021-10-06 22:36:24 - [MESSAGE][PASSED] - Text 'kavan.mobile.r' has been set to element 'Object Repository/iOS/LogIn/Login_Details_Screen/UserName_Text_Field'

2021-10-06 22:36:24 - [MESSAGE][WARNING] - Timeout '0' is invalid. Using default page load timeout: '30'

2021-10-06 22:36:25 - [MESSAGE][PASSED] - Tapped on element 'Object Repository/iOS/LogIn/Login_Details_Screen/LoginBar-ButtonDown'

2021-10-06 22:36:25 - [MESSAGE][WARNING] - Timeout '0' is invalid. Using default page load timeout: '30'

2021-10-06 22:36:26 - [MESSAGE][PASSED] - Tapped on element 'Object Repository/iOS/LogIn/Login_Details_Screen/Password-Button'

2021-10-06 22:36:26 - [MESSAGE][WARNING] - Timeout '0' is invalid. Using default page load timeout: '30'

2021-10-06 22:36:27 - [MESSAGE][PASSED] - Text 'C@rdinal!' has been set to element 'Object Repository/iOS/LogIn/Login_Details_Screen/Password-Secure_Text_Field'

2021-10-06 22:36:27 - [MESSAGE][WARNING] - Timeout '0' is invalid. Using default page load timeout: '30'

2021-10-06 22:36:28 - [MESSAGE][PASSED] - Tapped on element 'Object Repository/iOS/LogIn/Login_Details_Screen/SignIn_Button'

2021-10-06 22:36:28 - [MESSAGE][PASSED] - ios_login.Login_Screen.login is PASSED

2021-10-06 22:36:28 - [TEST_STEP][PASSED] - ios_account_selection.Select_An_Account.Custom(Account): ios_account_selection.Select_An_Account.Custom is PASSED

2021-10-06 22:36:29 - [MESSAGE][PASSED] - Element 'Object Repository/iOS/Product_Search/Progress_Bar' is exist

2021-10-06 22:36:30 - [MESSAGE][PASSED] - Delayed 1 second(s)

2021-10-06 22:36:30 - [MESSAGE][PASSED] - Element 'Object Repository/iOS/Product_Search/Progress_Bar' is exist

2021-10-06 22:36:31 - [MESSAGE][PASSED] - Delayed 1 second(s)

2021-10-06 22:36:31 - [MESSAGE][PASSED] - Element 'Object Repository/iOS/Product_Search/Progress_Bar' is exist

2021-10-06 22:36:32 - [MESSAGE][PASSED] - Delayed 1 second(s)

2021-10-06 22:36:33 - [MESSAGE][PASSED] - Element 'Object Repository/iOS/Product_Search/Progress_Bar' is exist

2021-10-06 22:36:34 - [MESSAGE][PASSED] - Delayed 1 second(s)

2021-10-06 22:36:35 - [MESSAGE][PASSED] - Element 'Object Repository/iOS/Product_Search/Progress_Bar' is exist

2021-10-06 22:36:36 - [MESSAGE][PASSED] - Delayed 1 second(s)

2021-10-06 22:36:36 - [MESSAGE][PASSED] - Element 'Object Repository/iOS/Product_Search/Progress_Bar' is exist

2021-10-06 22:36:37 - [MESSAGE][PASSED] - Delayed 1 second(s)

2021-10-06 22:36:38 - [MESSAGE][WARNING] - Failed to check for element 'Object Repository/iOS/Product_Search/Progress_Bar' exist (Root cause: org.openqa.selenium.StaleElementReferenceException: The previously found element ""In progress" ActivityIndicator" is not present in the current view anymore. Make sure the application UI has the expected state. Original error: No matches found for Descendants matching type ActivityIndicator from input {(
    Application, pid: 57854
)}
For documentation on this error, please visit: https://www.seleniumhq.org/exceptions/stale_element_reference.html
Build info: version: '3.141.59', revision: 'e82be7d358', time: '2018-11-14T08:25:53'
System info: host: 'LIND44C21HWMD6N.cardinalhealth.net', ip: '192.168.29.216', os.name: 'Mac OS X', os.arch: 'x86_64', os.version: '10.16', java.version: '1.8.0_275'
Driver info: io.appium.java_client.ios.IOSDriver
Capabilities {app: /Users/sahil.vidaysingh/Dow..., automationName: XCUITest, browserName: , chromedriverPort: 60522, databaseEnabled: false, deviceName: iphone 8, fullReset: true, javascriptEnabled: true, locationContextEnabled: false, networkConnectionEnabled: false, newCommandTimeout: 1800, noReset: false, platform: IOS, platformName: iOS, platformVersion: 14.4, realDeviceLogger: /Applications/Katalon Studi..., takesScreenshot: true, udid: 2B504F47-40EA-4A1D-A6C0-6A1..., waitForAppScript: true;, wdaLocalPort: 63239, webStorageEnabled: false}
Session ID: 758be5ba-e72e-4bf7-bd8b-3e24f676cdd6
	at org.openqa.selenium.remote.http.W3CHttpResponseCodec.createException(W3CHttpResponseCodec.java:187)
	at org.openqa.selenium.remote.http.W3CHttpResponseCodec.decode(W3CHttpResponseCodec.java:122)
	at org.openqa.selenium.remote.http.W3CHttpResponseCodec.decode(W3CHttpResponseCodec.java:49)
	at org.openqa.selenium.remote.HttpCommandExecutor.execute(HttpCommandExecutor.java:158)
	at io.appium.java_client.remote.AppiumCommandExecutor.execute(AppiumCommandExecutor.java:239)
	at org.openqa.selenium.remote.RemoteWebDriver.execute(RemoteWebDriver.java:552)
	at io.appium.java_client.DefaultGenericMobileDriver.execute(DefaultGenericMobileDriver.java:42)
	at io.appium.java_client.AppiumDriver.execute(AppiumDriver.java:1)
	at io.appium.java_client.ios.IOSDriver.execute(IOSDriver.java:1)
	at org.openqa.selenium.remote.RemoteWebElement.execute(RemoteWebElement.java:285)
	at io.appium.java_client.DefaultGenericMobileElement.execute(DefaultGenericMobileElement.java:45)
	at io.appium.java_client.MobileElement.execute(MobileElement.java:1)
	at io.appium.java_client.ios.IOSElement.execute(IOSElement.java:1)
	at org.openqa.selenium.remote.RemoteWebElement.getLocation(RemoteWebElement.java:337)
	at org.openqa.selenium.WebElement$getLocation.call(Unknown Source)
	at com.kms.katalon.core.mobile.keyword.internal.MobileAbstractKeyword.findElement(MobileAbstractKeyword.groovy:86)
	at com.kms.katalon.core.mobile.keyword.builtin.VerifyElementExistKeyword.access$1(VerifyElementExistKeyword.groovy)
	at com.kms.katalon.core.mobile.keyword.builtin.VerifyElementExistKeyword$_verifyElementExist_closure1.doCall(VerifyElementExistKeyword.groovy:72)
	at com.kms.katalon.core.mobile.keyword.builtin.VerifyElementExistKeyword$_verifyElementExist_closure1.call(VerifyElementExistKeyword.groovy)
	at com.kms.katalon.core.mobile.keyword.internal.MobileKeywordMain.runKeyword(MobileKeywordMain.groovy:21)
	at com.kms.katalon.core.mobile.keyword.builtin.VerifyElementExistKeyword.verifyElementExist(VerifyElementExistKeyword.groovy:80)
	at com.kms.katalon.core.mobile.keyword.builtin.VerifyElementExistKeyword.execute(VerifyElementExistKeyword.groovy:64)
	at com.kms.katalon.core.keyword.internal.KeywordExecutor.executeKeywordForPlatform(KeywordExecutor.groovy:73)
	at com.kms.katalon.core.mobile.keyword.MobileBuiltInKeywords.verifyElementExist(MobileBuiltInKeywords.groovy:1570)
	at com.kms.katalon.core.mobile.keyword.MobileBuiltInKeywords$verifyElementExist$1.call(Unknown Source)
	at ios_account_selection.Select_An_Account.Custom(Select_An_Account.groovy:51)
	at ios_account_selection.Select_An_Account.invokeMethod(Select_An_Account.groovy)
	at com.kms.katalon.core.main.CustomKeywordDelegatingMetaClass.invokeStaticMethod(CustomKeywordDelegatingMetaClass.java:50)
	at View Location Product Details.run(View Location Product Details:24)
	at com.kms.katalon.core.main.ScriptEngine.run(ScriptEngine.java:194)
	at com.kms.katalon.core.main.ScriptEngine.runScriptAsRawText(ScriptEngine.java:119)
	at com.kms.katalon.core.main.TestCaseExecutor.runScript(TestCaseExecutor.java:398)
	at com.kms.katalon.core.main.TestCaseExecutor.doExecute(TestCaseExecutor.java:389)
	at com.kms.katalon.core.main.TestCaseExecutor.processExecutionPhase(TestCaseExecutor.java:368)
	at com.kms.katalon.core.main.TestCaseExecutor.accessMainPhase(TestCaseExecutor.java:360)
	at com.kms.katalon.core.main.TestCaseExecutor.execute(TestCaseExecutor.java:255)
	at com.kms.katalon.core.main.TestSuiteExecutor.accessTestCaseMainPhase(TestSuiteExecutor.java:203)
	at com.kms.katalon.core.main.TestSuiteExecutor.accessTestSuiteMainPhase(TestSuiteExecutor.java:152)
	at com.kms.katalon.core.main.TestSuiteExecutor.execute(TestSuiteExecutor.java:95)
	at com.kms.katalon.core.main.TestCaseMain.startTestSuite(TestCaseMain.java:157)
	at com.kms.katalon.core.main.TestCaseMain$startTestSuite$0.call(Unknown Source)
	at TempTestSuite1633537495900.run(TempTestSuite1633537495900.groovy:39)
)
[[ATTACHMENT|/Users/sahil.vidaysingh/Katalon Studio/testing/Reports/20211006_215455/sanity_iOS/20211006_215455/1633539998298.png]]

2021-10-06 22:36:38 - [MESSAGE][WARNING] - Timeout '0' is invalid. Using default page load timeout: '30'

2021-10-06 22:36:39 - [MESSAGE][PASSED] - Element 'Object Repository/iOS/Account_Selection/You must select an account to continue_Text' is present

2021-10-06 22:36:48 - [MESSAGE][PASSED] - Scrolling to text '10-676018' successfully

2021-10-06 22:36:48 - [MESSAGE][WARNING] - Timeout '0' is invalid. Using default page load timeout: '30'

2021-10-06 22:36:50 - [MESSAGE][PASSED] - Tapped on element 'Object Repository/iOS/Account_Selection/AccountNo_Text'

2021-10-06 22:36:51 - [MESSAGE][WARNING] - Element 'Object Repository/iOS/Product_Search/Progress_Bar' not found
[[ATTACHMENT|/Users/sahil.vidaysingh/Katalon Studio/testing/Reports/20211006_215455/sanity_iOS/20211006_215455/1633540011332.png]]

2021-10-06 22:36:51 - [MESSAGE][PASSED] - ios_account_selection.Select_An_Account.Custom is PASSED

2021-10-06 22:36:51 - [TEST_STEP][PASSED] - ios_dashboard.dashboard_details.click_On_More_Options(): ios_dashboard.dashboard_details.click_On_More_Options is PASSED

2021-10-06 22:36:51 - [MESSAGE][WARNING] - Timeout '0' is invalid. Using default page load timeout: '30'

2021-10-06 22:36:52 - [MESSAGE][PASSED] - Tapped on element 'Object Repository/iOS/Dashboard/More Options_Tab'

2021-10-06 22:36:52 - [MESSAGE][PASSED] - ios_dashboard.dashboard_details.click_On_More_Options is PASSED

2021-10-06 22:36:52 - [TEST_STEP][PASSED] - ios_more_options_screen.Go_To_Inventory_Listing_Screen.Custom(): ios_more_options_screen.Go_To_Inventory_Listing_Screen.Custom is PASSED

2021-10-06 22:36:56 - [MESSAGE][WARNING] - Element 'Object Repository/iOS/Product_Search/Progress_Bar' not found
[[ATTACHMENT|/Users/sahil.vidaysingh/Katalon Studio/testing/Reports/20211006_215455/sanity_iOS/20211006_215455/1633540016225.png]]

2021-10-06 22:36:56 - [MESSAGE][WARNING] - Timeout '0' is invalid. Using default page load timeout: '30'

2021-10-06 22:36:57 - [MESSAGE][PASSED] - Tapped on element 'Object Repository/iOS/More Options Screen/Inventory Selection Under MoreOptions_Text'

2021-10-06 22:36:58 - [MESSAGE][PASSED] - Element 'Object Repository/iOS/Product_Search/Progress_Bar' is exist

2021-10-06 22:37:02 - [MESSAGE][PASSED] - Delayed 4 second(s)

2021-10-06 22:37:06 - [MESSAGE][WARNING] - Element 'Object Repository/iOS/Product_Search/Progress_Bar' not found
[[ATTACHMENT|/Users/sahil.vidaysingh/Katalon Studio/testing/Reports/20211006_215455/sanity_iOS/20211006_215455/1633540026275.png]]

2021-10-06 22:37:06 - [MESSAGE][PASSED] - ios_more_options_screen.Go_To_Inventory_Listing_Screen.Custom is PASSED

2021-10-06 22:37:06 - [TEST_STEP][PASSED] - ios_inventory.Inventory_listing_Screen.create_Inventory(Inventory_Name): ios_inventory.Inventory_listing_Screen.create_Inventory is PASSED

2021-10-06 22:37:06 - [MESSAGE][WARNING] - Timeout '0' is invalid. Using default page load timeout: '30'

2021-10-06 22:37:06 - [MESSAGE][PASSED] - Element 'Object Repository/iOS/Inventory/Inventory Listing Screen/Verification Details/Create_InventorySectionHeader' is exist

2021-10-06 22:37:06 - [MESSAGE][WARNING] - Timeout '0' is invalid. Using default page load timeout: '30'

2021-10-06 22:37:07 - [MESSAGE][PASSED] - Tapped on element 'Object Repository/iOS/Inventory/Inventory Listing Screen/Verification Details/Create_InventorySectionHeader'

2021-10-06 22:37:07 - [MESSAGE][WARNING] - Timeout '0' is invalid. Using default page load timeout: '30'

2021-10-06 22:37:08 - [MESSAGE][PASSED] - Tapped on element 'Object Repository/iOS/Inventory/Inventory Listing Screen/Verification Details/Inventory Name_Text'

2021-10-06 22:37:08 - [MESSAGE][WARNING] - Timeout '0' is invalid. Using default page load timeout: '30'

2021-10-06 22:37:09 - [MESSAGE][PASSED] - Text 'KatalonInvv' has been set to element 'Object Repository/iOS/Inventory/Inventory Listing Screen/Verification Details/InventoryName TextField'

2021-10-06 22:37:09 - [MESSAGE][WARNING] - Duration '0' is invalid. Using default duration.

2021-10-06 22:37:09 - [MESSAGE][WARNING] - Timeout '0' is invalid. Using default page load timeout: '30'

2021-10-06 22:37:11 - [MESSAGE][PASSED] - Tapped and held on element 'Object Repository/iOS/Inventory/Inventory Listing Screen/Create New Inventory_Screen/Return_Keypad_Button' with duration (default)

2021-10-06 22:37:11 - [MESSAGE][WARNING] - Timeout '0' is invalid. Using default page load timeout: '30'

2021-10-06 22:37:12 - [MESSAGE][PASSED] - Tapped on element 'Object Repository/iOS/Inventory/Inventory Listing Screen/Create New Inventory_Screen/Create Inventory_Text'

2021-10-06 22:37:13 - [MESSAGE][PASSED] - Element 'Object Repository/iOS/Product_Search/Progress_Bar' is exist

2021-10-06 22:37:14 - [MESSAGE][PASSED] - Delayed 1 second(s)

2021-10-06 22:37:15 - [MESSAGE][WARNING] - Element 'Object Repository/iOS/Product_Search/Progress_Bar' not found
[[ATTACHMENT|/Users/sahil.vidaysingh/Katalon Studio/testing/Reports/20211006_215455/sanity_iOS/20211006_215455/1633540035336.png]]

2021-10-06 22:37:15 - [MESSAGE][PASSED] - ios_inventory.Inventory_listing_Screen.create_Inventory is PASSED

2021-10-06 22:37:15 - [TEST_STEP][PASSED] - ios_inventory.Inventory_details_Screen.add_Location(Location_Name, Cost_Type): ios_inventory.Inventory_details_Screen.add_Location is PASSED

2021-10-06 22:37:15 - [MESSAGE][WARNING] - Timeout '0' is invalid. Using default page load timeout: '30'

2021-10-06 22:37:16 - [MESSAGE][PASSED] - Tapped on element 'Object Repository/iOS/Inventory/Inventory Details Screen/Add Location/Add location_Text'

2021-10-06 22:37:16 - [MESSAGE][WARNING] - Timeout '0' is invalid. Using default page load timeout: '30'

2021-10-06 22:37:17 - [MESSAGE][PASSED] - Tapped on element 'Object Repository/iOS/Inventory/Inventory Details Screen/Add Location/LocationName_TextField'

2021-10-06 22:37:17 - [MESSAGE][WARNING] - Timeout '0' is invalid. Using default page load timeout: '30'

2021-10-06 22:37:18 - [MESSAGE][PASSED] - Text 'jujutsuu' has been set to element 'Object Repository/iOS/Inventory/Inventory Details Screen/Add Location/LocationName_TextField'

2021-10-06 22:37:18 - [MESSAGE][WARNING] - Timeout '0' is invalid. Using default page load timeout: '30'

2021-10-06 22:37:19 - [MESSAGE][PASSED] - Tapped on element 'Object Repository/iOS/Inventory/Inventory Details Screen/Add Location/Last Price_Button'

2021-10-06 22:37:19 - [MESSAGE][WARNING] - Timeout '0' is invalid. Using default page load timeout: '30'

2021-10-06 22:37:20 - [MESSAGE][PASSED] - Tapped on element 'Object Repository/iOS/Inventory/Inventory Details Screen/Add Location/Create New Location_Text'

2021-10-06 22:37:21 - [MESSAGE][PASSED] - Element 'Object Repository/iOS/Product_Search/Progress_Bar' is exist

2021-10-06 22:37:22 - [MESSAGE][PASSED] - Delayed 1 second(s)

2021-10-06 22:37:24 - [MESSAGE][WARNING] - Element 'Object Repository/iOS/Product_Search/Progress_Bar' not found
[[ATTACHMENT|/Users/sahil.vidaysingh/Katalon Studio/testing/Reports/20211006_215455/sanity_iOS/20211006_215455/1633540043938.png]]

2021-10-06 22:37:24 - [MESSAGE][WARNING] - Timeout '0' is invalid. Using default page load timeout: '30'

2021-10-06 22:37:24 - [MESSAGE][PASSED] - Element 'Object Repository/iOS/Inventory/Inventory Details Screen/Add Location/LocationName Verification_Text' is exist

2021-10-06 22:37:24 - [MESSAGE][PASSED] - ios_inventory.Inventory_details_Screen.add_Location is PASSED

2021-10-06 22:37:24 - [TEST_STEP][PASSED] - ios_inventory.Inventory_details_Screen.click_On_Location(Location_Name): ios_inventory.Inventory_details_Screen.click_On_Location is PASSED

2021-10-06 22:37:24 - [MESSAGE][WARNING] - Timeout '0' is invalid. Using default page load timeout: '30'

2021-10-06 22:37:26 - [MESSAGE][PASSED] - Tapped on element 'Object Repository/iOS/Inventory/Inventory Details Screen/Add Location/Tap On Location_Text'

2021-10-06 22:37:26 - [MESSAGE][PASSED] - ios_inventory.Inventory_details_Screen.click_On_Location is PASSED

2021-10-06 22:37:26 - [TEST_STEP][PASSED] - ios_inventory.Location_details_Screen.add_Product_to_Location(Location_Name, Product_Name): ios_inventory.Location_details_Screen.add_Product_to_Location is PASSED

2021-10-06 22:37:26 - [MESSAGE][PASSED] - Element 'Object Repository/iOS/Product_Search/Progress_Bar' is exist

2021-10-06 22:37:27 - [MESSAGE][PASSED] - Delayed 1 second(s)

2021-10-06 22:37:29 - [MESSAGE][WARNING] - Element 'Object Repository/iOS/Product_Search/Progress_Bar' not found
[[ATTACHMENT|/Users/sahil.vidaysingh/Katalon Studio/testing/Reports/20211006_215455/sanity_iOS/20211006_215455/1633540048992.png]]

2021-10-06 22:37:29 - [MESSAGE][WARNING] - Duration '0' is invalid. Using default duration.

2021-10-06 22:37:29 - [MESSAGE][WARNING] - Timeout '0' is invalid. Using default page load timeout: '30'

2021-10-06 22:37:30 - [MESSAGE][PASSED] - Tapped and held on element 'Object Repository/iOS/Inventory/Location Details_Screen/Add Product to Location/Product SearchField' with duration (default)

2021-10-06 22:37:31 - [MESSAGE][WARNING] - Element 'Object Repository/iOS/Product_Search/Progress_Bar' not found
[[ATTACHMENT|/Users/sahil.vidaysingh/Katalon Studio/testing/Reports/20211006_215455/sanity_iOS/20211006_215455/1633540051899.png]]

2021-10-06 22:37:32 - [MESSAGE][WARNING] - Timeout '0' is invalid. Using default page load timeout: '30'

2021-10-06 22:37:33 - [MESSAGE][PASSED] - Text 'tyl' has been set to element 'Object Repository/iOS/Inventory/Location Details_Screen/Add Product to Location/Product SearchField'

2021-10-06 22:37:33 - [MESSAGE][WARNING] - Duration '0' is invalid. Using default duration.

2021-10-06 22:37:33 - [MESSAGE][WARNING] - Timeout '0' is invalid. Using default page load timeout: '30'

2021-10-06 22:37:35 - [MESSAGE][PASSED] - Tapped and held on element 'Object Repository/iOS/Product_Search/Search Key_Button' with duration (default)

2021-10-06 22:37:35 - [MESSAGE][PASSED] - Element 'Object Repository/iOS/Product_Search/Progress_Bar' is exist

2021-10-06 22:37:36 - [MESSAGE][PASSED] - Delayed 1 second(s)

2021-10-06 22:37:37 - [MESSAGE][PASSED] - Element 'Object Repository/iOS/Product_Search/Progress_Bar' is exist

2021-10-06 22:37:38 - [MESSAGE][PASSED] - Delayed 1 second(s)

2021-10-06 22:37:38 - [MESSAGE][PASSED] - Element 'Object Repository/iOS/Product_Search/Progress_Bar' is exist

2021-10-06 22:37:39 - [MESSAGE][PASSED] - Delayed 1 second(s)

2021-10-06 22:37:40 - [MESSAGE][PASSED] - Element 'Object Repository/iOS/Product_Search/Progress_Bar' is exist

2021-10-06 22:37:41 - [MESSAGE][PASSED] - Delayed 1 second(s)

2021-10-06 22:37:48 - [MESSAGE][PASSED] - Element 'Object Repository/iOS/Product_Search/Progress_Bar' is exist

2021-10-06 22:37:49 - [MESSAGE][PASSED] - Delayed 1 second(s)

2021-10-06 22:37:54 - [MESSAGE][WARNING] - Element 'Object Repository/iOS/Product_Search/Progress_Bar' not found
[[ATTACHMENT|/Users/sahil.vidaysingh/Katalon Studio/testing/Reports/20211006_215455/sanity_iOS/20211006_215455/1633540074496.png]]

2021-10-06 22:37:54 - [MESSAGE][WARNING] - Timeout '0' is invalid. Using default page load timeout: '30'

2021-10-06 22:38:01 - [MESSAGE][PASSED] - Tapped on element 'Object Repository/iOS/Inventory/Location Details_Screen/Add Product to Location/Add Product to Location_Text'

2021-10-06 22:38:01 - [MESSAGE][WARNING] - Timeout '0' is invalid. Using default page load timeout: '30'

2021-10-06 22:38:08 - [MESSAGE][PASSED] - Tapped on element 'Object Repository/iOS/Inventory/Location Details_Screen/Add Product to Location/Continue Browsing After Adding Product_Text'

2021-10-06 22:38:08 - [MESSAGE][PASSED] - ios_inventory.Location_details_Screen.add_Product_to_Location is PASSED

2021-10-06 22:38:08 - [TEST_STEP][PASSED] - ios_common_keywords.Go_Back.Custom(): ios_common_keywords.Go_Back.Custom is PASSED

2021-10-06 22:38:13 - [MESSAGE][WARNING] - Element 'Object Repository/iOS/Product_Search/Progress_Bar' not found
[[ATTACHMENT|/Users/sahil.vidaysingh/Katalon Studio/testing/Reports/20211006_215455/sanity_iOS/20211006_215455/1633540093786.png]]

2021-10-06 22:38:21 - [MESSAGE][WARNING] - Element 'Object Repository/iOS/Product_Search/Back_Text' not found
[[ATTACHMENT|/Users/sahil.vidaysingh/Katalon Studio/testing/Reports/20211006_215455/sanity_iOS/20211006_215455/1633540100911.png]]

2021-10-06 22:38:26 - [MESSAGE][PASSED] - Tapped on element 'Object Repository/iOS/Inventory/Location Details_Screen/Add Product to Location/Back Button_Text'

2021-10-06 22:38:28 - [MESSAGE][WARNING] - Element 'Object Repository/iOS/Product_Search/Progress_Bar' not found
[[ATTACHMENT|/Users/sahil.vidaysingh/Katalon Studio/testing/Reports/20211006_215455/sanity_iOS/20211006_215455/1633540108720.png]]

2021-10-06 22:38:28 - [MESSAGE][PASSED] - ios_common_keywords.Go_Back.Custom is PASSED

2021-10-06 22:38:28 - [TEST_STEP][PASSED] - ios_inventory.Location_details_Screen.verify_Location_details_Screen(Location_Name): ios_inventory.Location_details_Screen.verify_Location_details_Screen is PASSED

2021-10-06 22:38:28 - [MESSAGE][WARNING] - Timeout '0' is invalid. Using default page load timeout: '30'

2021-10-06 22:38:29 - [MESSAGE][PASSED] - Element 'Object Repository/iOS/Inventory/Inventory Details Screen/Verification Details/Inventory Header_Label' is exist

2021-10-06 22:38:29 - [MESSAGE][WARNING] - Timeout '0' is invalid. Using default page load timeout: '30'

2021-10-06 22:38:30 - [MESSAGE][PASSED] - Element 'Object Repository/iOS/Product_Search/Scan_Icon' is exist

2021-10-06 22:38:30 - [MESSAGE][WARNING] - Timeout '0' is invalid. Using default page load timeout: '30'

2021-10-06 22:38:30 - [MESSAGE][PASSED] - Element 'Object Repository/iOS/Inventory/Location Details_Screen/Share Location/Share Location_Text' is exist

2021-10-06 22:38:30 - [MESSAGE][WARNING] - Timeout '0' is invalid. Using default page load timeout: '30'

2021-10-06 22:38:31 - [MESSAGE][PASSED] - Element 'Object Repository/iOS/Inventory/Location Details_Screen/Verification Details/Location Title_Label' is exist

2021-10-06 22:38:31 - [MESSAGE][PASSED] - ios_inventory.Location_details_Screen.verify_Location_details_Screen is PASSED

2021-10-06 22:38:31 - [TEST_STEP][PASSED] - ios_common_keywords.Go_Back.Custom(): ios_common_keywords.Go_Back.Custom is PASSED

2021-10-06 22:38:33 - [MESSAGE][WARNING] - Element 'Object Repository/iOS/Product_Search/Progress_Bar' not found
[[ATTACHMENT|/Users/sahil.vidaysingh/Katalon Studio/testing/Reports/20211006_215455/sanity_iOS/20211006_215455/1633540113663.png]]

2021-10-06 22:38:38 - [MESSAGE][WARNING] - Element 'Object Repository/iOS/Product_Search/Back_Text' not found
[[ATTACHMENT|/Users/sahil.vidaysingh/Katalon Studio/testing/Reports/20211006_215455/sanity_iOS/20211006_215455/1633540118034.png]]

2021-10-06 22:38:39 - [MESSAGE][PASSED] - Tapped on element 'Object Repository/iOS/Inventory/Location Details_Screen/Add Product to Location/Back Button_Text'

2021-10-06 22:38:41 - [MESSAGE][WARNING] - Element 'Object Repository/iOS/Product_Search/Progress_Bar' not found
[[ATTACHMENT|/Users/sahil.vidaysingh/Katalon Studio/testing/Reports/20211006_215455/sanity_iOS/20211006_215455/1633540121717.png]]

2021-10-06 22:38:41 - [MESSAGE][PASSED] - ios_common_keywords.Go_Back.Custom is PASSED

2021-10-06 22:38:41 - [TEST_STEP][PASSED] - ios_inventory.Inventory_details_Screen.delete_Location(): ios_inventory.Inventory_details_Screen.delete_Location is PASSED

2021-10-06 22:38:41 - [MESSAGE][WARNING] - Timeout '0' is invalid. Using default page load timeout: '30'

2021-10-06 22:38:43 - [MESSAGE][PASSED] - Tapped on element 'Object Repository/iOS/Inventory/Location Details_Screen/Delete_Location/Slide_PopUp_Button for Location Deletion'

2021-10-06 22:38:43 - [MESSAGE][WARNING] - Timeout '0' is invalid. Using default page load timeout: '30'

2021-10-06 22:38:44 - [MESSAGE][PASSED] - Tapped on element 'Object Repository/iOS/Inventory/Location Details_Screen/Delete_Location/Delete Location_Text'

2021-10-06 22:38:44 - [MESSAGE][WARNING] - Timeout '0' is invalid. Using default page load timeout: '30'

2021-10-06 22:38:46 - [MESSAGE][PASSED] - Tapped on element 'Object Repository/iOS/Inventory/Location Details_Screen/Delete_Location/Yes_Text'

2021-10-06 22:38:46 - [MESSAGE][WARNING] - Timeout '0' is invalid. Using default page load timeout: '30'

2021-10-06 22:39:16 - [MESSAGE][PASSED] - Element 'Object Repository/iOS/Inventory/Inventory Details Screen/Add Location/LocationName Verification_Text' not found

2021-10-06 22:39:16 - [MESSAGE][PASSED] - ios_inventory.Inventory_details_Screen.delete_Location is PASSED

2021-10-06 22:39:16 - [TEST_STEP][PASSED] - ios_common_keywords.Go_Back.Custom(): ios_common_keywords.Go_Back.Custom is PASSED

2021-10-06 22:39:18 - [MESSAGE][WARNING] - Element 'Object Repository/iOS/Product_Search/Progress_Bar' not found
[[ATTACHMENT|/Users/sahil.vidaysingh/Katalon Studio/testing/Reports/20211006_215455/sanity_iOS/20211006_215455/1633540158630.png]]

2021-10-06 22:39:23 - [MESSAGE][WARNING] - Element 'Object Repository/iOS/Product_Search/Back_Text' not found
[[ATTACHMENT|/Users/sahil.vidaysingh/Katalon Studio/testing/Reports/20211006_215455/sanity_iOS/20211006_215455/1633540162922.png]]

2021-10-06 22:39:24 - [MESSAGE][PASSED] - Tapped on element 'Object Repository/iOS/Inventory/Location Details_Screen/Add Product to Location/Back Button_Text'

2021-10-06 22:39:26 - [MESSAGE][WARNING] - Element 'Object Repository/iOS/Product_Search/Progress_Bar' not found
[[ATTACHMENT|/Users/sahil.vidaysingh/Katalon Studio/testing/Reports/20211006_215455/sanity_iOS/20211006_215455/1633540166591.png]]

2021-10-06 22:39:26 - [MESSAGE][PASSED] - ios_common_keywords.Go_Back.Custom is PASSED

2021-10-06 22:39:26 - [TEST_STEP][PASSED] - ios_inventory.Inventory_listing_Screen.verify_Inventory_Listing_Screen(): ios_inventory.Inventory_listing_Screen.verify_Inventory_Listing_Screen is PASSED

2021-10-06 22:39:26 - [MESSAGE][WARNING] - Timeout '0' is invalid. Using default page load timeout: '30'

2021-10-06 22:39:27 - [MESSAGE][PASSED] - Element 'Object Repository/iOS/Inventory/Inventory Listing Screen/Verification Details/Lets get started with your inventory_Text' is exist

2021-10-06 22:39:27 - [MESSAGE][WARNING] - Timeout '0' is invalid. Using default page load timeout: '30'

2021-10-06 22:39:28 - [MESSAGE][PASSED] - Element 'Object Repository/iOS/Inventory/Inventory Details Screen/Verification Details/Inventory Header_Label' is exist

2021-10-06 22:39:28 - [MESSAGE][PASSED] - ios_inventory.Inventory_listing_Screen.verify_Inventory_Listing_Screen is PASSED

2021-10-06 22:39:28 - [TEST_STEP][PASSED] - ios_inventory.Inventory_listing_Screen.delete_Inventory(Inventory_Name): ios_inventory.Inventory_listing_Screen.delete_Inventory is PASSED

2021-10-06 22:39:29 - [MESSAGE][WARNING] - Element 'Object Repository/iOS/Product_Search/Progress_Bar' not found
[[ATTACHMENT|/Users/sahil.vidaysingh/Katalon Studio/testing/Reports/20211006_215455/sanity_iOS/20211006_215455/1633540169457.png]]

2021-10-06 22:39:29 - [MESSAGE][WARNING] - Timeout '0' is invalid. Using default page load timeout: '30'

2021-10-06 22:39:30 - [MESSAGE][PASSED] - Tapped on element 'Object Repository/iOS/Inventory/Inventory Listing Screen/Delete Inventory/Slide_PopUpButton For Inventory Deletion'

2021-10-06 22:39:30 - [MESSAGE][WARNING] - Timeout '0' is invalid. Using default page load timeout: '30'

2021-10-06 22:39:31 - [MESSAGE][PASSED] - Tapped on element 'Object Repository/iOS/Inventory/Inventory Listing Screen/Delete Inventory/Delete Inventory_Text'

2021-10-06 22:39:31 - [MESSAGE][WARNING] - Timeout '0' is invalid. Using default page load timeout: '30'

2021-10-06 22:39:33 - [MESSAGE][PASSED] - Tapped on element 'Object Repository/iOS/Inventory/Inventory Listing Screen/Delete Inventory/Yes for Deletion_Text'

2021-10-06 22:39:34 - [MESSAGE][PASSED] - Element 'Object Repository/iOS/Product_Search/Progress_Bar' is exist

2021-10-06 22:39:35 - [MESSAGE][PASSED] - Delayed 1 second(s)

2021-10-06 22:39:36 - [MESSAGE][PASSED] - Element 'Object Repository/iOS/Product_Search/Progress_Bar' is exist

2021-10-06 22:39:37 - [MESSAGE][PASSED] - Delayed 1 second(s)

2021-10-06 22:39:38 - [MESSAGE][WARNING] - Element 'Object Repository/iOS/Product_Search/Progress_Bar' not found
[[ATTACHMENT|/Users/sahil.vidaysingh/Katalon Studio/testing/Reports/20211006_215455/sanity_iOS/20211006_215455/1633540178574.png]]

2021-10-06 22:39:38 - [MESSAGE][WARNING] - Timeout '0' is invalid. Using default page load timeout: '30'

2021-10-06 22:40:08 - [MESSAGE][PASSED] - Element 'Object Repository/iOS/Inventory/Inventory Details Screen/Open Inventory Details/Open Inventory_Text' not found

2021-10-06 22:40:08 - [MESSAGE][PASSED] - ios_inventory.Inventory_listing_Screen.delete_Inventory is PASSED]]></system-out>
         <system-err><![CDATA[]]></system-err>
      </testcase>
      <testcase name="Test Cases/iOS/Inventory/Delete Location And Inventory after Adding Product" time="304.098" classname="Test Cases/iOS/Inventory/Delete Location And Inventory after Adding Product" status="PASSED">
         <system-out><![CDATA[2021-10-06 22:40:08 - [TEST_CASE][PASSED] - Test Cases/iOS/Inventory/Delete Location And Inventory after Adding Product: Test Cases/iOS/Inventory/Delete Location And Inventory after Adding Product

2021-10-06 22:40:09 - [TEST_STEP][PASSED] - ios_common_keywords.Start_Application.custom(): ios_common_keywords.Start_Application.custom is PASSED

2021-10-06 22:41:06 - [MESSAGE][PASSED] - Started app at: '/Users/sahil.vidaysingh/Downloads/Hatch 3.app'

2021-10-06 22:41:06 - [MESSAGE][PASSED] - ios_common_keywords.Start_Application.custom is PASSED

2021-10-06 22:41:06 - [TEST_STEP][PASSED] - ios_login.Login_Screen.login(Password): ios_login.Login_Screen.login is PASSED

2021-10-06 22:41:07 - [MESSAGE][PASSED] - Element 'Object Repository/iOS/LogIn/Environment_Selection_Screen/Environment Selection_Text' is exist

2021-10-06 22:41:07 - [MESSAGE][WARNING] - Timeout '0' is invalid. Using default page load timeout: '30'

2021-10-06 22:41:07 - [MESSAGE][PASSED] - Tapped on element 'Object Repository/iOS/LogIn/Environment_Selection_Screen/Environment Selection_Text'

2021-10-06 22:41:07 - [MESSAGE][WARNING] - Timeout '0' is invalid. Using default page load timeout: '30'

2021-10-06 22:41:09 - [MESSAGE][PASSED] - Tapped on element 'Object Repository/iOS/LogIn/Environment_Selection_Screen/Environment_Button'

2021-10-06 22:41:09 - [MESSAGE][WARNING] - Timeout '0' is invalid. Using default page load timeout: '30'

2021-10-06 22:41:09 - [MESSAGE][PASSED] - Tapped on element 'Object Repository/iOS/LogIn/Login_Details_Screen/Login UserName_Button'

2021-10-06 22:41:09 - [MESSAGE][WARNING] - Timeout '0' is invalid. Using default page load timeout: '30'

2021-10-06 22:41:10 - [MESSAGE][PASSED] - Text 'kavan.mobile.r' has been set to element 'Object Repository/iOS/LogIn/Login_Details_Screen/UserName_Text_Field'

2021-10-06 22:41:10 - [MESSAGE][WARNING] - Timeout '0' is invalid. Using default page load timeout: '30'

2021-10-06 22:41:11 - [MESSAGE][PASSED] - Tapped on element 'Object Repository/iOS/LogIn/Login_Details_Screen/LoginBar-ButtonDown'

2021-10-06 22:41:11 - [MESSAGE][WARNING] - Timeout '0' is invalid. Using default page load timeout: '30'

2021-10-06 22:41:12 - [MESSAGE][PASSED] - Tapped on element 'Object Repository/iOS/LogIn/Login_Details_Screen/Password-Button'

2021-10-06 22:41:12 - [MESSAGE][WARNING] - Timeout '0' is invalid. Using default page load timeout: '30'

2021-10-06 22:41:13 - [MESSAGE][PASSED] - Text 'C@rdinal!' has been set to element 'Object Repository/iOS/LogIn/Login_Details_Screen/Password-Secure_Text_Field'

2021-10-06 22:41:13 - [MESSAGE][WARNING] - Timeout '0' is invalid. Using default page load timeout: '30'

2021-10-06 22:41:14 - [MESSAGE][PASSED] - Tapped on element 'Object Repository/iOS/LogIn/Login_Details_Screen/SignIn_Button'

2021-10-06 22:41:14 - [MESSAGE][PASSED] - ios_login.Login_Screen.login is PASSED

2021-10-06 22:41:14 - [TEST_STEP][PASSED] - ios_account_selection.Select_An_Account.Custom(Account): ios_account_selection.Select_An_Account.Custom is PASSED

2021-10-06 22:41:15 - [MESSAGE][PASSED] - Element 'Object Repository/iOS/Product_Search/Progress_Bar' is exist

2021-10-06 22:41:16 - [MESSAGE][PASSED] - Delayed 1 second(s)

2021-10-06 22:41:16 - [MESSAGE][PASSED] - Element 'Object Repository/iOS/Product_Search/Progress_Bar' is exist

2021-10-06 22:41:17 - [MESSAGE][PASSED] - Delayed 1 second(s)

2021-10-06 22:41:18 - [MESSAGE][PASSED] - Element 'Object Repository/iOS/Product_Search/Progress_Bar' is exist

2021-10-06 22:41:19 - [MESSAGE][PASSED] - Delayed 1 second(s)

2021-10-06 22:41:19 - [MESSAGE][PASSED] - Element 'Object Repository/iOS/Product_Search/Progress_Bar' is exist

2021-10-06 22:41:20 - [MESSAGE][PASSED] - Delayed 1 second(s)

2021-10-06 22:41:20 - [MESSAGE][PASSED] - Element 'Object Repository/iOS/Product_Search/Progress_Bar' is exist

2021-10-06 22:41:21 - [MESSAGE][PASSED] - Delayed 1 second(s)

2021-10-06 22:41:22 - [MESSAGE][PASSED] - Element 'Object Repository/iOS/Product_Search/Progress_Bar' is exist

2021-10-06 22:41:23 - [MESSAGE][PASSED] - Delayed 1 second(s)

2021-10-06 22:41:24 - [MESSAGE][PASSED] - Element 'Object Repository/iOS/Product_Search/Progress_Bar' is exist

2021-10-06 22:41:25 - [MESSAGE][PASSED] - Delayed 1 second(s)

2021-10-06 22:41:26 - [MESSAGE][WARNING] - Element 'Object Repository/iOS/Product_Search/Progress_Bar' not found
[[ATTACHMENT|/Users/sahil.vidaysingh/Katalon Studio/testing/Reports/20211006_215455/sanity_iOS/20211006_215455/1633540286348.png]]

2021-10-06 22:41:26 - [MESSAGE][WARNING] - Timeout '0' is invalid. Using default page load timeout: '30'

2021-10-06 22:41:26 - [MESSAGE][PASSED] - Element 'Object Repository/iOS/Account_Selection/You must select an account to continue_Text' is present

2021-10-06 22:41:35 - [MESSAGE][PASSED] - Scrolling to text '10-676018' successfully

2021-10-06 22:41:35 - [MESSAGE][WARNING] - Timeout '0' is invalid. Using default page load timeout: '30'

2021-10-06 22:41:36 - [MESSAGE][PASSED] - Tapped on element 'Object Repository/iOS/Account_Selection/AccountNo_Text'

2021-10-06 22:41:38 - [MESSAGE][WARNING] - Element 'Object Repository/iOS/Product_Search/Progress_Bar' not found
[[ATTACHMENT|/Users/sahil.vidaysingh/Katalon Studio/testing/Reports/20211006_215455/sanity_iOS/20211006_215455/1633540298214.png]]

2021-10-06 22:41:38 - [MESSAGE][PASSED] - ios_account_selection.Select_An_Account.Custom is PASSED

2021-10-06 22:41:38 - [TEST_STEP][PASSED] - ios_dashboard.dashboard_details.click_On_More_Options(): ios_dashboard.dashboard_details.click_On_More_Options is PASSED

2021-10-06 22:41:38 - [MESSAGE][WARNING] - Timeout '0' is invalid. Using default page load timeout: '30'

2021-10-06 22:41:38 - [MESSAGE][PASSED] - Tapped on element 'Object Repository/iOS/Dashboard/More Options_Tab'

2021-10-06 22:41:38 - [MESSAGE][PASSED] - ios_dashboard.dashboard_details.click_On_More_Options is PASSED

2021-10-06 22:41:38 - [TEST_STEP][PASSED] - ios_more_options_screen.Go_To_Inventory_Listing_Screen.Custom(): ios_more_options_screen.Go_To_Inventory_Listing_Screen.Custom is PASSED

2021-10-06 22:41:43 - [MESSAGE][WARNING] - Element 'Object Repository/iOS/Product_Search/Progress_Bar' not found
[[ATTACHMENT|/Users/sahil.vidaysingh/Katalon Studio/testing/Reports/20211006_215455/sanity_iOS/20211006_215455/1633540303192.png]]

2021-10-06 22:41:43 - [MESSAGE][WARNING] - Timeout '0' is invalid. Using default page load timeout: '30'

2021-10-06 22:41:44 - [MESSAGE][PASSED] - Tapped on element 'Object Repository/iOS/More Options Screen/Inventory Selection Under MoreOptions_Text'

2021-10-06 22:41:44 - [MESSAGE][PASSED] - Element 'Object Repository/iOS/Product_Search/Progress_Bar' is exist

2021-10-06 22:41:48 - [MESSAGE][PASSED] - Delayed 4 second(s)

2021-10-06 22:41:53 - [MESSAGE][WARNING] - Element 'Object Repository/iOS/Product_Search/Progress_Bar' not found
[[ATTACHMENT|/Users/sahil.vidaysingh/Katalon Studio/testing/Reports/20211006_215455/sanity_iOS/20211006_215455/1633540313279.png]]

2021-10-06 22:41:53 - [MESSAGE][PASSED] - ios_more_options_screen.Go_To_Inventory_Listing_Screen.Custom is PASSED

2021-10-06 22:41:53 - [TEST_STEP][PASSED] - ios_inventory.Inventory_listing_Screen.create_Inventory(Inventory_Name): ios_inventory.Inventory_listing_Screen.create_Inventory is PASSED

2021-10-06 22:41:53 - [MESSAGE][WARNING] - Timeout '0' is invalid. Using default page load timeout: '30'

2021-10-06 22:41:54 - [MESSAGE][PASSED] - Element 'Object Repository/iOS/Inventory/Inventory Listing Screen/Verification Details/Create_InventorySectionHeader' is exist

2021-10-06 22:41:54 - [MESSAGE][WARNING] - Timeout '0' is invalid. Using default page load timeout: '30'

2021-10-06 22:41:55 - [MESSAGE][PASSED] - Tapped on element 'Object Repository/iOS/Inventory/Inventory Listing Screen/Verification Details/Create_InventorySectionHeader'

2021-10-06 22:41:55 - [MESSAGE][WARNING] - Timeout '0' is invalid. Using default page load timeout: '30'

2021-10-06 22:41:56 - [MESSAGE][PASSED] - Tapped on element 'Object Repository/iOS/Inventory/Inventory Listing Screen/Verification Details/Inventory Name_Text'

2021-10-06 22:41:56 - [MESSAGE][WARNING] - Timeout '0' is invalid. Using default page load timeout: '30'

2021-10-06 22:41:56 - [MESSAGE][PASSED] - Text 'KatalonInvv' has been set to element 'Object Repository/iOS/Inventory/Inventory Listing Screen/Verification Details/InventoryName TextField'

2021-10-06 22:41:56 - [MESSAGE][WARNING] - Duration '0' is invalid. Using default duration.

2021-10-06 22:41:56 - [MESSAGE][WARNING] - Timeout '0' is invalid. Using default page load timeout: '30'

2021-10-06 22:41:58 - [MESSAGE][PASSED] - Tapped and held on element 'Object Repository/iOS/Inventory/Inventory Listing Screen/Create New Inventory_Screen/Return_Keypad_Button' with duration (default)

2021-10-06 22:41:58 - [MESSAGE][WARNING] - Timeout '0' is invalid. Using default page load timeout: '30'

2021-10-06 22:41:59 - [MESSAGE][PASSED] - Tapped on element 'Object Repository/iOS/Inventory/Inventory Listing Screen/Create New Inventory_Screen/Create Inventory_Text'

2021-10-06 22:41:59 - [MESSAGE][PASSED] - Element 'Object Repository/iOS/Product_Search/Progress_Bar' is exist

2021-10-06 22:42:00 - [MESSAGE][PASSED] - Delayed 1 second(s)

2021-10-06 22:42:01 - [MESSAGE][WARNING] - Element 'Object Repository/iOS/Product_Search/Progress_Bar' not found
[[ATTACHMENT|/Users/sahil.vidaysingh/Katalon Studio/testing/Reports/20211006_215455/sanity_iOS/20211006_215455/1633540321862.png]]

2021-10-06 22:42:01 - [MESSAGE][PASSED] - ios_inventory.Inventory_listing_Screen.create_Inventory is PASSED

2021-10-06 22:42:01 - [TEST_STEP][PASSED] - ios_inventory.Inventory_details_Screen.add_Location(Location_Name, Cost_Type): ios_inventory.Inventory_details_Screen.add_Location is PASSED

2021-10-06 22:42:02 - [MESSAGE][WARNING] - Timeout '0' is invalid. Using default page load timeout: '30'

2021-10-06 22:42:02 - [MESSAGE][PASSED] - Tapped on element 'Object Repository/iOS/Inventory/Inventory Details Screen/Add Location/Add location_Text'

2021-10-06 22:42:02 - [MESSAGE][WARNING] - Timeout '0' is invalid. Using default page load timeout: '30'

2021-10-06 22:42:03 - [MESSAGE][PASSED] - Tapped on element 'Object Repository/iOS/Inventory/Inventory Details Screen/Add Location/LocationName_TextField'

2021-10-06 22:42:03 - [MESSAGE][WARNING] - Timeout '0' is invalid. Using default page load timeout: '30'

2021-10-06 22:42:04 - [MESSAGE][PASSED] - Text 'TANJIROU' has been set to element 'Object Repository/iOS/Inventory/Inventory Details Screen/Add Location/LocationName_TextField'

2021-10-06 22:42:04 - [MESSAGE][WARNING] - Timeout '0' is invalid. Using default page load timeout: '30'

2021-10-06 22:42:05 - [MESSAGE][PASSED] - Tapped on element 'Object Repository/iOS/Inventory/Inventory Details Screen/Add Location/Last Price_Button'

2021-10-06 22:42:06 - [MESSAGE][WARNING] - Timeout '0' is invalid. Using default page load timeout: '30'

2021-10-06 22:42:07 - [MESSAGE][PASSED] - Tapped on element 'Object Repository/iOS/Inventory/Inventory Details Screen/Add Location/Create New Location_Text'

2021-10-06 22:42:08 - [MESSAGE][PASSED] - Element 'Object Repository/iOS/Product_Search/Progress_Bar' is exist

2021-10-06 22:42:09 - [MESSAGE][PASSED] - Delayed 1 second(s)

2021-10-06 22:42:10 - [MESSAGE][WARNING] - Element 'Object Repository/iOS/Product_Search/Progress_Bar' not found
[[ATTACHMENT|/Users/sahil.vidaysingh/Katalon Studio/testing/Reports/20211006_215455/sanity_iOS/20211006_215455/1633540330306.png]]

2021-10-06 22:42:10 - [MESSAGE][WARNING] - Timeout '0' is invalid. Using default page load timeout: '30'

2021-10-06 22:42:11 - [MESSAGE][PASSED] - Element 'Object Repository/iOS/Inventory/Inventory Details Screen/Add Location/LocationName Verification_Text' is exist

2021-10-06 22:42:11 - [MESSAGE][PASSED] - ios_inventory.Inventory_details_Screen.add_Location is PASSED

2021-10-06 22:42:11 - [TEST_STEP][PASSED] - ios_inventory.Inventory_details_Screen.click_On_Location(Location_Name): ios_inventory.Inventory_details_Screen.click_On_Location is PASSED

2021-10-06 22:42:11 - [MESSAGE][WARNING] - Timeout '0' is invalid. Using default page load timeout: '30'

2021-10-06 22:42:12 - [MESSAGE][PASSED] - Tapped on element 'Object Repository/iOS/Inventory/Inventory Details Screen/Add Location/Tap On Location_Text'

2021-10-06 22:42:12 - [MESSAGE][PASSED] - ios_inventory.Inventory_details_Screen.click_On_Location is PASSED

2021-10-06 22:42:12 - [TEST_STEP][PASSED] - ios_inventory.Location_details_Screen.add_Product_to_Location(Location_Name, Product_Name): ios_inventory.Location_details_Screen.add_Product_to_Location is PASSED

2021-10-06 22:42:13 - [MESSAGE][PASSED] - Element 'Object Repository/iOS/Product_Search/Progress_Bar' is exist

2021-10-06 22:42:14 - [MESSAGE][PASSED] - Delayed 1 second(s)

2021-10-06 22:42:14 - [MESSAGE][PASSED] - Element 'Object Repository/iOS/Product_Search/Progress_Bar' is exist

2021-10-06 22:42:15 - [MESSAGE][PASSED] - Delayed 1 second(s)

2021-10-06 22:42:16 - [MESSAGE][WARNING] - Element 'Object Repository/iOS/Product_Search/Progress_Bar' not found
[[ATTACHMENT|/Users/sahil.vidaysingh/Katalon Studio/testing/Reports/20211006_215455/sanity_iOS/20211006_215455/1633540336832.png]]

2021-10-06 22:42:16 - [MESSAGE][WARNING] - Duration '0' is invalid. Using default duration.

2021-10-06 22:42:16 - [MESSAGE][WARNING] - Timeout '0' is invalid. Using default page load timeout: '30'

2021-10-06 22:42:18 - [MESSAGE][PASSED] - Tapped and held on element 'Object Repository/iOS/Inventory/Location Details_Screen/Add Product to Location/Product SearchField' with duration (default)

2021-10-06 22:42:19 - [MESSAGE][WARNING] - Element 'Object Repository/iOS/Product_Search/Progress_Bar' not found
[[ATTACHMENT|/Users/sahil.vidaysingh/Katalon Studio/testing/Reports/20211006_215455/sanity_iOS/20211006_215455/1633540339699.png]]

2021-10-06 22:42:19 - [MESSAGE][WARNING] - Timeout '0' is invalid. Using default page load timeout: '30'

2021-10-06 22:42:21 - [MESSAGE][PASSED] - Text 'tyl' has been set to element 'Object Repository/iOS/Inventory/Location Details_Screen/Add Product to Location/Product SearchField'

2021-10-06 22:42:21 - [MESSAGE][WARNING] - Duration '0' is invalid. Using default duration.

2021-10-06 22:42:21 - [MESSAGE][WARNING] - Timeout '0' is invalid. Using default page load timeout: '30'

2021-10-06 22:42:22 - [MESSAGE][PASSED] - Tapped and held on element 'Object Repository/iOS/Product_Search/Search Key_Button' with duration (default)

2021-10-06 22:42:23 - [MESSAGE][PASSED] - Element 'Object Repository/iOS/Product_Search/Progress_Bar' is exist

2021-10-06 22:42:24 - [MESSAGE][PASSED] - Delayed 1 second(s)

2021-10-06 22:42:24 - [MESSAGE][PASSED] - Element 'Object Repository/iOS/Product_Search/Progress_Bar' is exist

2021-10-06 22:42:25 - [MESSAGE][PASSED] - Delayed 1 second(s)

2021-10-06 22:42:26 - [MESSAGE][PASSED] - Element 'Object Repository/iOS/Product_Search/Progress_Bar' is exist

2021-10-06 22:42:27 - [MESSAGE][PASSED] - Delayed 1 second(s)

2021-10-06 22:42:27 - [MESSAGE][PASSED] - Element 'Object Repository/iOS/Product_Search/Progress_Bar' is exist

2021-10-06 22:42:28 - [MESSAGE][PASSED] - Delayed 1 second(s)

2021-10-06 22:42:35 - [MESSAGE][PASSED] - Element 'Object Repository/iOS/Product_Search/Progress_Bar' is exist

2021-10-06 22:42:36 - [MESSAGE][PASSED] - Delayed 1 second(s)

2021-10-06 22:42:42 - [MESSAGE][PASSED] - Element 'Object Repository/iOS/Product_Search/Progress_Bar' is exist

2021-10-06 22:42:43 - [MESSAGE][PASSED] - Delayed 1 second(s)

2021-10-06 22:42:49 - [MESSAGE][PASSED] - Element 'Object Repository/iOS/Product_Search/Progress_Bar' is exist

2021-10-06 22:42:50 - [MESSAGE][PASSED] - Delayed 1 second(s)

2021-10-06 22:42:56 - [MESSAGE][PASSED] - Element 'Object Repository/iOS/Product_Search/Progress_Bar' is exist

2021-10-06 22:42:57 - [MESSAGE][PASSED] - Delayed 1 second(s)

2021-10-06 22:43:04 - [MESSAGE][PASSED] - Element 'Object Repository/iOS/Product_Search/Progress_Bar' is exist

2021-10-06 22:43:05 - [MESSAGE][PASSED] - Delayed 1 second(s)

2021-10-06 22:43:11 - [MESSAGE][PASSED] - Element 'Object Repository/iOS/Product_Search/Progress_Bar' is exist

2021-10-06 22:43:12 - [MESSAGE][PASSED] - Delayed 1 second(s)

2021-10-06 22:43:18 - [MESSAGE][PASSED] - Element 'Object Repository/iOS/Product_Search/Progress_Bar' is exist

2021-10-06 22:43:19 - [MESSAGE][PASSED] - Delayed 1 second(s)

2021-10-06 22:43:25 - [MESSAGE][PASSED] - Element 'Object Repository/iOS/Product_Search/Progress_Bar' is exist

2021-10-06 22:43:26 - [MESSAGE][PASSED] - Delayed 1 second(s)

2021-10-06 22:43:32 - [MESSAGE][WARNING] - Element 'Object Repository/iOS/Product_Search/Progress_Bar' not found
[[ATTACHMENT|/Users/sahil.vidaysingh/Katalon Studio/testing/Reports/20211006_215455/sanity_iOS/20211006_215455/1633540412167.png]]

2021-10-06 22:43:32 - [MESSAGE][WARNING] - Timeout '0' is invalid. Using default page load timeout: '30'

2021-10-06 22:43:40 - [MESSAGE][PASSED] - Tapped on element 'Object Repository/iOS/Inventory/Location Details_Screen/Add Product to Location/Add Product to Location_Text'

2021-10-06 22:43:40 - [MESSAGE][WARNING] - Timeout '0' is invalid. Using default page load timeout: '30'

2021-10-06 22:43:47 - [MESSAGE][PASSED] - Tapped on element 'Object Repository/iOS/Inventory/Location Details_Screen/Add Product to Location/Continue Browsing After Adding Product_Text'

2021-10-06 22:43:47 - [MESSAGE][PASSED] - ios_inventory.Location_details_Screen.add_Product_to_Location is PASSED

2021-10-06 22:43:47 - [TEST_STEP][PASSED] - ios_common_keywords.Go_Back.Custom(): ios_common_keywords.Go_Back.Custom is PASSED

2021-10-06 22:43:52 - [MESSAGE][WARNING] - Element 'Object Repository/iOS/Product_Search/Progress_Bar' not found
[[ATTACHMENT|/Users/sahil.vidaysingh/Katalon Studio/testing/Reports/20211006_215455/sanity_iOS/20211006_215455/1633540432420.png]]

2021-10-06 22:43:59 - [MESSAGE][WARNING] - Element 'Object Repository/iOS/Product_Search/Back_Text' not found
[[ATTACHMENT|/Users/sahil.vidaysingh/Katalon Studio/testing/Reports/20211006_215455/sanity_iOS/20211006_215455/1633540439822.png]]

2021-10-06 22:44:05 - [MESSAGE][PASSED] - Tapped on element 'Object Repository/iOS/Inventory/Location Details_Screen/Add Product to Location/Back Button_Text'

2021-10-06 22:44:08 - [MESSAGE][WARNING] - Element 'Object Repository/iOS/Product_Search/Progress_Bar' not found
[[ATTACHMENT|/Users/sahil.vidaysingh/Katalon Studio/testing/Reports/20211006_215455/sanity_iOS/20211006_215455/1633540447963.png]]

2021-10-06 22:44:08 - [MESSAGE][PASSED] - ios_common_keywords.Go_Back.Custom is PASSED

2021-10-06 22:44:08 - [TEST_STEP][PASSED] - ios_common_keywords.Go_Back.Custom(): ios_common_keywords.Go_Back.Custom is PASSED

2021-10-06 22:44:10 - [MESSAGE][WARNING] - Element 'Object Repository/iOS/Product_Search/Progress_Bar' not found
[[ATTACHMENT|/Users/sahil.vidaysingh/Katalon Studio/testing/Reports/20211006_215455/sanity_iOS/20211006_215455/1633540450316.png]]

2021-10-06 22:44:14 - [MESSAGE][WARNING] - Element 'Object Repository/iOS/Product_Search/Back_Text' not found
[[ATTACHMENT|/Users/sahil.vidaysingh/Katalon Studio/testing/Reports/20211006_215455/sanity_iOS/20211006_215455/1633540454779.png]]

2021-10-06 22:44:16 - [MESSAGE][PASSED] - Tapped on element 'Object Repository/iOS/Inventory/Location Details_Screen/Add Product to Location/Back Button_Text'

2021-10-06 22:44:18 - [MESSAGE][WARNING] - Element 'Object Repository/iOS/Product_Search/Progress_Bar' not found
[[ATTACHMENT|/Users/sahil.vidaysingh/Katalon Studio/testing/Reports/20211006_215455/sanity_iOS/20211006_215455/1633540458479.png]]

2021-10-06 22:44:18 - [MESSAGE][PASSED] - ios_common_keywords.Go_Back.Custom is PASSED

2021-10-06 22:44:18 - [TEST_STEP][PASSED] - ios_inventory.Inventory_details_Screen.delete_Location(Location_Name): ios_inventory.Inventory_details_Screen.delete_Location is PASSED

2021-10-06 22:44:18 - [MESSAGE][WARNING] - Timeout '0' is invalid. Using default page load timeout: '30'

2021-10-06 22:44:20 - [MESSAGE][PASSED] - Tapped on element 'Object Repository/iOS/Inventory/Location Details_Screen/Delete_Location/Slide_PopUp_Button for Location Deletion'

2021-10-06 22:44:20 - [MESSAGE][WARNING] - Timeout '0' is invalid. Using default page load timeout: '30'

2021-10-06 22:44:21 - [MESSAGE][PASSED] - Tapped on element 'Object Repository/iOS/Inventory/Location Details_Screen/Delete_Location/Delete Location_Text'

2021-10-06 22:44:21 - [MESSAGE][WARNING] - Timeout '0' is invalid. Using default page load timeout: '30'

2021-10-06 22:44:22 - [MESSAGE][PASSED] - Tapped on element 'Object Repository/iOS/Inventory/Location Details_Screen/Delete_Location/Yes_Text'

2021-10-06 22:44:22 - [MESSAGE][WARNING] - Timeout '0' is invalid. Using default page load timeout: '30'

2021-10-06 22:44:23 - [MESSAGE][PASSED] - Element 'Object Repository/iOS/Inventory/Inventory Details Screen/Add Location/LocationName Verification_Text' is NOT visible

2021-10-06 22:44:23 - [MESSAGE][PASSED] - ios_inventory.Inventory_details_Screen.delete_Location is PASSED

2021-10-06 22:44:23 - [TEST_STEP][PASSED] - ios_common_keywords.Go_Back.Custom(): ios_common_keywords.Go_Back.Custom is PASSED

2021-10-06 22:44:26 - [MESSAGE][WARNING] - Element 'Object Repository/iOS/Product_Search/Progress_Bar' not found
[[ATTACHMENT|/Users/sahil.vidaysingh/Katalon Studio/testing/Reports/20211006_215455/sanity_iOS/20211006_215455/1633540466108.png]]

2021-10-06 22:44:30 - [MESSAGE][WARNING] - Element 'Object Repository/iOS/Product_Search/Back_Text' not found
[[ATTACHMENT|/Users/sahil.vidaysingh/Katalon Studio/testing/Reports/20211006_215455/sanity_iOS/20211006_215455/1633540470262.png]]

2021-10-06 22:44:31 - [MESSAGE][PASSED] - Tapped on element 'Object Repository/iOS/Inventory/Location Details_Screen/Add Product to Location/Back Button_Text'

2021-10-06 22:44:33 - [MESSAGE][WARNING] - Element 'Object Repository/iOS/Product_Search/Progress_Bar' not found
[[ATTACHMENT|/Users/sahil.vidaysingh/Katalon Studio/testing/Reports/20211006_215455/sanity_iOS/20211006_215455/1633540473407.png]]

2021-10-06 22:44:33 - [MESSAGE][PASSED] - ios_common_keywords.Go_Back.Custom is PASSED

2021-10-06 22:44:33 - [TEST_STEP][PASSED] - ios_inventory.Inventory_listing_Screen.delete_Inventory(Inventory_Name): ios_inventory.Inventory_listing_Screen.delete_Inventory is PASSED

2021-10-06 22:44:34 - [MESSAGE][WARNING] - Element 'Object Repository/iOS/Product_Search/Progress_Bar' not found
[[ATTACHMENT|/Users/sahil.vidaysingh/Katalon Studio/testing/Reports/20211006_215455/sanity_iOS/20211006_215455/1633540474659.png]]

2021-10-06 22:44:34 - [MESSAGE][WARNING] - Timeout '0' is invalid. Using default page load timeout: '30'

2021-10-06 22:44:36 - [MESSAGE][PASSED] - Tapped on element 'Object Repository/iOS/Inventory/Inventory Listing Screen/Delete Inventory/Slide_PopUpButton For Inventory Deletion'

2021-10-06 22:44:36 - [MESSAGE][WARNING] - Timeout '0' is invalid. Using default page load timeout: '30'

2021-10-06 22:44:37 - [MESSAGE][PASSED] - Tapped on element 'Object Repository/iOS/Inventory/Inventory Listing Screen/Delete Inventory/Delete Inventory_Text'

2021-10-06 22:44:37 - [MESSAGE][WARNING] - Timeout '0' is invalid. Using default page load timeout: '30'

2021-10-06 22:44:39 - [MESSAGE][PASSED] - Tapped on element 'Object Repository/iOS/Inventory/Inventory Listing Screen/Delete Inventory/Yes for Deletion_Text'

2021-10-06 22:44:40 - [MESSAGE][PASSED] - Element 'Object Repository/iOS/Product_Search/Progress_Bar' is exist

2021-10-06 22:44:41 - [MESSAGE][PASSED] - Delayed 1 second(s)

2021-10-06 22:44:42 - [MESSAGE][WARNING] - Element 'Object Repository/iOS/Product_Search/Progress_Bar' not found
[[ATTACHMENT|/Users/sahil.vidaysingh/Katalon Studio/testing/Reports/20211006_215455/sanity_iOS/20211006_215455/1633540482425.png]]

2021-10-06 22:44:42 - [MESSAGE][WARNING] - Timeout '0' is invalid. Using default page load timeout: '30'

2021-10-06 22:45:13 - [MESSAGE][PASSED] - Element 'Object Repository/iOS/Inventory/Inventory Details Screen/Open Inventory Details/Open Inventory_Text' not found

2021-10-06 22:45:13 - [MESSAGE][PASSED] - ios_inventory.Inventory_listing_Screen.delete_Inventory is PASSED]]></system-out>
         <system-err><![CDATA[]]></system-err>
      </testcase>
      <testcase name="Test Cases/iOS/Inventory/Adding Product In Inventory By Search Verification" time="135.449" classname="Test Cases/iOS/Inventory/Adding Product In Inventory By Search Verification" status="FAILED">
         <failure type="FAILED" message="Test Cases/iOS/Inventory/Adding Product In Inventory By Search Verification FAILED.
Reason:
com.kms.katalon.core.exception.StepFailedException: Element 'Object Repository/iOS/Inventory/Inventory Listing Screen/Verification Details/Create_InventorySectionHeader' not found
	at com.kms.katalon.core.keyword.internal.KeywordMain.stepFailed(KeywordMain.groovy:50)
	at com.kms.katalon.core.mobile.keyword.internal.MobileKeywordMain.stepFailed(MobileKeywordMain.groovy:40)
	at com.kms.katalon.core.mobile.keyword.builtin.VerifyElementExistKeyword$_verifyElementExist_closure1.doCall(VerifyElementExistKeyword.groovy:77)
	at com.kms.katalon.core.mobile.keyword.builtin.VerifyElementExistKeyword$_verifyElementExist_closure1.call(VerifyElementExistKeyword.groovy)
	at com.kms.katalon.core.mobile.keyword.internal.MobileKeywordMain.runKeyword(MobileKeywordMain.groovy:21)
	at com.kms.katalon.core.mobile.keyword.builtin.VerifyElementExistKeyword.verifyElementExist(VerifyElementExistKeyword.groovy:80)
	at com.kms.katalon.core.mobile.keyword.builtin.VerifyElementExistKeyword.execute(VerifyElementExistKeyword.groovy:64)
	at com.kms.katalon.core.keyword.internal.KeywordExecutor.executeKeywordForPlatform(KeywordExecutor.groovy:73)
	at com.kms.katalon.core.mobile.keyword.MobileBuiltInKeywords.verifyElementExist(MobileBuiltInKeywords.groovy:1586)
	at com.kms.katalon.core.mobile.keyword.MobileBuiltInKeywords$verifyElementExist$0.call(Unknown Source)
	at ios_inventory.Inventory_listing_Screen.create_Inventory(Inventory_listing_Screen.groovy:102)
	at ios_inventory.Inventory_listing_Screen.invokeMethod(Inventory_listing_Screen.groovy)
	at com.kms.katalon.core.main.CustomKeywordDelegatingMetaClass.invokeStaticMethod(CustomKeywordDelegatingMetaClass.java:50)
	at Adding Product In Inventory By Search Verification.run(Adding Product In Inventory By Search Verification:30)
	at com.kms.katalon.core.main.ScriptEngine.run(ScriptEngine.java:194)
	at com.kms.katalon.core.main.ScriptEngine.runScriptAsRawText(ScriptEngine.java:119)
	at com.kms.katalon.core.main.TestCaseExecutor.runScript(TestCaseExecutor.java:398)
	at com.kms.katalon.core.main.TestCaseExecutor.doExecute(TestCaseExecutor.java:389)
	at com.kms.katalon.core.main.TestCaseExecutor.processExecutionPhase(TestCaseExecutor.java:368)
	at com.kms.katalon.core.main.TestCaseExecutor.accessMainPhase(TestCaseExecutor.java:360)
	at com.kms.katalon.core.main.TestCaseExecutor.execute(TestCaseExecutor.java:255)
	at com.kms.katalon.core.main.TestSuiteExecutor.accessTestCaseMainPhase(TestSuiteExecutor.java:203)
	at com.kms.katalon.core.main.TestSuiteExecutor.accessTestSuiteMainPhase(TestSuiteExecutor.java:152)
	at com.kms.katalon.core.main.TestSuiteExecutor.execute(TestSuiteExecutor.java:95)
	at com.kms.katalon.core.main.TestCaseMain.startTestSuite(TestCaseMain.java:157)
	at com.kms.katalon.core.main.TestCaseMain$startTestSuite$0.call(Unknown Source)
	at TempTestSuite1633537495900.run(TempTestSuite1633537495900.groovy:39)
"/>
         <system-out><![CDATA[2021-10-06 22:45:13 - [TEST_CASE][FAILED] - Test Cases/iOS/Inventory/Adding Product In Inventory By Search Verification: Test Cases/iOS/Inventory/Adding Product In Inventory By Search Verification FAILED.
Reason:
com.kms.katalon.core.exception.StepFailedException: Element 'Object Repository/iOS/Inventory/Inventory Listing Screen/Verification Details/Create_InventorySectionHeader' not found
	at com.kms.katalon.core.keyword.internal.KeywordMain.stepFailed(KeywordMain.groovy:50)
	at com.kms.katalon.core.mobile.keyword.internal.MobileKeywordMain.stepFailed(MobileKeywordMain.groovy:40)
	at com.kms.katalon.core.mobile.keyword.builtin.VerifyElementExistKeyword$_verifyElementExist_closure1.doCall(VerifyElementExistKeyword.groovy:77)
	at com.kms.katalon.core.mobile.keyword.builtin.VerifyElementExistKeyword$_verifyElementExist_closure1.call(VerifyElementExistKeyword.groovy)
	at com.kms.katalon.core.mobile.keyword.internal.MobileKeywordMain.runKeyword(MobileKeywordMain.groovy:21)
	at com.kms.katalon.core.mobile.keyword.builtin.VerifyElementExistKeyword.verifyElementExist(VerifyElementExistKeyword.groovy:80)
	at com.kms.katalon.core.mobile.keyword.builtin.VerifyElementExistKeyword.execute(VerifyElementExistKeyword.groovy:64)
	at com.kms.katalon.core.keyword.internal.KeywordExecutor.executeKeywordForPlatform(KeywordExecutor.groovy:73)
	at com.kms.katalon.core.mobile.keyword.MobileBuiltInKeywords.verifyElementExist(MobileBuiltInKeywords.groovy:1586)
	at com.kms.katalon.core.mobile.keyword.MobileBuiltInKeywords$verifyElementExist$0.call(Unknown Source)
	at ios_inventory.Inventory_listing_Screen.create_Inventory(Inventory_listing_Screen.groovy:102)
	at ios_inventory.Inventory_listing_Screen.invokeMethod(Inventory_listing_Screen.groovy)
	at com.kms.katalon.core.main.CustomKeywordDelegatingMetaClass.invokeStaticMethod(CustomKeywordDelegatingMetaClass.java:50)
	at Adding Product In Inventory By Search Verification.run(Adding Product In Inventory By Search Verification:30)
	at com.kms.katalon.core.main.ScriptEngine.run(ScriptEngine.java:194)
	at com.kms.katalon.core.main.ScriptEngine.runScriptAsRawText(ScriptEngine.java:119)
	at com.kms.katalon.core.main.TestCaseExecutor.runScript(TestCaseExecutor.java:398)
	at com.kms.katalon.core.main.TestCaseExecutor.doExecute(TestCaseExecutor.java:389)
	at com.kms.katalon.core.main.TestCaseExecutor.processExecutionPhase(TestCaseExecutor.java:368)
	at com.kms.katalon.core.main.TestCaseExecutor.accessMainPhase(TestCaseExecutor.java:360)
	at com.kms.katalon.core.main.TestCaseExecutor.execute(TestCaseExecutor.java:255)
	at com.kms.katalon.core.main.TestSuiteExecutor.accessTestCaseMainPhase(TestSuiteExecutor.java:203)
	at com.kms.katalon.core.main.TestSuiteExecutor.accessTestSuiteMainPhase(TestSuiteExecutor.java:152)
	at com.kms.katalon.core.main.TestSuiteExecutor.execute(TestSuiteExecutor.java:95)
	at com.kms.katalon.core.main.TestCaseMain.startTestSuite(TestCaseMain.java:157)
	at com.kms.katalon.core.main.TestCaseMain$startTestSuite$0.call(Unknown Source)
	at TempTestSuite1633537495900.run(TempTestSuite1633537495900.groovy:39)


2021-10-06 22:45:13 - [TEST_STEP][PASSED] - ios_common_keywords.Start_Application.custom(): ios_common_keywords.Start_Application.custom is PASSED

2021-10-06 22:46:09 - [MESSAGE][PASSED] - Started app at: '/Users/sahil.vidaysingh/Downloads/Hatch 3.app'

2021-10-06 22:46:09 - [MESSAGE][PASSED] - ios_common_keywords.Start_Application.custom is PASSED

2021-10-06 22:46:09 - [TEST_STEP][PASSED] - ios_login.Login_Screen.login(Password): ios_login.Login_Screen.login is PASSED

2021-10-06 22:46:09 - [MESSAGE][PASSED] - Element 'Object Repository/iOS/LogIn/Environment_Selection_Screen/Environment Selection_Text' is exist

2021-10-06 22:46:09 - [MESSAGE][WARNING] - Timeout '0' is invalid. Using default page load timeout: '30'

2021-10-06 22:46:10 - [MESSAGE][PASSED] - Tapped on element 'Object Repository/iOS/LogIn/Environment_Selection_Screen/Environment Selection_Text'

2021-10-06 22:46:10 - [MESSAGE][WARNING] - Timeout '0' is invalid. Using default page load timeout: '30'

2021-10-06 22:46:12 - [MESSAGE][PASSED] - Tapped on element 'Object Repository/iOS/LogIn/Environment_Selection_Screen/Environment_Button'

2021-10-06 22:46:12 - [MESSAGE][WARNING] - Timeout '0' is invalid. Using default page load timeout: '30'

2021-10-06 22:46:12 - [MESSAGE][PASSED] - Tapped on element 'Object Repository/iOS/LogIn/Login_Details_Screen/Login UserName_Button'

2021-10-06 22:46:12 - [MESSAGE][WARNING] - Timeout '0' is invalid. Using default page load timeout: '30'

2021-10-06 22:46:13 - [MESSAGE][PASSED] - Text 'kavan.mobile.r' has been set to element 'Object Repository/iOS/LogIn/Login_Details_Screen/UserName_Text_Field'

2021-10-06 22:46:13 - [MESSAGE][WARNING] - Timeout '0' is invalid. Using default page load timeout: '30'

2021-10-06 22:46:14 - [MESSAGE][PASSED] - Tapped on element 'Object Repository/iOS/LogIn/Login_Details_Screen/LoginBar-ButtonDown'

2021-10-06 22:46:14 - [MESSAGE][WARNING] - Timeout '0' is invalid. Using default page load timeout: '30'

2021-10-06 22:46:15 - [MESSAGE][PASSED] - Tapped on element 'Object Repository/iOS/LogIn/Login_Details_Screen/Password-Button'

2021-10-06 22:46:15 - [MESSAGE][WARNING] - Timeout '0' is invalid. Using default page load timeout: '30'

2021-10-06 22:46:16 - [MESSAGE][PASSED] - Text 'C@rdinal!' has been set to element 'Object Repository/iOS/LogIn/Login_Details_Screen/Password-Secure_Text_Field'

2021-10-06 22:46:16 - [MESSAGE][WARNING] - Timeout '0' is invalid. Using default page load timeout: '30'

2021-10-06 22:46:17 - [MESSAGE][PASSED] - Tapped on element 'Object Repository/iOS/LogIn/Login_Details_Screen/SignIn_Button'

2021-10-06 22:46:17 - [MESSAGE][PASSED] - ios_login.Login_Screen.login is PASSED

2021-10-06 22:46:17 - [TEST_STEP][PASSED] - ios_account_selection.Select_An_Account.Custom(Account): ios_account_selection.Select_An_Account.Custom is PASSED

2021-10-06 22:46:18 - [MESSAGE][PASSED] - Element 'Object Repository/iOS/Product_Search/Progress_Bar' is exist

2021-10-06 22:46:19 - [MESSAGE][PASSED] - Delayed 1 second(s)

2021-10-06 22:46:19 - [MESSAGE][PASSED] - Element 'Object Repository/iOS/Product_Search/Progress_Bar' is exist

2021-10-06 22:46:20 - [MESSAGE][PASSED] - Delayed 1 second(s)

2021-10-06 22:46:20 - [MESSAGE][PASSED] - Element 'Object Repository/iOS/Product_Search/Progress_Bar' is exist

2021-10-06 22:46:21 - [MESSAGE][PASSED] - Delayed 1 second(s)

2021-10-06 22:46:22 - [MESSAGE][PASSED] - Element 'Object Repository/iOS/Product_Search/Progress_Bar' is exist

2021-10-06 22:46:23 - [MESSAGE][PASSED] - Delayed 1 second(s)

2021-10-06 22:46:23 - [MESSAGE][PASSED] - Element 'Object Repository/iOS/Product_Search/Progress_Bar' is exist

2021-10-06 22:46:24 - [MESSAGE][PASSED] - Delayed 1 second(s)

2021-10-06 22:46:25 - [MESSAGE][PASSED] - Element 'Object Repository/iOS/Product_Search/Progress_Bar' is exist

2021-10-06 22:46:26 - [MESSAGE][PASSED] - Delayed 1 second(s)

2021-10-06 22:46:26 - [MESSAGE][PASSED] - Element 'Object Repository/iOS/Product_Search/Progress_Bar' is exist

2021-10-06 22:46:27 - [MESSAGE][PASSED] - Delayed 1 second(s)

2021-10-06 22:46:28 - [MESSAGE][PASSED] - Element 'Object Repository/iOS/Product_Search/Progress_Bar' is exist

2021-10-06 22:46:29 - [MESSAGE][PASSED] - Delayed 1 second(s)

2021-10-06 22:46:29 - [MESSAGE][PASSED] - Element 'Object Repository/iOS/Product_Search/Progress_Bar' is exist

2021-10-06 22:46:30 - [MESSAGE][PASSED] - Delayed 1 second(s)

2021-10-06 22:46:30 - [MESSAGE][PASSED] - Element 'Object Repository/iOS/Product_Search/Progress_Bar' is exist

2021-10-06 22:46:31 - [MESSAGE][PASSED] - Delayed 1 second(s)

2021-10-06 22:46:33 - [MESSAGE][WARNING] - Element 'Object Repository/iOS/Product_Search/Progress_Bar' not found
[[ATTACHMENT|/Users/sahil.vidaysingh/Katalon Studio/testing/Reports/20211006_215455/sanity_iOS/20211006_215455/1633540593032.png]]

2021-10-06 22:46:33 - [MESSAGE][WARNING] - Timeout '0' is invalid. Using default page load timeout: '30'

2021-10-06 22:46:34 - [MESSAGE][PASSED] - Element 'Object Repository/iOS/Account_Selection/You must select an account to continue_Text' is present

2021-10-06 22:46:39 - [MESSAGE][PASSED] - Scrolling to text '10-676018' successfully

2021-10-06 22:46:39 - [MESSAGE][WARNING] - Timeout '0' is invalid. Using default page load timeout: '30'

2021-10-06 22:46:41 - [MESSAGE][PASSED] - Tapped on element 'Object Repository/iOS/Account_Selection/AccountNo_Text'

2021-10-06 22:46:42 - [MESSAGE][WARNING] - Element 'Object Repository/iOS/Product_Search/Progress_Bar' not found
[[ATTACHMENT|/Users/sahil.vidaysingh/Katalon Studio/testing/Reports/20211006_215455/sanity_iOS/20211006_215455/1633540602581.png]]

2021-10-06 22:46:42 - [MESSAGE][PASSED] - ios_account_selection.Select_An_Account.Custom is PASSED

2021-10-06 22:46:42 - [TEST_STEP][PASSED] - ios_dashboard.dashboard_details.click_On_More_Options(): ios_dashboard.dashboard_details.click_On_More_Options is PASSED

2021-10-06 22:46:42 - [MESSAGE][WARNING] - Timeout '0' is invalid. Using default page load timeout: '30'

2021-10-06 22:46:43 - [MESSAGE][PASSED] - Tapped on element 'Object Repository/iOS/Dashboard/More Options_Tab'

2021-10-06 22:46:43 - [MESSAGE][PASSED] - ios_dashboard.dashboard_details.click_On_More_Options is PASSED

2021-10-06 22:46:43 - [TEST_STEP][PASSED] - ios_more_options_screen.Go_To_Inventory_Listing_Screen.Custom(): ios_more_options_screen.Go_To_Inventory_Listing_Screen.Custom is PASSED

2021-10-06 22:46:47 - [MESSAGE][WARNING] - Element 'Object Repository/iOS/Product_Search/Progress_Bar' not found
[[ATTACHMENT|/Users/sahil.vidaysingh/Katalon Studio/testing/Reports/20211006_215455/sanity_iOS/20211006_215455/1633540607452.png]]

2021-10-06 22:46:47 - [MESSAGE][WARNING] - Timeout '0' is invalid. Using default page load timeout: '30'

2021-10-06 22:46:48 - [MESSAGE][PASSED] - Tapped on element 'Object Repository/iOS/More Options Screen/Inventory Selection Under MoreOptions_Text'

2021-10-06 22:46:49 - [MESSAGE][PASSED] - Element 'Object Repository/iOS/Product_Search/Progress_Bar' is exist

2021-10-06 22:46:53 - [MESSAGE][PASSED] - Delayed 4 second(s)

2021-10-06 22:46:57 - [MESSAGE][WARNING] - Element 'Object Repository/iOS/Product_Search/Progress_Bar' not found
[[ATTACHMENT|/Users/sahil.vidaysingh/Katalon Studio/testing/Reports/20211006_215455/sanity_iOS/20211006_215455/1633540617800.png]]

2021-10-06 22:46:57 - [MESSAGE][PASSED] - ios_more_options_screen.Go_To_Inventory_Listing_Screen.Custom is PASSED

2021-10-06 22:46:57 - [TEST_STEP][FAILED] - ios_inventory.Inventory_listing_Screen.create_Inventory(Inventory_Name): Element 'Object Repository/iOS/Inventory/Inventory Listing Screen/Verification Details/Create_InventorySectionHeader' not found

2021-10-06 22:46:57 - [MESSAGE][WARNING] - Timeout '0' is invalid. Using default page load timeout: '30'

2021-10-06 22:47:28 - [MESSAGE][FAILED] - Element 'Object Repository/iOS/Inventory/Inventory Listing Screen/Verification Details/Create_InventorySectionHeader' not found
[[ATTACHMENT|/Users/sahil.vidaysingh/Katalon Studio/testing/Reports/20211006_215455/sanity_iOS/20211006_215455/1633540648234.png]]

2021-10-06 22:47:28 - [MESSAGE][FAILED] - Failed to check for element 'Object Repository/iOS/Inventory/Inventory Listing Screen/Verification Details/Create_InventorySectionHeader' exist (Root cause: com.kms.katalon.core.exception.StepFailedException: Element 'Object Repository/iOS/Inventory/Inventory Listing Screen/Verification Details/Create_InventorySectionHeader' not found
	at com.kms.katalon.core.keyword.internal.KeywordMain.stepFailed(KeywordMain.groovy:50)
	at com.kms.katalon.core.mobile.keyword.internal.MobileKeywordMain.stepFailed(MobileKeywordMain.groovy:40)
	at com.kms.katalon.core.mobile.keyword.builtin.VerifyElementExistKeyword$_verifyElementExist_closure1.doCall(VerifyElementExistKeyword.groovy:77)
	at com.kms.katalon.core.mobile.keyword.builtin.VerifyElementExistKeyword$_verifyElementExist_closure1.call(VerifyElementExistKeyword.groovy)
	at com.kms.katalon.core.mobile.keyword.internal.MobileKeywordMain.runKeyword(MobileKeywordMain.groovy:21)
	at com.kms.katalon.core.mobile.keyword.builtin.VerifyElementExistKeyword.verifyElementExist(VerifyElementExistKeyword.groovy:80)
	at com.kms.katalon.core.mobile.keyword.builtin.VerifyElementExistKeyword.execute(VerifyElementExistKeyword.groovy:64)
	at com.kms.katalon.core.keyword.internal.KeywordExecutor.executeKeywordForPlatform(KeywordExecutor.groovy:73)
	at com.kms.katalon.core.mobile.keyword.MobileBuiltInKeywords.verifyElementExist(MobileBuiltInKeywords.groovy:1586)
	at com.kms.katalon.core.mobile.keyword.MobileBuiltInKeywords$verifyElementExist$0.call(Unknown Source)
	at ios_inventory.Inventory_listing_Screen.create_Inventory(Inventory_listing_Screen.groovy:102)
	at ios_inventory.Inventory_listing_Screen.invokeMethod(Inventory_listing_Screen.groovy)
	at com.kms.katalon.core.main.CustomKeywordDelegatingMetaClass.invokeStaticMethod(CustomKeywordDelegatingMetaClass.java:50)
	at Adding Product In Inventory By Search Verification.run(Adding Product In Inventory By Search Verification:30)
	at com.kms.katalon.core.main.ScriptEngine.run(ScriptEngine.java:194)
	at com.kms.katalon.core.main.ScriptEngine.runScriptAsRawText(ScriptEngine.java:119)
	at com.kms.katalon.core.main.TestCaseExecutor.runScript(TestCaseExecutor.java:398)
	at com.kms.katalon.core.main.TestCaseExecutor.doExecute(TestCaseExecutor.java:389)
	at com.kms.katalon.core.main.TestCaseExecutor.processExecutionPhase(TestCaseExecutor.java:368)
	at com.kms.katalon.core.main.TestCaseExecutor.accessMainPhase(TestCaseExecutor.java:360)
	at com.kms.katalon.core.main.TestCaseExecutor.execute(TestCaseExecutor.java:255)
	at com.kms.katalon.core.main.TestSuiteExecutor.accessTestCaseMainPhase(TestSuiteExecutor.java:203)
	at com.kms.katalon.core.main.TestSuiteExecutor.accessTestSuiteMainPhase(TestSuiteExecutor.java:152)
	at com.kms.katalon.core.main.TestSuiteExecutor.execute(TestSuiteExecutor.java:95)
	at com.kms.katalon.core.main.TestCaseMain.startTestSuite(TestCaseMain.java:157)
	at com.kms.katalon.core.main.TestCaseMain$startTestSuite$0.call(Unknown Source)
	at TempTestSuite1633537495900.run(TempTestSuite1633537495900.groovy:39)
)
[[ATTACHMENT|/Users/sahil.vidaysingh/Katalon Studio/testing/Reports/20211006_215455/sanity_iOS/20211006_215455/1633540648359.png]]

2021-10-06 22:47:28 - [MESSAGE][FAILED] - Element 'Object Repository/iOS/Inventory/Inventory Listing Screen/Verification Details/Create_InventorySectionHeader' not found]]></system-out>
         <system-err><![CDATA[2021-10-06 22:45:13 - [TEST_CASE][FAILED] - Test Cases/iOS/Inventory/Adding Product In Inventory By Search Verification: Test Cases/iOS/Inventory/Adding Product In Inventory By Search Verification FAILED.
Reason:
com.kms.katalon.core.exception.StepFailedException: Element 'Object Repository/iOS/Inventory/Inventory Listing Screen/Verification Details/Create_InventorySectionHeader' not found
	at com.kms.katalon.core.keyword.internal.KeywordMain.stepFailed(KeywordMain.groovy:50)
	at com.kms.katalon.core.mobile.keyword.internal.MobileKeywordMain.stepFailed(MobileKeywordMain.groovy:40)
	at com.kms.katalon.core.mobile.keyword.builtin.VerifyElementExistKeyword$_verifyElementExist_closure1.doCall(VerifyElementExistKeyword.groovy:77)
	at com.kms.katalon.core.mobile.keyword.builtin.VerifyElementExistKeyword$_verifyElementExist_closure1.call(VerifyElementExistKeyword.groovy)
	at com.kms.katalon.core.mobile.keyword.internal.MobileKeywordMain.runKeyword(MobileKeywordMain.groovy:21)
	at com.kms.katalon.core.mobile.keyword.builtin.VerifyElementExistKeyword.verifyElementExist(VerifyElementExistKeyword.groovy:80)
	at com.kms.katalon.core.mobile.keyword.builtin.VerifyElementExistKeyword.execute(VerifyElementExistKeyword.groovy:64)
	at com.kms.katalon.core.keyword.internal.KeywordExecutor.executeKeywordForPlatform(KeywordExecutor.groovy:73)
	at com.kms.katalon.core.mobile.keyword.MobileBuiltInKeywords.verifyElementExist(MobileBuiltInKeywords.groovy:1586)
	at com.kms.katalon.core.mobile.keyword.MobileBuiltInKeywords$verifyElementExist$0.call(Unknown Source)
	at ios_inventory.Inventory_listing_Screen.create_Inventory(Inventory_listing_Screen.groovy:102)
	at ios_inventory.Inventory_listing_Screen.invokeMethod(Inventory_listing_Screen.groovy)
	at com.kms.katalon.core.main.CustomKeywordDelegatingMetaClass.invokeStaticMethod(CustomKeywordDelegatingMetaClass.java:50)
	at Adding Product In Inventory By Search Verification.run(Adding Product In Inventory By Search Verification:30)
	at com.kms.katalon.core.main.ScriptEngine.run(ScriptEngine.java:194)
	at com.kms.katalon.core.main.ScriptEngine.runScriptAsRawText(ScriptEngine.java:119)
	at com.kms.katalon.core.main.TestCaseExecutor.runScript(TestCaseExecutor.java:398)
	at com.kms.katalon.core.main.TestCaseExecutor.doExecute(TestCaseExecutor.java:389)
	at com.kms.katalon.core.main.TestCaseExecutor.processExecutionPhase(TestCaseExecutor.java:368)
	at com.kms.katalon.core.main.TestCaseExecutor.accessMainPhase(TestCaseExecutor.java:360)
	at com.kms.katalon.core.main.TestCaseExecutor.execute(TestCaseExecutor.java:255)
	at com.kms.katalon.core.main.TestSuiteExecutor.accessTestCaseMainPhase(TestSuiteExecutor.java:203)
	at com.kms.katalon.core.main.TestSuiteExecutor.accessTestSuiteMainPhase(TestSuiteExecutor.java:152)
	at com.kms.katalon.core.main.TestSuiteExecutor.execute(TestSuiteExecutor.java:95)
	at com.kms.katalon.core.main.TestCaseMain.startTestSuite(TestCaseMain.java:157)
	at com.kms.katalon.core.main.TestCaseMain$startTestSuite$0.call(Unknown Source)
	at TempTestSuite1633537495900.run(TempTestSuite1633537495900.groovy:39)]]></system-err>
      </testcase>
      <testcase name="Test Cases/iOS/Inventory/Delete,Copy and Move Operations of product in Inventory" time="402.162" classname="Test Cases/iOS/Inventory/Delete,Copy and Move Operations of product in Inventory" status="PASSED">
         <system-out><![CDATA[2021-10-06 22:47:28 - [TEST_CASE][PASSED] - Test Cases/iOS/Inventory/Delete,Copy and Move Operations of product in Inventory: Test Cases/iOS/Inventory/Delete,Copy and Move Operations of product in Inventory

2021-10-06 22:47:28 - [TEST_STEP][PASSED] - ios_common_keywords.Start_Application.custom(): ios_common_keywords.Start_Application.custom is PASSED

2021-10-06 22:48:23 - [MESSAGE][PASSED] - Started app at: '/Users/sahil.vidaysingh/Downloads/Hatch 3.app'

2021-10-06 22:48:23 - [MESSAGE][PASSED] - ios_common_keywords.Start_Application.custom is PASSED

2021-10-06 22:48:23 - [TEST_STEP][PASSED] - ios_login.Login_Screen.login(Password): ios_login.Login_Screen.login is PASSED

2021-10-06 22:48:23 - [MESSAGE][PASSED] - Element 'Object Repository/iOS/LogIn/Environment_Selection_Screen/Environment Selection_Text' is exist

2021-10-06 22:48:23 - [MESSAGE][WARNING] - Timeout '0' is invalid. Using default page load timeout: '30'

2021-10-06 22:48:24 - [MESSAGE][PASSED] - Tapped on element 'Object Repository/iOS/LogIn/Environment_Selection_Screen/Environment Selection_Text'

2021-10-06 22:48:24 - [MESSAGE][WARNING] - Timeout '0' is invalid. Using default page load timeout: '30'

2021-10-06 22:48:25 - [MESSAGE][PASSED] - Tapped on element 'Object Repository/iOS/LogIn/Environment_Selection_Screen/Environment_Button'

2021-10-06 22:48:25 - [MESSAGE][WARNING] - Timeout '0' is invalid. Using default page load timeout: '30'

2021-10-06 22:48:26 - [MESSAGE][PASSED] - Tapped on element 'Object Repository/iOS/LogIn/Login_Details_Screen/Login UserName_Button'

2021-10-06 22:48:26 - [MESSAGE][WARNING] - Timeout '0' is invalid. Using default page load timeout: '30'

2021-10-06 22:48:27 - [MESSAGE][PASSED] - Text 'kavan.mobile.r' has been set to element 'Object Repository/iOS/LogIn/Login_Details_Screen/UserName_Text_Field'

2021-10-06 22:48:27 - [MESSAGE][WARNING] - Timeout '0' is invalid. Using default page load timeout: '30'

2021-10-06 22:48:28 - [MESSAGE][PASSED] - Tapped on element 'Object Repository/iOS/LogIn/Login_Details_Screen/LoginBar-ButtonDown'

2021-10-06 22:48:28 - [MESSAGE][WARNING] - Timeout '0' is invalid. Using default page load timeout: '30'

2021-10-06 22:48:29 - [MESSAGE][PASSED] - Tapped on element 'Object Repository/iOS/LogIn/Login_Details_Screen/Password-Button'

2021-10-06 22:48:29 - [MESSAGE][WARNING] - Timeout '0' is invalid. Using default page load timeout: '30'

2021-10-06 22:48:30 - [MESSAGE][PASSED] - Text 'C@rdinal!' has been set to element 'Object Repository/iOS/LogIn/Login_Details_Screen/Password-Secure_Text_Field'

2021-10-06 22:48:30 - [MESSAGE][WARNING] - Timeout '0' is invalid. Using default page load timeout: '30'

2021-10-06 22:48:31 - [MESSAGE][PASSED] - Tapped on element 'Object Repository/iOS/LogIn/Login_Details_Screen/SignIn_Button'

2021-10-06 22:48:31 - [MESSAGE][PASSED] - ios_login.Login_Screen.login is PASSED

2021-10-06 22:48:31 - [TEST_STEP][PASSED] - ios_account_selection.Select_An_Account.Custom(Account): ios_account_selection.Select_An_Account.Custom is PASSED

2021-10-06 22:48:32 - [MESSAGE][PASSED] - Element 'Object Repository/iOS/Product_Search/Progress_Bar' is exist

2021-10-06 22:48:33 - [MESSAGE][PASSED] - Delayed 1 second(s)

2021-10-06 22:48:33 - [MESSAGE][PASSED] - Element 'Object Repository/iOS/Product_Search/Progress_Bar' is exist

2021-10-06 22:48:34 - [MESSAGE][PASSED] - Delayed 1 second(s)

2021-10-06 22:48:34 - [MESSAGE][PASSED] - Element 'Object Repository/iOS/Product_Search/Progress_Bar' is exist

2021-10-06 22:48:35 - [MESSAGE][PASSED] - Delayed 1 second(s)

2021-10-06 22:48:36 - [MESSAGE][PASSED] - Element 'Object Repository/iOS/Product_Search/Progress_Bar' is exist

2021-10-06 22:48:37 - [MESSAGE][PASSED] - Delayed 1 second(s)

2021-10-06 22:48:37 - [MESSAGE][PASSED] - Element 'Object Repository/iOS/Product_Search/Progress_Bar' is exist

2021-10-06 22:48:38 - [MESSAGE][PASSED] - Delayed 1 second(s)

2021-10-06 22:48:39 - [MESSAGE][PASSED] - Element 'Object Repository/iOS/Product_Search/Progress_Bar' is exist

2021-10-06 22:48:40 - [MESSAGE][PASSED] - Delayed 1 second(s)

2021-10-06 22:48:40 - [MESSAGE][PASSED] - Element 'Object Repository/iOS/Product_Search/Progress_Bar' is exist

2021-10-06 22:48:41 - [MESSAGE][PASSED] - Delayed 1 second(s)

2021-10-06 22:48:42 - [MESSAGE][PASSED] - Element 'Object Repository/iOS/Product_Search/Progress_Bar' is exist

2021-10-06 22:48:43 - [MESSAGE][PASSED] - Delayed 1 second(s)

2021-10-06 22:48:44 - [MESSAGE][PASSED] - Element 'Object Repository/iOS/Product_Search/Progress_Bar' is exist

2021-10-06 22:48:45 - [MESSAGE][PASSED] - Delayed 1 second(s)

2021-10-06 22:48:45 - [MESSAGE][PASSED] - Element 'Object Repository/iOS/Product_Search/Progress_Bar' is exist

2021-10-06 22:48:46 - [MESSAGE][PASSED] - Delayed 1 second(s)

2021-10-06 22:48:48 - [MESSAGE][WARNING] - Element 'Object Repository/iOS/Product_Search/Progress_Bar' not found
[[ATTACHMENT|/Users/sahil.vidaysingh/Katalon Studio/testing/Reports/20211006_215455/sanity_iOS/20211006_215455/1633540728016.png]]

2021-10-06 22:48:48 - [MESSAGE][WARNING] - Timeout '0' is invalid. Using default page load timeout: '30'

2021-10-06 22:48:49 - [MESSAGE][PASSED] - Element 'Object Repository/iOS/Account_Selection/You must select an account to continue_Text' is present

2021-10-06 22:48:54 - [MESSAGE][PASSED] - Scrolling to text '10-676018' successfully

2021-10-06 22:48:54 - [MESSAGE][WARNING] - Timeout '0' is invalid. Using default page load timeout: '30'

2021-10-06 22:48:56 - [MESSAGE][PASSED] - Tapped on element 'Object Repository/iOS/Account_Selection/AccountNo_Text'

2021-10-06 22:48:57 - [MESSAGE][WARNING] - Element 'Object Repository/iOS/Product_Search/Progress_Bar' not found
[[ATTACHMENT|/Users/sahil.vidaysingh/Katalon Studio/testing/Reports/20211006_215455/sanity_iOS/20211006_215455/1633540737542.png]]

2021-10-06 22:48:57 - [MESSAGE][PASSED] - ios_account_selection.Select_An_Account.Custom is PASSED

2021-10-06 22:48:57 - [TEST_STEP][PASSED] - ios_dashboard.dashboard_details.click_On_More_Options(): ios_dashboard.dashboard_details.click_On_More_Options is PASSED

2021-10-06 22:48:57 - [MESSAGE][WARNING] - Timeout '0' is invalid. Using default page load timeout: '30'

2021-10-06 22:48:58 - [MESSAGE][PASSED] - Tapped on element 'Object Repository/iOS/Dashboard/More Options_Tab'

2021-10-06 22:48:58 - [MESSAGE][PASSED] - ios_dashboard.dashboard_details.click_On_More_Options is PASSED

2021-10-06 22:48:58 - [TEST_STEP][PASSED] - ios_more_options_screen.Go_To_Inventory_Listing_Screen.Custom(): ios_more_options_screen.Go_To_Inventory_Listing_Screen.Custom is PASSED

2021-10-06 22:49:02 - [MESSAGE][WARNING] - Element 'Object Repository/iOS/Product_Search/Progress_Bar' not found
[[ATTACHMENT|/Users/sahil.vidaysingh/Katalon Studio/testing/Reports/20211006_215455/sanity_iOS/20211006_215455/1633540742661.png]]

2021-10-06 22:49:02 - [MESSAGE][WARNING] - Timeout '0' is invalid. Using default page load timeout: '30'

2021-10-06 22:49:04 - [MESSAGE][PASSED] - Tapped on element 'Object Repository/iOS/More Options Screen/Inventory Selection Under MoreOptions_Text'

2021-10-06 22:49:04 - [MESSAGE][PASSED] - Element 'Object Repository/iOS/Product_Search/Progress_Bar' is exist

2021-10-06 22:49:08 - [MESSAGE][PASSED] - Delayed 4 second(s)

2021-10-06 22:49:13 - [MESSAGE][WARNING] - Element 'Object Repository/iOS/Product_Search/Progress_Bar' not found
[[ATTACHMENT|/Users/sahil.vidaysingh/Katalon Studio/testing/Reports/20211006_215455/sanity_iOS/20211006_215455/1633540752965.png]]

2021-10-06 22:49:13 - [MESSAGE][PASSED] - ios_more_options_screen.Go_To_Inventory_Listing_Screen.Custom is PASSED

2021-10-06 22:49:13 - [TEST_STEP][PASSED] - ios_inventory.Inventory_listing_Screen.create_Inventory(Inventory_Name): ios_inventory.Inventory_listing_Screen.create_Inventory is PASSED

2021-10-06 22:49:13 - [MESSAGE][WARNING] - Timeout '0' is invalid. Using default page load timeout: '30'

2021-10-06 22:49:13 - [MESSAGE][PASSED] - Element 'Object Repository/iOS/Inventory/Inventory Listing Screen/Verification Details/Create_InventorySectionHeader' is exist

2021-10-06 22:49:13 - [MESSAGE][WARNING] - Timeout '0' is invalid. Using default page load timeout: '30'

2021-10-06 22:49:14 - [MESSAGE][PASSED] - Tapped on element 'Object Repository/iOS/Inventory/Inventory Listing Screen/Verification Details/Create_InventorySectionHeader'

2021-10-06 22:49:15 - [MESSAGE][WARNING] - Timeout '0' is invalid. Using default page load timeout: '30'

2021-10-06 22:49:15 - [MESSAGE][PASSED] - Tapped on element 'Object Repository/iOS/Inventory/Inventory Listing Screen/Verification Details/Inventory Name_Text'

2021-10-06 22:49:15 - [MESSAGE][WARNING] - Timeout '0' is invalid. Using default page load timeout: '30'

2021-10-06 22:49:16 - [MESSAGE][PASSED] - Text 'KatalonInvv' has been set to element 'Object Repository/iOS/Inventory/Inventory Listing Screen/Verification Details/InventoryName TextField'

2021-10-06 22:49:16 - [MESSAGE][WARNING] - Duration '0' is invalid. Using default duration.

2021-10-06 22:49:16 - [MESSAGE][WARNING] - Timeout '0' is invalid. Using default page load timeout: '30'

2021-10-06 22:49:18 - [MESSAGE][PASSED] - Tapped and held on element 'Object Repository/iOS/Inventory/Inventory Listing Screen/Create New Inventory_Screen/Return_Keypad_Button' with duration (default)

2021-10-06 22:49:18 - [MESSAGE][WARNING] - Timeout '0' is invalid. Using default page load timeout: '30'

2021-10-06 22:49:19 - [MESSAGE][PASSED] - Tapped on element 'Object Repository/iOS/Inventory/Inventory Listing Screen/Create New Inventory_Screen/Create Inventory_Text'

2021-10-06 22:49:19 - [MESSAGE][PASSED] - Element 'Object Repository/iOS/Product_Search/Progress_Bar' is exist

2021-10-06 22:49:20 - [MESSAGE][PASSED] - Delayed 1 second(s)

2021-10-06 22:49:22 - [MESSAGE][WARNING] - Element 'Object Repository/iOS/Product_Search/Progress_Bar' not found
[[ATTACHMENT|/Users/sahil.vidaysingh/Katalon Studio/testing/Reports/20211006_215455/sanity_iOS/20211006_215455/1633540762357.png]]

2021-10-06 22:49:22 - [MESSAGE][PASSED] - ios_inventory.Inventory_listing_Screen.create_Inventory is PASSED

2021-10-06 22:49:22 - [TEST_STEP][PASSED] - ios_inventory.Inventory_details_Screen.add_Location(Location_1, Cost_Type): ios_inventory.Inventory_details_Screen.add_Location is PASSED

2021-10-06 22:49:22 - [MESSAGE][WARNING] - Timeout '0' is invalid. Using default page load timeout: '30'

2021-10-06 22:49:23 - [MESSAGE][PASSED] - Tapped on element 'Object Repository/iOS/Inventory/Inventory Details Screen/Add Location/Add location_Text'

2021-10-06 22:49:23 - [MESSAGE][WARNING] - Timeout '0' is invalid. Using default page load timeout: '30'

2021-10-06 22:49:24 - [MESSAGE][PASSED] - Tapped on element 'Object Repository/iOS/Inventory/Inventory Details Screen/Add Location/LocationName_TextField'

2021-10-06 22:49:24 - [MESSAGE][WARNING] - Timeout '0' is invalid. Using default page load timeout: '30'

2021-10-06 22:49:25 - [MESSAGE][PASSED] - Text 'TANJIROU' has been set to element 'Object Repository/iOS/Inventory/Inventory Details Screen/Add Location/LocationName_TextField'

2021-10-06 22:49:25 - [MESSAGE][WARNING] - Timeout '0' is invalid. Using default page load timeout: '30'

2021-10-06 22:49:27 - [MESSAGE][PASSED] - Tapped on element 'Object Repository/iOS/Inventory/Inventory Details Screen/Add Location/Last Price_Button'

2021-10-06 22:49:27 - [MESSAGE][WARNING] - Timeout '0' is invalid. Using default page load timeout: '30'

2021-10-06 22:49:28 - [MESSAGE][PASSED] - Tapped on element 'Object Repository/iOS/Inventory/Inventory Details Screen/Add Location/Create New Location_Text'

2021-10-06 22:49:29 - [MESSAGE][PASSED] - Element 'Object Repository/iOS/Product_Search/Progress_Bar' is exist

2021-10-06 22:49:30 - [MESSAGE][PASSED] - Delayed 1 second(s)

2021-10-06 22:49:32 - [MESSAGE][WARNING] - Element 'Object Repository/iOS/Product_Search/Progress_Bar' not found
[[ATTACHMENT|/Users/sahil.vidaysingh/Katalon Studio/testing/Reports/20211006_215455/sanity_iOS/20211006_215455/1633540771916.png]]

2021-10-06 22:49:32 - [MESSAGE][WARNING] - Timeout '0' is invalid. Using default page load timeout: '30'

2021-10-06 22:49:32 - [MESSAGE][PASSED] - Element 'Object Repository/iOS/Inventory/Inventory Details Screen/Add Location/LocationName Verification_Text' is exist

2021-10-06 22:49:32 - [MESSAGE][PASSED] - ios_inventory.Inventory_details_Screen.add_Location is PASSED

2021-10-06 22:49:32 - [TEST_STEP][PASSED] - ios_inventory.Inventory_details_Screen.click_On_Location(Location_1): ios_inventory.Inventory_details_Screen.click_On_Location is PASSED

2021-10-06 22:49:32 - [MESSAGE][WARNING] - Timeout '0' is invalid. Using default page load timeout: '30'

2021-10-06 22:49:33 - [MESSAGE][PASSED] - Tapped on element 'Object Repository/iOS/Inventory/Inventory Details Screen/Add Location/Tap On Location_Text'

2021-10-06 22:49:33 - [MESSAGE][PASSED] - ios_inventory.Inventory_details_Screen.click_On_Location is PASSED

2021-10-06 22:49:33 - [TEST_STEP][PASSED] - ios_inventory.Location_details_Screen.add_Product_to_Location(Location_1, Product_1): ios_inventory.Location_details_Screen.add_Product_to_Location is PASSED

2021-10-06 22:49:34 - [MESSAGE][PASSED] - Element 'Object Repository/iOS/Product_Search/Progress_Bar' is exist

2021-10-06 22:49:35 - [MESSAGE][PASSED] - Delayed 1 second(s)

2021-10-06 22:49:36 - [MESSAGE][PASSED] - Element 'Object Repository/iOS/Product_Search/Progress_Bar' is exist

2021-10-06 22:49:37 - [MESSAGE][PASSED] - Delayed 1 second(s)

2021-10-06 22:49:38 - [MESSAGE][WARNING] - Element 'Object Repository/iOS/Product_Search/Progress_Bar' not found
[[ATTACHMENT|/Users/sahil.vidaysingh/Katalon Studio/testing/Reports/20211006_215455/sanity_iOS/20211006_215455/1633540778110.png]]

2021-10-06 22:49:38 - [MESSAGE][WARNING] - Duration '0' is invalid. Using default duration.

2021-10-06 22:49:38 - [MESSAGE][WARNING] - Timeout '0' is invalid. Using default page load timeout: '30'

2021-10-06 22:49:39 - [MESSAGE][PASSED] - Tapped and held on element 'Object Repository/iOS/Inventory/Location Details_Screen/Add Product to Location/Product SearchField' with duration (default)

2021-10-06 22:49:40 - [MESSAGE][WARNING] - Element 'Object Repository/iOS/Product_Search/Progress_Bar' not found
[[ATTACHMENT|/Users/sahil.vidaysingh/Katalon Studio/testing/Reports/20211006_215455/sanity_iOS/20211006_215455/1633540780852.png]]

2021-10-06 22:49:40 - [MESSAGE][WARNING] - Timeout '0' is invalid. Using default page load timeout: '30'

2021-10-06 22:49:42 - [MESSAGE][PASSED] - Text 'tyl' has been set to element 'Object Repository/iOS/Inventory/Location Details_Screen/Add Product to Location/Product SearchField'

2021-10-06 22:49:42 - [MESSAGE][WARNING] - Duration '0' is invalid. Using default duration.

2021-10-06 22:49:42 - [MESSAGE][WARNING] - Timeout '0' is invalid. Using default page load timeout: '30'

2021-10-06 22:49:44 - [MESSAGE][PASSED] - Tapped and held on element 'Object Repository/iOS/Product_Search/Search Key_Button' with duration (default)

2021-10-06 22:49:44 - [MESSAGE][PASSED] - Element 'Object Repository/iOS/Product_Search/Progress_Bar' is exist

2021-10-06 22:49:45 - [MESSAGE][PASSED] - Delayed 1 second(s)

2021-10-06 22:49:45 - [MESSAGE][PASSED] - Element 'Object Repository/iOS/Product_Search/Progress_Bar' is exist

2021-10-06 22:49:46 - [MESSAGE][PASSED] - Delayed 1 second(s)

2021-10-06 22:49:47 - [MESSAGE][PASSED] - Element 'Object Repository/iOS/Product_Search/Progress_Bar' is exist

2021-10-06 22:49:48 - [MESSAGE][PASSED] - Delayed 1 second(s)

2021-10-06 22:49:55 - [MESSAGE][PASSED] - Element 'Object Repository/iOS/Product_Search/Progress_Bar' is exist

2021-10-06 22:49:56 - [MESSAGE][PASSED] - Delayed 1 second(s)

2021-10-06 22:50:02 - [MESSAGE][WARNING] - Element 'Object Repository/iOS/Product_Search/Progress_Bar' not found
[[ATTACHMENT|/Users/sahil.vidaysingh/Katalon Studio/testing/Reports/20211006_215455/sanity_iOS/20211006_215455/1633540801911.png]]

2021-10-06 22:50:02 - [MESSAGE][WARNING] - Timeout '0' is invalid. Using default page load timeout: '30'

2021-10-06 22:50:09 - [MESSAGE][PASSED] - Tapped on element 'Object Repository/iOS/Inventory/Location Details_Screen/Add Product to Location/Add Product to Location_Text'

2021-10-06 22:50:09 - [MESSAGE][WARNING] - Timeout '0' is invalid. Using default page load timeout: '30'

2021-10-06 22:50:16 - [MESSAGE][PASSED] - Tapped on element 'Object Repository/iOS/Inventory/Location Details_Screen/Add Product to Location/Continue Browsing After Adding Product_Text'

2021-10-06 22:50:16 - [MESSAGE][PASSED] - ios_inventory.Location_details_Screen.add_Product_to_Location is PASSED

2021-10-06 22:50:16 - [TEST_STEP][PASSED] - ios_common_keywords.Go_Back.Custom(): ios_common_keywords.Go_Back.Custom is PASSED

2021-10-06 22:50:21 - [MESSAGE][WARNING] - Element 'Object Repository/iOS/Product_Search/Progress_Bar' not found
[[ATTACHMENT|/Users/sahil.vidaysingh/Katalon Studio/testing/Reports/20211006_215455/sanity_iOS/20211006_215455/1633540821848.png]]

2021-10-06 22:50:29 - [MESSAGE][WARNING] - Element 'Object Repository/iOS/Product_Search/Back_Text' not found
[[ATTACHMENT|/Users/sahil.vidaysingh/Katalon Studio/testing/Reports/20211006_215455/sanity_iOS/20211006_215455/1633540829148.png]]

2021-10-06 22:50:34 - [MESSAGE][PASSED] - Tapped on element 'Object Repository/iOS/Inventory/Location Details_Screen/Add Product to Location/Back Button_Text'

2021-10-06 22:50:37 - [MESSAGE][WARNING] - Element 'Object Repository/iOS/Product_Search/Progress_Bar' not found
[[ATTACHMENT|/Users/sahil.vidaysingh/Katalon Studio/testing/Reports/20211006_215455/sanity_iOS/20211006_215455/1633540837050.png]]

2021-10-06 22:50:37 - [MESSAGE][PASSED] - ios_common_keywords.Go_Back.Custom is PASSED

2021-10-06 22:50:37 - [TEST_STEP][PASSED] - ios_common_keywords.Go_Back.Custom(): ios_common_keywords.Go_Back.Custom is PASSED

2021-10-06 22:50:39 - [MESSAGE][WARNING] - Element 'Object Repository/iOS/Product_Search/Progress_Bar' not found
[[ATTACHMENT|/Users/sahil.vidaysingh/Katalon Studio/testing/Reports/20211006_215455/sanity_iOS/20211006_215455/1633540839433.png]]

2021-10-06 22:50:43 - [MESSAGE][WARNING] - Element 'Object Repository/iOS/Product_Search/Back_Text' not found
[[ATTACHMENT|/Users/sahil.vidaysingh/Katalon Studio/testing/Reports/20211006_215455/sanity_iOS/20211006_215455/1633540843578.png]]

2021-10-06 22:50:45 - [MESSAGE][PASSED] - Tapped on element 'Object Repository/iOS/Inventory/Location Details_Screen/Add Product to Location/Back Button_Text'

2021-10-06 22:50:47 - [MESSAGE][WARNING] - Element 'Object Repository/iOS/Product_Search/Progress_Bar' not found
[[ATTACHMENT|/Users/sahil.vidaysingh/Katalon Studio/testing/Reports/20211006_215455/sanity_iOS/20211006_215455/1633540847195.png]]

2021-10-06 22:50:47 - [MESSAGE][PASSED] - ios_common_keywords.Go_Back.Custom is PASSED

2021-10-06 22:50:47 - [TEST_STEP][PASSED] - ios_inventory.Inventory_details_Screen.add_Location(Location_2, Cost_Type): ios_inventory.Inventory_details_Screen.add_Location is PASSED

2021-10-06 22:50:47 - [MESSAGE][WARNING] - Timeout '0' is invalid. Using default page load timeout: '30'

2021-10-06 22:50:48 - [MESSAGE][PASSED] - Tapped on element 'Object Repository/iOS/Inventory/Inventory Details Screen/Add Location/Add location_Text'

2021-10-06 22:50:48 - [MESSAGE][WARNING] - Timeout '0' is invalid. Using default page load timeout: '30'

2021-10-06 22:50:50 - [MESSAGE][PASSED] - Tapped on element 'Object Repository/iOS/Inventory/Inventory Details Screen/Add Location/LocationName_TextField'

2021-10-06 22:50:50 - [MESSAGE][WARNING] - Timeout '0' is invalid. Using default page load timeout: '30'

2021-10-06 22:50:52 - [MESSAGE][PASSED] - Text 'kaisen' has been set to element 'Object Repository/iOS/Inventory/Inventory Details Screen/Add Location/LocationName_TextField'

2021-10-06 22:50:52 - [MESSAGE][WARNING] - Timeout '0' is invalid. Using default page load timeout: '30'

2021-10-06 22:50:53 - [MESSAGE][PASSED] - Tapped on element 'Object Repository/iOS/Inventory/Inventory Details Screen/Add Location/Last Price_Button'

2021-10-06 22:50:53 - [MESSAGE][WARNING] - Timeout '0' is invalid. Using default page load timeout: '30'

2021-10-06 22:50:55 - [MESSAGE][PASSED] - Tapped on element 'Object Repository/iOS/Inventory/Inventory Details Screen/Add Location/Create New Location_Text'

2021-10-06 22:50:56 - [MESSAGE][PASSED] - Element 'Object Repository/iOS/Product_Search/Progress_Bar' is exist

2021-10-06 22:50:57 - [MESSAGE][PASSED] - Delayed 1 second(s)

2021-10-06 22:50:59 - [MESSAGE][WARNING] - Element 'Object Repository/iOS/Product_Search/Progress_Bar' not found
[[ATTACHMENT|/Users/sahil.vidaysingh/Katalon Studio/testing/Reports/20211006_215455/sanity_iOS/20211006_215455/1633540858970.png]]

2021-10-06 22:50:59 - [MESSAGE][WARNING] - Timeout '0' is invalid. Using default page load timeout: '30'

2021-10-06 22:50:59 - [MESSAGE][PASSED] - Element 'Object Repository/iOS/Inventory/Inventory Details Screen/Add Location/LocationName Verification_Text' is exist

2021-10-06 22:50:59 - [MESSAGE][PASSED] - ios_inventory.Inventory_details_Screen.add_Location is PASSED

2021-10-06 22:50:59 - [TEST_STEP][PASSED] - ios_inventory.Inventory_details_Screen.click_On_Location(Location_2): ios_inventory.Inventory_details_Screen.click_On_Location is PASSED

2021-10-06 22:50:59 - [MESSAGE][WARNING] - Timeout '0' is invalid. Using default page load timeout: '30'

2021-10-06 22:51:01 - [MESSAGE][PASSED] - Tapped on element 'Object Repository/iOS/Inventory/Inventory Details Screen/Add Location/Tap On Location_Text'

2021-10-06 22:51:01 - [MESSAGE][PASSED] - ios_inventory.Inventory_details_Screen.click_On_Location is PASSED

2021-10-06 22:51:01 - [TEST_STEP][PASSED] - ios_inventory.Location_details_Screen.add_Product_to_Location(Location_2, Product_2): ios_inventory.Location_details_Screen.add_Product_to_Location is PASSED

2021-10-06 22:51:02 - [MESSAGE][PASSED] - Element 'Object Repository/iOS/Product_Search/Progress_Bar' is exist

2021-10-06 22:51:03 - [MESSAGE][PASSED] - Delayed 1 second(s)

2021-10-06 22:51:04 - [MESSAGE][WARNING] - Element 'Object Repository/iOS/Product_Search/Progress_Bar' not found
[[ATTACHMENT|/Users/sahil.vidaysingh/Katalon Studio/testing/Reports/20211006_215455/sanity_iOS/20211006_215455/1633540864197.png]]

2021-10-06 22:51:04 - [MESSAGE][WARNING] - Duration '0' is invalid. Using default duration.

2021-10-06 22:51:04 - [MESSAGE][WARNING] - Timeout '0' is invalid. Using default page load timeout: '30'

2021-10-06 22:51:05 - [MESSAGE][PASSED] - Tapped and held on element 'Object Repository/iOS/Inventory/Location Details_Screen/Add Product to Location/Product SearchField' with duration (default)

2021-10-06 22:51:07 - [MESSAGE][WARNING] - Element 'Object Repository/iOS/Product_Search/Progress_Bar' not found
[[ATTACHMENT|/Users/sahil.vidaysingh/Katalon Studio/testing/Reports/20211006_215455/sanity_iOS/20211006_215455/1633540866999.png]]

2021-10-06 22:51:07 - [MESSAGE][WARNING] - Timeout '0' is invalid. Using default page load timeout: '30'

2021-10-06 22:51:08 - [MESSAGE][PASSED] - Text 'par' has been set to element 'Object Repository/iOS/Inventory/Location Details_Screen/Add Product to Location/Product SearchField'

2021-10-06 22:51:08 - [MESSAGE][WARNING] - Duration '0' is invalid. Using default duration.

2021-10-06 22:51:08 - [MESSAGE][WARNING] - Timeout '0' is invalid. Using default page load timeout: '30'

2021-10-06 22:51:09 - [MESSAGE][PASSED] - Tapped and held on element 'Object Repository/iOS/Product_Search/Search Key_Button' with duration (default)

2021-10-06 22:51:10 - [MESSAGE][PASSED] - Element 'Object Repository/iOS/Product_Search/Progress_Bar' is exist

2021-10-06 22:51:11 - [MESSAGE][PASSED] - Delayed 1 second(s)

2021-10-06 22:51:12 - [MESSAGE][PASSED] - Element 'Object Repository/iOS/Product_Search/Progress_Bar' is exist

2021-10-06 22:51:13 - [MESSAGE][PASSED] - Delayed 1 second(s)

2021-10-06 22:51:13 - [MESSAGE][PASSED] - Element 'Object Repository/iOS/Product_Search/Progress_Bar' is exist

2021-10-06 22:51:14 - [MESSAGE][PASSED] - Delayed 1 second(s)

2021-10-06 22:51:22 - [MESSAGE][PASSED] - Element 'Object Repository/iOS/Product_Search/Progress_Bar' is exist

2021-10-06 22:51:23 - [MESSAGE][PASSED] - Delayed 1 second(s)

2021-10-06 22:51:27 - [MESSAGE][WARNING] - Element 'Object Repository/iOS/Product_Search/Progress_Bar' not found
[[ATTACHMENT|/Users/sahil.vidaysingh/Katalon Studio/testing/Reports/20211006_215455/sanity_iOS/20211006_215455/1633540887474.png]]

2021-10-06 22:51:27 - [MESSAGE][WARNING] - Timeout '0' is invalid. Using default page load timeout: '30'

2021-10-06 22:51:34 - [MESSAGE][PASSED] - Tapped on element 'Object Repository/iOS/Inventory/Location Details_Screen/Add Product to Location/Add Product to Location_Text'

2021-10-06 22:51:34 - [MESSAGE][WARNING] - Timeout '0' is invalid. Using default page load timeout: '30'

2021-10-06 22:51:41 - [MESSAGE][PASSED] - Tapped on element 'Object Repository/iOS/Inventory/Location Details_Screen/Add Product to Location/Continue Browsing After Adding Product_Text'

2021-10-06 22:51:41 - [MESSAGE][PASSED] - ios_inventory.Location_details_Screen.add_Product_to_Location is PASSED

2021-10-06 22:51:41 - [TEST_STEP][PASSED] - ios_common_keywords.Go_Back.Custom(): ios_common_keywords.Go_Back.Custom is PASSED

2021-10-06 22:51:46 - [MESSAGE][WARNING] - Element 'Object Repository/iOS/Product_Search/Progress_Bar' not found
[[ATTACHMENT|/Users/sahil.vidaysingh/Katalon Studio/testing/Reports/20211006_215455/sanity_iOS/20211006_215455/1633540906054.png]]

2021-10-06 22:51:53 - [MESSAGE][WARNING] - Element 'Object Repository/iOS/Product_Search/Back_Text' not found
[[ATTACHMENT|/Users/sahil.vidaysingh/Katalon Studio/testing/Reports/20211006_215455/sanity_iOS/20211006_215455/1633540912987.png]]

2021-10-06 22:51:58 - [MESSAGE][PASSED] - Tapped on element 'Object Repository/iOS/Inventory/Location Details_Screen/Add Product to Location/Back Button_Text'

2021-10-06 22:52:00 - [MESSAGE][WARNING] - Element 'Object Repository/iOS/Product_Search/Progress_Bar' not found
[[ATTACHMENT|/Users/sahil.vidaysingh/Katalon Studio/testing/Reports/20211006_215455/sanity_iOS/20211006_215455/1633540920509.png]]

2021-10-06 22:52:00 - [MESSAGE][PASSED] - ios_common_keywords.Go_Back.Custom is PASSED

2021-10-06 22:52:00 - [TEST_STEP][PASSED] - ios_inventory.Location_details_Screen.copy_Product_to_Another_Location(Location_1): ios_inventory.Location_details_Screen.copy_Product_to_Another_Location is PASSED

2021-10-06 22:52:02 - [MESSAGE][WARNING] - Element 'Object Repository/iOS/Product_Search/Progress_Bar' not found
[[ATTACHMENT|/Users/sahil.vidaysingh/Katalon Studio/testing/Reports/20211006_215455/sanity_iOS/20211006_215455/1633540921957.png]]

2021-10-06 22:52:02 - [MESSAGE][WARNING] - Timeout '0' is invalid. Using default page load timeout: '30'

2021-10-06 22:52:02 - [MESSAGE][PASSED] - Tapped on element 'Object Repository/iOS/Inventory/Location Details_Screen/Delete_Location/Slide_PopUp_Button for Location Deletion'

2021-10-06 22:52:02 - [MESSAGE][WARNING] - Timeout '0' is invalid. Using default page load timeout: '30'

2021-10-06 22:52:04 - [MESSAGE][PASSED] - Tapped on element 'Object Repository/iOS/Inventory/Location Details_Screen/Copy Product from Location/Copy_Product_Text'

2021-10-06 22:52:04 - [MESSAGE][WARNING] - Timeout '0' is invalid. Using default page load timeout: '30'

2021-10-06 22:52:05 - [MESSAGE][PASSED] - Tapped on element 'Object Repository/iOS/Inventory/Location Details_Screen/Copy Product from Location/Move or Copy to Location_Text'

2021-10-06 22:52:05 - [MESSAGE][WARNING] - Timeout '0' is invalid. Using default page load timeout: '30'

2021-10-06 22:52:06 - [MESSAGE][PASSED] - Tapped on element 'Object Repository/iOS/Inventory/Location Details_Screen/Copy Product from Location/Copy_Product_Text'

2021-10-06 22:52:07 - [MESSAGE][WARNING] - Element 'Object Repository/iOS/Product_Search/Progress_Bar' not found
[[ATTACHMENT|/Users/sahil.vidaysingh/Katalon Studio/testing/Reports/20211006_215455/sanity_iOS/20211006_215455/1633540927466.png]]

2021-10-06 22:52:07 - [MESSAGE][WARNING] - Timeout '0' is invalid. Using default page load timeout: '30'

2021-10-06 22:52:08 - [MESSAGE][PASSED] - Tapped on element 'Object Repository/iOS/Inventory/Location Details_Screen/Copy Product from Location/Go to Location after Move or Copy or Adding Product_Text'

2021-10-06 22:52:09 - [MESSAGE][WARNING] - Element 'Object Repository/iOS/Product_Search/Progress_Bar' not found
[[ATTACHMENT|/Users/sahil.vidaysingh/Katalon Studio/testing/Reports/20211006_215455/sanity_iOS/20211006_215455/1633540929827.png]]

2021-10-06 22:52:09 - [MESSAGE][PASSED] - ios_inventory.Location_details_Screen.copy_Product_to_Another_Location is PASSED

2021-10-06 22:52:09 - [TEST_STEP][PASSED] - ios_inventory.Location_details_Screen.upload_Location(): ios_inventory.Location_details_Screen.upload_Location is PASSED

2021-10-06 22:52:09 - [MESSAGE][WARNING] - Timeout '0' is invalid. Using default page load timeout: '30'

2021-10-06 22:52:11 - [MESSAGE][PASSED] - Tapped on element 'Object Repository/iOS/Inventory/Location Details_Screen/Upload_Order/Upload_Button'

2021-10-06 22:52:11 - [MESSAGE][WARNING] - Timeout '0' is invalid. Using default page load timeout: '30'

2021-10-06 22:52:19 - [MESSAGE][PASSED] - Tapped on element 'Object Repository/iOS/Inventory/Location Details_Screen/Upload_Order/Got it_Text'

2021-10-06 22:52:19 - [MESSAGE][PASSED] - ios_inventory.Location_details_Screen.upload_Location is PASSED

2021-10-06 22:52:19 - [TEST_STEP][PASSED] - ios_common_keywords.Go_Back.Custom(): ios_common_keywords.Go_Back.Custom is PASSED

2021-10-06 22:52:21 - [MESSAGE][WARNING] - Element 'Object Repository/iOS/Product_Search/Progress_Bar' not found
[[ATTACHMENT|/Users/sahil.vidaysingh/Katalon Studio/testing/Reports/20211006_215455/sanity_iOS/20211006_215455/1633540941354.png]]

2021-10-06 22:52:25 - [MESSAGE][WARNING] - Element 'Object Repository/iOS/Product_Search/Back_Text' not found
[[ATTACHMENT|/Users/sahil.vidaysingh/Katalon Studio/testing/Reports/20211006_215455/sanity_iOS/20211006_215455/1633540945582.png]]

2021-10-06 22:52:27 - [MESSAGE][PASSED] - Tapped on element 'Object Repository/iOS/Inventory/Location Details_Screen/Add Product to Location/Back Button_Text'

2021-10-06 22:52:28 - [MESSAGE][PASSED] - Element 'Object Repository/iOS/Product_Search/Progress_Bar' is exist

2021-10-06 22:52:30 - [MESSAGE][PASSED] - Delayed 2 second(s)

2021-10-06 22:52:32 - [MESSAGE][WARNING] - Element 'Object Repository/iOS/Product_Search/Progress_Bar' not found
[[ATTACHMENT|/Users/sahil.vidaysingh/Katalon Studio/testing/Reports/20211006_215455/sanity_iOS/20211006_215455/1633540952461.png]]

2021-10-06 22:52:32 - [MESSAGE][PASSED] - ios_common_keywords.Go_Back.Custom is PASSED

2021-10-06 22:52:32 - [TEST_STEP][PASSED] - ios_inventory.Inventory_details_Screen.click_On_Location(Location_2): ios_inventory.Inventory_details_Screen.click_On_Location is PASSED

2021-10-06 22:52:32 - [MESSAGE][WARNING] - Timeout '0' is invalid. Using default page load timeout: '30'

2021-10-06 22:52:34 - [MESSAGE][PASSED] - Tapped on element 'Object Repository/iOS/Inventory/Inventory Details Screen/Add Location/Tap On Location_Text'

2021-10-06 22:52:34 - [MESSAGE][PASSED] - ios_inventory.Inventory_details_Screen.click_On_Location is PASSED

2021-10-06 22:52:34 - [TEST_STEP][PASSED] - ios_inventory.Location_details_Screen.move_Product_to_Another_Location(Location_1): ios_inventory.Location_details_Screen.move_Product_to_Another_Location is PASSED

2021-10-06 22:52:34 - [MESSAGE][WARNING] - Timeout '0' is invalid. Using default page load timeout: '30'

2021-10-06 22:52:36 - [MESSAGE][PASSED] - Tapped on element 'Object Repository/iOS/Inventory/Location Details_Screen/Delete_Location/Slide_PopUp_Button for Location Deletion'

2021-10-06 22:52:36 - [MESSAGE][WARNING] - Timeout '0' is invalid. Using default page load timeout: '30'

2021-10-06 22:52:37 - [MESSAGE][PASSED] - Tapped on element 'Object Repository/iOS/Inventory/Location Details_Screen/Move Product to Another Location/Move_Product_Text'

2021-10-06 22:52:37 - [MESSAGE][WARNING] - Timeout '0' is invalid. Using default page load timeout: '30'

2021-10-06 22:52:38 - [MESSAGE][PASSED] - Tapped on element 'Object Repository/iOS/Inventory/Location Details_Screen/Copy Product from Location/Move or Copy to Location_Text'

2021-10-06 22:52:38 - [MESSAGE][WARNING] - Timeout '0' is invalid. Using default page load timeout: '30'

2021-10-06 22:52:39 - [MESSAGE][PASSED] - Tapped on element 'Object Repository/iOS/Inventory/Location Details_Screen/Move Product to Another Location/Move_Product_Text'

2021-10-06 22:52:40 - [MESSAGE][WARNING] - Element 'Object Repository/iOS/Product_Search/Progress_Bar' not found
[[ATTACHMENT|/Users/sahil.vidaysingh/Katalon Studio/testing/Reports/20211006_215455/sanity_iOS/20211006_215455/1633540960520.png]]

2021-10-06 22:52:40 - [MESSAGE][WARNING] - Timeout '0' is invalid. Using default page load timeout: '30'

2021-10-06 22:52:41 - [MESSAGE][PASSED] - Tapped on element 'Object Repository/iOS/Inventory/Location Details_Screen/Copy Product from Location/Go to Location after Move or Copy or Adding Product_Text'

2021-10-06 22:52:42 - [MESSAGE][WARNING] - Element 'Object Repository/iOS/Product_Search/Progress_Bar' not found
[[ATTACHMENT|/Users/sahil.vidaysingh/Katalon Studio/testing/Reports/20211006_215455/sanity_iOS/20211006_215455/1633540962802.png]]

2021-10-06 22:52:42 - [MESSAGE][PASSED] - ios_inventory.Location_details_Screen.move_Product_to_Another_Location is PASSED

2021-10-06 22:52:42 - [TEST_STEP][PASSED] - ios_common_keywords.Go_Back.Custom(): ios_common_keywords.Go_Back.Custom is PASSED

2021-10-06 22:52:45 - [MESSAGE][WARNING] - Element 'Object Repository/iOS/Product_Search/Progress_Bar' not found
[[ATTACHMENT|/Users/sahil.vidaysingh/Katalon Studio/testing/Reports/20211006_215455/sanity_iOS/20211006_215455/1633540965125.png]]

2021-10-06 22:52:49 - [MESSAGE][WARNING] - Element 'Object Repository/iOS/Product_Search/Back_Text' not found
[[ATTACHMENT|/Users/sahil.vidaysingh/Katalon Studio/testing/Reports/20211006_215455/sanity_iOS/20211006_215455/1633540969644.png]]

2021-10-06 22:52:51 - [MESSAGE][PASSED] - Tapped on element 'Object Repository/iOS/Inventory/Location Details_Screen/Add Product to Location/Back Button_Text'

2021-10-06 22:52:52 - [MESSAGE][PASSED] - Element 'Object Repository/iOS/Product_Search/Progress_Bar' is exist

2021-10-06 22:52:54 - [MESSAGE][PASSED] - Delayed 2 second(s)

2021-10-06 22:52:56 - [MESSAGE][WARNING] - Element 'Object Repository/iOS/Product_Search/Progress_Bar' not found
[[ATTACHMENT|/Users/sahil.vidaysingh/Katalon Studio/testing/Reports/20211006_215455/sanity_iOS/20211006_215455/1633540976604.png]]

2021-10-06 22:52:56 - [MESSAGE][PASSED] - ios_common_keywords.Go_Back.Custom is PASSED

2021-10-06 22:52:56 - [TEST_STEP][PASSED] - ios_inventory.Inventory_details_Screen.click_On_Location(Location_1): ios_inventory.Inventory_details_Screen.click_On_Location is PASSED

2021-10-06 22:52:56 - [MESSAGE][WARNING] - Timeout '0' is invalid. Using default page load timeout: '30'

2021-10-06 22:52:58 - [MESSAGE][PASSED] - Tapped on element 'Object Repository/iOS/Inventory/Inventory Details Screen/Add Location/Tap On Location_Text'

2021-10-06 22:52:58 - [MESSAGE][PASSED] - ios_inventory.Inventory_details_Screen.click_On_Location is PASSED

2021-10-06 22:52:58 - [TEST_STEP][PASSED] - ios_inventory.Location_details_Screen.delete_Product(): ios_inventory.Location_details_Screen.delete_Product is PASSED

2021-10-06 22:52:58 - [MESSAGE][WARNING] - Timeout '0' is invalid. Using default page load timeout: '30'

2021-10-06 22:53:00 - [MESSAGE][PASSED] - Tapped on element 'Object Repository/iOS/Inventory/Location Details_Screen/Delete_Location/Slide_PopUp_Button for Location Deletion'

2021-10-06 22:53:00 - [MESSAGE][WARNING] - Timeout '0' is invalid. Using default page load timeout: '30'

2021-10-06 22:53:01 - [MESSAGE][PASSED] - Tapped on element 'Object Repository/iOS/Inventory/Location Details_Screen/Delete_Location/Delete Location_Text'

2021-10-06 22:53:01 - [MESSAGE][WARNING] - Timeout '0' is invalid. Using default page load timeout: '30'

2021-10-06 22:53:03 - [MESSAGE][PASSED] - Tapped on element 'Object Repository/iOS/Inventory/Location Details_Screen/Delete_Location/Yes_Text'

2021-10-06 22:53:03 - [MESSAGE][PASSED] - ios_inventory.Location_details_Screen.delete_Product is PASSED

2021-10-06 22:53:03 - [TEST_STEP][PASSED] - ios_common_keywords.Go_Back.Custom(): ios_common_keywords.Go_Back.Custom is PASSED

2021-10-06 22:53:04 - [MESSAGE][PASSED] - Element 'Object Repository/iOS/Product_Search/Progress_Bar' is exist

2021-10-06 22:53:06 - [MESSAGE][PASSED] - Delayed 2 second(s)

2021-10-06 22:53:08 - [MESSAGE][WARNING] - Element 'Object Repository/iOS/Product_Search/Progress_Bar' not found
[[ATTACHMENT|/Users/sahil.vidaysingh/Katalon Studio/testing/Reports/20211006_215455/sanity_iOS/20211006_215455/1633540988813.png]]

2021-10-06 22:53:13 - [MESSAGE][WARNING] - Element 'Object Repository/iOS/Product_Search/Back_Text' not found
[[ATTACHMENT|/Users/sahil.vidaysingh/Katalon Studio/testing/Reports/20211006_215455/sanity_iOS/20211006_215455/1633540993159.png]]

2021-10-06 22:53:14 - [MESSAGE][PASSED] - Tapped on element 'Object Repository/iOS/Inventory/Location Details_Screen/Add Product to Location/Back Button_Text'

2021-10-06 22:53:15 - [MESSAGE][PASSED] - Element 'Object Repository/iOS/Product_Search/Progress_Bar' is exist

2021-10-06 22:53:17 - [MESSAGE][PASSED] - Delayed 2 second(s)

2021-10-06 22:53:19 - [MESSAGE][WARNING] - Element 'Object Repository/iOS/Product_Search/Progress_Bar' not found
[[ATTACHMENT|/Users/sahil.vidaysingh/Katalon Studio/testing/Reports/20211006_215455/sanity_iOS/20211006_215455/1633540999751.png]]

2021-10-06 22:53:19 - [MESSAGE][PASSED] - ios_common_keywords.Go_Back.Custom is PASSED

2021-10-06 22:53:19 - [TEST_STEP][PASSED] - ios_common_keywords.Go_Back.Custom(): ios_common_keywords.Go_Back.Custom is PASSED

2021-10-06 22:53:22 - [MESSAGE][WARNING] - Element 'Object Repository/iOS/Product_Search/Progress_Bar' not found
[[ATTACHMENT|/Users/sahil.vidaysingh/Katalon Studio/testing/Reports/20211006_215455/sanity_iOS/20211006_215455/1633541001952.png]]

2021-10-06 22:53:26 - [MESSAGE][WARNING] - Element 'Object Repository/iOS/Product_Search/Back_Text' not found
[[ATTACHMENT|/Users/sahil.vidaysingh/Katalon Studio/testing/Reports/20211006_215455/sanity_iOS/20211006_215455/1633541006235.png]]

2021-10-06 22:53:27 - [MESSAGE][PASSED] - Tapped on element 'Object Repository/iOS/Inventory/Location Details_Screen/Add Product to Location/Back Button_Text'

2021-10-06 22:53:29 - [MESSAGE][WARNING] - Element 'Object Repository/iOS/Product_Search/Progress_Bar' not found
[[ATTACHMENT|/Users/sahil.vidaysingh/Katalon Studio/testing/Reports/20211006_215455/sanity_iOS/20211006_215455/1633541009750.png]]

2021-10-06 22:53:29 - [MESSAGE][PASSED] - ios_common_keywords.Go_Back.Custom is PASSED

2021-10-06 22:53:29 - [TEST_STEP][PASSED] - ios_inventory.Inventory_listing_Screen.delete_Inventory(Inventory_Name): ios_inventory.Inventory_listing_Screen.delete_Inventory is PASSED

2021-10-06 22:53:31 - [MESSAGE][WARNING] - Element 'Object Repository/iOS/Product_Search/Progress_Bar' not found
[[ATTACHMENT|/Users/sahil.vidaysingh/Katalon Studio/testing/Reports/20211006_215455/sanity_iOS/20211006_215455/1633541011327.png]]

2021-10-06 22:53:31 - [MESSAGE][WARNING] - Timeout '0' is invalid. Using default page load timeout: '30'

2021-10-06 22:53:32 - [MESSAGE][PASSED] - Tapped on element 'Object Repository/iOS/Inventory/Inventory Listing Screen/Delete Inventory/Slide_PopUpButton For Inventory Deletion'

2021-10-06 22:53:32 - [MESSAGE][WARNING] - Timeout '0' is invalid. Using default page load timeout: '30'

2021-10-06 22:53:33 - [MESSAGE][PASSED] - Tapped on element 'Object Repository/iOS/Inventory/Inventory Listing Screen/Delete Inventory/Delete Inventory_Text'

2021-10-06 22:53:33 - [MESSAGE][WARNING] - Timeout '0' is invalid. Using default page load timeout: '30'

2021-10-06 22:53:35 - [MESSAGE][PASSED] - Tapped on element 'Object Repository/iOS/Inventory/Inventory Listing Screen/Delete Inventory/Yes for Deletion_Text'

2021-10-06 22:53:36 - [MESSAGE][PASSED] - Element 'Object Repository/iOS/Product_Search/Progress_Bar' is exist

2021-10-06 22:53:37 - [MESSAGE][PASSED] - Delayed 1 second(s)

2021-10-06 22:53:38 - [MESSAGE][PASSED] - Element 'Object Repository/iOS/Product_Search/Progress_Bar' is exist

2021-10-06 22:53:39 - [MESSAGE][PASSED] - Delayed 1 second(s)

2021-10-06 22:53:40 - [MESSAGE][WARNING] - Element 'Object Repository/iOS/Product_Search/Progress_Bar' not found
[[ATTACHMENT|/Users/sahil.vidaysingh/Katalon Studio/testing/Reports/20211006_215455/sanity_iOS/20211006_215455/1633541020372.png]]

2021-10-06 22:53:40 - [MESSAGE][WARNING] - Timeout '0' is invalid. Using default page load timeout: '30'

2021-10-06 22:54:10 - [MESSAGE][PASSED] - Element 'Object Repository/iOS/Inventory/Inventory Details Screen/Open Inventory Details/Open Inventory_Text' not found

2021-10-06 22:54:10 - [MESSAGE][PASSED] - ios_inventory.Inventory_listing_Screen.delete_Inventory is PASSED]]></system-out>
         <system-err><![CDATA[]]></system-err>
      </testcase>
      <testcase name="Test Cases/iOS/Inventory/Inventory(Verify add,copy,move between location)" time="194.704" classname="Test Cases/iOS/Inventory/Inventory(Verify add,copy,move between location)" status="FAILED">
         <failure type="FAILED" message="Test Cases/iOS/Inventory/Inventory(Verify add,copy,move between location) FAILED.
Reason:
com.kms.katalon.core.exception.StepFailedException: Text '10-676018' not found.
	at com.kms.katalon.core.keyword.internal.KeywordMain.stepFailed(KeywordMain.groovy:50)
	at com.kms.katalon.core.mobile.keyword.internal.MobileKeywordMain.stepFailed(MobileKeywordMain.groovy:40)
	at com.kms.katalon.core.mobile.keyword.internal.MobileKeywordMain$stepFailed$0.call(Unknown Source)
	at com.kms.katalon.core.mobile.keyword.builtin.ScrollToTextKeyword$_scrollToText_closure1.doCall(ScrollToTextKeyword.groovy:80)
	at com.kms.katalon.core.mobile.keyword.builtin.ScrollToTextKeyword$_scrollToText_closure1.doCall(ScrollToTextKeyword.groovy)
	at com.kms.katalon.core.mobile.keyword.internal.MobileKeywordMain.runKeyword(MobileKeywordMain.groovy:21)
	at com.kms.katalon.core.mobile.keyword.internal.MobileKeywordMain$runKeyword.call(Unknown Source)
	at com.kms.katalon.core.mobile.keyword.builtin.ScrollToTextKeyword.scrollToText(ScrollToTextKeyword.groovy:85)
	at com.kms.katalon.core.mobile.keyword.builtin.ScrollToTextKeyword.execute(ScrollToTextKeyword.groovy:41)
	at com.kms.katalon.core.keyword.internal.KeywordExecutor.executeKeywordForPlatform(KeywordExecutor.groovy:73)
	at com.kms.katalon.core.mobile.keyword.MobileBuiltInKeywords.scrollToText(MobileBuiltInKeywords.groovy:1818)
	at com.kms.katalon.core.mobile.keyword.MobileBuiltInKeywords$scrollToText$6.call(Unknown Source)
	at ios_account_selection.Select_An_Account.Custom(Select_An_Account.groovy:56)
	at ios_account_selection.Select_An_Account.invokeMethod(Select_An_Account.groovy)
	at com.kms.katalon.core.main.CustomKeywordDelegatingMetaClass.invokeStaticMethod(CustomKeywordDelegatingMetaClass.java:50)
	at Inventory(Verify add,copy,move between location).run(Inventory(Verify add,copy,move between location):24)
	at com.kms.katalon.core.main.ScriptEngine.run(ScriptEngine.java:194)
	at com.kms.katalon.core.main.ScriptEngine.runScriptAsRawText(ScriptEngine.java:119)
	at com.kms.katalon.core.main.TestCaseExecutor.runScript(TestCaseExecutor.java:398)
	at com.kms.katalon.core.main.TestCaseExecutor.doExecute(TestCaseExecutor.java:389)
	at com.kms.katalon.core.main.TestCaseExecutor.processExecutionPhase(TestCaseExecutor.java:368)
	at com.kms.katalon.core.main.TestCaseExecutor.accessMainPhase(TestCaseExecutor.java:360)
	at com.kms.katalon.core.main.TestCaseExecutor.execute(TestCaseExecutor.java:255)
	at com.kms.katalon.core.main.TestSuiteExecutor.accessTestCaseMainPhase(TestSuiteExecutor.java:203)
	at com.kms.katalon.core.main.TestSuiteExecutor.accessTestSuiteMainPhase(TestSuiteExecutor.java:152)
	at com.kms.katalon.core.main.TestSuiteExecutor.execute(TestSuiteExecutor.java:95)
	at com.kms.katalon.core.main.TestCaseMain.startTestSuite(TestCaseMain.java:157)
	at com.kms.katalon.core.main.TestCaseMain$startTestSuite$0.call(Unknown Source)
	at TempTestSuite1633537495900.run(TempTestSuite1633537495900.groovy:39)
"/>
         <system-out><![CDATA[2021-10-06 22:54:10 - [TEST_CASE][FAILED] - Test Cases/iOS/Inventory/Inventory(Verify add,copy,move between location): Test Cases/iOS/Inventory/Inventory(Verify add,copy,move between location) FAILED.
Reason:
com.kms.katalon.core.exception.StepFailedException: Text '10-676018' not found.
	at com.kms.katalon.core.keyword.internal.KeywordMain.stepFailed(KeywordMain.groovy:50)
	at com.kms.katalon.core.mobile.keyword.internal.MobileKeywordMain.stepFailed(MobileKeywordMain.groovy:40)
	at com.kms.katalon.core.mobile.keyword.internal.MobileKeywordMain$stepFailed$0.call(Unknown Source)
	at com.kms.katalon.core.mobile.keyword.builtin.ScrollToTextKeyword$_scrollToText_closure1.doCall(ScrollToTextKeyword.groovy:80)
	at com.kms.katalon.core.mobile.keyword.builtin.ScrollToTextKeyword$_scrollToText_closure1.doCall(ScrollToTextKeyword.groovy)
	at com.kms.katalon.core.mobile.keyword.internal.MobileKeywordMain.runKeyword(MobileKeywordMain.groovy:21)
	at com.kms.katalon.core.mobile.keyword.internal.MobileKeywordMain$runKeyword.call(Unknown Source)
	at com.kms.katalon.core.mobile.keyword.builtin.ScrollToTextKeyword.scrollToText(ScrollToTextKeyword.groovy:85)
	at com.kms.katalon.core.mobile.keyword.builtin.ScrollToTextKeyword.execute(ScrollToTextKeyword.groovy:41)
	at com.kms.katalon.core.keyword.internal.KeywordExecutor.executeKeywordForPlatform(KeywordExecutor.groovy:73)
	at com.kms.katalon.core.mobile.keyword.MobileBuiltInKeywords.scrollToText(MobileBuiltInKeywords.groovy:1818)
	at com.kms.katalon.core.mobile.keyword.MobileBuiltInKeywords$scrollToText$6.call(Unknown Source)
	at ios_account_selection.Select_An_Account.Custom(Select_An_Account.groovy:56)
	at ios_account_selection.Select_An_Account.invokeMethod(Select_An_Account.groovy)
	at com.kms.katalon.core.main.CustomKeywordDelegatingMetaClass.invokeStaticMethod(CustomKeywordDelegatingMetaClass.java:50)
	at Inventory(Verify add,copy,move between location).run(Inventory(Verify add,copy,move between location):24)
	at com.kms.katalon.core.main.ScriptEngine.run(ScriptEngine.java:194)
	at com.kms.katalon.core.main.ScriptEngine.runScriptAsRawText(ScriptEngine.java:119)
	at com.kms.katalon.core.main.TestCaseExecutor.runScript(TestCaseExecutor.java:398)
	at com.kms.katalon.core.main.TestCaseExecutor.doExecute(TestCaseExecutor.java:389)
	at com.kms.katalon.core.main.TestCaseExecutor.processExecutionPhase(TestCaseExecutor.java:368)
	at com.kms.katalon.core.main.TestCaseExecutor.accessMainPhase(TestCaseExecutor.java:360)
	at com.kms.katalon.core.main.TestCaseExecutor.execute(TestCaseExecutor.java:255)
	at com.kms.katalon.core.main.TestSuiteExecutor.accessTestCaseMainPhase(TestSuiteExecutor.java:203)
	at com.kms.katalon.core.main.TestSuiteExecutor.accessTestSuiteMainPhase(TestSuiteExecutor.java:152)
	at com.kms.katalon.core.main.TestSuiteExecutor.execute(TestSuiteExecutor.java:95)
	at com.kms.katalon.core.main.TestCaseMain.startTestSuite(TestCaseMain.java:157)
	at com.kms.katalon.core.main.TestCaseMain$startTestSuite$0.call(Unknown Source)
	at TempTestSuite1633537495900.run(TempTestSuite1633537495900.groovy:39)


2021-10-06 22:54:11 - [TEST_STEP][PASSED] - ios_common_keywords.Start_Application.custom(): ios_common_keywords.Start_Application.custom is PASSED

2021-10-06 22:55:08 - [MESSAGE][PASSED] - Started app at: '/Users/sahil.vidaysingh/Downloads/Hatch 3.app'

2021-10-06 22:55:08 - [MESSAGE][PASSED] - ios_common_keywords.Start_Application.custom is PASSED

2021-10-06 22:55:08 - [TEST_STEP][PASSED] - ios_login.Login_Screen.login(Password): ios_login.Login_Screen.login is PASSED

2021-10-06 22:55:09 - [MESSAGE][PASSED] - Element 'Object Repository/iOS/LogIn/Environment_Selection_Screen/Environment Selection_Text' is exist

2021-10-06 22:55:09 - [MESSAGE][WARNING] - Timeout '0' is invalid. Using default page load timeout: '30'

2021-10-06 22:55:10 - [MESSAGE][PASSED] - Tapped on element 'Object Repository/iOS/LogIn/Environment_Selection_Screen/Environment Selection_Text'

2021-10-06 22:55:10 - [MESSAGE][WARNING] - Timeout '0' is invalid. Using default page load timeout: '30'

2021-10-06 22:55:11 - [MESSAGE][PASSED] - Tapped on element 'Object Repository/iOS/LogIn/Environment_Selection_Screen/Environment_Button'

2021-10-06 22:55:11 - [MESSAGE][WARNING] - Timeout '0' is invalid. Using default page load timeout: '30'

2021-10-06 22:55:12 - [MESSAGE][PASSED] - Tapped on element 'Object Repository/iOS/LogIn/Login_Details_Screen/Login UserName_Button'

2021-10-06 22:55:12 - [MESSAGE][WARNING] - Timeout '0' is invalid. Using default page load timeout: '30'

2021-10-06 22:55:13 - [MESSAGE][PASSED] - Text 'kavan.mobile.r' has been set to element 'Object Repository/iOS/LogIn/Login_Details_Screen/UserName_Text_Field'

2021-10-06 22:55:13 - [MESSAGE][WARNING] - Timeout '0' is invalid. Using default page load timeout: '30'

2021-10-06 22:55:14 - [MESSAGE][PASSED] - Tapped on element 'Object Repository/iOS/LogIn/Login_Details_Screen/LoginBar-ButtonDown'

2021-10-06 22:55:14 - [MESSAGE][WARNING] - Timeout '0' is invalid. Using default page load timeout: '30'

2021-10-06 22:55:15 - [MESSAGE][PASSED] - Tapped on element 'Object Repository/iOS/LogIn/Login_Details_Screen/Password-Button'

2021-10-06 22:55:15 - [MESSAGE][WARNING] - Timeout '0' is invalid. Using default page load timeout: '30'

2021-10-06 22:55:16 - [MESSAGE][PASSED] - Text 'C@rdinal!' has been set to element 'Object Repository/iOS/LogIn/Login_Details_Screen/Password-Secure_Text_Field'

2021-10-06 22:55:16 - [MESSAGE][WARNING] - Timeout '0' is invalid. Using default page load timeout: '30'

2021-10-06 22:55:17 - [MESSAGE][PASSED] - Tapped on element 'Object Repository/iOS/LogIn/Login_Details_Screen/SignIn_Button'

2021-10-06 22:55:17 - [MESSAGE][PASSED] - ios_login.Login_Screen.login is PASSED

2021-10-06 22:55:17 - [TEST_STEP][FAILED] - ios_account_selection.Select_An_Account.Custom(Account): Text '10-676018' not found.

2021-10-06 22:55:18 - [MESSAGE][PASSED] - Element 'Object Repository/iOS/Product_Search/Progress_Bar' is exist

2021-10-06 22:55:19 - [MESSAGE][PASSED] - Delayed 1 second(s)

2021-10-06 22:55:19 - [MESSAGE][PASSED] - Element 'Object Repository/iOS/Product_Search/Progress_Bar' is exist

2021-10-06 22:55:20 - [MESSAGE][PASSED] - Delayed 1 second(s)

2021-10-06 22:55:20 - [MESSAGE][PASSED] - Element 'Object Repository/iOS/Product_Search/Progress_Bar' is exist

2021-10-06 22:55:21 - [MESSAGE][PASSED] - Delayed 1 second(s)

2021-10-06 22:55:21 - [MESSAGE][PASSED] - Element 'Object Repository/iOS/Product_Search/Progress_Bar' is exist

2021-10-06 22:55:22 - [MESSAGE][PASSED] - Delayed 1 second(s)

2021-10-06 22:55:23 - [MESSAGE][PASSED] - Element 'Object Repository/iOS/Product_Search/Progress_Bar' is exist

2021-10-06 22:55:24 - [MESSAGE][PASSED] - Delayed 1 second(s)

2021-10-06 22:55:25 - [MESSAGE][PASSED] - Element 'Object Repository/iOS/Product_Search/Progress_Bar' is exist

2021-10-06 22:55:26 - [MESSAGE][PASSED] - Delayed 1 second(s)

2021-10-06 22:55:26 - [MESSAGE][PASSED] - Element 'Object Repository/iOS/Product_Search/Progress_Bar' is exist

2021-10-06 22:55:27 - [MESSAGE][PASSED] - Delayed 1 second(s)

2021-10-06 22:55:27 - [MESSAGE][PASSED] - Element 'Object Repository/iOS/Product_Search/Progress_Bar' is exist

2021-10-06 22:55:28 - [MESSAGE][PASSED] - Delayed 1 second(s)

2021-10-06 22:55:29 - [MESSAGE][PASSED] - Element 'Object Repository/iOS/Product_Search/Progress_Bar' is exist

2021-10-06 22:55:30 - [MESSAGE][PASSED] - Delayed 1 second(s)

2021-10-06 22:55:30 - [MESSAGE][PASSED] - Element 'Object Repository/iOS/Product_Search/Progress_Bar' is exist

2021-10-06 22:55:31 - [MESSAGE][PASSED] - Delayed 1 second(s)

2021-10-06 22:55:31 - [MESSAGE][PASSED] - Element 'Object Repository/iOS/Product_Search/Progress_Bar' is exist

2021-10-06 22:55:32 - [MESSAGE][PASSED] - Delayed 1 second(s)

2021-10-06 22:55:32 - [MESSAGE][PASSED] - Element 'Object Repository/iOS/Product_Search/Progress_Bar' is exist

2021-10-06 22:55:33 - [MESSAGE][PASSED] - Delayed 1 second(s)

2021-10-06 22:55:34 - [MESSAGE][PASSED] - Element 'Object Repository/iOS/Product_Search/Progress_Bar' is exist

2021-10-06 22:55:35 - [MESSAGE][PASSED] - Delayed 1 second(s)

2021-10-06 22:55:35 - [MESSAGE][PASSED] - Element 'Object Repository/iOS/Product_Search/Progress_Bar' is exist

2021-10-06 22:55:36 - [MESSAGE][PASSED] - Delayed 1 second(s)

2021-10-06 22:55:36 - [MESSAGE][PASSED] - Element 'Object Repository/iOS/Product_Search/Progress_Bar' is exist

2021-10-06 22:55:37 - [MESSAGE][PASSED] - Delayed 1 second(s)

2021-10-06 22:55:38 - [MESSAGE][PASSED] - Element 'Object Repository/iOS/Product_Search/Progress_Bar' is exist

2021-10-06 22:55:39 - [MESSAGE][PASSED] - Delayed 1 second(s)

2021-10-06 22:55:39 - [MESSAGE][PASSED] - Element 'Object Repository/iOS/Product_Search/Progress_Bar' is exist

2021-10-06 22:55:40 - [MESSAGE][PASSED] - Delayed 1 second(s)

2021-10-06 22:55:40 - [MESSAGE][PASSED] - Element 'Object Repository/iOS/Product_Search/Progress_Bar' is exist

2021-10-06 22:55:41 - [MESSAGE][PASSED] - Delayed 1 second(s)

2021-10-06 22:55:42 - [MESSAGE][PASSED] - Element 'Object Repository/iOS/Product_Search/Progress_Bar' is exist

2021-10-06 22:55:43 - [MESSAGE][PASSED] - Delayed 1 second(s)

2021-10-06 22:55:43 - [MESSAGE][PASSED] - Element 'Object Repository/iOS/Product_Search/Progress_Bar' is exist

2021-10-06 22:55:44 - [MESSAGE][PASSED] - Delayed 1 second(s)

2021-10-06 22:55:44 - [MESSAGE][PASSED] - Element 'Object Repository/iOS/Product_Search/Progress_Bar' is exist

2021-10-06 22:55:45 - [MESSAGE][PASSED] - Delayed 1 second(s)

2021-10-06 22:55:46 - [MESSAGE][PASSED] - Element 'Object Repository/iOS/Product_Search/Progress_Bar' is exist

2021-10-06 22:55:47 - [MESSAGE][PASSED] - Delayed 1 second(s)

2021-10-06 22:55:47 - [MESSAGE][PASSED] - Element 'Object Repository/iOS/Product_Search/Progress_Bar' is exist

2021-10-06 22:55:48 - [MESSAGE][PASSED] - Delayed 1 second(s)

2021-10-06 22:55:48 - [MESSAGE][PASSED] - Element 'Object Repository/iOS/Product_Search/Progress_Bar' is exist

2021-10-06 22:55:49 - [MESSAGE][PASSED] - Delayed 1 second(s)

2021-10-06 22:55:50 - [MESSAGE][PASSED] - Element 'Object Repository/iOS/Product_Search/Progress_Bar' is exist

2021-10-06 22:55:51 - [MESSAGE][PASSED] - Delayed 1 second(s)

2021-10-06 22:55:51 - [MESSAGE][PASSED] - Element 'Object Repository/iOS/Product_Search/Progress_Bar' is exist

2021-10-06 22:55:52 - [MESSAGE][PASSED] - Delayed 1 second(s)

2021-10-06 22:55:52 - [MESSAGE][PASSED] - Element 'Object Repository/iOS/Product_Search/Progress_Bar' is exist

2021-10-06 22:55:53 - [MESSAGE][PASSED] - Delayed 1 second(s)

2021-10-06 22:55:53 - [MESSAGE][PASSED] - Element 'Object Repository/iOS/Product_Search/Progress_Bar' is exist

2021-10-06 22:55:54 - [MESSAGE][PASSED] - Delayed 1 second(s)

2021-10-06 22:55:55 - [MESSAGE][PASSED] - Element 'Object Repository/iOS/Product_Search/Progress_Bar' is exist

2021-10-06 22:55:56 - [MESSAGE][PASSED] - Delayed 1 second(s)

2021-10-06 22:55:56 - [MESSAGE][PASSED] - Element 'Object Repository/iOS/Product_Search/Progress_Bar' is exist

2021-10-06 22:55:57 - [MESSAGE][PASSED] - Delayed 1 second(s)

2021-10-06 22:55:57 - [MESSAGE][PASSED] - Element 'Object Repository/iOS/Product_Search/Progress_Bar' is exist

2021-10-06 22:55:58 - [MESSAGE][PASSED] - Delayed 1 second(s)

2021-10-06 22:55:59 - [MESSAGE][PASSED] - Element 'Object Repository/iOS/Product_Search/Progress_Bar' is exist

2021-10-06 22:56:00 - [MESSAGE][PASSED] - Delayed 1 second(s)

2021-10-06 22:56:00 - [MESSAGE][PASSED] - Element 'Object Repository/iOS/Product_Search/Progress_Bar' is exist

2021-10-06 22:56:01 - [MESSAGE][PASSED] - Delayed 1 second(s)

2021-10-06 22:56:01 - [MESSAGE][PASSED] - Element 'Object Repository/iOS/Product_Search/Progress_Bar' is exist

2021-10-06 22:56:02 - [MESSAGE][PASSED] - Delayed 1 second(s)

2021-10-06 22:56:03 - [MESSAGE][PASSED] - Element 'Object Repository/iOS/Product_Search/Progress_Bar' is exist

2021-10-06 22:56:04 - [MESSAGE][PASSED] - Delayed 1 second(s)

2021-10-06 22:56:04 - [MESSAGE][PASSED] - Element 'Object Repository/iOS/Product_Search/Progress_Bar' is exist

2021-10-06 22:56:05 - [MESSAGE][PASSED] - Delayed 1 second(s)

2021-10-06 22:56:05 - [MESSAGE][PASSED] - Element 'Object Repository/iOS/Product_Search/Progress_Bar' is exist

2021-10-06 22:56:06 - [MESSAGE][PASSED] - Delayed 1 second(s)

2021-10-06 22:56:07 - [MESSAGE][PASSED] - Element 'Object Repository/iOS/Product_Search/Progress_Bar' is exist

2021-10-06 22:56:08 - [MESSAGE][PASSED] - Delayed 1 second(s)

2021-10-06 22:56:08 - [MESSAGE][PASSED] - Element 'Object Repository/iOS/Product_Search/Progress_Bar' is exist

2021-10-06 22:56:09 - [MESSAGE][PASSED] - Delayed 1 second(s)

2021-10-06 22:56:09 - [MESSAGE][PASSED] - Element 'Object Repository/iOS/Product_Search/Progress_Bar' is exist

2021-10-06 22:56:10 - [MESSAGE][PASSED] - Delayed 1 second(s)

2021-10-06 22:56:11 - [MESSAGE][PASSED] - Element 'Object Repository/iOS/Product_Search/Progress_Bar' is exist

2021-10-06 22:56:12 - [MESSAGE][PASSED] - Delayed 1 second(s)

2021-10-06 22:56:12 - [MESSAGE][PASSED] - Element 'Object Repository/iOS/Product_Search/Progress_Bar' is exist

2021-10-06 22:56:13 - [MESSAGE][PASSED] - Delayed 1 second(s)

2021-10-06 22:56:13 - [MESSAGE][PASSED] - Element 'Object Repository/iOS/Product_Search/Progress_Bar' is exist

2021-10-06 22:56:14 - [MESSAGE][PASSED] - Delayed 1 second(s)

2021-10-06 22:56:14 - [MESSAGE][PASSED] - Element 'Object Repository/iOS/Product_Search/Progress_Bar' is exist

2021-10-06 22:56:15 - [MESSAGE][PASSED] - Delayed 1 second(s)

2021-10-06 22:56:16 - [MESSAGE][PASSED] - Element 'Object Repository/iOS/Product_Search/Progress_Bar' is exist

2021-10-06 22:56:17 - [MESSAGE][PASSED] - Delayed 1 second(s)

2021-10-06 22:56:17 - [MESSAGE][PASSED] - Element 'Object Repository/iOS/Product_Search/Progress_Bar' is exist

2021-10-06 22:56:18 - [MESSAGE][PASSED] - Delayed 1 second(s)

2021-10-06 22:56:18 - [MESSAGE][PASSED] - Element 'Object Repository/iOS/Product_Search/Progress_Bar' is exist

2021-10-06 22:56:19 - [MESSAGE][PASSED] - Delayed 1 second(s)

2021-10-06 22:56:20 - [MESSAGE][PASSED] - Element 'Object Repository/iOS/Product_Search/Progress_Bar' is exist

2021-10-06 22:56:21 - [MESSAGE][PASSED] - Delayed 1 second(s)

2021-10-06 22:56:21 - [MESSAGE][PASSED] - Element 'Object Repository/iOS/Product_Search/Progress_Bar' is exist

2021-10-06 22:56:22 - [MESSAGE][PASSED] - Delayed 1 second(s)

2021-10-06 22:56:23 - [MESSAGE][WARNING] - Element 'Object Repository/iOS/Product_Search/Progress_Bar' not found
[[ATTACHMENT|/Users/sahil.vidaysingh/Katalon Studio/testing/Reports/20211006_215455/sanity_iOS/20211006_215455/1633541183697.png]]

2021-10-06 22:56:23 - [MESSAGE][WARNING] - Timeout '0' is invalid. Using default page load timeout: '30'

2021-10-06 22:56:54 - [MESSAGE][WARNING] - Object Object Repository/iOS/Account_Selection/You must select an account to continue_Text not found

2021-10-06 22:57:25 - [MESSAGE][FAILED] - Text '10-676018' not found.
[[ATTACHMENT|/Users/sahil.vidaysingh/Katalon Studio/testing/Reports/20211006_215455/sanity_iOS/20211006_215455/1633541245143.png]]

2021-10-06 22:57:25 - [MESSAGE][FAILED] - Unable to scroll to text '10-676018' (Root cause: com.kms.katalon.core.exception.StepFailedException: Text '10-676018' not found.
	at com.kms.katalon.core.keyword.internal.KeywordMain.stepFailed(KeywordMain.groovy:50)
	at com.kms.katalon.core.mobile.keyword.internal.MobileKeywordMain.stepFailed(MobileKeywordMain.groovy:40)
	at com.kms.katalon.core.mobile.keyword.internal.MobileKeywordMain$stepFailed$0.call(Unknown Source)
	at com.kms.katalon.core.mobile.keyword.builtin.ScrollToTextKeyword$_scrollToText_closure1.doCall(ScrollToTextKeyword.groovy:80)
	at com.kms.katalon.core.mobile.keyword.builtin.ScrollToTextKeyword$_scrollToText_closure1.doCall(ScrollToTextKeyword.groovy)
	at com.kms.katalon.core.mobile.keyword.internal.MobileKeywordMain.runKeyword(MobileKeywordMain.groovy:21)
	at com.kms.katalon.core.mobile.keyword.internal.MobileKeywordMain$runKeyword.call(Unknown Source)
	at com.kms.katalon.core.mobile.keyword.builtin.ScrollToTextKeyword.scrollToText(ScrollToTextKeyword.groovy:85)
	at com.kms.katalon.core.mobile.keyword.builtin.ScrollToTextKeyword.execute(ScrollToTextKeyword.groovy:41)
	at com.kms.katalon.core.keyword.internal.KeywordExecutor.executeKeywordForPlatform(KeywordExecutor.groovy:73)
	at com.kms.katalon.core.mobile.keyword.MobileBuiltInKeywords.scrollToText(MobileBuiltInKeywords.groovy:1818)
	at com.kms.katalon.core.mobile.keyword.MobileBuiltInKeywords$scrollToText$6.call(Unknown Source)
	at ios_account_selection.Select_An_Account.Custom(Select_An_Account.groovy:56)
	at ios_account_selection.Select_An_Account.invokeMethod(Select_An_Account.groovy)
	at com.kms.katalon.core.main.CustomKeywordDelegatingMetaClass.invokeStaticMethod(CustomKeywordDelegatingMetaClass.java:50)
	at Inventory(Verify add,copy,move between location).run(Inventory(Verify add,copy,move between location):24)
	at com.kms.katalon.core.main.ScriptEngine.run(ScriptEngine.java:194)
	at com.kms.katalon.core.main.ScriptEngine.runScriptAsRawText(ScriptEngine.java:119)
	at com.kms.katalon.core.main.TestCaseExecutor.runScript(TestCaseExecutor.java:398)
	at com.kms.katalon.core.main.TestCaseExecutor.doExecute(TestCaseExecutor.java:389)
	at com.kms.katalon.core.main.TestCaseExecutor.processExecutionPhase(TestCaseExecutor.java:368)
	at com.kms.katalon.core.main.TestCaseExecutor.accessMainPhase(TestCaseExecutor.java:360)
	at com.kms.katalon.core.main.TestCaseExecutor.execute(TestCaseExecutor.java:255)
	at com.kms.katalon.core.main.TestSuiteExecutor.accessTestCaseMainPhase(TestSuiteExecutor.java:203)
	at com.kms.katalon.core.main.TestSuiteExecutor.accessTestSuiteMainPhase(TestSuiteExecutor.java:152)
	at com.kms.katalon.core.main.TestSuiteExecutor.execute(TestSuiteExecutor.java:95)
	at com.kms.katalon.core.main.TestCaseMain.startTestSuite(TestCaseMain.java:157)
	at com.kms.katalon.core.main.TestCaseMain$startTestSuite$0.call(Unknown Source)
	at TempTestSuite1633537495900.run(TempTestSuite1633537495900.groovy:39)
)
[[ATTACHMENT|/Users/sahil.vidaysingh/Katalon Studio/testing/Reports/20211006_215455/sanity_iOS/20211006_215455/1633541245270.png]]

2021-10-06 22:57:25 - [MESSAGE][FAILED] - Text '10-676018' not found.]]></system-out>
         <system-err><![CDATA[2021-10-06 22:54:10 - [TEST_CASE][FAILED] - Test Cases/iOS/Inventory/Inventory(Verify add,copy,move between location): Test Cases/iOS/Inventory/Inventory(Verify add,copy,move between location) FAILED.
Reason:
com.kms.katalon.core.exception.StepFailedException: Text '10-676018' not found.
	at com.kms.katalon.core.keyword.internal.KeywordMain.stepFailed(KeywordMain.groovy:50)
	at com.kms.katalon.core.mobile.keyword.internal.MobileKeywordMain.stepFailed(MobileKeywordMain.groovy:40)
	at com.kms.katalon.core.mobile.keyword.internal.MobileKeywordMain$stepFailed$0.call(Unknown Source)
	at com.kms.katalon.core.mobile.keyword.builtin.ScrollToTextKeyword$_scrollToText_closure1.doCall(ScrollToTextKeyword.groovy:80)
	at com.kms.katalon.core.mobile.keyword.builtin.ScrollToTextKeyword$_scrollToText_closure1.doCall(ScrollToTextKeyword.groovy)
	at com.kms.katalon.core.mobile.keyword.internal.MobileKeywordMain.runKeyword(MobileKeywordMain.groovy:21)
	at com.kms.katalon.core.mobile.keyword.internal.MobileKeywordMain$runKeyword.call(Unknown Source)
	at com.kms.katalon.core.mobile.keyword.builtin.ScrollToTextKeyword.scrollToText(ScrollToTextKeyword.groovy:85)
	at com.kms.katalon.core.mobile.keyword.builtin.ScrollToTextKeyword.execute(ScrollToTextKeyword.groovy:41)
	at com.kms.katalon.core.keyword.internal.KeywordExecutor.executeKeywordForPlatform(KeywordExecutor.groovy:73)
	at com.kms.katalon.core.mobile.keyword.MobileBuiltInKeywords.scrollToText(MobileBuiltInKeywords.groovy:1818)
	at com.kms.katalon.core.mobile.keyword.MobileBuiltInKeywords$scrollToText$6.call(Unknown Source)
	at ios_account_selection.Select_An_Account.Custom(Select_An_Account.groovy:56)
	at ios_account_selection.Select_An_Account.invokeMethod(Select_An_Account.groovy)
	at com.kms.katalon.core.main.CustomKeywordDelegatingMetaClass.invokeStaticMethod(CustomKeywordDelegatingMetaClass.java:50)
	at Inventory(Verify add,copy,move between location).run(Inventory(Verify add,copy,move between location):24)
	at com.kms.katalon.core.main.ScriptEngine.run(ScriptEngine.java:194)
	at com.kms.katalon.core.main.ScriptEngine.runScriptAsRawText(ScriptEngine.java:119)
	at com.kms.katalon.core.main.TestCaseExecutor.runScript(TestCaseExecutor.java:398)
	at com.kms.katalon.core.main.TestCaseExecutor.doExecute(TestCaseExecutor.java:389)
	at com.kms.katalon.core.main.TestCaseExecutor.processExecutionPhase(TestCaseExecutor.java:368)
	at com.kms.katalon.core.main.TestCaseExecutor.accessMainPhase(TestCaseExecutor.java:360)
	at com.kms.katalon.core.main.TestCaseExecutor.execute(TestCaseExecutor.java:255)
	at com.kms.katalon.core.main.TestSuiteExecutor.accessTestCaseMainPhase(TestSuiteExecutor.java:203)
	at com.kms.katalon.core.main.TestSuiteExecutor.accessTestSuiteMainPhase(TestSuiteExecutor.java:152)
	at com.kms.katalon.core.main.TestSuiteExecutor.execute(TestSuiteExecutor.java:95)
	at com.kms.katalon.core.main.TestCaseMain.startTestSuite(TestCaseMain.java:157)
	at com.kms.katalon.core.main.TestCaseMain$startTestSuite$0.call(Unknown Source)
	at TempTestSuite1633537495900.run(TempTestSuite1633537495900.groovy:39)]]></system-err>
      </testcase>
      <system-out><![CDATA[2021-10-06 21:55:02 - [TEST_SUITE][FAILED] - sanity_iOS: Test Cases/iOS/Carts/Place and Upload All Orders FAILED.
Reason:
com.kms.katalon.core.exception.StepFailedException: Object Object Repository/iOS/Orders/Orders_Common_Screen/New Order_Tab not found
	at com.kms.katalon.core.keyword.internal.KeywordMain.stepFailed(KeywordMain.groovy:50)
	at com.kms.katalon.core.mobile.keyword.internal.MobileKeywordMain.stepFailed(MobileKeywordMain.groovy:40)
	at com.kms.katalon.core.mobile.keyword.builtin.TapKeyword$_tap_closure1.doCall(TapKeyword.groovy:79)
	at com.kms.katalon.core.mobile.keyword.builtin.TapKeyword$_tap_closure1.call(TapKeyword.groovy)
	at com.kms.katalon.core.mobile.keyword.internal.MobileKeywordMain.runKeyword(MobileKeywordMain.groovy:21)
	at com.kms.katalon.core.mobile.keyword.builtin.TapKeyword.tap(TapKeyword.groovy:86)
	at com.kms.katalon.core.mobile.keyword.builtin.TapKeyword.execute(TapKeyword.groovy:68)
	at com.kms.katalon.core.keyword.internal.KeywordExecutor.executeKeywordForPlatform(KeywordExecutor.groovy:73)
	at com.kms.katalon.core.mobile.keyword.MobileBuiltInKeywords.tap(MobileBuiltInKeywords.groovy:1354)
	at com.kms.katalon.core.mobile.keyword.MobileBuiltInKeywords$tap$3.call(Unknown Source)
	at ios_orders.Orders_Screen.click_On_NewOrder(Orders_Screen.groovy:48)
	at ios_orders.Orders_Screen.invokeMethod(Orders_Screen.groovy)
	at com.kms.katalon.core.main.CustomKeywordDelegatingMetaClass.invokeStaticMethod(CustomKeywordDelegatingMetaClass.java:50)
	at Place and Upload All Orders.run(Place and Upload All Orders:40)
	at com.kms.katalon.core.main.ScriptEngine.run(ScriptEngine.java:194)
	at com.kms.katalon.core.main.ScriptEngine.runScriptAsRawText(ScriptEngine.java:119)
	at com.kms.katalon.core.main.TestCaseExecutor.runScript(TestCaseExecutor.java:398)
	at com.kms.katalon.core.main.TestCaseExecutor.doExecute(TestCaseExecutor.java:389)
	at com.kms.katalon.core.main.TestCaseExecutor.processExecutionPhase(TestCaseExecutor.java:368)
	at com.kms.katalon.core.main.TestCaseExecutor.accessMainPhase(TestCaseExecutor.java:360)
	at com.kms.katalon.core.main.TestCaseExecutor.execute(TestCaseExecutor.java:255)
	at com.kms.katalon.core.main.TestSuiteExecutor.accessTestCaseMainPhase(TestSuiteExecutor.java:203)
	at com.kms.katalon.core.main.TestSuiteExecutor.accessTestSuiteMainPhase(TestSuiteExecutor.java:152)
	at com.kms.katalon.core.main.TestSuiteExecutor.execute(TestSuiteExecutor.java:95)
	at com.kms.katalon.core.main.TestCaseMain.startTestSuite(TestCaseMain.java:157)
	at com.kms.katalon.core.main.TestCaseMain$startTestSuite$0.call(Unknown Source)
	at TempTestSuite1633537495900.run(TempTestSuite1633537495900.groovy:39)]]></system-out>
      <system-err><![CDATA[2021-10-06 21:55:02 - [TEST_SUITE][FAILED] - sanity_iOS: Test Cases/iOS/Carts/Place and Upload All Orders FAILED.
Reason:
com.kms.katalon.core.exception.StepFailedException: Object Object Repository/iOS/Orders/Orders_Common_Screen/New Order_Tab not found
	at com.kms.katalon.core.keyword.internal.KeywordMain.stepFailed(KeywordMain.groovy:50)
	at com.kms.katalon.core.mobile.keyword.internal.MobileKeywordMain.stepFailed(MobileKeywordMain.groovy:40)
	at com.kms.katalon.core.mobile.keyword.builtin.TapKeyword$_tap_closure1.doCall(TapKeyword.groovy:79)
	at com.kms.katalon.core.mobile.keyword.builtin.TapKeyword$_tap_closure1.call(TapKeyword.groovy)
	at com.kms.katalon.core.mobile.keyword.internal.MobileKeywordMain.runKeyword(MobileKeywordMain.groovy:21)
	at com.kms.katalon.core.mobile.keyword.builtin.TapKeyword.tap(TapKeyword.groovy:86)
	at com.kms.katalon.core.mobile.keyword.builtin.TapKeyword.execute(TapKeyword.groovy:68)
	at com.kms.katalon.core.keyword.internal.KeywordExecutor.executeKeywordForPlatform(KeywordExecutor.groovy:73)
	at com.kms.katalon.core.mobile.keyword.MobileBuiltInKeywords.tap(MobileBuiltInKeywords.groovy:1354)
	at com.kms.katalon.core.mobile.keyword.MobileBuiltInKeywords$tap$3.call(Unknown Source)
	at ios_orders.Orders_Screen.click_On_NewOrder(Orders_Screen.groovy:48)
	at ios_orders.Orders_Screen.invokeMethod(Orders_Screen.groovy)
	at com.kms.katalon.core.main.CustomKeywordDelegatingMetaClass.invokeStaticMethod(CustomKeywordDelegatingMetaClass.java:50)
	at Place and Upload All Orders.run(Place and Upload All Orders:40)
	at com.kms.katalon.core.main.ScriptEngine.run(ScriptEngine.java:194)
	at com.kms.katalon.core.main.ScriptEngine.runScriptAsRawText(ScriptEngine.java:119)
	at com.kms.katalon.core.main.TestCaseExecutor.runScript(TestCaseExecutor.java:398)
	at com.kms.katalon.core.main.TestCaseExecutor.doExecute(TestCaseExecutor.java:389)
	at com.kms.katalon.core.main.TestCaseExecutor.processExecutionPhase(TestCaseExecutor.java:368)
	at com.kms.katalon.core.main.TestCaseExecutor.accessMainPhase(TestCaseExecutor.java:360)
	at com.kms.katalon.core.main.TestCaseExecutor.execute(TestCaseExecutor.java:255)
	at com.kms.katalon.core.main.TestSuiteExecutor.accessTestCaseMainPhase(TestSuiteExecutor.java:203)
	at com.kms.katalon.core.main.TestSuiteExecutor.accessTestSuiteMainPhase(TestSuiteExecutor.java:152)
	at com.kms.katalon.core.main.TestSuiteExecutor.execute(TestSuiteExecutor.java:95)
	at com.kms.katalon.core.main.TestCaseMain.startTestSuite(TestCaseMain.java:157)
	at com.kms.katalon.core.main.TestCaseMain$startTestSuite$0.call(Unknown Source)
	at TempTestSuite1633537495900.run(TempTestSuite1633537495900.groovy:39)]]></system-err>
   </testsuite>
</testsuites>
