<?xml version="1.0" encoding="UTF-8"?>
<testsuites name="sanity_iOS" time="3949.76" tests="14" failures="4" skips="0" errors="0">
   <testsuite name="sanity_iOS" tests="14" failures="4" errors="0" time="3949.76" skips="0" timestamp="2021-10-06 19:22:56" hostname="sahil.vidaysingh - 192.168.29.216" id="Test Suites/sanity_iOS">
      <properties>
         <property name="deviceName" value="iphone 8"/>
         <property name="devicePlatform" value=""/>
         <property name="logFolder" value="/Users/sahil.vidaysingh/Katalon Studio/testing/Reports/20211006_192250/sanity_iOS/20211006_192250"/>
         <property name="logFiles" value="/Users/sahil.vidaysingh/Katalon Studio/testing/Reports/20211006_192250/sanity_iOS/20211006_192250/execution0.log, /Users/sahil.vidaysingh/Katalon Studio/testing/Reports/20211006_192250/sanity_iOS/20211006_192250/appium.log, /Users/sahil.vidaysingh/Katalon Studio/testing/Reports/20211006_192250/sanity_iOS/20211006_192250/appium-proxy-server.log"/>
         <property name="attachments" value="/Users/sahil.vidaysingh/Katalon Studio/testing/Reports/20211006_192250/sanity_iOS/20211006_192250/1633528551447.png, /Users/sahil.vidaysingh/Katalon Studio/testing/Reports/20211006_192250/sanity_iOS/20211006_192250/1633528555693.png, /Users/sahil.vidaysingh/Katalon Studio/testing/Reports/20211006_192250/sanity_iOS/20211006_192250/1633528560945.png, /Users/sahil.vidaysingh/Katalon Studio/testing/Reports/20211006_192250/sanity_iOS/20211006_192250/1633528571175.png, /Users/sahil.vidaysingh/Katalon Studio/testing/Reports/20211006_192250/sanity_iOS/20211006_192250/1633528580798.png, /Users/sahil.vidaysingh/Katalon Studio/testing/Reports/20211006_192250/sanity_iOS/20211006_192250/1633528590221.png, /Users/sahil.vidaysingh/Katalon Studio/testing/Reports/20211006_192250/sanity_iOS/20211006_192250/1633528597197.png, /Users/sahil.vidaysingh/Katalon Studio/testing/Reports/20211006_192250/sanity_iOS/20211006_192250/1633528599809.png, /Users/sahil.vidaysingh/Katalon Studio/testing/Reports/20211006_192250/sanity_iOS/20211006_192250/1633528621970.png, /Users/sahil.vidaysingh/Katalon Studio/testing/Reports/20211006_192250/sanity_iOS/20211006_192250/1633528641711.png, /Users/sahil.vidaysingh/Katalon Studio/testing/Reports/20211006_192250/sanity_iOS/20211006_192250/1633528648854.png, /Users/sahil.vidaysingh/Katalon Studio/testing/Reports/20211006_192250/sanity_iOS/20211006_192250/1633528657581.png, /Users/sahil.vidaysingh/Katalon Studio/testing/Reports/20211006_192250/sanity_iOS/20211006_192250/1633528669508.png, /Users/sahil.vidaysingh/Katalon Studio/testing/Reports/20211006_192250/sanity_iOS/20211006_192250/1633528672633.png, /Users/sahil.vidaysingh/Katalon Studio/testing/Reports/20211006_192250/sanity_iOS/20211006_192250/1633528676984.png, /Users/sahil.vidaysingh/Katalon Studio/testing/Reports/20211006_192250/sanity_iOS/20211006_192250/1633528681025.png, /Users/sahil.vidaysingh/Katalon Studio/testing/Reports/20211006_192250/sanity_iOS/20211006_192250/1633528683597.png, /Users/sahil.vidaysingh/Katalon Studio/testing/Reports/20211006_192250/sanity_iOS/20211006_192250/1633528688008.png, /Users/sahil.vidaysingh/Katalon Studio/testing/Reports/20211006_192250/sanity_iOS/20211006_192250/1633528691357.png, /Users/sahil.vidaysingh/Katalon Studio/testing/Reports/20211006_192250/sanity_iOS/20211006_192250/1633528693135.png, /Users/sahil.vidaysingh/Katalon Studio/testing/Reports/20211006_192250/sanity_iOS/20211006_192250/1633528702430.png, /Users/sahil.vidaysingh/Katalon Studio/testing/Reports/20211006_192250/sanity_iOS/20211006_192250/1633528824538.png, /Users/sahil.vidaysingh/Katalon Studio/testing/Reports/20211006_192250/sanity_iOS/20211006_192250/1633528831782.png, /Users/sahil.vidaysingh/Katalon Studio/testing/Reports/20211006_192250/sanity_iOS/20211006_192250/1633528837558.png, /Users/sahil.vidaysingh/Katalon Studio/testing/Reports/20211006_192250/sanity_iOS/20211006_192250/1633528848576.png, /Users/sahil.vidaysingh/Katalon Studio/testing/Reports/20211006_192250/sanity_iOS/20211006_192250/1633528860177.png, /Users/sahil.vidaysingh/Katalon Studio/testing/Reports/20211006_192250/sanity_iOS/20211006_192250/1633528870534.png, /Users/sahil.vidaysingh/Katalon Studio/testing/Reports/20211006_192250/sanity_iOS/20211006_192250/1633528875918.png, /Users/sahil.vidaysingh/Katalon Studio/testing/Reports/20211006_192250/sanity_iOS/20211006_192250/1633528878785.png, /Users/sahil.vidaysingh/Katalon Studio/testing/Reports/20211006_192250/sanity_iOS/20211006_192250/1633528902041.png, /Users/sahil.vidaysingh/Katalon Studio/testing/Reports/20211006_192250/sanity_iOS/20211006_192250/1633528923666.png, /Users/sahil.vidaysingh/Katalon Studio/testing/Reports/20211006_192250/sanity_iOS/20211006_192250/1633528928012.png, /Users/sahil.vidaysingh/Katalon Studio/testing/Reports/20211006_192250/sanity_iOS/20211006_192250/1633528936269.png, /Users/sahil.vidaysingh/Katalon Studio/testing/Reports/20211006_192250/sanity_iOS/20211006_192250/1633528941879.png, /Users/sahil.vidaysingh/Katalon Studio/testing/Reports/20211006_192250/sanity_iOS/20211006_192250/1633528946439.png, /Users/sahil.vidaysingh/Katalon Studio/testing/Reports/20211006_192250/sanity_iOS/20211006_192250/1633528951009.png, /Users/sahil.vidaysingh/Katalon Studio/testing/Reports/20211006_192250/sanity_iOS/20211006_192250/1633528988594.png, /Users/sahil.vidaysingh/Katalon Studio/testing/Reports/20211006_192250/sanity_iOS/20211006_192250/1633528994131.png, /Users/sahil.vidaysingh/Katalon Studio/testing/Reports/20211006_192250/sanity_iOS/20211006_192250/1633528998309.png, /Users/sahil.vidaysingh/Katalon Studio/testing/Reports/20211006_192250/sanity_iOS/20211006_192250/1633529002690.png, /Users/sahil.vidaysingh/Katalon Studio/testing/Reports/20211006_192250/sanity_iOS/20211006_192250/1633529014487.png, /Users/sahil.vidaysingh/Katalon Studio/testing/Reports/20211006_192250/sanity_iOS/20211006_192250/1633529145472.png, /Users/sahil.vidaysingh/Katalon Studio/testing/Reports/20211006_192250/sanity_iOS/20211006_192250/1633529150618.png, /Users/sahil.vidaysingh/Katalon Studio/testing/Reports/20211006_192250/sanity_iOS/20211006_192250/1633529156524.png, /Users/sahil.vidaysingh/Katalon Studio/testing/Reports/20211006_192250/sanity_iOS/20211006_192250/1633529167622.png, /Users/sahil.vidaysingh/Katalon Studio/testing/Reports/20211006_192250/sanity_iOS/20211006_192250/1633529180028.png, /Users/sahil.vidaysingh/Katalon Studio/testing/Reports/20211006_192250/sanity_iOS/20211006_192250/1633529189271.png, /Users/sahil.vidaysingh/Katalon Studio/testing/Reports/20211006_192250/sanity_iOS/20211006_192250/1633529194912.png, /Users/sahil.vidaysingh/Katalon Studio/testing/Reports/20211006_192250/sanity_iOS/20211006_192250/1633529197973.png, /Users/sahil.vidaysingh/Katalon Studio/testing/Reports/20211006_192250/sanity_iOS/20211006_192250/1633529222180.png, /Users/sahil.vidaysingh/Katalon Studio/testing/Reports/20211006_192250/sanity_iOS/20211006_192250/1633529243957.png, /Users/sahil.vidaysingh/Katalon Studio/testing/Reports/20211006_192250/sanity_iOS/20211006_192250/1633529251688.png, /Users/sahil.vidaysingh/Katalon Studio/testing/Reports/20211006_192250/sanity_iOS/20211006_192250/1633529260586.png, /Users/sahil.vidaysingh/Katalon Studio/testing/Reports/20211006_192250/sanity_iOS/20211006_192250/1633529264159.png, /Users/sahil.vidaysingh/Katalon Studio/testing/Reports/20211006_192250/sanity_iOS/20211006_192250/1633529268701.png, /Users/sahil.vidaysingh/Katalon Studio/testing/Reports/20211006_192250/sanity_iOS/20211006_192250/1633529272255.png, /Users/sahil.vidaysingh/Katalon Studio/testing/Reports/20211006_192250/sanity_iOS/20211006_192250/1633529280553.png, /Users/sahil.vidaysingh/Katalon Studio/testing/Reports/20211006_192250/sanity_iOS/20211006_192250/1633529284850.png, /Users/sahil.vidaysingh/Katalon Studio/testing/Reports/20211006_192250/sanity_iOS/20211006_192250/1633529289259.png, /Users/sahil.vidaysingh/Katalon Studio/testing/Reports/20211006_192250/sanity_iOS/20211006_192250/1633529291296.png, /Users/sahil.vidaysingh/Katalon Studio/testing/Reports/20211006_192250/sanity_iOS/20211006_192250/1633529300999.png, /Users/sahil.vidaysingh/Katalon Studio/testing/Reports/20211006_192250/sanity_iOS/20211006_192250/1633529433466.png, /Users/sahil.vidaysingh/Katalon Studio/testing/Reports/20211006_192250/sanity_iOS/20211006_192250/1633529438606.png, /Users/sahil.vidaysingh/Katalon Studio/testing/Reports/20211006_192250/sanity_iOS/20211006_192250/1633529445109.png, /Users/sahil.vidaysingh/Katalon Studio/testing/Reports/20211006_192250/sanity_iOS/20211006_192250/1633529456660.png, /Users/sahil.vidaysingh/Katalon Studio/testing/Reports/20211006_192250/sanity_iOS/20211006_192250/1633529468983.png, /Users/sahil.vidaysingh/Katalon Studio/testing/Reports/20211006_192250/sanity_iOS/20211006_192250/1633529479750.png, /Users/sahil.vidaysingh/Katalon Studio/testing/Reports/20211006_192250/sanity_iOS/20211006_192250/1633529485323.png, /Users/sahil.vidaysingh/Katalon Studio/testing/Reports/20211006_192250/sanity_iOS/20211006_192250/1633529488280.png, /Users/sahil.vidaysingh/Katalon Studio/testing/Reports/20211006_192250/sanity_iOS/20211006_192250/1633529512623.png, /Users/sahil.vidaysingh/Katalon Studio/testing/Reports/20211006_192250/sanity_iOS/20211006_192250/1633529535646.png, /Users/sahil.vidaysingh/Katalon Studio/testing/Reports/20211006_192250/sanity_iOS/20211006_192250/1633529544014.png, /Users/sahil.vidaysingh/Katalon Studio/testing/Reports/20211006_192250/sanity_iOS/20211006_192250/1633529559109.png, /Users/sahil.vidaysingh/Katalon Studio/testing/Reports/20211006_192250/sanity_iOS/20211006_192250/1633529581788.png, /Users/sahil.vidaysingh/Katalon Studio/testing/Reports/20211006_192250/sanity_iOS/20211006_192250/1633529586120.png, /Users/sahil.vidaysingh/Katalon Studio/testing/Reports/20211006_192250/sanity_iOS/20211006_192250/1633529594527.png, /Users/sahil.vidaysingh/Katalon Studio/testing/Reports/20211006_192250/sanity_iOS/20211006_192250/1633529597110.png, /Users/sahil.vidaysingh/Katalon Studio/testing/Reports/20211006_192250/sanity_iOS/20211006_192250/1633529601445.png, /Users/sahil.vidaysingh/Katalon Studio/testing/Reports/20211006_192250/sanity_iOS/20211006_192250/1633529605799.png, /Users/sahil.vidaysingh/Katalon Studio/testing/Reports/20211006_192250/sanity_iOS/20211006_192250/1633529607350.png, /Users/sahil.vidaysingh/Katalon Studio/testing/Reports/20211006_192250/sanity_iOS/20211006_192250/1633529610386.png, /Users/sahil.vidaysingh/Katalon Studio/testing/Reports/20211006_192250/sanity_iOS/20211006_192250/1633529645048.png, /Users/sahil.vidaysingh/Katalon Studio/testing/Reports/20211006_192250/sanity_iOS/20211006_192250/1633529655149.png, /Users/sahil.vidaysingh/Katalon Studio/testing/Reports/20211006_192250/sanity_iOS/20211006_192250/1633529659453.png, /Users/sahil.vidaysingh/Katalon Studio/testing/Reports/20211006_192250/sanity_iOS/20211006_192250/1633529663769.png, /Users/sahil.vidaysingh/Katalon Studio/testing/Reports/20211006_192250/sanity_iOS/20211006_192250/1633529666285.png, /Users/sahil.vidaysingh/Katalon Studio/testing/Reports/20211006_192250/sanity_iOS/20211006_192250/1633529671097.png, /Users/sahil.vidaysingh/Katalon Studio/testing/Reports/20211006_192250/sanity_iOS/20211006_192250/1633529675768.png, /Users/sahil.vidaysingh/Katalon Studio/testing/Reports/20211006_192250/sanity_iOS/20211006_192250/1633529677783.png, /Users/sahil.vidaysingh/Katalon Studio/testing/Reports/20211006_192250/sanity_iOS/20211006_192250/1633529687927.png, /Users/sahil.vidaysingh/Katalon Studio/testing/Reports/20211006_192250/sanity_iOS/20211006_192250/1633529818702.png, /Users/sahil.vidaysingh/Katalon Studio/testing/Reports/20211006_192250/sanity_iOS/20211006_192250/1633529823120.png, /Users/sahil.vidaysingh/Katalon Studio/testing/Reports/20211006_192250/sanity_iOS/20211006_192250/1633529828740.png, /Users/sahil.vidaysingh/Katalon Studio/testing/Reports/20211006_192250/sanity_iOS/20211006_192250/1633529840143.png, /Users/sahil.vidaysingh/Katalon Studio/testing/Reports/20211006_192250/sanity_iOS/20211006_192250/1633529852635.png, /Users/sahil.vidaysingh/Katalon Studio/testing/Reports/20211006_192250/sanity_iOS/20211006_192250/1633529863987.png, /Users/sahil.vidaysingh/Katalon Studio/testing/Reports/20211006_192250/sanity_iOS/20211006_192250/1633529869280.png, /Users/sahil.vidaysingh/Katalon Studio/testing/Reports/20211006_192250/sanity_iOS/20211006_192250/1633529872112.png, /Users/sahil.vidaysingh/Katalon Studio/testing/Reports/20211006_192250/sanity_iOS/20211006_192250/1633529883098.png, /Users/sahil.vidaysingh/Katalon Studio/testing/Reports/20211006_192250/sanity_iOS/20211006_192250/1633529903635.png, /Users/sahil.vidaysingh/Katalon Studio/testing/Reports/20211006_192250/sanity_iOS/20211006_192250/1633529911294.png, /Users/sahil.vidaysingh/Katalon Studio/testing/Reports/20211006_192250/sanity_iOS/20211006_192250/1633529920133.png, /Users/sahil.vidaysingh/Katalon Studio/testing/Reports/20211006_192250/sanity_iOS/20211006_192250/1633529923688.png, /Users/sahil.vidaysingh/Katalon Studio/testing/Reports/20211006_192250/sanity_iOS/20211006_192250/1633529928211.png, /Users/sahil.vidaysingh/Katalon Studio/testing/Reports/20211006_192250/sanity_iOS/20211006_192250/1633529932454.png, /Users/sahil.vidaysingh/Katalon Studio/testing/Reports/20211006_192250/sanity_iOS/20211006_192250/1633529944921.png, /Users/sahil.vidaysingh/Katalon Studio/testing/Reports/20211006_192250/sanity_iOS/20211006_192250/1633529951075.png, /Users/sahil.vidaysingh/Katalon Studio/testing/Reports/20211006_192250/sanity_iOS/20211006_192250/1633529954344.png, /Users/sahil.vidaysingh/Katalon Studio/testing/Reports/20211006_192250/sanity_iOS/20211006_192250/1633529969308.png, /Users/sahil.vidaysingh/Katalon Studio/testing/Reports/20211006_192250/sanity_iOS/20211006_192250/1633529990803.png, /Users/sahil.vidaysingh/Katalon Studio/testing/Reports/20211006_192250/sanity_iOS/20211006_192250/1633529995091.png, /Users/sahil.vidaysingh/Katalon Studio/testing/Reports/20211006_192250/sanity_iOS/20211006_192250/1633530005728.png, /Users/sahil.vidaysingh/Katalon Studio/testing/Reports/20211006_192250/sanity_iOS/20211006_192250/1633530007032.png, /Users/sahil.vidaysingh/Katalon Studio/testing/Reports/20211006_192250/sanity_iOS/20211006_192250/1633530014120.png, /Users/sahil.vidaysingh/Katalon Studio/testing/Reports/20211006_192250/sanity_iOS/20211006_192250/1633530017021.png, /Users/sahil.vidaysingh/Katalon Studio/testing/Reports/20211006_192250/sanity_iOS/20211006_192250/1633530028258.png, /Users/sahil.vidaysingh/Katalon Studio/testing/Reports/20211006_192250/sanity_iOS/20211006_192250/1633530032960.png, /Users/sahil.vidaysingh/Katalon Studio/testing/Reports/20211006_192250/sanity_iOS/20211006_192250/1633530037413.png, /Users/sahil.vidaysingh/Katalon Studio/testing/Reports/20211006_192250/sanity_iOS/20211006_192250/1633530046248.png, /Users/sahil.vidaysingh/Katalon Studio/testing/Reports/20211006_192250/sanity_iOS/20211006_192250/1633530049078.png, /Users/sahil.vidaysingh/Katalon Studio/testing/Reports/20211006_192250/sanity_iOS/20211006_192250/1633530051374.png, /Users/sahil.vidaysingh/Katalon Studio/testing/Reports/20211006_192250/sanity_iOS/20211006_192250/1633530055940.png, /Users/sahil.vidaysingh/Katalon Studio/testing/Reports/20211006_192250/sanity_iOS/20211006_192250/1633530063072.png, /Users/sahil.vidaysingh/Katalon Studio/testing/Reports/20211006_192250/sanity_iOS/20211006_192250/1633530076163.png, /Users/sahil.vidaysingh/Katalon Studio/testing/Reports/20211006_192250/sanity_iOS/20211006_192250/1633530080511.png, /Users/sahil.vidaysingh/Katalon Studio/testing/Reports/20211006_192250/sanity_iOS/20211006_192250/1633530084422.png, /Users/sahil.vidaysingh/Katalon Studio/testing/Reports/20211006_192250/sanity_iOS/20211006_192250/1633530086693.png, /Users/sahil.vidaysingh/Katalon Studio/testing/Reports/20211006_192250/sanity_iOS/20211006_192250/1633530090847.png, /Users/sahil.vidaysingh/Katalon Studio/testing/Reports/20211006_192250/sanity_iOS/20211006_192250/1633530094426.png, /Users/sahil.vidaysingh/Katalon Studio/testing/Reports/20211006_192250/sanity_iOS/20211006_192250/1633530096284.png, /Users/sahil.vidaysingh/Katalon Studio/testing/Reports/20211006_192250/sanity_iOS/20211006_192250/1633530105456.png, /Users/sahil.vidaysingh/Katalon Studio/testing/Reports/20211006_192250/sanity_iOS/20211006_192250/1633530229272.png, /Users/sahil.vidaysingh/Katalon Studio/testing/Reports/20211006_192250/sanity_iOS/20211006_192250/1633530233222.png, /Users/sahil.vidaysingh/Katalon Studio/testing/Reports/20211006_192250/sanity_iOS/20211006_192250/1633530238647.png, /Users/sahil.vidaysingh/Katalon Studio/testing/Reports/20211006_192250/sanity_iOS/20211006_192250/1633530248910.png, /Users/sahil.vidaysingh/Katalon Studio/testing/Reports/20211006_192250/sanity_iOS/20211006_192250/1633530259101.png, /Users/sahil.vidaysingh/Katalon Studio/testing/Reports/20211006_192250/sanity_iOS/20211006_192250/1633530268203.png, /Users/sahil.vidaysingh/Katalon Studio/testing/Reports/20211006_192250/sanity_iOS/20211006_192250/1633530273473.png, /Users/sahil.vidaysingh/Katalon Studio/testing/Reports/20211006_192250/sanity_iOS/20211006_192250/1633530276270.png, /Users/sahil.vidaysingh/Katalon Studio/testing/Reports/20211006_192250/sanity_iOS/20211006_192250/1633530299288.png, /Users/sahil.vidaysingh/Katalon Studio/testing/Reports/20211006_192250/sanity_iOS/20211006_192250/1633530319710.png, /Users/sahil.vidaysingh/Katalon Studio/testing/Reports/20211006_192250/sanity_iOS/20211006_192250/1633530326833.png, /Users/sahil.vidaysingh/Katalon Studio/testing/Reports/20211006_192250/sanity_iOS/20211006_192250/1633530335694.png, /Users/sahil.vidaysingh/Katalon Studio/testing/Reports/20211006_192250/sanity_iOS/20211006_192250/1633530339087.png, /Users/sahil.vidaysingh/Katalon Studio/testing/Reports/20211006_192250/sanity_iOS/20211006_192250/1633530343321.png, /Users/sahil.vidaysingh/Katalon Studio/testing/Reports/20211006_192250/sanity_iOS/20211006_192250/1633530346542.png, /Users/sahil.vidaysingh/Katalon Studio/testing/Reports/20211006_192250/sanity_iOS/20211006_192250/1633530357269.png, /Users/sahil.vidaysingh/Katalon Studio/testing/Reports/20211006_192250/sanity_iOS/20211006_192250/1633530360810.png, /Users/sahil.vidaysingh/Katalon Studio/testing/Reports/20211006_192250/sanity_iOS/20211006_192250/1633530363374.png, /Users/sahil.vidaysingh/Katalon Studio/testing/Reports/20211006_192250/sanity_iOS/20211006_192250/1633530376317.png, /Users/sahil.vidaysingh/Katalon Studio/testing/Reports/20211006_192250/sanity_iOS/20211006_192250/1633530394901.png, /Users/sahil.vidaysingh/Katalon Studio/testing/Reports/20211006_192250/sanity_iOS/20211006_192250/1633530402099.png, /Users/sahil.vidaysingh/Katalon Studio/testing/Reports/20211006_192250/sanity_iOS/20211006_192250/1633530411251.png, /Users/sahil.vidaysingh/Katalon Studio/testing/Reports/20211006_192250/sanity_iOS/20211006_192250/1633530414710.png, /Users/sahil.vidaysingh/Katalon Studio/testing/Reports/20211006_192250/sanity_iOS/20211006_192250/1633530419107.png, /Users/sahil.vidaysingh/Katalon Studio/testing/Reports/20211006_192250/sanity_iOS/20211006_192250/1633530422696.png, /Users/sahil.vidaysingh/Katalon Studio/testing/Reports/20211006_192250/sanity_iOS/20211006_192250/1633530427277.png, /Users/sahil.vidaysingh/Katalon Studio/testing/Reports/20211006_192250/sanity_iOS/20211006_192250/1633530433847.png, /Users/sahil.vidaysingh/Katalon Studio/testing/Reports/20211006_192250/sanity_iOS/20211006_192250/1633530436343.png, /Users/sahil.vidaysingh/Katalon Studio/testing/Reports/20211006_192250/sanity_iOS/20211006_192250/1633530448266.png, /Users/sahil.vidaysingh/Katalon Studio/testing/Reports/20211006_192250/sanity_iOS/20211006_192250/1633530452489.png, /Users/sahil.vidaysingh/Katalon Studio/testing/Reports/20211006_192250/sanity_iOS/20211006_192250/1633530460040.png, /Users/sahil.vidaysingh/Katalon Studio/testing/Reports/20211006_192250/sanity_iOS/20211006_192250/1633530468179.png, /Users/sahil.vidaysingh/Katalon Studio/testing/Reports/20211006_192250/sanity_iOS/20211006_192250/1633530470799.png, /Users/sahil.vidaysingh/Katalon Studio/testing/Reports/20211006_192250/sanity_iOS/20211006_192250/1633530473598.png, /Users/sahil.vidaysingh/Katalon Studio/testing/Reports/20211006_192250/sanity_iOS/20211006_192250/1633530477806.png, /Users/sahil.vidaysingh/Katalon Studio/testing/Reports/20211006_192250/sanity_iOS/20211006_192250/1633530481811.png, /Users/sahil.vidaysingh/Katalon Studio/testing/Reports/20211006_192250/sanity_iOS/20211006_192250/1633530486573.png, /Users/sahil.vidaysingh/Katalon Studio/testing/Reports/20211006_192250/sanity_iOS/20211006_192250/1633530489345.png, /Users/sahil.vidaysingh/Katalon Studio/testing/Reports/20211006_192250/sanity_iOS/20211006_192250/1633530502425.png, /Users/sahil.vidaysingh/Katalon Studio/testing/Reports/20211006_192250/sanity_iOS/20211006_192250/1633530521812.png, /Users/sahil.vidaysingh/Katalon Studio/testing/Reports/20211006_192250/sanity_iOS/20211006_192250/1633530528703.png, /Users/sahil.vidaysingh/Katalon Studio/testing/Reports/20211006_192250/sanity_iOS/20211006_192250/1633530537236.png, /Users/sahil.vidaysingh/Katalon Studio/testing/Reports/20211006_192250/sanity_iOS/20211006_192250/1633530547823.png, /Users/sahil.vidaysingh/Katalon Studio/testing/Reports/20211006_192250/sanity_iOS/20211006_192250/1633530552172.png, /Users/sahil.vidaysingh/Katalon Studio/testing/Reports/20211006_192250/sanity_iOS/20211006_192250/1633530556165.png, /Users/sahil.vidaysingh/Katalon Studio/testing/Reports/20211006_192250/sanity_iOS/20211006_192250/1633530558839.png, /Users/sahil.vidaysingh/Katalon Studio/testing/Reports/20211006_192250/sanity_iOS/20211006_192250/1633530561437.png, /Users/sahil.vidaysingh/Katalon Studio/testing/Reports/20211006_192250/sanity_iOS/20211006_192250/1633530569843.png, /Users/sahil.vidaysingh/Katalon Studio/testing/Reports/20211006_192250/sanity_iOS/20211006_192250/1633530589133.png, /Users/sahil.vidaysingh/Katalon Studio/testing/Reports/20211006_192250/sanity_iOS/20211006_192250/1633530595998.png, /Users/sahil.vidaysingh/Katalon Studio/testing/Reports/20211006_192250/sanity_iOS/20211006_192250/1633530604906.png, /Users/sahil.vidaysingh/Katalon Studio/testing/Reports/20211006_192250/sanity_iOS/20211006_192250/1633530607468.png, /Users/sahil.vidaysingh/Katalon Studio/testing/Reports/20211006_192250/sanity_iOS/20211006_192250/1633530611930.png, /Users/sahil.vidaysingh/Katalon Studio/testing/Reports/20211006_192250/sanity_iOS/20211006_192250/1633530615550.png, /Users/sahil.vidaysingh/Katalon Studio/testing/Reports/20211006_192250/sanity_iOS/20211006_192250/1633530627868.png, /Users/sahil.vidaysingh/Katalon Studio/testing/Reports/20211006_192250/sanity_iOS/20211006_192250/1633530630198.png, /Users/sahil.vidaysingh/Katalon Studio/testing/Reports/20211006_192250/sanity_iOS/20211006_192250/1633530632424.png, /Users/sahil.vidaysingh/Katalon Studio/testing/Reports/20211006_192250/sanity_iOS/20211006_192250/1633530636845.png, /Users/sahil.vidaysingh/Katalon Studio/testing/Reports/20211006_192250/sanity_iOS/20211006_192250/1633530640018.png, /Users/sahil.vidaysingh/Katalon Studio/testing/Reports/20211006_192250/sanity_iOS/20211006_192250/1633530643321.png, /Users/sahil.vidaysingh/Katalon Studio/testing/Reports/20211006_192250/sanity_iOS/20211006_192250/1633530647619.png, /Users/sahil.vidaysingh/Katalon Studio/testing/Reports/20211006_192250/sanity_iOS/20211006_192250/1633530651362.png, /Users/sahil.vidaysingh/Katalon Studio/testing/Reports/20211006_192250/sanity_iOS/20211006_192250/1633530653551.png, /Users/sahil.vidaysingh/Katalon Studio/testing/Reports/20211006_192250/sanity_iOS/20211006_192250/1633530657830.png, /Users/sahil.vidaysingh/Katalon Studio/testing/Reports/20211006_192250/sanity_iOS/20211006_192250/1633530662059.png, /Users/sahil.vidaysingh/Katalon Studio/testing/Reports/20211006_192250/sanity_iOS/20211006_192250/1633530663850.png, /Users/sahil.vidaysingh/Katalon Studio/testing/Reports/20211006_192250/sanity_iOS/20211006_192250/1633530673288.png, /Users/sahil.vidaysingh/Katalon Studio/testing/Reports/20211006_192250/sanity_iOS/20211006_192250/1633530798511.png, /Users/sahil.vidaysingh/Katalon Studio/testing/Reports/20211006_192250/sanity_iOS/20211006_192250/1633530802014.png, /Users/sahil.vidaysingh/Katalon Studio/testing/Reports/20211006_192250/sanity_iOS/20211006_192250/1633530830783.png, /Users/sahil.vidaysingh/Katalon Studio/testing/Reports/20211006_192250/sanity_iOS/20211006_192250/1633530833578.png, /Users/sahil.vidaysingh/Katalon Studio/testing/Reports/20211006_192250/sanity_iOS/20211006_192250/1633530846874.png, /Users/sahil.vidaysingh/Katalon Studio/testing/Reports/20211006_192250/sanity_iOS/20211006_192250/1633530854006.png, /Users/sahil.vidaysingh/Katalon Studio/testing/Reports/20211006_192250/sanity_iOS/20211006_192250/1633530858342.png, /Users/sahil.vidaysingh/Katalon Studio/testing/Reports/20211006_192250/sanity_iOS/20211006_192250/1633530864649.png, /Users/sahil.vidaysingh/Katalon Studio/testing/Reports/20211006_192250/sanity_iOS/20211006_192250/1633530867140.png, /Users/sahil.vidaysingh/Katalon Studio/testing/Reports/20211006_192250/sanity_iOS/20211006_192250/1633530871358.png, /Users/sahil.vidaysingh/Katalon Studio/testing/Reports/20211006_192250/sanity_iOS/20211006_192250/1633530875468.png, /Users/sahil.vidaysingh/Katalon Studio/testing/Reports/20211006_192250/sanity_iOS/20211006_192250/1633530907738.png, /Users/sahil.vidaysingh/Katalon Studio/testing/Reports/20211006_192250/sanity_iOS/20211006_192250/1633530911933.png, /Users/sahil.vidaysingh/Katalon Studio/testing/Reports/20211006_192250/sanity_iOS/20211006_192250/1633530915837.png, /Users/sahil.vidaysingh/Katalon Studio/testing/Reports/20211006_192250/sanity_iOS/20211006_192250/1633530922204.png, /Users/sahil.vidaysingh/Katalon Studio/testing/Reports/20211006_192250/sanity_iOS/20211006_192250/1633531019292.png, /Users/sahil.vidaysingh/Katalon Studio/testing/Reports/20211006_192250/sanity_iOS/20211006_192250/1633531023157.png, /Users/sahil.vidaysingh/Katalon Studio/testing/Reports/20211006_192250/sanity_iOS/20211006_192250/1633531040076.png, /Users/sahil.vidaysingh/Katalon Studio/testing/Reports/20211006_192250/sanity_iOS/20211006_192250/1633531044262.png, /Users/sahil.vidaysingh/Katalon Studio/testing/Reports/20211006_192250/sanity_iOS/20211006_192250/1633531047659.png, /Users/sahil.vidaysingh/Katalon Studio/testing/Reports/20211006_192250/sanity_iOS/20211006_192250/1633531054307.png, /Users/sahil.vidaysingh/Katalon Studio/testing/Reports/20211006_192250/sanity_iOS/20211006_192250/1633531147511.png, /Users/sahil.vidaysingh/Katalon Studio/testing/Reports/20211006_192250/sanity_iOS/20211006_192250/1633531153100.png, /Users/sahil.vidaysingh/Katalon Studio/testing/Reports/20211006_192250/sanity_iOS/20211006_192250/1633531169887.png, /Users/sahil.vidaysingh/Katalon Studio/testing/Reports/20211006_192250/sanity_iOS/20211006_192250/1633531172409.png, /Users/sahil.vidaysingh/Katalon Studio/testing/Reports/20211006_192250/sanity_iOS/20211006_192250/1633531216540.png, /Users/sahil.vidaysingh/Katalon Studio/testing/Reports/20211006_192250/sanity_iOS/20211006_192250/1633531242901.png, /Users/sahil.vidaysingh/Katalon Studio/testing/Reports/20211006_192250/sanity_iOS/20211006_192250/1633531248266.png, /Users/sahil.vidaysingh/Katalon Studio/testing/Reports/20211006_192250/sanity_iOS/20211006_192250/1633531259793.png, /Users/sahil.vidaysingh/Katalon Studio/testing/Reports/20211006_192250/sanity_iOS/20211006_192250/1633531261416.png, /Users/sahil.vidaysingh/Katalon Studio/testing/Reports/20211006_192250/sanity_iOS/20211006_192250/1633531262833.png, /Users/sahil.vidaysingh/Katalon Studio/testing/Reports/20211006_192250/sanity_iOS/20211006_192250/1633531352671.png, /Users/sahil.vidaysingh/Katalon Studio/testing/Reports/20211006_192250/sanity_iOS/20211006_192250/1633531356851.png, /Users/sahil.vidaysingh/Katalon Studio/testing/Reports/20211006_192250/sanity_iOS/20211006_192250/1633531373679.png, /Users/sahil.vidaysingh/Katalon Studio/testing/Reports/20211006_192250/sanity_iOS/20211006_192250/1633531376249.png, /Users/sahil.vidaysingh/Katalon Studio/testing/Reports/20211006_192250/sanity_iOS/20211006_192250/1633531419832.png, /Users/sahil.vidaysingh/Katalon Studio/testing/Reports/20211006_192250/sanity_iOS/20211006_192250/1633531445395.png, /Users/sahil.vidaysingh/Katalon Studio/testing/Reports/20211006_192250/sanity_iOS/20211006_192250/1633531450776.png, /Users/sahil.vidaysingh/Katalon Studio/testing/Reports/20211006_192250/sanity_iOS/20211006_192250/1633531462345.png, /Users/sahil.vidaysingh/Katalon Studio/testing/Reports/20211006_192250/sanity_iOS/20211006_192250/1633531463543.png, /Users/sahil.vidaysingh/Katalon Studio/testing/Reports/20211006_192250/sanity_iOS/20211006_192250/1633531465021.png, /Users/sahil.vidaysingh/Katalon Studio/testing/Reports/20211006_192250/sanity_iOS/20211006_192250/1633531550489.png, /Users/sahil.vidaysingh/Katalon Studio/testing/Reports/20211006_192250/sanity_iOS/20211006_192250/1633531556359.png, /Users/sahil.vidaysingh/Katalon Studio/testing/Reports/20211006_192250/sanity_iOS/20211006_192250/1633531577008.png, /Users/sahil.vidaysingh/Katalon Studio/testing/Reports/20211006_192250/sanity_iOS/20211006_192250/1633531581439.png, /Users/sahil.vidaysingh/Katalon Studio/testing/Reports/20211006_192250/sanity_iOS/20211006_192250/1633531585039.png, /Users/sahil.vidaysingh/Katalon Studio/testing/Reports/20211006_192250/sanity_iOS/20211006_192250/1633531591532.png, /Users/sahil.vidaysingh/Katalon Studio/testing/Reports/20211006_192250/sanity_iOS/20211006_192250/1633531603849.png, /Users/sahil.vidaysingh/Katalon Studio/testing/Reports/20211006_192250/sanity_iOS/20211006_192250/1633531606856.png, /Users/sahil.vidaysingh/Katalon Studio/testing/Reports/20211006_192250/sanity_iOS/20211006_192250/1633531903775.png, /Users/sahil.vidaysingh/Katalon Studio/testing/Reports/20211006_192250/sanity_iOS/20211006_192250/1633531918700.png, /Users/sahil.vidaysingh/Katalon Studio/testing/Reports/20211006_192250/sanity_iOS/20211006_192250/1633531933607.png, /Users/sahil.vidaysingh/Katalon Studio/testing/Reports/20211006_192250/sanity_iOS/20211006_192250/1633531944305.png, /Users/sahil.vidaysingh/Katalon Studio/testing/Reports/20211006_192250/sanity_iOS/20211006_192250/1633532035415.png, /Users/sahil.vidaysingh/Katalon Studio/testing/Reports/20211006_192250/sanity_iOS/20211006_192250/1633532039552.png, /Users/sahil.vidaysingh/Katalon Studio/testing/Reports/20211006_192250/sanity_iOS/20211006_192250/1633532055303.png, /Users/sahil.vidaysingh/Katalon Studio/testing/Reports/20211006_192250/sanity_iOS/20211006_192250/1633532057829.png, /Users/sahil.vidaysingh/Katalon Studio/testing/Reports/20211006_192250/sanity_iOS/20211006_192250/1633532158078.png, /Users/sahil.vidaysingh/Katalon Studio/testing/Reports/20211006_192250/sanity_iOS/20211006_192250/1633532193638.png, /Users/sahil.vidaysingh/Katalon Studio/testing/Reports/20211006_192250/sanity_iOS/20211006_192250/1633532194698.png, /Users/sahil.vidaysingh/Katalon Studio/testing/Reports/20211006_192250/sanity_iOS/20211006_192250/1633532284628.png, /Users/sahil.vidaysingh/Katalon Studio/testing/Reports/20211006_192250/sanity_iOS/20211006_192250/1633532288132.png, /Users/sahil.vidaysingh/Katalon Studio/testing/Reports/20211006_192250/sanity_iOS/20211006_192250/1633532303376.png, /Users/sahil.vidaysingh/Katalon Studio/testing/Reports/20211006_192250/sanity_iOS/20211006_192250/1633532313835.png"/>
         <property name="hostName" value="sahil.vidaysingh - 192.168.29.216"/>
         <property name="os" value="Mac OS X 64bit"/>
         <property name="appiumServerStatus" value="{&quot;value&quot;:{&quot;build&quot;:{&quot;version&quot;:&quot;1.21.0&quot;}},&quot;sessionId&quot;:null,&quot;status&quot;:0}"/>
         <property name="katalonVersion" value="7.9.1.208"/>
         <property name="deviceOS" value="iOS"/>
         <property name="appiumVersion" value="1.21.0"/>
         <property name="deviceModel" value="Not available for Simulator"/>
         <property name="hostAddress" value="192.168.29.216"/>
         <property name="deviceManufacturer" value="Apple"/>
         <property name="deviceId" value="null"/>
         <property name="deviceName" value="iphone 8"/>
         <property name="deviceOSVersion" value="14.4"/>
      </properties>
      <testcase name="Test Cases/iOS/LogIn/Login_Page_Verfication" time="84.098" classname="Test Cases/iOS/LogIn/Login_Page_Verfication" status="PASSED">
         <system-out><![CDATA[2021-10-06 19:22:57 - [TEST_CASE][PASSED] - Test Cases/iOS/LogIn/Login_Page_Verfication: Test Cases/iOS/LogIn/Login_Page_Verfication

2021-10-06 19:22:57 - [TEST_STEP][PASSED] - ios_common_keywords.Start_Application.custom(): ios_common_keywords.Start_Application.custom is PASSED

2021-10-06 19:22:59 - [MESSAGE][INFO] - ios_webkit_debug_proxy server started on port 55139

2021-10-06 19:23:01 - [MESSAGE][INFO] - Appium server started on port 55,142

2021-10-06 19:24:11 - [MESSAGE][PASSED] - Started app at: '/Users/sahil.vidaysingh/Downloads/Hatch 3.app'

2021-10-06 19:24:11 - [MESSAGE][PASSED] - ios_common_keywords.Start_Application.custom is PASSED

2021-10-06 19:24:11 - [TEST_STEP][PASSED] - ios_login.Login_Screen.verify_LoginPage_Details(): ios_login.Login_Screen.verify_LoginPage_Details is PASSED

2021-10-06 19:24:11 - [MESSAGE][WARNING] - Timeout '0' is invalid. Using default page load timeout: '30'

2021-10-06 19:24:11 - [MESSAGE][PASSED] - Element 'Object Repository/iOS/LogIn/Login_Details_Screen/Forget_Password_Text' is exist

2021-10-06 19:24:11 - [MESSAGE][WARNING] - Timeout '0' is invalid. Using default page load timeout: '30'

2021-10-06 19:24:12 - [MESSAGE][PASSED] - Element 'Object Repository/iOS/LogIn/Login_Details_Screen/Welcome_Text' is exist

2021-10-06 19:24:12 - [MESSAGE][WARNING] - Timeout '0' is invalid. Using default page load timeout: '30'

2021-10-06 19:24:12 - [MESSAGE][PASSED] - Element 'Object Repository/iOS/LogIn/Login_Details_Screen/Order Express_Logo' is exist

2021-10-06 19:24:12 - [MESSAGE][PASSED] - ios_login.Login_Screen.verify_LoginPage_Details is PASSED

2021-10-06 19:24:12 - [TEST_STEP][PASSED] - ios_login.Login_Screen.login(password): ios_login.Login_Screen.login is PASSED

2021-10-06 19:24:12 - [MESSAGE][PASSED] - Element 'Object Repository/iOS/LogIn/Environment_Selection_Screen/Environment Selection_Text' is exist

2021-10-06 19:24:12 - [MESSAGE][WARNING] - Timeout '0' is invalid. Using default page load timeout: '30'

2021-10-06 19:24:13 - [MESSAGE][PASSED] - Tapped on element 'Object Repository/iOS/LogIn/Environment_Selection_Screen/Environment Selection_Text'

2021-10-06 19:24:14 - [MESSAGE][WARNING] - Timeout '0' is invalid. Using default page load timeout: '30'

2021-10-06 19:24:15 - [MESSAGE][PASSED] - Tapped on element 'Object Repository/iOS/LogIn/Environment_Selection_Screen/Environment_Button'

2021-10-06 19:24:15 - [MESSAGE][WARNING] - Timeout '0' is invalid. Using default page load timeout: '30'

2021-10-06 19:24:15 - [MESSAGE][PASSED] - Tapped on element 'Object Repository/iOS/LogIn/Login_Details_Screen/Login UserName_Button'

2021-10-06 19:24:15 - [MESSAGE][WARNING] - Timeout '0' is invalid. Using default page load timeout: '30'

2021-10-06 19:24:16 - [MESSAGE][PASSED] - Text 'auto_ws_acute' has been set to element 'Object Repository/iOS/LogIn/Login_Details_Screen/UserName_Text_Field'

2021-10-06 19:24:17 - [MESSAGE][WARNING] - Timeout '0' is invalid. Using default page load timeout: '30'

2021-10-06 19:24:18 - [MESSAGE][PASSED] - Tapped on element 'Object Repository/iOS/LogIn/Login_Details_Screen/LoginBar-ButtonDown'

2021-10-06 19:24:18 - [MESSAGE][WARNING] - Timeout '0' is invalid. Using default page load timeout: '30'

2021-10-06 19:24:19 - [MESSAGE][PASSED] - Tapped on element 'Object Repository/iOS/LogIn/Login_Details_Screen/Password-Button'

2021-10-06 19:24:19 - [MESSAGE][WARNING] - Timeout '0' is invalid. Using default page load timeout: '30'

2021-10-06 19:24:20 - [MESSAGE][PASSED] - Text 'Cardinal1' has been set to element 'Object Repository/iOS/LogIn/Login_Details_Screen/Password-Secure_Text_Field'

2021-10-06 19:24:20 - [MESSAGE][WARNING] - Timeout '0' is invalid. Using default page load timeout: '30'

2021-10-06 19:24:21 - [MESSAGE][PASSED] - Tapped on element 'Object Repository/iOS/LogIn/Login_Details_Screen/SignIn_Button'

2021-10-06 19:24:21 - [MESSAGE][PASSED] - ios_login.Login_Screen.login is PASSED]]></system-out>
         <system-err><![CDATA[]]></system-err>
      </testcase>
      <testcase name="Test Cases/iOS/Inventory/Verify Inventory Location(Edit,Update)" time="271.131" classname="Test Cases/iOS/Inventory/Verify Inventory Location(Edit,Update)" status="PASSED">
         <system-out><![CDATA[2021-10-06 19:24:21 - [TEST_CASE][PASSED] - Test Cases/iOS/Inventory/Verify Inventory Location(Edit,Update): Test Cases/iOS/Inventory/Verify Inventory Location(Edit,Update)

2021-10-06 19:24:22 - [TEST_STEP][PASSED] - ios_common_keywords.Start_Application.custom(): ios_common_keywords.Start_Application.custom is PASSED

2021-10-06 19:25:20 - [MESSAGE][PASSED] - Started app at: '/Users/sahil.vidaysingh/Downloads/Hatch 3.app'

2021-10-06 19:25:20 - [MESSAGE][PASSED] - ios_common_keywords.Start_Application.custom is PASSED

2021-10-06 19:25:20 - [TEST_STEP][PASSED] - ios_login.Login_Screen.login(Password): ios_login.Login_Screen.login is PASSED

2021-10-06 19:25:20 - [MESSAGE][PASSED] - Element 'Object Repository/iOS/LogIn/Environment_Selection_Screen/Environment Selection_Text' is exist

2021-10-06 19:25:20 - [MESSAGE][WARNING] - Timeout '0' is invalid. Using default page load timeout: '30'

2021-10-06 19:25:21 - [MESSAGE][PASSED] - Tapped on element 'Object Repository/iOS/LogIn/Environment_Selection_Screen/Environment Selection_Text'

2021-10-06 19:25:22 - [MESSAGE][WARNING] - Timeout '0' is invalid. Using default page load timeout: '30'

2021-10-06 19:25:23 - [MESSAGE][PASSED] - Tapped on element 'Object Repository/iOS/LogIn/Environment_Selection_Screen/Environment_Button'

2021-10-06 19:25:23 - [MESSAGE][WARNING] - Timeout '0' is invalid. Using default page load timeout: '30'

2021-10-06 19:25:24 - [MESSAGE][PASSED] - Tapped on element 'Object Repository/iOS/LogIn/Login_Details_Screen/Login UserName_Button'

2021-10-06 19:25:24 - [MESSAGE][WARNING] - Timeout '0' is invalid. Using default page load timeout: '30'

2021-10-06 19:25:25 - [MESSAGE][PASSED] - Text 'auto_ws_acute' has been set to element 'Object Repository/iOS/LogIn/Login_Details_Screen/UserName_Text_Field'

2021-10-06 19:25:25 - [MESSAGE][WARNING] - Timeout '0' is invalid. Using default page load timeout: '30'

2021-10-06 19:25:26 - [MESSAGE][PASSED] - Tapped on element 'Object Repository/iOS/LogIn/Login_Details_Screen/LoginBar-ButtonDown'

2021-10-06 19:25:26 - [MESSAGE][WARNING] - Timeout '0' is invalid. Using default page load timeout: '30'

2021-10-06 19:25:27 - [MESSAGE][PASSED] - Tapped on element 'Object Repository/iOS/LogIn/Login_Details_Screen/Password-Button'

2021-10-06 19:25:27 - [MESSAGE][WARNING] - Timeout '0' is invalid. Using default page load timeout: '30'

2021-10-06 19:25:28 - [MESSAGE][PASSED] - Text 'Cardinal1' has been set to element 'Object Repository/iOS/LogIn/Login_Details_Screen/Password-Secure_Text_Field'

2021-10-06 19:25:28 - [MESSAGE][WARNING] - Timeout '0' is invalid. Using default page load timeout: '30'

2021-10-06 19:25:29 - [MESSAGE][PASSED] - Tapped on element 'Object Repository/iOS/LogIn/Login_Details_Screen/SignIn_Button'

2021-10-06 19:25:29 - [MESSAGE][PASSED] - ios_login.Login_Screen.login is PASSED

2021-10-06 19:25:29 - [TEST_STEP][PASSED] - ios_account_selection.Select_An_Account.Custom(Account): ios_account_selection.Select_An_Account.Custom is PASSED

2021-10-06 19:25:30 - [MESSAGE][PASSED] - Element 'Object Repository/iOS/Product_Search/Progress_Bar' is exist

2021-10-06 19:25:31 - [MESSAGE][PASSED] - Delayed 1 second(s)

2021-10-06 19:25:31 - [MESSAGE][PASSED] - Element 'Object Repository/iOS/Product_Search/Progress_Bar' is exist

2021-10-06 19:25:32 - [MESSAGE][PASSED] - Delayed 1 second(s)

2021-10-06 19:25:33 - [MESSAGE][PASSED] - Element 'Object Repository/iOS/Product_Search/Progress_Bar' is exist

2021-10-06 19:25:34 - [MESSAGE][PASSED] - Delayed 1 second(s)

2021-10-06 19:25:35 - [MESSAGE][PASSED] - Element 'Object Repository/iOS/Product_Search/Progress_Bar' is exist

2021-10-06 19:25:36 - [MESSAGE][PASSED] - Delayed 1 second(s)

2021-10-06 19:25:36 - [MESSAGE][PASSED] - Element 'Object Repository/iOS/Product_Search/Progress_Bar' is exist

2021-10-06 19:25:37 - [MESSAGE][PASSED] - Delayed 1 second(s)

2021-10-06 19:25:38 - [MESSAGE][PASSED] - Element 'Object Repository/iOS/Product_Search/Progress_Bar' is exist

2021-10-06 19:25:39 - [MESSAGE][PASSED] - Delayed 1 second(s)

2021-10-06 19:25:39 - [MESSAGE][PASSED] - Element 'Object Repository/iOS/Product_Search/Progress_Bar' is exist

2021-10-06 19:25:40 - [MESSAGE][PASSED] - Delayed 1 second(s)

2021-10-06 19:25:41 - [MESSAGE][PASSED] - Element 'Object Repository/iOS/Product_Search/Progress_Bar' is exist

2021-10-06 19:25:42 - [MESSAGE][PASSED] - Delayed 1 second(s)

2021-10-06 19:25:42 - [MESSAGE][PASSED] - Element 'Object Repository/iOS/Product_Search/Progress_Bar' is exist

2021-10-06 19:25:43 - [MESSAGE][PASSED] - Delayed 1 second(s)

2021-10-06 19:25:43 - [MESSAGE][PASSED] - Element 'Object Repository/iOS/Product_Search/Progress_Bar' is exist

2021-10-06 19:25:44 - [MESSAGE][PASSED] - Delayed 1 second(s)

2021-10-06 19:25:45 - [MESSAGE][PASSED] - Element 'Object Repository/iOS/Product_Search/Progress_Bar' is exist

2021-10-06 19:25:46 - [MESSAGE][PASSED] - Delayed 1 second(s)

2021-10-06 19:25:47 - [MESSAGE][PASSED] - Element 'Object Repository/iOS/Product_Search/Progress_Bar' is exist

2021-10-06 19:25:48 - [MESSAGE][PASSED] - Delayed 1 second(s)

2021-10-06 19:25:49 - [MESSAGE][PASSED] - Element 'Object Repository/iOS/Product_Search/Progress_Bar' is exist

2021-10-06 19:25:50 - [MESSAGE][PASSED] - Delayed 1 second(s)

2021-10-06 19:25:51 - [MESSAGE][WARNING] - Element 'Object Repository/iOS/Product_Search/Progress_Bar' not found
[[ATTACHMENT|/Users/sahil.vidaysingh/Katalon Studio/testing/Reports/20211006_192250/sanity_iOS/20211006_192250/1633528551447.png]]

2021-10-06 19:25:51 - [MESSAGE][WARNING] - Timeout '0' is invalid. Using default page load timeout: '30'

2021-10-06 19:25:52 - [MESSAGE][PASSED] - Element 'Object Repository/iOS/Account_Selection/You must select an account to continue_Text' is present

2021-10-06 19:25:53 - [MESSAGE][PASSED] - Scrolling to text '11-487698' successfully

2021-10-06 19:25:53 - [MESSAGE][WARNING] - Timeout '0' is invalid. Using default page load timeout: '30'

2021-10-06 19:25:54 - [MESSAGE][PASSED] - Tapped on element 'Object Repository/iOS/Account_Selection/AccountNo_Text'

2021-10-06 19:25:55 - [MESSAGE][WARNING] - Element 'Object Repository/iOS/Product_Search/Progress_Bar' not found
[[ATTACHMENT|/Users/sahil.vidaysingh/Katalon Studio/testing/Reports/20211006_192250/sanity_iOS/20211006_192250/1633528555693.png]]

2021-10-06 19:25:55 - [MESSAGE][PASSED] - ios_account_selection.Select_An_Account.Custom is PASSED

2021-10-06 19:25:55 - [TEST_STEP][PASSED] - ios_dashboard.dashboard_details.click_On_More_Options(): ios_dashboard.dashboard_details.click_On_More_Options is PASSED

2021-10-06 19:25:55 - [MESSAGE][WARNING] - Timeout '0' is invalid. Using default page load timeout: '30'

2021-10-06 19:25:56 - [MESSAGE][PASSED] - Tapped on element 'Object Repository/iOS/Dashboard/More Options_Tab'

2021-10-06 19:25:56 - [MESSAGE][PASSED] - ios_dashboard.dashboard_details.click_On_More_Options is PASSED

2021-10-06 19:25:56 - [TEST_STEP][PASSED] - ios_more_options_screen.Go_To_Inventory_Listing_Screen.Custom(): ios_more_options_screen.Go_To_Inventory_Listing_Screen.Custom is PASSED

2021-10-06 19:26:01 - [MESSAGE][WARNING] - Element 'Object Repository/iOS/Product_Search/Progress_Bar' not found
[[ATTACHMENT|/Users/sahil.vidaysingh/Katalon Studio/testing/Reports/20211006_192250/sanity_iOS/20211006_192250/1633528560945.png]]

2021-10-06 19:26:01 - [MESSAGE][WARNING] - Timeout '0' is invalid. Using default page load timeout: '30'

2021-10-06 19:26:01 - [MESSAGE][PASSED] - Tapped on element 'Object Repository/iOS/More Options Screen/Inventory Selection Under MoreOptions_Text'

2021-10-06 19:26:02 - [MESSAGE][PASSED] - Element 'Object Repository/iOS/Product_Search/Progress_Bar' is exist

2021-10-06 19:26:06 - [MESSAGE][PASSED] - Delayed 4 second(s)

2021-10-06 19:26:11 - [MESSAGE][WARNING] - Element 'Object Repository/iOS/Product_Search/Progress_Bar' not found
[[ATTACHMENT|/Users/sahil.vidaysingh/Katalon Studio/testing/Reports/20211006_192250/sanity_iOS/20211006_192250/1633528571175.png]]

2021-10-06 19:26:11 - [MESSAGE][PASSED] - ios_more_options_screen.Go_To_Inventory_Listing_Screen.Custom is PASSED

2021-10-06 19:26:11 - [TEST_STEP][PASSED] - ios_inventory.Inventory_listing_Screen.create_Inventory(Inventory_Name): ios_inventory.Inventory_listing_Screen.create_Inventory is PASSED

2021-10-06 19:26:11 - [MESSAGE][WARNING] - Timeout '0' is invalid. Using default page load timeout: '30'

2021-10-06 19:26:12 - [MESSAGE][PASSED] - Element 'Object Repository/iOS/Inventory/Inventory Listing Screen/Verification Details/Create_InventorySectionHeader' is exist

2021-10-06 19:26:12 - [MESSAGE][WARNING] - Timeout '0' is invalid. Using default page load timeout: '30'

2021-10-06 19:26:13 - [MESSAGE][PASSED] - Tapped on element 'Object Repository/iOS/Inventory/Inventory Listing Screen/Verification Details/Create_InventorySectionHeader'

2021-10-06 19:26:13 - [MESSAGE][WARNING] - Timeout '0' is invalid. Using default page load timeout: '30'

2021-10-06 19:26:14 - [MESSAGE][PASSED] - Tapped on element 'Object Repository/iOS/Inventory/Inventory Listing Screen/Verification Details/Inventory Name_Text'

2021-10-06 19:26:14 - [MESSAGE][WARNING] - Timeout '0' is invalid. Using default page load timeout: '30'

2021-10-06 19:26:15 - [MESSAGE][PASSED] - Text 'KatalonInvv' has been set to element 'Object Repository/iOS/Inventory/Inventory Listing Screen/Verification Details/InventoryName TextField'

2021-10-06 19:26:15 - [MESSAGE][WARNING] - Duration '0' is invalid. Using default duration.

2021-10-06 19:26:15 - [MESSAGE][WARNING] - Timeout '0' is invalid. Using default page load timeout: '30'

2021-10-06 19:26:16 - [MESSAGE][PASSED] - Tapped and held on element 'Object Repository/iOS/Inventory/Inventory Listing Screen/Create New Inventory_Screen/Return_Keypad_Button' with duration (default)

2021-10-06 19:26:16 - [MESSAGE][WARNING] - Timeout '0' is invalid. Using default page load timeout: '30'

2021-10-06 19:26:18 - [MESSAGE][PASSED] - Tapped on element 'Object Repository/iOS/Inventory/Inventory Listing Screen/Create New Inventory_Screen/Create Inventory_Text'

2021-10-06 19:26:18 - [MESSAGE][PASSED] - Element 'Object Repository/iOS/Product_Search/Progress_Bar' is exist

2021-10-06 19:26:19 - [MESSAGE][PASSED] - Delayed 1 second(s)

2021-10-06 19:26:20 - [MESSAGE][WARNING] - Element 'Object Repository/iOS/Product_Search/Progress_Bar' not found
[[ATTACHMENT|/Users/sahil.vidaysingh/Katalon Studio/testing/Reports/20211006_192250/sanity_iOS/20211006_192250/1633528580798.png]]

2021-10-06 19:26:20 - [MESSAGE][PASSED] - ios_inventory.Inventory_listing_Screen.create_Inventory is PASSED

2021-10-06 19:26:20 - [TEST_STEP][PASSED] - ios_inventory.Inventory_details_Screen.add_Location(Location_Name, Cost_Type): ios_inventory.Inventory_details_Screen.add_Location is PASSED

2021-10-06 19:26:20 - [MESSAGE][WARNING] - Timeout '0' is invalid. Using default page load timeout: '30'

2021-10-06 19:26:21 - [MESSAGE][PASSED] - Tapped on element 'Object Repository/iOS/Inventory/Inventory Details Screen/Add Location/Add location_Text'

2021-10-06 19:26:21 - [MESSAGE][WARNING] - Timeout '0' is invalid. Using default page load timeout: '30'

2021-10-06 19:26:22 - [MESSAGE][PASSED] - Tapped on element 'Object Repository/iOS/Inventory/Inventory Details Screen/Add Location/LocationName_TextField'

2021-10-06 19:26:22 - [MESSAGE][WARNING] - Timeout '0' is invalid. Using default page load timeout: '30'

2021-10-06 19:26:23 - [MESSAGE][PASSED] - Text 'jujutsuu' has been set to element 'Object Repository/iOS/Inventory/Inventory Details Screen/Add Location/LocationName_TextField'

2021-10-06 19:26:23 - [MESSAGE][WARNING] - Timeout '0' is invalid. Using default page load timeout: '30'

2021-10-06 19:26:25 - [MESSAGE][PASSED] - Tapped on element 'Object Repository/iOS/Inventory/Inventory Details Screen/Add Location/Last Price_Button'

2021-10-06 19:26:25 - [MESSAGE][WARNING] - Timeout '0' is invalid. Using default page load timeout: '30'

2021-10-06 19:26:27 - [MESSAGE][PASSED] - Tapped on element 'Object Repository/iOS/Inventory/Inventory Details Screen/Add Location/Create New Location_Text'

2021-10-06 19:26:28 - [MESSAGE][PASSED] - Element 'Object Repository/iOS/Product_Search/Progress_Bar' is exist

2021-10-06 19:26:29 - [MESSAGE][PASSED] - Delayed 1 second(s)

2021-10-06 19:26:30 - [MESSAGE][WARNING] - Element 'Object Repository/iOS/Product_Search/Progress_Bar' not found
[[ATTACHMENT|/Users/sahil.vidaysingh/Katalon Studio/testing/Reports/20211006_192250/sanity_iOS/20211006_192250/1633528590221.png]]

2021-10-06 19:26:30 - [MESSAGE][WARNING] - Timeout '0' is invalid. Using default page load timeout: '30'

2021-10-06 19:26:30 - [MESSAGE][PASSED] - Element 'Object Repository/iOS/Inventory/Inventory Details Screen/Add Location/LocationName Verification_Text' is exist

2021-10-06 19:26:30 - [MESSAGE][PASSED] - ios_inventory.Inventory_details_Screen.add_Location is PASSED

2021-10-06 19:26:30 - [TEST_STEP][PASSED] - ios_inventory.Inventory_details_Screen.click_On_Location(Location_Name): ios_inventory.Inventory_details_Screen.click_On_Location is PASSED

2021-10-06 19:26:31 - [MESSAGE][WARNING] - Timeout '0' is invalid. Using default page load timeout: '30'

2021-10-06 19:26:32 - [MESSAGE][PASSED] - Tapped on element 'Object Repository/iOS/Inventory/Inventory Details Screen/Add Location/Tap On Location_Text'

2021-10-06 19:26:32 - [MESSAGE][PASSED] - ios_inventory.Inventory_details_Screen.click_On_Location is PASSED

2021-10-06 19:26:32 - [TEST_STEP][PASSED] - ios_inventory.Location_details_Screen.add_Product_to_Location(Location_Name, Product_Name): ios_inventory.Location_details_Screen.add_Product_to_Location is PASSED

2021-10-06 19:26:33 - [MESSAGE][PASSED] - Element 'Object Repository/iOS/Product_Search/Progress_Bar' is exist

2021-10-06 19:26:34 - [MESSAGE][PASSED] - Delayed 1 second(s)

2021-10-06 19:26:34 - [MESSAGE][PASSED] - Element 'Object Repository/iOS/Product_Search/Progress_Bar' is exist

2021-10-06 19:26:35 - [MESSAGE][PASSED] - Delayed 1 second(s)

2021-10-06 19:26:37 - [MESSAGE][WARNING] - Element 'Object Repository/iOS/Product_Search/Progress_Bar' not found
[[ATTACHMENT|/Users/sahil.vidaysingh/Katalon Studio/testing/Reports/20211006_192250/sanity_iOS/20211006_192250/1633528597197.png]]

2021-10-06 19:26:37 - [MESSAGE][WARNING] - Duration '0' is invalid. Using default duration.

2021-10-06 19:26:37 - [MESSAGE][WARNING] - Timeout '0' is invalid. Using default page load timeout: '30'

2021-10-06 19:26:38 - [MESSAGE][PASSED] - Tapped and held on element 'Object Repository/iOS/Inventory/Location Details_Screen/Add Product to Location/Product SearchField' with duration (default)

2021-10-06 19:26:39 - [MESSAGE][WARNING] - Element 'Object Repository/iOS/Product_Search/Progress_Bar' not found
[[ATTACHMENT|/Users/sahil.vidaysingh/Katalon Studio/testing/Reports/20211006_192250/sanity_iOS/20211006_192250/1633528599809.png]]

2021-10-06 19:26:39 - [MESSAGE][WARNING] - Timeout '0' is invalid. Using default page load timeout: '30'

2021-10-06 19:26:41 - [MESSAGE][PASSED] - Text 'tyl' has been set to element 'Object Repository/iOS/Inventory/Location Details_Screen/Add Product to Location/Product SearchField'

2021-10-06 19:26:41 - [MESSAGE][WARNING] - Duration '0' is invalid. Using default duration.

2021-10-06 19:26:41 - [MESSAGE][WARNING] - Timeout '0' is invalid. Using default page load timeout: '30'

2021-10-06 19:26:43 - [MESSAGE][PASSED] - Tapped and held on element 'Object Repository/iOS/Product_Search/Search Key_Button' with duration (default)

2021-10-06 19:26:43 - [MESSAGE][PASSED] - Element 'Object Repository/iOS/Product_Search/Progress_Bar' is exist

2021-10-06 19:26:44 - [MESSAGE][PASSED] - Delayed 1 second(s)

2021-10-06 19:26:45 - [MESSAGE][PASSED] - Element 'Object Repository/iOS/Product_Search/Progress_Bar' is exist

2021-10-06 19:26:46 - [MESSAGE][PASSED] - Delayed 1 second(s)

2021-10-06 19:26:46 - [MESSAGE][PASSED] - Element 'Object Repository/iOS/Product_Search/Progress_Bar' is exist

2021-10-06 19:26:47 - [MESSAGE][PASSED] - Delayed 1 second(s)

2021-10-06 19:26:55 - [MESSAGE][PASSED] - Element 'Object Repository/iOS/Product_Search/Progress_Bar' is exist

2021-10-06 19:26:56 - [MESSAGE][PASSED] - Delayed 1 second(s)

2021-10-06 19:27:02 - [MESSAGE][WARNING] - Element 'Object Repository/iOS/Product_Search/Progress_Bar' not found
[[ATTACHMENT|/Users/sahil.vidaysingh/Katalon Studio/testing/Reports/20211006_192250/sanity_iOS/20211006_192250/1633528621970.png]]

2021-10-06 19:27:02 - [MESSAGE][WARNING] - Timeout '0' is invalid. Using default page load timeout: '30'

2021-10-06 19:27:09 - [MESSAGE][PASSED] - Tapped on element 'Object Repository/iOS/Inventory/Location Details_Screen/Add Product to Location/Add Product to Location_Text'

2021-10-06 19:27:09 - [MESSAGE][WARNING] - Timeout '0' is invalid. Using default page load timeout: '30'

2021-10-06 19:27:16 - [MESSAGE][PASSED] - Tapped on element 'Object Repository/iOS/Inventory/Location Details_Screen/Add Product to Location/Continue Browsing After Adding Product_Text'

2021-10-06 19:27:16 - [MESSAGE][PASSED] - ios_inventory.Location_details_Screen.add_Product_to_Location is PASSED

2021-10-06 19:27:16 - [TEST_STEP][PASSED] - ios_common_keywords.Go_Back.Custom(): ios_common_keywords.Go_Back.Custom is PASSED

2021-10-06 19:27:21 - [MESSAGE][WARNING] - Element 'Object Repository/iOS/Product_Search/Progress_Bar' not found
[[ATTACHMENT|/Users/sahil.vidaysingh/Katalon Studio/testing/Reports/20211006_192250/sanity_iOS/20211006_192250/1633528641711.png]]

2021-10-06 19:27:29 - [MESSAGE][WARNING] - Element 'Object Repository/iOS/Product_Search/Back_Text' not found
[[ATTACHMENT|/Users/sahil.vidaysingh/Katalon Studio/testing/Reports/20211006_192250/sanity_iOS/20211006_192250/1633528648854.png]]

2021-10-06 19:27:35 - [MESSAGE][PASSED] - Tapped on element 'Object Repository/iOS/Inventory/Location Details_Screen/Add Product to Location/Back Button_Text'

2021-10-06 19:27:38 - [MESSAGE][WARNING] - Element 'Object Repository/iOS/Product_Search/Progress_Bar' not found
[[ATTACHMENT|/Users/sahil.vidaysingh/Katalon Studio/testing/Reports/20211006_192250/sanity_iOS/20211006_192250/1633528657581.png]]

2021-10-06 19:27:38 - [MESSAGE][PASSED] - ios_common_keywords.Go_Back.Custom is PASSED

2021-10-06 19:27:38 - [TEST_STEP][PASSED] - ios_inventory.Location_details_Screen.edit_Location_Name(new_Location_Name, Cost_Type): ios_inventory.Location_details_Screen.edit_Location_Name is PASSED

2021-10-06 19:27:38 - [MESSAGE][WARNING] - Timeout '0' is invalid. Using default page load timeout: '30'

2021-10-06 19:27:39 - [MESSAGE][PASSED] - Tapped on element 'Object Repository/iOS/Inventory/Location Details_Screen/Edit_Location Name/Edit Location_Text'

2021-10-06 19:27:39 - [MESSAGE][WARNING] - Timeout '0' is invalid. Using default page load timeout: '30'

2021-10-06 19:27:41 - [MESSAGE][PASSED] - Element 'Object Repository/iOS/Inventory/Inventory Details Screen/Add Location/LocationName_TextField' text is cleared

2021-10-06 19:27:41 - [MESSAGE][WARNING] - Timeout '0' is invalid. Using default page load timeout: '30'

2021-10-06 19:27:42 - [MESSAGE][PASSED] - Text 'kaisen' has been set to element 'Object Repository/iOS/Inventory/Inventory Details Screen/Add Location/LocationName_TextField'

2021-10-06 19:27:42 - [MESSAGE][WARNING] - Timeout '0' is invalid. Using default page load timeout: '30'

2021-10-06 19:27:44 - [MESSAGE][PASSED] - Tapped on element 'Object Repository/iOS/Inventory/Inventory Details Screen/Add Location/Current Price_Button'

2021-10-06 19:27:44 - [MESSAGE][WARNING] - Timeout '0' is invalid. Using default page load timeout: '30'

2021-10-06 19:27:46 - [MESSAGE][PASSED] - Tapped on element 'Object Repository/iOS/Inventory/Location Details_Screen/Copy Product from Location/Save Changes_Text'

2021-10-06 19:27:47 - [MESSAGE][PASSED] - Element 'Object Repository/iOS/Product_Search/Progress_Bar' is exist

2021-10-06 19:27:48 - [MESSAGE][PASSED] - Delayed 1 second(s)

2021-10-06 19:27:49 - [MESSAGE][WARNING] - Element 'Object Repository/iOS/Product_Search/Progress_Bar' not found
[[ATTACHMENT|/Users/sahil.vidaysingh/Katalon Studio/testing/Reports/20211006_192250/sanity_iOS/20211006_192250/1633528669508.png]]

2021-10-06 19:27:49 - [MESSAGE][WARNING] - Timeout '0' is invalid. Using default page load timeout: '30'

2021-10-06 19:27:50 - [MESSAGE][PASSED] - Element 'Object Repository/iOS/Inventory/Inventory Details Screen/Add Location/LocationName Verification_Text' is exist

2021-10-06 19:27:50 - [MESSAGE][PASSED] - ios_inventory.Location_details_Screen.edit_Location_Name is PASSED

2021-10-06 19:27:50 - [TEST_STEP][PASSED] - ios_common_keywords.Go_Back.Custom(): ios_common_keywords.Go_Back.Custom is PASSED

2021-10-06 19:27:52 - [MESSAGE][WARNING] - Element 'Object Repository/iOS/Product_Search/Progress_Bar' not found
[[ATTACHMENT|/Users/sahil.vidaysingh/Katalon Studio/testing/Reports/20211006_192250/sanity_iOS/20211006_192250/1633528672633.png]]

2021-10-06 19:27:57 - [MESSAGE][WARNING] - Element 'Object Repository/iOS/Product_Search/Back_Text' not found
[[ATTACHMENT|/Users/sahil.vidaysingh/Katalon Studio/testing/Reports/20211006_192250/sanity_iOS/20211006_192250/1633528676984.png]]

2021-10-06 19:27:58 - [MESSAGE][PASSED] - Tapped on element 'Object Repository/iOS/Inventory/Location Details_Screen/Add Product to Location/Back Button_Text'

2021-10-06 19:28:01 - [MESSAGE][WARNING] - Element 'Object Repository/iOS/Product_Search/Progress_Bar' not found
[[ATTACHMENT|/Users/sahil.vidaysingh/Katalon Studio/testing/Reports/20211006_192250/sanity_iOS/20211006_192250/1633528681025.png]]

2021-10-06 19:28:01 - [MESSAGE][PASSED] - ios_common_keywords.Go_Back.Custom is PASSED

2021-10-06 19:28:01 - [TEST_STEP][PASSED] - ios_common_keywords.Go_Back.Custom(): ios_common_keywords.Go_Back.Custom is PASSED

2021-10-06 19:28:03 - [MESSAGE][WARNING] - Element 'Object Repository/iOS/Product_Search/Progress_Bar' not found
[[ATTACHMENT|/Users/sahil.vidaysingh/Katalon Studio/testing/Reports/20211006_192250/sanity_iOS/20211006_192250/1633528683597.png]]

2021-10-06 19:28:08 - [MESSAGE][WARNING] - Element 'Object Repository/iOS/Product_Search/Back_Text' not found
[[ATTACHMENT|/Users/sahil.vidaysingh/Katalon Studio/testing/Reports/20211006_192250/sanity_iOS/20211006_192250/1633528688008.png]]

2021-10-06 19:28:09 - [MESSAGE][PASSED] - Tapped on element 'Object Repository/iOS/Inventory/Location Details_Screen/Add Product to Location/Back Button_Text'

2021-10-06 19:28:11 - [MESSAGE][WARNING] - Element 'Object Repository/iOS/Product_Search/Progress_Bar' not found
[[ATTACHMENT|/Users/sahil.vidaysingh/Katalon Studio/testing/Reports/20211006_192250/sanity_iOS/20211006_192250/1633528691357.png]]

2021-10-06 19:28:11 - [MESSAGE][PASSED] - ios_common_keywords.Go_Back.Custom is PASSED

2021-10-06 19:28:11 - [TEST_STEP][PASSED] - ios_inventory.Inventory_listing_Screen.delete_Inventory(Inventory_Name): ios_inventory.Inventory_listing_Screen.delete_Inventory is PASSED

2021-10-06 19:28:13 - [MESSAGE][WARNING] - Element 'Object Repository/iOS/Product_Search/Progress_Bar' not found
[[ATTACHMENT|/Users/sahil.vidaysingh/Katalon Studio/testing/Reports/20211006_192250/sanity_iOS/20211006_192250/1633528693135.png]]

2021-10-06 19:28:13 - [MESSAGE][WARNING] - Timeout '0' is invalid. Using default page load timeout: '30'

2021-10-06 19:28:15 - [MESSAGE][PASSED] - Tapped on element 'Object Repository/iOS/Inventory/Inventory Listing Screen/Delete Inventory/Slide_PopUpButton For Inventory Deletion'

2021-10-06 19:28:15 - [MESSAGE][WARNING] - Timeout '0' is invalid. Using default page load timeout: '30'

2021-10-06 19:28:16 - [MESSAGE][PASSED] - Tapped on element 'Object Repository/iOS/Inventory/Inventory Listing Screen/Delete Inventory/Delete Inventory_Text'

2021-10-06 19:28:16 - [MESSAGE][WARNING] - Timeout '0' is invalid. Using default page load timeout: '30'

2021-10-06 19:28:18 - [MESSAGE][PASSED] - Tapped on element 'Object Repository/iOS/Inventory/Inventory Listing Screen/Delete Inventory/Yes for Deletion_Text'

2021-10-06 19:28:19 - [MESSAGE][PASSED] - Element 'Object Repository/iOS/Product_Search/Progress_Bar' is exist

2021-10-06 19:28:20 - [MESSAGE][PASSED] - Delayed 1 second(s)

2021-10-06 19:28:22 - [MESSAGE][WARNING] - Element 'Object Repository/iOS/Product_Search/Progress_Bar' not found
[[ATTACHMENT|/Users/sahil.vidaysingh/Katalon Studio/testing/Reports/20211006_192250/sanity_iOS/20211006_192250/1633528702430.png]]

2021-10-06 19:28:22 - [MESSAGE][WARNING] - Timeout '0' is invalid. Using default page load timeout: '30'

2021-10-06 19:28:52 - [MESSAGE][PASSED] - Element 'Object Repository/iOS/Inventory/Inventory Details Screen/Open Inventory Details/Open Inventory_Text' not found

2021-10-06 19:28:52 - [MESSAGE][PASSED] - ios_inventory.Inventory_listing_Screen.delete_Inventory is PASSED]]></system-out>
         <system-err><![CDATA[]]></system-err>
      </testcase>
      <testcase name="Test Cases/iOS/Inventory/View Location Product Details" time="312.612" classname="Test Cases/iOS/Inventory/View Location Product Details" status="PASSED">
         <system-out><![CDATA[2021-10-06 19:28:52 - [TEST_CASE][PASSED] - Test Cases/iOS/Inventory/View Location Product Details: Test Cases/iOS/Inventory/View Location Product Details

2021-10-06 19:28:53 - [TEST_STEP][PASSED] - ios_common_keywords.Start_Application.custom(): ios_common_keywords.Start_Application.custom is PASSED

2021-10-06 19:29:58 - [MESSAGE][PASSED] - Started app at: '/Users/sahil.vidaysingh/Downloads/Hatch 3.app'

2021-10-06 19:29:58 - [MESSAGE][PASSED] - ios_common_keywords.Start_Application.custom is PASSED

2021-10-06 19:29:58 - [TEST_STEP][PASSED] - ios_login.Login_Screen.login(Password): ios_login.Login_Screen.login is PASSED

2021-10-06 19:29:58 - [MESSAGE][PASSED] - Element 'Object Repository/iOS/LogIn/Environment_Selection_Screen/Environment Selection_Text' is exist

2021-10-06 19:29:58 - [MESSAGE][WARNING] - Timeout '0' is invalid. Using default page load timeout: '30'

2021-10-06 19:29:59 - [MESSAGE][PASSED] - Tapped on element 'Object Repository/iOS/LogIn/Environment_Selection_Screen/Environment Selection_Text'

2021-10-06 19:29:59 - [MESSAGE][WARNING] - Timeout '0' is invalid. Using default page load timeout: '30'

2021-10-06 19:30:01 - [MESSAGE][PASSED] - Tapped on element 'Object Repository/iOS/LogIn/Environment_Selection_Screen/Environment_Button'

2021-10-06 19:30:01 - [MESSAGE][WARNING] - Timeout '0' is invalid. Using default page load timeout: '30'

2021-10-06 19:30:02 - [MESSAGE][PASSED] - Tapped on element 'Object Repository/iOS/LogIn/Login_Details_Screen/Login UserName_Button'

2021-10-06 19:30:02 - [MESSAGE][WARNING] - Timeout '0' is invalid. Using default page load timeout: '30'

2021-10-06 19:30:03 - [MESSAGE][PASSED] - Text 'auto_ws_acute' has been set to element 'Object Repository/iOS/LogIn/Login_Details_Screen/UserName_Text_Field'

2021-10-06 19:30:03 - [MESSAGE][WARNING] - Timeout '0' is invalid. Using default page load timeout: '30'

2021-10-06 19:30:05 - [MESSAGE][PASSED] - Tapped on element 'Object Repository/iOS/LogIn/Login_Details_Screen/LoginBar-ButtonDown'

2021-10-06 19:30:05 - [MESSAGE][WARNING] - Timeout '0' is invalid. Using default page load timeout: '30'

2021-10-06 19:30:06 - [MESSAGE][PASSED] - Tapped on element 'Object Repository/iOS/LogIn/Login_Details_Screen/Password-Button'

2021-10-06 19:30:06 - [MESSAGE][WARNING] - Timeout '0' is invalid. Using default page load timeout: '30'

2021-10-06 19:30:07 - [MESSAGE][PASSED] - Text 'Cardinal1' has been set to element 'Object Repository/iOS/LogIn/Login_Details_Screen/Password-Secure_Text_Field'

2021-10-06 19:30:07 - [MESSAGE][WARNING] - Timeout '0' is invalid. Using default page load timeout: '30'

2021-10-06 19:30:08 - [MESSAGE][PASSED] - Tapped on element 'Object Repository/iOS/LogIn/Login_Details_Screen/SignIn_Button'

2021-10-06 19:30:08 - [MESSAGE][PASSED] - ios_login.Login_Screen.login is PASSED

2021-10-06 19:30:08 - [TEST_STEP][PASSED] - ios_account_selection.Select_An_Account.Custom(Account): ios_account_selection.Select_An_Account.Custom is PASSED

2021-10-06 19:30:11 - [MESSAGE][PASSED] - Element 'Object Repository/iOS/Product_Search/Progress_Bar' is exist

2021-10-06 19:30:12 - [MESSAGE][PASSED] - Delayed 1 second(s)

2021-10-06 19:30:12 - [MESSAGE][PASSED] - Element 'Object Repository/iOS/Product_Search/Progress_Bar' is exist

2021-10-06 19:30:13 - [MESSAGE][PASSED] - Delayed 1 second(s)

2021-10-06 19:30:14 - [MESSAGE][PASSED] - Element 'Object Repository/iOS/Product_Search/Progress_Bar' is exist

2021-10-06 19:30:15 - [MESSAGE][PASSED] - Delayed 1 second(s)

2021-10-06 19:30:16 - [MESSAGE][PASSED] - Element 'Object Repository/iOS/Product_Search/Progress_Bar' is exist

2021-10-06 19:30:17 - [MESSAGE][PASSED] - Delayed 1 second(s)

2021-10-06 19:30:17 - [MESSAGE][PASSED] - Element 'Object Repository/iOS/Product_Search/Progress_Bar' is exist

2021-10-06 19:30:18 - [MESSAGE][PASSED] - Delayed 1 second(s)

2021-10-06 19:30:19 - [MESSAGE][PASSED] - Element 'Object Repository/iOS/Product_Search/Progress_Bar' is exist

2021-10-06 19:30:20 - [MESSAGE][PASSED] - Delayed 1 second(s)

2021-10-06 19:30:20 - [MESSAGE][PASSED] - Element 'Object Repository/iOS/Product_Search/Progress_Bar' is exist

2021-10-06 19:30:21 - [MESSAGE][PASSED] - Delayed 1 second(s)

2021-10-06 19:30:22 - [MESSAGE][PASSED] - Element 'Object Repository/iOS/Product_Search/Progress_Bar' is exist

2021-10-06 19:30:23 - [MESSAGE][PASSED] - Delayed 1 second(s)

2021-10-06 19:30:24 - [MESSAGE][WARNING] - Element 'Object Repository/iOS/Product_Search/Progress_Bar' not found
[[ATTACHMENT|/Users/sahil.vidaysingh/Katalon Studio/testing/Reports/20211006_192250/sanity_iOS/20211006_192250/1633528824538.png]]

2021-10-06 19:30:24 - [MESSAGE][WARNING] - Timeout '0' is invalid. Using default page load timeout: '30'

2021-10-06 19:30:25 - [MESSAGE][PASSED] - Element 'Object Repository/iOS/Account_Selection/You must select an account to continue_Text' is present

2021-10-06 19:30:29 - [MESSAGE][PASSED] - Scrolling to text '11-487698' successfully

2021-10-06 19:30:29 - [MESSAGE][WARNING] - Timeout '0' is invalid. Using default page load timeout: '30'

2021-10-06 19:30:30 - [MESSAGE][PASSED] - Tapped on element 'Object Repository/iOS/Account_Selection/AccountNo_Text'

2021-10-06 19:30:31 - [MESSAGE][WARNING] - Element 'Object Repository/iOS/Product_Search/Progress_Bar' not found
[[ATTACHMENT|/Users/sahil.vidaysingh/Katalon Studio/testing/Reports/20211006_192250/sanity_iOS/20211006_192250/1633528831782.png]]

2021-10-06 19:30:31 - [MESSAGE][PASSED] - ios_account_selection.Select_An_Account.Custom is PASSED

2021-10-06 19:30:31 - [TEST_STEP][PASSED] - ios_dashboard.dashboard_details.click_On_More_Options(): ios_dashboard.dashboard_details.click_On_More_Options is PASSED

2021-10-06 19:30:31 - [MESSAGE][WARNING] - Timeout '0' is invalid. Using default page load timeout: '30'

2021-10-06 19:30:32 - [MESSAGE][PASSED] - Tapped on element 'Object Repository/iOS/Dashboard/More Options_Tab'

2021-10-06 19:30:32 - [MESSAGE][PASSED] - ios_dashboard.dashboard_details.click_On_More_Options is PASSED

2021-10-06 19:30:32 - [TEST_STEP][PASSED] - ios_more_options_screen.Go_To_Inventory_Listing_Screen.Custom(): ios_more_options_screen.Go_To_Inventory_Listing_Screen.Custom is PASSED

2021-10-06 19:30:37 - [MESSAGE][WARNING] - Element 'Object Repository/iOS/Product_Search/Progress_Bar' not found
[[ATTACHMENT|/Users/sahil.vidaysingh/Katalon Studio/testing/Reports/20211006_192250/sanity_iOS/20211006_192250/1633528837558.png]]

2021-10-06 19:30:37 - [MESSAGE][WARNING] - Timeout '0' is invalid. Using default page load timeout: '30'

2021-10-06 19:30:38 - [MESSAGE][PASSED] - Tapped on element 'Object Repository/iOS/More Options Screen/Inventory Selection Under MoreOptions_Text'

2021-10-06 19:30:40 - [MESSAGE][PASSED] - Element 'Object Repository/iOS/Product_Search/Progress_Bar' is exist

2021-10-06 19:30:44 - [MESSAGE][PASSED] - Delayed 4 second(s)

2021-10-06 19:30:49 - [MESSAGE][WARNING] - Element 'Object Repository/iOS/Product_Search/Progress_Bar' not found
[[ATTACHMENT|/Users/sahil.vidaysingh/Katalon Studio/testing/Reports/20211006_192250/sanity_iOS/20211006_192250/1633528848576.png]]

2021-10-06 19:30:49 - [MESSAGE][PASSED] - ios_more_options_screen.Go_To_Inventory_Listing_Screen.Custom is PASSED

2021-10-06 19:30:49 - [TEST_STEP][PASSED] - ios_inventory.Inventory_listing_Screen.create_Inventory(Inventory_Name): ios_inventory.Inventory_listing_Screen.create_Inventory is PASSED

2021-10-06 19:30:49 - [MESSAGE][WARNING] - Timeout '0' is invalid. Using default page load timeout: '30'

2021-10-06 19:30:50 - [MESSAGE][PASSED] - Element 'Object Repository/iOS/Inventory/Inventory Listing Screen/Verification Details/Create_InventorySectionHeader' is exist

2021-10-06 19:30:50 - [MESSAGE][WARNING] - Timeout '0' is invalid. Using default page load timeout: '30'

2021-10-06 19:30:51 - [MESSAGE][PASSED] - Tapped on element 'Object Repository/iOS/Inventory/Inventory Listing Screen/Verification Details/Create_InventorySectionHeader'

2021-10-06 19:30:52 - [MESSAGE][WARNING] - Timeout '0' is invalid. Using default page load timeout: '30'

2021-10-06 19:30:53 - [MESSAGE][PASSED] - Tapped on element 'Object Repository/iOS/Inventory/Inventory Listing Screen/Verification Details/Inventory Name_Text'

2021-10-06 19:30:53 - [MESSAGE][WARNING] - Timeout '0' is invalid. Using default page load timeout: '30'

2021-10-06 19:30:54 - [MESSAGE][PASSED] - Text 'KatalonInvv' has been set to element 'Object Repository/iOS/Inventory/Inventory Listing Screen/Verification Details/InventoryName TextField'

2021-10-06 19:30:54 - [MESSAGE][WARNING] - Duration '0' is invalid. Using default duration.

2021-10-06 19:30:54 - [MESSAGE][WARNING] - Timeout '0' is invalid. Using default page load timeout: '30'

2021-10-06 19:30:55 - [MESSAGE][PASSED] - Tapped and held on element 'Object Repository/iOS/Inventory/Inventory Listing Screen/Create New Inventory_Screen/Return_Keypad_Button' with duration (default)

2021-10-06 19:30:55 - [MESSAGE][WARNING] - Timeout '0' is invalid. Using default page load timeout: '30'

2021-10-06 19:30:57 - [MESSAGE][PASSED] - Tapped on element 'Object Repository/iOS/Inventory/Inventory Listing Screen/Create New Inventory_Screen/Create Inventory_Text'

2021-10-06 19:30:58 - [MESSAGE][PASSED] - Element 'Object Repository/iOS/Product_Search/Progress_Bar' is exist

2021-10-06 19:30:59 - [MESSAGE][PASSED] - Delayed 1 second(s)

2021-10-06 19:31:00 - [MESSAGE][WARNING] - Element 'Object Repository/iOS/Product_Search/Progress_Bar' not found
[[ATTACHMENT|/Users/sahil.vidaysingh/Katalon Studio/testing/Reports/20211006_192250/sanity_iOS/20211006_192250/1633528860177.png]]

2021-10-06 19:31:00 - [MESSAGE][PASSED] - ios_inventory.Inventory_listing_Screen.create_Inventory is PASSED

2021-10-06 19:31:00 - [TEST_STEP][PASSED] - ios_inventory.Inventory_details_Screen.add_Location(Location_Name, Cost_Type): ios_inventory.Inventory_details_Screen.add_Location is PASSED

2021-10-06 19:31:00 - [MESSAGE][WARNING] - Timeout '0' is invalid. Using default page load timeout: '30'

2021-10-06 19:31:01 - [MESSAGE][PASSED] - Tapped on element 'Object Repository/iOS/Inventory/Inventory Details Screen/Add Location/Add location_Text'

2021-10-06 19:31:01 - [MESSAGE][WARNING] - Timeout '0' is invalid. Using default page load timeout: '30'

2021-10-06 19:31:02 - [MESSAGE][PASSED] - Tapped on element 'Object Repository/iOS/Inventory/Inventory Details Screen/Add Location/LocationName_TextField'

2021-10-06 19:31:02 - [MESSAGE][WARNING] - Timeout '0' is invalid. Using default page load timeout: '30'

2021-10-06 19:31:03 - [MESSAGE][PASSED] - Text 'jujutsuu' has been set to element 'Object Repository/iOS/Inventory/Inventory Details Screen/Add Location/LocationName_TextField'

2021-10-06 19:31:03 - [MESSAGE][WARNING] - Timeout '0' is invalid. Using default page load timeout: '30'

2021-10-06 19:31:05 - [MESSAGE][PASSED] - Tapped on element 'Object Repository/iOS/Inventory/Inventory Details Screen/Add Location/Last Price_Button'

2021-10-06 19:31:05 - [MESSAGE][WARNING] - Timeout '0' is invalid. Using default page load timeout: '30'

2021-10-06 19:31:07 - [MESSAGE][PASSED] - Tapped on element 'Object Repository/iOS/Inventory/Inventory Details Screen/Add Location/Create New Location_Text'

2021-10-06 19:31:08 - [MESSAGE][PASSED] - Element 'Object Repository/iOS/Product_Search/Progress_Bar' is exist

2021-10-06 19:31:09 - [MESSAGE][PASSED] - Delayed 1 second(s)

2021-10-06 19:31:10 - [MESSAGE][WARNING] - Element 'Object Repository/iOS/Product_Search/Progress_Bar' not found
[[ATTACHMENT|/Users/sahil.vidaysingh/Katalon Studio/testing/Reports/20211006_192250/sanity_iOS/20211006_192250/1633528870534.png]]

2021-10-06 19:31:10 - [MESSAGE][WARNING] - Timeout '0' is invalid. Using default page load timeout: '30'

2021-10-06 19:31:11 - [MESSAGE][PASSED] - Element 'Object Repository/iOS/Inventory/Inventory Details Screen/Add Location/LocationName Verification_Text' is exist

2021-10-06 19:31:11 - [MESSAGE][PASSED] - ios_inventory.Inventory_details_Screen.add_Location is PASSED

2021-10-06 19:31:11 - [TEST_STEP][PASSED] - ios_inventory.Inventory_details_Screen.click_On_Location(Location_Name): ios_inventory.Inventory_details_Screen.click_On_Location is PASSED

2021-10-06 19:31:11 - [MESSAGE][WARNING] - Timeout '0' is invalid. Using default page load timeout: '30'

2021-10-06 19:31:12 - [MESSAGE][PASSED] - Tapped on element 'Object Repository/iOS/Inventory/Inventory Details Screen/Add Location/Tap On Location_Text'

2021-10-06 19:31:12 - [MESSAGE][PASSED] - ios_inventory.Inventory_details_Screen.click_On_Location is PASSED

2021-10-06 19:31:12 - [TEST_STEP][PASSED] - ios_inventory.Location_details_Screen.add_Product_to_Location(Location_Name, Product_Name): ios_inventory.Location_details_Screen.add_Product_to_Location is PASSED

2021-10-06 19:31:13 - [MESSAGE][PASSED] - Element 'Object Repository/iOS/Product_Search/Progress_Bar' is exist

2021-10-06 19:31:14 - [MESSAGE][PASSED] - Delayed 1 second(s)

2021-10-06 19:31:16 - [MESSAGE][WARNING] - Element 'Object Repository/iOS/Product_Search/Progress_Bar' not found
[[ATTACHMENT|/Users/sahil.vidaysingh/Katalon Studio/testing/Reports/20211006_192250/sanity_iOS/20211006_192250/1633528875918.png]]

2021-10-06 19:31:16 - [MESSAGE][WARNING] - Duration '0' is invalid. Using default duration.

2021-10-06 19:31:16 - [MESSAGE][WARNING] - Timeout '0' is invalid. Using default page load timeout: '30'

2021-10-06 19:31:17 - [MESSAGE][PASSED] - Tapped and held on element 'Object Repository/iOS/Inventory/Location Details_Screen/Add Product to Location/Product SearchField' with duration (default)

2021-10-06 19:31:18 - [MESSAGE][WARNING] - Element 'Object Repository/iOS/Product_Search/Progress_Bar' not found
[[ATTACHMENT|/Users/sahil.vidaysingh/Katalon Studio/testing/Reports/20211006_192250/sanity_iOS/20211006_192250/1633528878785.png]]

2021-10-06 19:31:18 - [MESSAGE][WARNING] - Timeout '0' is invalid. Using default page load timeout: '30'

2021-10-06 19:31:20 - [MESSAGE][PASSED] - Text 'tyl' has been set to element 'Object Repository/iOS/Inventory/Location Details_Screen/Add Product to Location/Product SearchField'

2021-10-06 19:31:20 - [MESSAGE][WARNING] - Duration '0' is invalid. Using default duration.

2021-10-06 19:31:20 - [MESSAGE][WARNING] - Timeout '0' is invalid. Using default page load timeout: '30'

2021-10-06 19:31:22 - [MESSAGE][PASSED] - Tapped and held on element 'Object Repository/iOS/Product_Search/Search Key_Button' with duration (default)

2021-10-06 19:31:23 - [MESSAGE][PASSED] - Element 'Object Repository/iOS/Product_Search/Progress_Bar' is exist

2021-10-06 19:31:24 - [MESSAGE][PASSED] - Delayed 1 second(s)

2021-10-06 19:31:24 - [MESSAGE][PASSED] - Element 'Object Repository/iOS/Product_Search/Progress_Bar' is exist

2021-10-06 19:31:25 - [MESSAGE][PASSED] - Delayed 1 second(s)

2021-10-06 19:31:26 - [MESSAGE][PASSED] - Element 'Object Repository/iOS/Product_Search/Progress_Bar' is exist

2021-10-06 19:31:27 - [MESSAGE][PASSED] - Delayed 1 second(s)

2021-10-06 19:31:35 - [MESSAGE][PASSED] - Element 'Object Repository/iOS/Product_Search/Progress_Bar' is exist

2021-10-06 19:31:36 - [MESSAGE][PASSED] - Delayed 1 second(s)

2021-10-06 19:31:43 - [MESSAGE][WARNING] - Element 'Object Repository/iOS/Product_Search/Progress_Bar' not found
[[ATTACHMENT|/Users/sahil.vidaysingh/Katalon Studio/testing/Reports/20211006_192250/sanity_iOS/20211006_192250/1633528902041.png]]

2021-10-06 19:31:43 - [MESSAGE][WARNING] - Timeout '0' is invalid. Using default page load timeout: '30'

2021-10-06 19:31:50 - [MESSAGE][PASSED] - Tapped on element 'Object Repository/iOS/Inventory/Location Details_Screen/Add Product to Location/Add Product to Location_Text'

2021-10-06 19:31:50 - [MESSAGE][WARNING] - Timeout '0' is invalid. Using default page load timeout: '30'

2021-10-06 19:31:58 - [MESSAGE][PASSED] - Tapped on element 'Object Repository/iOS/Inventory/Location Details_Screen/Add Product to Location/Continue Browsing After Adding Product_Text'

2021-10-06 19:31:58 - [MESSAGE][PASSED] - ios_inventory.Location_details_Screen.add_Product_to_Location is PASSED

2021-10-06 19:31:58 - [TEST_STEP][PASSED] - ios_common_keywords.Go_Back.Custom(): ios_common_keywords.Go_Back.Custom is PASSED

2021-10-06 19:32:03 - [MESSAGE][WARNING] - Element 'Object Repository/iOS/Product_Search/Progress_Bar' not found
[[ATTACHMENT|/Users/sahil.vidaysingh/Katalon Studio/testing/Reports/20211006_192250/sanity_iOS/20211006_192250/1633528923666.png]]

2021-10-06 19:32:08 - [MESSAGE][WARNING] - Element 'Object Repository/iOS/Product_Search/Back_Text' not found
[[ATTACHMENT|/Users/sahil.vidaysingh/Katalon Studio/testing/Reports/20211006_192250/sanity_iOS/20211006_192250/1633528928012.png]]

2021-10-06 19:32:14 - [MESSAGE][PASSED] - Tapped on element 'Object Repository/iOS/Inventory/Location Details_Screen/Add Product to Location/Back Button_Text'

2021-10-06 19:32:16 - [MESSAGE][WARNING] - Element 'Object Repository/iOS/Product_Search/Progress_Bar' not found
[[ATTACHMENT|/Users/sahil.vidaysingh/Katalon Studio/testing/Reports/20211006_192250/sanity_iOS/20211006_192250/1633528936269.png]]

2021-10-06 19:32:16 - [MESSAGE][PASSED] - ios_common_keywords.Go_Back.Custom is PASSED

2021-10-06 19:32:16 - [TEST_STEP][PASSED] - ios_inventory.Location_details_Screen.verify_Location_details_Screen(Location_Name): ios_inventory.Location_details_Screen.verify_Location_details_Screen is PASSED

2021-10-06 19:32:16 - [MESSAGE][WARNING] - Timeout '0' is invalid. Using default page load timeout: '30'

2021-10-06 19:32:17 - [MESSAGE][PASSED] - Element 'Object Repository/iOS/Inventory/Inventory Details Screen/Verification Details/Inventory Header_Label' is exist

2021-10-06 19:32:17 - [MESSAGE][WARNING] - Timeout '0' is invalid. Using default page load timeout: '30'

2021-10-06 19:32:17 - [MESSAGE][PASSED] - Element 'Object Repository/iOS/Product_Search/Scan_Icon' is exist

2021-10-06 19:32:17 - [MESSAGE][WARNING] - Timeout '0' is invalid. Using default page load timeout: '30'

2021-10-06 19:32:18 - [MESSAGE][PASSED] - Element 'Object Repository/iOS/Inventory/Location Details_Screen/Share Location/Share Location_Text' is exist

2021-10-06 19:32:18 - [MESSAGE][WARNING] - Timeout '0' is invalid. Using default page load timeout: '30'

2021-10-06 19:32:19 - [MESSAGE][PASSED] - Element 'Object Repository/iOS/Inventory/Location Details_Screen/Verification Details/Location Title_Label' is exist

2021-10-06 19:32:19 - [MESSAGE][PASSED] - ios_inventory.Location_details_Screen.verify_Location_details_Screen is PASSED

2021-10-06 19:32:19 - [TEST_STEP][PASSED] - ios_common_keywords.Go_Back.Custom(): ios_common_keywords.Go_Back.Custom is PASSED

2021-10-06 19:32:21 - [MESSAGE][WARNING] - Element 'Object Repository/iOS/Product_Search/Progress_Bar' not found
[[ATTACHMENT|/Users/sahil.vidaysingh/Katalon Studio/testing/Reports/20211006_192250/sanity_iOS/20211006_192250/1633528941879.png]]

2021-10-06 19:32:27 - [MESSAGE][WARNING] - Element 'Object Repository/iOS/Product_Search/Back_Text' not found
[[ATTACHMENT|/Users/sahil.vidaysingh/Katalon Studio/testing/Reports/20211006_192250/sanity_iOS/20211006_192250/1633528946439.png]]

2021-10-06 19:32:28 - [MESSAGE][PASSED] - Tapped on element 'Object Repository/iOS/Inventory/Location Details_Screen/Add Product to Location/Back Button_Text'

2021-10-06 19:32:31 - [MESSAGE][WARNING] - Element 'Object Repository/iOS/Product_Search/Progress_Bar' not found
[[ATTACHMENT|/Users/sahil.vidaysingh/Katalon Studio/testing/Reports/20211006_192250/sanity_iOS/20211006_192250/1633528951009.png]]

2021-10-06 19:32:31 - [MESSAGE][PASSED] - ios_common_keywords.Go_Back.Custom is PASSED

2021-10-06 19:32:31 - [TEST_STEP][PASSED] - ios_inventory.Inventory_details_Screen.delete_Location(): ios_inventory.Inventory_details_Screen.delete_Location is PASSED

2021-10-06 19:32:31 - [MESSAGE][WARNING] - Timeout '0' is invalid. Using default page load timeout: '30'

2021-10-06 19:32:32 - [MESSAGE][PASSED] - Tapped on element 'Object Repository/iOS/Inventory/Location Details_Screen/Delete_Location/Slide_PopUp_Button for Location Deletion'

2021-10-06 19:32:32 - [MESSAGE][WARNING] - Timeout '0' is invalid. Using default page load timeout: '30'

2021-10-06 19:32:34 - [MESSAGE][PASSED] - Tapped on element 'Object Repository/iOS/Inventory/Location Details_Screen/Delete_Location/Delete Location_Text'

2021-10-06 19:32:34 - [MESSAGE][WARNING] - Timeout '0' is invalid. Using default page load timeout: '30'

2021-10-06 19:32:35 - [MESSAGE][PASSED] - Tapped on element 'Object Repository/iOS/Inventory/Location Details_Screen/Delete_Location/Yes_Text'

2021-10-06 19:32:36 - [MESSAGE][WARNING] - Timeout '0' is invalid. Using default page load timeout: '30'

2021-10-06 19:33:06 - [MESSAGE][PASSED] - Element 'Object Repository/iOS/Inventory/Inventory Details Screen/Add Location/LocationName Verification_Text' not found

2021-10-06 19:33:06 - [MESSAGE][PASSED] - ios_inventory.Inventory_details_Screen.delete_Location is PASSED

2021-10-06 19:33:06 - [TEST_STEP][PASSED] - ios_common_keywords.Go_Back.Custom(): ios_common_keywords.Go_Back.Custom is PASSED

2021-10-06 19:33:09 - [MESSAGE][WARNING] - Element 'Object Repository/iOS/Product_Search/Progress_Bar' not found
[[ATTACHMENT|/Users/sahil.vidaysingh/Katalon Studio/testing/Reports/20211006_192250/sanity_iOS/20211006_192250/1633528988594.png]]

2021-10-06 19:33:14 - [MESSAGE][WARNING] - Element 'Object Repository/iOS/Product_Search/Back_Text' not found
[[ATTACHMENT|/Users/sahil.vidaysingh/Katalon Studio/testing/Reports/20211006_192250/sanity_iOS/20211006_192250/1633528994131.png]]

2021-10-06 19:33:15 - [MESSAGE][PASSED] - Tapped on element 'Object Repository/iOS/Inventory/Location Details_Screen/Add Product to Location/Back Button_Text'

2021-10-06 19:33:18 - [MESSAGE][WARNING] - Element 'Object Repository/iOS/Product_Search/Progress_Bar' not found
[[ATTACHMENT|/Users/sahil.vidaysingh/Katalon Studio/testing/Reports/20211006_192250/sanity_iOS/20211006_192250/1633528998309.png]]

2021-10-06 19:33:18 - [MESSAGE][PASSED] - ios_common_keywords.Go_Back.Custom is PASSED

2021-10-06 19:33:18 - [TEST_STEP][PASSED] - ios_inventory.Inventory_listing_Screen.verify_Inventory_Listing_Screen(): ios_inventory.Inventory_listing_Screen.verify_Inventory_Listing_Screen is PASSED

2021-10-06 19:33:18 - [MESSAGE][WARNING] - Timeout '0' is invalid. Using default page load timeout: '30'

2021-10-06 19:33:19 - [MESSAGE][PASSED] - Element 'Object Repository/iOS/Inventory/Inventory Listing Screen/Verification Details/Lets get started with your inventory_Text' is exist

2021-10-06 19:33:19 - [MESSAGE][WARNING] - Timeout '0' is invalid. Using default page load timeout: '30'

2021-10-06 19:33:20 - [MESSAGE][PASSED] - Element 'Object Repository/iOS/Inventory/Inventory Details Screen/Verification Details/Inventory Header_Label' is exist

2021-10-06 19:33:20 - [MESSAGE][PASSED] - ios_inventory.Inventory_listing_Screen.verify_Inventory_Listing_Screen is PASSED

2021-10-06 19:33:20 - [TEST_STEP][PASSED] - ios_inventory.Inventory_listing_Screen.delete_Inventory(Inventory_Name): ios_inventory.Inventory_listing_Screen.delete_Inventory is PASSED

2021-10-06 19:33:22 - [MESSAGE][WARNING] - Element 'Object Repository/iOS/Product_Search/Progress_Bar' not found
[[ATTACHMENT|/Users/sahil.vidaysingh/Katalon Studio/testing/Reports/20211006_192250/sanity_iOS/20211006_192250/1633529002690.png]]

2021-10-06 19:33:22 - [MESSAGE][WARNING] - Timeout '0' is invalid. Using default page load timeout: '30'

2021-10-06 19:33:24 - [MESSAGE][PASSED] - Tapped on element 'Object Repository/iOS/Inventory/Inventory Listing Screen/Delete Inventory/Slide_PopUpButton For Inventory Deletion'

2021-10-06 19:33:24 - [MESSAGE][WARNING] - Timeout '0' is invalid. Using default page load timeout: '30'

2021-10-06 19:33:26 - [MESSAGE][PASSED] - Tapped on element 'Object Repository/iOS/Inventory/Inventory Listing Screen/Delete Inventory/Delete Inventory_Text'

2021-10-06 19:33:26 - [MESSAGE][WARNING] - Timeout '0' is invalid. Using default page load timeout: '30'

2021-10-06 19:33:28 - [MESSAGE][PASSED] - Tapped on element 'Object Repository/iOS/Inventory/Inventory Listing Screen/Delete Inventory/Yes for Deletion_Text'

2021-10-06 19:33:30 - [MESSAGE][PASSED] - Element 'Object Repository/iOS/Product_Search/Progress_Bar' is exist

2021-10-06 19:33:31 - [MESSAGE][PASSED] - Delayed 1 second(s)

2021-10-06 19:33:31 - [MESSAGE][PASSED] - Element 'Object Repository/iOS/Product_Search/Progress_Bar' is exist

2021-10-06 19:33:32 - [MESSAGE][PASSED] - Delayed 1 second(s)

2021-10-06 19:33:34 - [MESSAGE][WARNING] - Element 'Object Repository/iOS/Product_Search/Progress_Bar' not found
[[ATTACHMENT|/Users/sahil.vidaysingh/Katalon Studio/testing/Reports/20211006_192250/sanity_iOS/20211006_192250/1633529014487.png]]

2021-10-06 19:33:34 - [MESSAGE][WARNING] - Timeout '0' is invalid. Using default page load timeout: '30'

2021-10-06 19:34:05 - [MESSAGE][PASSED] - Element 'Object Repository/iOS/Inventory/Inventory Details Screen/Open Inventory Details/Open Inventory_Text' not found

2021-10-06 19:34:05 - [MESSAGE][PASSED] - ios_inventory.Inventory_listing_Screen.delete_Inventory is PASSED]]></system-out>
         <system-err><![CDATA[]]></system-err>
      </testcase>
      <testcase name="Test Cases/iOS/Inventory/Delete Location And Inventory after Adding Product" time="286.038" classname="Test Cases/iOS/Inventory/Delete Location And Inventory after Adding Product" status="PASSED">
         <system-out><![CDATA[2021-10-06 19:34:05 - [TEST_CASE][PASSED] - Test Cases/iOS/Inventory/Delete Location And Inventory after Adding Product: Test Cases/iOS/Inventory/Delete Location And Inventory after Adding Product

2021-10-06 19:34:05 - [TEST_STEP][PASSED] - ios_common_keywords.Start_Application.custom(): ios_common_keywords.Start_Application.custom is PASSED

2021-10-06 19:35:15 - [MESSAGE][PASSED] - Started app at: '/Users/sahil.vidaysingh/Downloads/Hatch 3.app'

2021-10-06 19:35:15 - [MESSAGE][PASSED] - ios_common_keywords.Start_Application.custom is PASSED

2021-10-06 19:35:15 - [TEST_STEP][PASSED] - ios_login.Login_Screen.login(Password): ios_login.Login_Screen.login is PASSED

2021-10-06 19:35:15 - [MESSAGE][PASSED] - Element 'Object Repository/iOS/LogIn/Environment_Selection_Screen/Environment Selection_Text' is exist

2021-10-06 19:35:15 - [MESSAGE][WARNING] - Timeout '0' is invalid. Using default page load timeout: '30'

2021-10-06 19:35:16 - [MESSAGE][PASSED] - Tapped on element 'Object Repository/iOS/LogIn/Environment_Selection_Screen/Environment Selection_Text'

2021-10-06 19:35:16 - [MESSAGE][WARNING] - Timeout '0' is invalid. Using default page load timeout: '30'

2021-10-06 19:35:17 - [MESSAGE][PASSED] - Tapped on element 'Object Repository/iOS/LogIn/Environment_Selection_Screen/Environment_Button'

2021-10-06 19:35:18 - [MESSAGE][WARNING] - Timeout '0' is invalid. Using default page load timeout: '30'

2021-10-06 19:35:18 - [MESSAGE][PASSED] - Tapped on element 'Object Repository/iOS/LogIn/Login_Details_Screen/Login UserName_Button'

2021-10-06 19:35:18 - [MESSAGE][WARNING] - Timeout '0' is invalid. Using default page load timeout: '30'

2021-10-06 19:35:20 - [MESSAGE][PASSED] - Text 'auto_ws_acute' has been set to element 'Object Repository/iOS/LogIn/Login_Details_Screen/UserName_Text_Field'

2021-10-06 19:35:20 - [MESSAGE][WARNING] - Timeout '0' is invalid. Using default page load timeout: '30'

2021-10-06 19:35:22 - [MESSAGE][PASSED] - Tapped on element 'Object Repository/iOS/LogIn/Login_Details_Screen/LoginBar-ButtonDown'

2021-10-06 19:35:22 - [MESSAGE][WARNING] - Timeout '0' is invalid. Using default page load timeout: '30'

2021-10-06 19:35:23 - [MESSAGE][PASSED] - Tapped on element 'Object Repository/iOS/LogIn/Login_Details_Screen/Password-Button'

2021-10-06 19:35:23 - [MESSAGE][WARNING] - Timeout '0' is invalid. Using default page load timeout: '30'

2021-10-06 19:35:24 - [MESSAGE][PASSED] - Text 'Cardinal1' has been set to element 'Object Repository/iOS/LogIn/Login_Details_Screen/Password-Secure_Text_Field'

2021-10-06 19:35:24 - [MESSAGE][WARNING] - Timeout '0' is invalid. Using default page load timeout: '30'

2021-10-06 19:35:25 - [MESSAGE][PASSED] - Tapped on element 'Object Repository/iOS/LogIn/Login_Details_Screen/SignIn_Button'

2021-10-06 19:35:25 - [MESSAGE][PASSED] - ios_login.Login_Screen.login is PASSED

2021-10-06 19:35:25 - [TEST_STEP][PASSED] - ios_account_selection.Select_An_Account.Custom(Account): ios_account_selection.Select_An_Account.Custom is PASSED

2021-10-06 19:35:28 - [MESSAGE][PASSED] - Element 'Object Repository/iOS/Product_Search/Progress_Bar' is exist

2021-10-06 19:35:29 - [MESSAGE][PASSED] - Delayed 1 second(s)

2021-10-06 19:35:30 - [MESSAGE][PASSED] - Element 'Object Repository/iOS/Product_Search/Progress_Bar' is exist

2021-10-06 19:35:31 - [MESSAGE][PASSED] - Delayed 1 second(s)

2021-10-06 19:35:31 - [MESSAGE][PASSED] - Element 'Object Repository/iOS/Product_Search/Progress_Bar' is exist

2021-10-06 19:35:32 - [MESSAGE][PASSED] - Delayed 1 second(s)

2021-10-06 19:35:33 - [MESSAGE][PASSED] - Element 'Object Repository/iOS/Product_Search/Progress_Bar' is exist

2021-10-06 19:35:34 - [MESSAGE][PASSED] - Delayed 1 second(s)

2021-10-06 19:35:34 - [MESSAGE][PASSED] - Element 'Object Repository/iOS/Product_Search/Progress_Bar' is exist

2021-10-06 19:35:35 - [MESSAGE][PASSED] - Delayed 1 second(s)

2021-10-06 19:35:36 - [MESSAGE][PASSED] - Element 'Object Repository/iOS/Product_Search/Progress_Bar' is exist

2021-10-06 19:35:37 - [MESSAGE][PASSED] - Delayed 1 second(s)

2021-10-06 19:35:37 - [MESSAGE][PASSED] - Element 'Object Repository/iOS/Product_Search/Progress_Bar' is exist

2021-10-06 19:35:38 - [MESSAGE][PASSED] - Delayed 1 second(s)

2021-10-06 19:35:39 - [MESSAGE][PASSED] - Element 'Object Repository/iOS/Product_Search/Progress_Bar' is exist

2021-10-06 19:35:40 - [MESSAGE][PASSED] - Delayed 1 second(s)

2021-10-06 19:35:41 - [MESSAGE][PASSED] - Element 'Object Repository/iOS/Product_Search/Progress_Bar' is exist

2021-10-06 19:35:42 - [MESSAGE][PASSED] - Delayed 1 second(s)

2021-10-06 19:35:43 - [MESSAGE][PASSED] - Element 'Object Repository/iOS/Product_Search/Progress_Bar' is exist

2021-10-06 19:35:44 - [MESSAGE][PASSED] - Delayed 1 second(s)

2021-10-06 19:35:45 - [MESSAGE][WARNING] - Element 'Object Repository/iOS/Product_Search/Progress_Bar' not found
[[ATTACHMENT|/Users/sahil.vidaysingh/Katalon Studio/testing/Reports/20211006_192250/sanity_iOS/20211006_192250/1633529145472.png]]

2021-10-06 19:35:45 - [MESSAGE][WARNING] - Timeout '0' is invalid. Using default page load timeout: '30'

2021-10-06 19:35:46 - [MESSAGE][PASSED] - Element 'Object Repository/iOS/Account_Selection/You must select an account to continue_Text' is present

2021-10-06 19:35:47 - [MESSAGE][PASSED] - Scrolling to text '11-487698' successfully

2021-10-06 19:35:47 - [MESSAGE][WARNING] - Timeout '0' is invalid. Using default page load timeout: '30'

2021-10-06 19:35:49 - [MESSAGE][PASSED] - Tapped on element 'Object Repository/iOS/Account_Selection/AccountNo_Text'

2021-10-06 19:35:50 - [MESSAGE][WARNING] - Element 'Object Repository/iOS/Product_Search/Progress_Bar' not found
[[ATTACHMENT|/Users/sahil.vidaysingh/Katalon Studio/testing/Reports/20211006_192250/sanity_iOS/20211006_192250/1633529150618.png]]

2021-10-06 19:35:50 - [MESSAGE][PASSED] - ios_account_selection.Select_An_Account.Custom is PASSED

2021-10-06 19:35:50 - [TEST_STEP][PASSED] - ios_dashboard.dashboard_details.click_On_More_Options(): ios_dashboard.dashboard_details.click_On_More_Options is PASSED

2021-10-06 19:35:50 - [MESSAGE][WARNING] - Timeout '0' is invalid. Using default page load timeout: '30'

2021-10-06 19:35:52 - [MESSAGE][PASSED] - Tapped on element 'Object Repository/iOS/Dashboard/More Options_Tab'

2021-10-06 19:35:52 - [MESSAGE][PASSED] - ios_dashboard.dashboard_details.click_On_More_Options is PASSED

2021-10-06 19:35:52 - [TEST_STEP][PASSED] - ios_more_options_screen.Go_To_Inventory_Listing_Screen.Custom(): ios_more_options_screen.Go_To_Inventory_Listing_Screen.Custom is PASSED

2021-10-06 19:35:56 - [MESSAGE][WARNING] - Element 'Object Repository/iOS/Product_Search/Progress_Bar' not found
[[ATTACHMENT|/Users/sahil.vidaysingh/Katalon Studio/testing/Reports/20211006_192250/sanity_iOS/20211006_192250/1633529156524.png]]

2021-10-06 19:35:56 - [MESSAGE][WARNING] - Timeout '0' is invalid. Using default page load timeout: '30'

2021-10-06 19:35:58 - [MESSAGE][PASSED] - Tapped on element 'Object Repository/iOS/More Options Screen/Inventory Selection Under MoreOptions_Text'

2021-10-06 19:35:59 - [MESSAGE][PASSED] - Element 'Object Repository/iOS/Product_Search/Progress_Bar' is exist

2021-10-06 19:36:03 - [MESSAGE][PASSED] - Delayed 4 second(s)

2021-10-06 19:36:08 - [MESSAGE][WARNING] - Element 'Object Repository/iOS/Product_Search/Progress_Bar' not found
[[ATTACHMENT|/Users/sahil.vidaysingh/Katalon Studio/testing/Reports/20211006_192250/sanity_iOS/20211006_192250/1633529167622.png]]

2021-10-06 19:36:08 - [MESSAGE][PASSED] - ios_more_options_screen.Go_To_Inventory_Listing_Screen.Custom is PASSED

2021-10-06 19:36:08 - [TEST_STEP][PASSED] - ios_inventory.Inventory_listing_Screen.create_Inventory(Inventory_Name): ios_inventory.Inventory_listing_Screen.create_Inventory is PASSED

2021-10-06 19:36:08 - [MESSAGE][WARNING] - Timeout '0' is invalid. Using default page load timeout: '30'

2021-10-06 19:36:09 - [MESSAGE][PASSED] - Element 'Object Repository/iOS/Inventory/Inventory Listing Screen/Verification Details/Create_InventorySectionHeader' is exist

2021-10-06 19:36:09 - [MESSAGE][WARNING] - Timeout '0' is invalid. Using default page load timeout: '30'

2021-10-06 19:36:11 - [MESSAGE][PASSED] - Tapped on element 'Object Repository/iOS/Inventory/Inventory Listing Screen/Verification Details/Create_InventorySectionHeader'

2021-10-06 19:36:11 - [MESSAGE][WARNING] - Timeout '0' is invalid. Using default page load timeout: '30'

2021-10-06 19:36:12 - [MESSAGE][PASSED] - Tapped on element 'Object Repository/iOS/Inventory/Inventory Listing Screen/Verification Details/Inventory Name_Text'

2021-10-06 19:36:12 - [MESSAGE][WARNING] - Timeout '0' is invalid. Using default page load timeout: '30'

2021-10-06 19:36:13 - [MESSAGE][PASSED] - Text 'KatalonInvv' has been set to element 'Object Repository/iOS/Inventory/Inventory Listing Screen/Verification Details/InventoryName TextField'

2021-10-06 19:36:13 - [MESSAGE][WARNING] - Duration '0' is invalid. Using default duration.

2021-10-06 19:36:13 - [MESSAGE][WARNING] - Timeout '0' is invalid. Using default page load timeout: '30'

2021-10-06 19:36:15 - [MESSAGE][PASSED] - Tapped and held on element 'Object Repository/iOS/Inventory/Inventory Listing Screen/Create New Inventory_Screen/Return_Keypad_Button' with duration (default)

2021-10-06 19:36:15 - [MESSAGE][WARNING] - Timeout '0' is invalid. Using default page load timeout: '30'

2021-10-06 19:36:17 - [MESSAGE][PASSED] - Tapped on element 'Object Repository/iOS/Inventory/Inventory Listing Screen/Create New Inventory_Screen/Create Inventory_Text'

2021-10-06 19:36:17 - [MESSAGE][PASSED] - Element 'Object Repository/iOS/Product_Search/Progress_Bar' is exist

2021-10-06 19:36:18 - [MESSAGE][PASSED] - Delayed 1 second(s)

2021-10-06 19:36:20 - [MESSAGE][WARNING] - Element 'Object Repository/iOS/Product_Search/Progress_Bar' not found
[[ATTACHMENT|/Users/sahil.vidaysingh/Katalon Studio/testing/Reports/20211006_192250/sanity_iOS/20211006_192250/1633529180028.png]]

2021-10-06 19:36:20 - [MESSAGE][PASSED] - ios_inventory.Inventory_listing_Screen.create_Inventory is PASSED

2021-10-06 19:36:20 - [TEST_STEP][PASSED] - ios_inventory.Inventory_details_Screen.add_Location(Location_Name, Cost_Type): ios_inventory.Inventory_details_Screen.add_Location is PASSED

2021-10-06 19:36:20 - [MESSAGE][WARNING] - Timeout '0' is invalid. Using default page load timeout: '30'

2021-10-06 19:36:21 - [MESSAGE][PASSED] - Tapped on element 'Object Repository/iOS/Inventory/Inventory Details Screen/Add Location/Add location_Text'

2021-10-06 19:36:21 - [MESSAGE][WARNING] - Timeout '0' is invalid. Using default page load timeout: '30'

2021-10-06 19:36:22 - [MESSAGE][PASSED] - Tapped on element 'Object Repository/iOS/Inventory/Inventory Details Screen/Add Location/LocationName_TextField'

2021-10-06 19:36:22 - [MESSAGE][WARNING] - Timeout '0' is invalid. Using default page load timeout: '30'

2021-10-06 19:36:23 - [MESSAGE][PASSED] - Text 'TANJIROU' has been set to element 'Object Repository/iOS/Inventory/Inventory Details Screen/Add Location/LocationName_TextField'

2021-10-06 19:36:23 - [MESSAGE][WARNING] - Timeout '0' is invalid. Using default page load timeout: '30'

2021-10-06 19:36:25 - [MESSAGE][PASSED] - Tapped on element 'Object Repository/iOS/Inventory/Inventory Details Screen/Add Location/Last Price_Button'

2021-10-06 19:36:25 - [MESSAGE][WARNING] - Timeout '0' is invalid. Using default page load timeout: '30'

2021-10-06 19:36:27 - [MESSAGE][PASSED] - Tapped on element 'Object Repository/iOS/Inventory/Inventory Details Screen/Add Location/Create New Location_Text'

2021-10-06 19:36:29 - [MESSAGE][WARNING] - Element 'Object Repository/iOS/Product_Search/Progress_Bar' not found
[[ATTACHMENT|/Users/sahil.vidaysingh/Katalon Studio/testing/Reports/20211006_192250/sanity_iOS/20211006_192250/1633529189271.png]]

2021-10-06 19:36:29 - [MESSAGE][WARNING] - Timeout '0' is invalid. Using default page load timeout: '30'

2021-10-06 19:36:30 - [MESSAGE][PASSED] - Element 'Object Repository/iOS/Inventory/Inventory Details Screen/Add Location/LocationName Verification_Text' is exist

2021-10-06 19:36:30 - [MESSAGE][PASSED] - ios_inventory.Inventory_details_Screen.add_Location is PASSED

2021-10-06 19:36:30 - [TEST_STEP][PASSED] - ios_inventory.Inventory_details_Screen.click_On_Location(Location_Name): ios_inventory.Inventory_details_Screen.click_On_Location is PASSED

2021-10-06 19:36:30 - [MESSAGE][WARNING] - Timeout '0' is invalid. Using default page load timeout: '30'

2021-10-06 19:36:31 - [MESSAGE][PASSED] - Tapped on element 'Object Repository/iOS/Inventory/Inventory Details Screen/Add Location/Tap On Location_Text'

2021-10-06 19:36:31 - [MESSAGE][PASSED] - ios_inventory.Inventory_details_Screen.click_On_Location is PASSED

2021-10-06 19:36:31 - [TEST_STEP][PASSED] - ios_inventory.Location_details_Screen.add_Product_to_Location(Location_Name, Product_Name): ios_inventory.Location_details_Screen.add_Product_to_Location is PASSED

2021-10-06 19:36:32 - [MESSAGE][PASSED] - Element 'Object Repository/iOS/Product_Search/Progress_Bar' is exist

2021-10-06 19:36:33 - [MESSAGE][PASSED] - Delayed 1 second(s)

2021-10-06 19:36:35 - [MESSAGE][WARNING] - Element 'Object Repository/iOS/Product_Search/Progress_Bar' not found
[[ATTACHMENT|/Users/sahil.vidaysingh/Katalon Studio/testing/Reports/20211006_192250/sanity_iOS/20211006_192250/1633529194912.png]]

2021-10-06 19:36:35 - [MESSAGE][WARNING] - Duration '0' is invalid. Using default duration.

2021-10-06 19:36:35 - [MESSAGE][WARNING] - Timeout '0' is invalid. Using default page load timeout: '30'

2021-10-06 19:36:36 - [MESSAGE][PASSED] - Tapped and held on element 'Object Repository/iOS/Inventory/Location Details_Screen/Add Product to Location/Product SearchField' with duration (default)

2021-10-06 19:36:38 - [MESSAGE][WARNING] - Element 'Object Repository/iOS/Product_Search/Progress_Bar' not found
[[ATTACHMENT|/Users/sahil.vidaysingh/Katalon Studio/testing/Reports/20211006_192250/sanity_iOS/20211006_192250/1633529197973.png]]

2021-10-06 19:36:38 - [MESSAGE][WARNING] - Timeout '0' is invalid. Using default page load timeout: '30'

2021-10-06 19:36:39 - [MESSAGE][PASSED] - Text 'tyl' has been set to element 'Object Repository/iOS/Inventory/Location Details_Screen/Add Product to Location/Product SearchField'

2021-10-06 19:36:39 - [MESSAGE][WARNING] - Duration '0' is invalid. Using default duration.

2021-10-06 19:36:39 - [MESSAGE][WARNING] - Timeout '0' is invalid. Using default page load timeout: '30'

2021-10-06 19:36:41 - [MESSAGE][PASSED] - Tapped and held on element 'Object Repository/iOS/Product_Search/Search Key_Button' with duration (default)

2021-10-06 19:36:42 - [MESSAGE][PASSED] - Element 'Object Repository/iOS/Product_Search/Progress_Bar' is exist

2021-10-06 19:36:43 - [MESSAGE][PASSED] - Delayed 1 second(s)

2021-10-06 19:36:43 - [MESSAGE][PASSED] - Element 'Object Repository/iOS/Product_Search/Progress_Bar' is exist

2021-10-06 19:36:44 - [MESSAGE][PASSED] - Delayed 1 second(s)

2021-10-06 19:36:45 - [MESSAGE][PASSED] - Element 'Object Repository/iOS/Product_Search/Progress_Bar' is exist

2021-10-06 19:36:46 - [MESSAGE][PASSED] - Delayed 1 second(s)

2021-10-06 19:36:55 - [MESSAGE][PASSED] - Element 'Object Repository/iOS/Product_Search/Progress_Bar' is exist

2021-10-06 19:36:56 - [MESSAGE][PASSED] - Delayed 1 second(s)

2021-10-06 19:37:02 - [MESSAGE][WARNING] - Element 'Object Repository/iOS/Product_Search/Progress_Bar' not found
[[ATTACHMENT|/Users/sahil.vidaysingh/Katalon Studio/testing/Reports/20211006_192250/sanity_iOS/20211006_192250/1633529222180.png]]

2021-10-06 19:37:02 - [MESSAGE][WARNING] - Timeout '0' is invalid. Using default page load timeout: '30'

2021-10-06 19:37:10 - [MESSAGE][PASSED] - Tapped on element 'Object Repository/iOS/Inventory/Location Details_Screen/Add Product to Location/Add Product to Location_Text'

2021-10-06 19:37:10 - [MESSAGE][WARNING] - Timeout '0' is invalid. Using default page load timeout: '30'

2021-10-06 19:37:18 - [MESSAGE][PASSED] - Tapped on element 'Object Repository/iOS/Inventory/Location Details_Screen/Add Product to Location/Continue Browsing After Adding Product_Text'

2021-10-06 19:37:18 - [MESSAGE][PASSED] - ios_inventory.Location_details_Screen.add_Product_to_Location is PASSED

2021-10-06 19:37:18 - [TEST_STEP][PASSED] - ios_common_keywords.Go_Back.Custom(): ios_common_keywords.Go_Back.Custom is PASSED

2021-10-06 19:37:24 - [MESSAGE][WARNING] - Element 'Object Repository/iOS/Product_Search/Progress_Bar' not found
[[ATTACHMENT|/Users/sahil.vidaysingh/Katalon Studio/testing/Reports/20211006_192250/sanity_iOS/20211006_192250/1633529243957.png]]

2021-10-06 19:37:32 - [MESSAGE][WARNING] - Element 'Object Repository/iOS/Product_Search/Back_Text' not found
[[ATTACHMENT|/Users/sahil.vidaysingh/Katalon Studio/testing/Reports/20211006_192250/sanity_iOS/20211006_192250/1633529251688.png]]

2021-10-06 19:37:38 - [MESSAGE][PASSED] - Tapped on element 'Object Repository/iOS/Inventory/Location Details_Screen/Add Product to Location/Back Button_Text'

2021-10-06 19:37:41 - [MESSAGE][WARNING] - Element 'Object Repository/iOS/Product_Search/Progress_Bar' not found
[[ATTACHMENT|/Users/sahil.vidaysingh/Katalon Studio/testing/Reports/20211006_192250/sanity_iOS/20211006_192250/1633529260586.png]]

2021-10-06 19:37:41 - [MESSAGE][PASSED] - ios_common_keywords.Go_Back.Custom is PASSED

2021-10-06 19:37:41 - [TEST_STEP][PASSED] - ios_common_keywords.Go_Back.Custom(): ios_common_keywords.Go_Back.Custom is PASSED

2021-10-06 19:37:44 - [MESSAGE][WARNING] - Element 'Object Repository/iOS/Product_Search/Progress_Bar' not found
[[ATTACHMENT|/Users/sahil.vidaysingh/Katalon Studio/testing/Reports/20211006_192250/sanity_iOS/20211006_192250/1633529264159.png]]

2021-10-06 19:37:48 - [MESSAGE][WARNING] - Element 'Object Repository/iOS/Product_Search/Back_Text' not found
[[ATTACHMENT|/Users/sahil.vidaysingh/Katalon Studio/testing/Reports/20211006_192250/sanity_iOS/20211006_192250/1633529268701.png]]

2021-10-06 19:37:49 - [MESSAGE][PASSED] - Tapped on element 'Object Repository/iOS/Inventory/Location Details_Screen/Add Product to Location/Back Button_Text'

2021-10-06 19:37:52 - [MESSAGE][WARNING] - Element 'Object Repository/iOS/Product_Search/Progress_Bar' not found
[[ATTACHMENT|/Users/sahil.vidaysingh/Katalon Studio/testing/Reports/20211006_192250/sanity_iOS/20211006_192250/1633529272255.png]]

2021-10-06 19:37:52 - [MESSAGE][PASSED] - ios_common_keywords.Go_Back.Custom is PASSED

2021-10-06 19:37:52 - [TEST_STEP][PASSED] - ios_inventory.Inventory_details_Screen.delete_Location(Location_Name): ios_inventory.Inventory_details_Screen.delete_Location is PASSED

2021-10-06 19:37:52 - [MESSAGE][WARNING] - Timeout '0' is invalid. Using default page load timeout: '30'

2021-10-06 19:37:54 - [MESSAGE][PASSED] - Tapped on element 'Object Repository/iOS/Inventory/Location Details_Screen/Delete_Location/Slide_PopUp_Button for Location Deletion'

2021-10-06 19:37:54 - [MESSAGE][WARNING] - Timeout '0' is invalid. Using default page load timeout: '30'

2021-10-06 19:37:55 - [MESSAGE][PASSED] - Tapped on element 'Object Repository/iOS/Inventory/Location Details_Screen/Delete_Location/Delete Location_Text'

2021-10-06 19:37:55 - [MESSAGE][WARNING] - Timeout '0' is invalid. Using default page load timeout: '30'

2021-10-06 19:37:57 - [MESSAGE][PASSED] - Tapped on element 'Object Repository/iOS/Inventory/Location Details_Screen/Delete_Location/Yes_Text'

2021-10-06 19:37:57 - [MESSAGE][WARNING] - Timeout '0' is invalid. Using default page load timeout: '30'

2021-10-06 19:37:58 - [MESSAGE][PASSED] - Element 'Object Repository/iOS/Inventory/Inventory Details Screen/Add Location/LocationName Verification_Text' is NOT visible

2021-10-06 19:37:58 - [MESSAGE][PASSED] - ios_inventory.Inventory_details_Screen.delete_Location is PASSED

2021-10-06 19:37:58 - [TEST_STEP][PASSED] - ios_common_keywords.Go_Back.Custom(): ios_common_keywords.Go_Back.Custom is PASSED

2021-10-06 19:38:00 - [MESSAGE][WARNING] - Element 'Object Repository/iOS/Product_Search/Progress_Bar' not found
[[ATTACHMENT|/Users/sahil.vidaysingh/Katalon Studio/testing/Reports/20211006_192250/sanity_iOS/20211006_192250/1633529280553.png]]

2021-10-06 19:38:04 - [MESSAGE][WARNING] - Element 'Object Repository/iOS/Product_Search/Back_Text' not found
[[ATTACHMENT|/Users/sahil.vidaysingh/Katalon Studio/testing/Reports/20211006_192250/sanity_iOS/20211006_192250/1633529284850.png]]

2021-10-06 19:38:06 - [MESSAGE][PASSED] - Tapped on element 'Object Repository/iOS/Inventory/Location Details_Screen/Add Product to Location/Back Button_Text'

2021-10-06 19:38:09 - [MESSAGE][WARNING] - Element 'Object Repository/iOS/Product_Search/Progress_Bar' not found
[[ATTACHMENT|/Users/sahil.vidaysingh/Katalon Studio/testing/Reports/20211006_192250/sanity_iOS/20211006_192250/1633529289259.png]]

2021-10-06 19:38:09 - [MESSAGE][PASSED] - ios_common_keywords.Go_Back.Custom is PASSED

2021-10-06 19:38:09 - [TEST_STEP][PASSED] - ios_inventory.Inventory_listing_Screen.delete_Inventory(Inventory_Name): ios_inventory.Inventory_listing_Screen.delete_Inventory is PASSED

2021-10-06 19:38:11 - [MESSAGE][WARNING] - Element 'Object Repository/iOS/Product_Search/Progress_Bar' not found
[[ATTACHMENT|/Users/sahil.vidaysingh/Katalon Studio/testing/Reports/20211006_192250/sanity_iOS/20211006_192250/1633529291296.png]]

2021-10-06 19:38:11 - [MESSAGE][WARNING] - Timeout '0' is invalid. Using default page load timeout: '30'

2021-10-06 19:38:12 - [MESSAGE][PASSED] - Tapped on element 'Object Repository/iOS/Inventory/Inventory Listing Screen/Delete Inventory/Slide_PopUpButton For Inventory Deletion'

2021-10-06 19:38:13 - [MESSAGE][WARNING] - Timeout '0' is invalid. Using default page load timeout: '30'

2021-10-06 19:38:14 - [MESSAGE][PASSED] - Tapped on element 'Object Repository/iOS/Inventory/Inventory Listing Screen/Delete Inventory/Delete Inventory_Text'

2021-10-06 19:38:14 - [MESSAGE][WARNING] - Timeout '0' is invalid. Using default page load timeout: '30'

2021-10-06 19:38:16 - [MESSAGE][PASSED] - Tapped on element 'Object Repository/iOS/Inventory/Inventory Listing Screen/Delete Inventory/Yes for Deletion_Text'

2021-10-06 19:38:18 - [MESSAGE][PASSED] - Element 'Object Repository/iOS/Product_Search/Progress_Bar' is exist

2021-10-06 19:38:19 - [MESSAGE][PASSED] - Delayed 1 second(s)

2021-10-06 19:38:21 - [MESSAGE][WARNING] - Element 'Object Repository/iOS/Product_Search/Progress_Bar' not found
[[ATTACHMENT|/Users/sahil.vidaysingh/Katalon Studio/testing/Reports/20211006_192250/sanity_iOS/20211006_192250/1633529300999.png]]

2021-10-06 19:38:21 - [MESSAGE][WARNING] - Timeout '0' is invalid. Using default page load timeout: '30'

2021-10-06 19:38:51 - [MESSAGE][PASSED] - Element 'Object Repository/iOS/Inventory/Inventory Details Screen/Open Inventory Details/Open Inventory_Text' not found

2021-10-06 19:38:51 - [MESSAGE][PASSED] - ios_inventory.Inventory_listing_Screen.delete_Inventory is PASSED]]></system-out>
         <system-err><![CDATA[]]></system-err>
      </testcase>
      <testcase name="Test Cases/iOS/Inventory/Adding Product In Inventory By Search Verification" time="387.204" classname="Test Cases/iOS/Inventory/Adding Product In Inventory By Search Verification" status="PASSED">
         <system-out><![CDATA[2021-10-06 19:38:51 - [TEST_CASE][PASSED] - Test Cases/iOS/Inventory/Adding Product In Inventory By Search Verification: Test Cases/iOS/Inventory/Adding Product In Inventory By Search Verification

2021-10-06 19:38:51 - [TEST_STEP][PASSED] - ios_common_keywords.Start_Application.custom(): ios_common_keywords.Start_Application.custom is PASSED

2021-10-06 19:40:00 - [MESSAGE][PASSED] - Started app at: '/Users/sahil.vidaysingh/Downloads/Hatch 3.app'

2021-10-06 19:40:00 - [MESSAGE][PASSED] - ios_common_keywords.Start_Application.custom is PASSED

2021-10-06 19:40:00 - [TEST_STEP][PASSED] - ios_login.Login_Screen.login(Password): ios_login.Login_Screen.login is PASSED

2021-10-06 19:40:00 - [MESSAGE][PASSED] - Element 'Object Repository/iOS/LogIn/Environment_Selection_Screen/Environment Selection_Text' is exist

2021-10-06 19:40:00 - [MESSAGE][WARNING] - Timeout '0' is invalid. Using default page load timeout: '30'

2021-10-06 19:40:01 - [MESSAGE][PASSED] - Tapped on element 'Object Repository/iOS/LogIn/Environment_Selection_Screen/Environment Selection_Text'

2021-10-06 19:40:01 - [MESSAGE][WARNING] - Timeout '0' is invalid. Using default page load timeout: '30'

2021-10-06 19:40:03 - [MESSAGE][PASSED] - Tapped on element 'Object Repository/iOS/LogIn/Environment_Selection_Screen/Environment_Button'

2021-10-06 19:40:03 - [MESSAGE][WARNING] - Timeout '0' is invalid. Using default page load timeout: '30'

2021-10-06 19:40:04 - [MESSAGE][PASSED] - Tapped on element 'Object Repository/iOS/LogIn/Login_Details_Screen/Login UserName_Button'

2021-10-06 19:40:04 - [MESSAGE][WARNING] - Timeout '0' is invalid. Using default page load timeout: '30'

2021-10-06 19:40:05 - [MESSAGE][PASSED] - Text 'auto_ws_acute' has been set to element 'Object Repository/iOS/LogIn/Login_Details_Screen/UserName_Text_Field'

2021-10-06 19:40:05 - [MESSAGE][WARNING] - Timeout '0' is invalid. Using default page load timeout: '30'

2021-10-06 19:40:07 - [MESSAGE][PASSED] - Tapped on element 'Object Repository/iOS/LogIn/Login_Details_Screen/LoginBar-ButtonDown'

2021-10-06 19:40:07 - [MESSAGE][WARNING] - Timeout '0' is invalid. Using default page load timeout: '30'

2021-10-06 19:40:08 - [MESSAGE][PASSED] - Tapped on element 'Object Repository/iOS/LogIn/Login_Details_Screen/Password-Button'

2021-10-06 19:40:09 - [MESSAGE][WARNING] - Timeout '0' is invalid. Using default page load timeout: '30'

2021-10-06 19:40:10 - [MESSAGE][PASSED] - Text 'Cardinal1' has been set to element 'Object Repository/iOS/LogIn/Login_Details_Screen/Password-Secure_Text_Field'

2021-10-06 19:40:10 - [MESSAGE][WARNING] - Timeout '0' is invalid. Using default page load timeout: '30'

2021-10-06 19:40:13 - [MESSAGE][PASSED] - Tapped on element 'Object Repository/iOS/LogIn/Login_Details_Screen/SignIn_Button'

2021-10-06 19:40:13 - [MESSAGE][PASSED] - ios_login.Login_Screen.login is PASSED

2021-10-06 19:40:13 - [TEST_STEP][PASSED] - ios_account_selection.Select_An_Account.Custom(Account): ios_account_selection.Select_An_Account.Custom is PASSED

2021-10-06 19:40:14 - [MESSAGE][PASSED] - Element 'Object Repository/iOS/Product_Search/Progress_Bar' is exist

2021-10-06 19:40:15 - [MESSAGE][PASSED] - Delayed 1 second(s)

2021-10-06 19:40:16 - [MESSAGE][PASSED] - Element 'Object Repository/iOS/Product_Search/Progress_Bar' is exist

2021-10-06 19:40:17 - [MESSAGE][PASSED] - Delayed 1 second(s)

2021-10-06 19:40:17 - [MESSAGE][PASSED] - Element 'Object Repository/iOS/Product_Search/Progress_Bar' is exist

2021-10-06 19:40:18 - [MESSAGE][PASSED] - Delayed 1 second(s)

2021-10-06 19:40:19 - [MESSAGE][PASSED] - Element 'Object Repository/iOS/Product_Search/Progress_Bar' is exist

2021-10-06 19:40:20 - [MESSAGE][PASSED] - Delayed 1 second(s)

2021-10-06 19:40:21 - [MESSAGE][PASSED] - Element 'Object Repository/iOS/Product_Search/Progress_Bar' is exist

2021-10-06 19:40:22 - [MESSAGE][PASSED] - Delayed 1 second(s)

2021-10-06 19:40:22 - [MESSAGE][PASSED] - Element 'Object Repository/iOS/Product_Search/Progress_Bar' is exist

2021-10-06 19:40:23 - [MESSAGE][PASSED] - Delayed 1 second(s)

2021-10-06 19:40:24 - [MESSAGE][PASSED] - Element 'Object Repository/iOS/Product_Search/Progress_Bar' is exist

2021-10-06 19:40:25 - [MESSAGE][PASSED] - Delayed 1 second(s)

2021-10-06 19:40:25 - [MESSAGE][PASSED] - Element 'Object Repository/iOS/Product_Search/Progress_Bar' is exist

2021-10-06 19:40:26 - [MESSAGE][PASSED] - Delayed 1 second(s)

2021-10-06 19:40:27 - [MESSAGE][PASSED] - Element 'Object Repository/iOS/Product_Search/Progress_Bar' is exist

2021-10-06 19:40:28 - [MESSAGE][PASSED] - Delayed 1 second(s)

2021-10-06 19:40:29 - [MESSAGE][PASSED] - Element 'Object Repository/iOS/Product_Search/Progress_Bar' is exist

2021-10-06 19:40:30 - [MESSAGE][PASSED] - Delayed 1 second(s)

2021-10-06 19:40:31 - [MESSAGE][PASSED] - Element 'Object Repository/iOS/Product_Search/Progress_Bar' is exist

2021-10-06 19:40:32 - [MESSAGE][PASSED] - Delayed 1 second(s)

2021-10-06 19:40:33 - [MESSAGE][WARNING] - Element 'Object Repository/iOS/Product_Search/Progress_Bar' not found
[[ATTACHMENT|/Users/sahil.vidaysingh/Katalon Studio/testing/Reports/20211006_192250/sanity_iOS/20211006_192250/1633529433466.png]]

2021-10-06 19:40:33 - [MESSAGE][WARNING] - Timeout '0' is invalid. Using default page load timeout: '30'

2021-10-06 19:40:34 - [MESSAGE][PASSED] - Element 'Object Repository/iOS/Account_Selection/You must select an account to continue_Text' is present

2021-10-06 19:40:35 - [MESSAGE][PASSED] - Scrolling to text '11-487698' successfully

2021-10-06 19:40:35 - [MESSAGE][WARNING] - Timeout '0' is invalid. Using default page load timeout: '30'

2021-10-06 19:40:37 - [MESSAGE][PASSED] - Tapped on element 'Object Repository/iOS/Account_Selection/AccountNo_Text'

2021-10-06 19:40:38 - [MESSAGE][WARNING] - Element 'Object Repository/iOS/Product_Search/Progress_Bar' not found
[[ATTACHMENT|/Users/sahil.vidaysingh/Katalon Studio/testing/Reports/20211006_192250/sanity_iOS/20211006_192250/1633529438606.png]]

2021-10-06 19:40:38 - [MESSAGE][PASSED] - ios_account_selection.Select_An_Account.Custom is PASSED

2021-10-06 19:40:38 - [TEST_STEP][PASSED] - ios_dashboard.dashboard_details.click_On_More_Options(): ios_dashboard.dashboard_details.click_On_More_Options is PASSED

2021-10-06 19:40:38 - [MESSAGE][WARNING] - Timeout '0' is invalid. Using default page load timeout: '30'

2021-10-06 19:40:40 - [MESSAGE][PASSED] - Tapped on element 'Object Repository/iOS/Dashboard/More Options_Tab'

2021-10-06 19:40:40 - [MESSAGE][PASSED] - ios_dashboard.dashboard_details.click_On_More_Options is PASSED

2021-10-06 19:40:40 - [TEST_STEP][PASSED] - ios_more_options_screen.Go_To_Inventory_Listing_Screen.Custom(): ios_more_options_screen.Go_To_Inventory_Listing_Screen.Custom is PASSED

2021-10-06 19:40:45 - [MESSAGE][WARNING] - Element 'Object Repository/iOS/Product_Search/Progress_Bar' not found
[[ATTACHMENT|/Users/sahil.vidaysingh/Katalon Studio/testing/Reports/20211006_192250/sanity_iOS/20211006_192250/1633529445109.png]]

2021-10-06 19:40:45 - [MESSAGE][WARNING] - Timeout '0' is invalid. Using default page load timeout: '30'

2021-10-06 19:40:47 - [MESSAGE][PASSED] - Tapped on element 'Object Repository/iOS/More Options Screen/Inventory Selection Under MoreOptions_Text'

2021-10-06 19:40:47 - [MESSAGE][PASSED] - Element 'Object Repository/iOS/Product_Search/Progress_Bar' is exist

2021-10-06 19:40:51 - [MESSAGE][PASSED] - Delayed 4 second(s)

2021-10-06 19:40:57 - [MESSAGE][WARNING] - Element 'Object Repository/iOS/Product_Search/Progress_Bar' not found
[[ATTACHMENT|/Users/sahil.vidaysingh/Katalon Studio/testing/Reports/20211006_192250/sanity_iOS/20211006_192250/1633529456660.png]]

2021-10-06 19:40:57 - [MESSAGE][PASSED] - ios_more_options_screen.Go_To_Inventory_Listing_Screen.Custom is PASSED

2021-10-06 19:40:57 - [TEST_STEP][PASSED] - ios_inventory.Inventory_listing_Screen.create_Inventory(Inventory_Name): ios_inventory.Inventory_listing_Screen.create_Inventory is PASSED

2021-10-06 19:40:57 - [MESSAGE][WARNING] - Timeout '0' is invalid. Using default page load timeout: '30'

2021-10-06 19:40:58 - [MESSAGE][PASSED] - Element 'Object Repository/iOS/Inventory/Inventory Listing Screen/Verification Details/Create_InventorySectionHeader' is exist

2021-10-06 19:40:58 - [MESSAGE][WARNING] - Timeout '0' is invalid. Using default page load timeout: '30'

2021-10-06 19:41:00 - [MESSAGE][PASSED] - Tapped on element 'Object Repository/iOS/Inventory/Inventory Listing Screen/Verification Details/Create_InventorySectionHeader'

2021-10-06 19:41:00 - [MESSAGE][WARNING] - Timeout '0' is invalid. Using default page load timeout: '30'

2021-10-06 19:41:01 - [MESSAGE][PASSED] - Tapped on element 'Object Repository/iOS/Inventory/Inventory Listing Screen/Verification Details/Inventory Name_Text'

2021-10-06 19:41:01 - [MESSAGE][WARNING] - Timeout '0' is invalid. Using default page load timeout: '30'

2021-10-06 19:41:02 - [MESSAGE][PASSED] - Text 'KatalonInvv' has been set to element 'Object Repository/iOS/Inventory/Inventory Listing Screen/Verification Details/InventoryName TextField'

2021-10-06 19:41:02 - [MESSAGE][WARNING] - Duration '0' is invalid. Using default duration.

2021-10-06 19:41:02 - [MESSAGE][WARNING] - Timeout '0' is invalid. Using default page load timeout: '30'

2021-10-06 19:41:04 - [MESSAGE][PASSED] - Tapped and held on element 'Object Repository/iOS/Inventory/Inventory Listing Screen/Create New Inventory_Screen/Return_Keypad_Button' with duration (default)

2021-10-06 19:41:04 - [MESSAGE][WARNING] - Timeout '0' is invalid. Using default page load timeout: '30'

2021-10-06 19:41:06 - [MESSAGE][PASSED] - Tapped on element 'Object Repository/iOS/Inventory/Inventory Listing Screen/Create New Inventory_Screen/Create Inventory_Text'

2021-10-06 19:41:06 - [MESSAGE][PASSED] - Element 'Object Repository/iOS/Product_Search/Progress_Bar' is exist

2021-10-06 19:41:07 - [MESSAGE][PASSED] - Delayed 1 second(s)

2021-10-06 19:41:09 - [MESSAGE][WARNING] - Element 'Object Repository/iOS/Product_Search/Progress_Bar' not found
[[ATTACHMENT|/Users/sahil.vidaysingh/Katalon Studio/testing/Reports/20211006_192250/sanity_iOS/20211006_192250/1633529468983.png]]

2021-10-06 19:41:09 - [MESSAGE][PASSED] - ios_inventory.Inventory_listing_Screen.create_Inventory is PASSED

2021-10-06 19:41:09 - [TEST_STEP][PASSED] - ios_inventory.Inventory_details_Screen.add_Location(Location_Name, Cost_Type): ios_inventory.Inventory_details_Screen.add_Location is PASSED

2021-10-06 19:41:09 - [MESSAGE][WARNING] - Timeout '0' is invalid. Using default page load timeout: '30'

2021-10-06 19:41:09 - [MESSAGE][PASSED] - Tapped on element 'Object Repository/iOS/Inventory/Inventory Details Screen/Add Location/Add location_Text'

2021-10-06 19:41:10 - [MESSAGE][WARNING] - Timeout '0' is invalid. Using default page load timeout: '30'

2021-10-06 19:41:11 - [MESSAGE][PASSED] - Tapped on element 'Object Repository/iOS/Inventory/Inventory Details Screen/Add Location/LocationName_TextField'

2021-10-06 19:41:11 - [MESSAGE][WARNING] - Timeout '0' is invalid. Using default page load timeout: '30'

2021-10-06 19:41:12 - [MESSAGE][PASSED] - Text 'TANJIROU' has been set to element 'Object Repository/iOS/Inventory/Inventory Details Screen/Add Location/LocationName_TextField'

2021-10-06 19:41:12 - [MESSAGE][WARNING] - Timeout '0' is invalid. Using default page load timeout: '30'

2021-10-06 19:41:14 - [MESSAGE][PASSED] - Tapped on element 'Object Repository/iOS/Inventory/Inventory Details Screen/Add Location/Last Price_Button'

2021-10-06 19:41:14 - [MESSAGE][WARNING] - Timeout '0' is invalid. Using default page load timeout: '30'

2021-10-06 19:41:16 - [MESSAGE][PASSED] - Tapped on element 'Object Repository/iOS/Inventory/Inventory Details Screen/Add Location/Create New Location_Text'

2021-10-06 19:41:17 - [MESSAGE][PASSED] - Element 'Object Repository/iOS/Product_Search/Progress_Bar' is exist

2021-10-06 19:41:18 - [MESSAGE][PASSED] - Delayed 1 second(s)

2021-10-06 19:41:19 - [MESSAGE][WARNING] - Element 'Object Repository/iOS/Product_Search/Progress_Bar' not found
[[ATTACHMENT|/Users/sahil.vidaysingh/Katalon Studio/testing/Reports/20211006_192250/sanity_iOS/20211006_192250/1633529479750.png]]

2021-10-06 19:41:19 - [MESSAGE][WARNING] - Timeout '0' is invalid. Using default page load timeout: '30'

2021-10-06 19:41:20 - [MESSAGE][PASSED] - Element 'Object Repository/iOS/Inventory/Inventory Details Screen/Add Location/LocationName Verification_Text' is exist

2021-10-06 19:41:20 - [MESSAGE][PASSED] - ios_inventory.Inventory_details_Screen.add_Location is PASSED

2021-10-06 19:41:20 - [TEST_STEP][PASSED] - ios_inventory.Inventory_details_Screen.click_On_Location(Location_Name): ios_inventory.Inventory_details_Screen.click_On_Location is PASSED

2021-10-06 19:41:20 - [MESSAGE][WARNING] - Timeout '0' is invalid. Using default page load timeout: '30'

2021-10-06 19:41:22 - [MESSAGE][PASSED] - Tapped on element 'Object Repository/iOS/Inventory/Inventory Details Screen/Add Location/Tap On Location_Text'

2021-10-06 19:41:22 - [MESSAGE][PASSED] - ios_inventory.Inventory_details_Screen.click_On_Location is PASSED

2021-10-06 19:41:22 - [TEST_STEP][PASSED] - ios_inventory.Location_details_Screen.add_Product_to_Location(Location_Name, Product_1): ios_inventory.Location_details_Screen.add_Product_to_Location is PASSED

2021-10-06 19:41:23 - [MESSAGE][PASSED] - Element 'Object Repository/iOS/Product_Search/Progress_Bar' is exist

2021-10-06 19:41:24 - [MESSAGE][PASSED] - Delayed 1 second(s)

2021-10-06 19:41:25 - [MESSAGE][WARNING] - Element 'Object Repository/iOS/Product_Search/Progress_Bar' not found
[[ATTACHMENT|/Users/sahil.vidaysingh/Katalon Studio/testing/Reports/20211006_192250/sanity_iOS/20211006_192250/1633529485323.png]]

2021-10-06 19:41:25 - [MESSAGE][WARNING] - Duration '0' is invalid. Using default duration.

2021-10-06 19:41:25 - [MESSAGE][WARNING] - Timeout '0' is invalid. Using default page load timeout: '30'

2021-10-06 19:41:26 - [MESSAGE][PASSED] - Tapped and held on element 'Object Repository/iOS/Inventory/Location Details_Screen/Add Product to Location/Product SearchField' with duration (default)

2021-10-06 19:41:28 - [MESSAGE][WARNING] - Element 'Object Repository/iOS/Product_Search/Progress_Bar' not found
[[ATTACHMENT|/Users/sahil.vidaysingh/Katalon Studio/testing/Reports/20211006_192250/sanity_iOS/20211006_192250/1633529488280.png]]

2021-10-06 19:41:28 - [MESSAGE][WARNING] - Timeout '0' is invalid. Using default page load timeout: '30'

2021-10-06 19:41:30 - [MESSAGE][PASSED] - Text 'tyl' has been set to element 'Object Repository/iOS/Inventory/Location Details_Screen/Add Product to Location/Product SearchField'

2021-10-06 19:41:30 - [MESSAGE][WARNING] - Duration '0' is invalid. Using default duration.

2021-10-06 19:41:30 - [MESSAGE][WARNING] - Timeout '0' is invalid. Using default page load timeout: '30'

2021-10-06 19:41:32 - [MESSAGE][PASSED] - Tapped and held on element 'Object Repository/iOS/Product_Search/Search Key_Button' with duration (default)

2021-10-06 19:41:32 - [MESSAGE][PASSED] - Element 'Object Repository/iOS/Product_Search/Progress_Bar' is exist

2021-10-06 19:41:33 - [MESSAGE][PASSED] - Delayed 1 second(s)

2021-10-06 19:41:34 - [MESSAGE][PASSED] - Element 'Object Repository/iOS/Product_Search/Progress_Bar' is exist

2021-10-06 19:41:35 - [MESSAGE][PASSED] - Delayed 1 second(s)

2021-10-06 19:41:35 - [MESSAGE][PASSED] - Element 'Object Repository/iOS/Product_Search/Progress_Bar' is exist

2021-10-06 19:41:36 - [MESSAGE][PASSED] - Delayed 1 second(s)

2021-10-06 19:41:46 - [MESSAGE][PASSED] - Element 'Object Repository/iOS/Product_Search/Progress_Bar' is exist

2021-10-06 19:41:47 - [MESSAGE][PASSED] - Delayed 1 second(s)

2021-10-06 19:41:53 - [MESSAGE][WARNING] - Element 'Object Repository/iOS/Product_Search/Progress_Bar' not found
[[ATTACHMENT|/Users/sahil.vidaysingh/Katalon Studio/testing/Reports/20211006_192250/sanity_iOS/20211006_192250/1633529512623.png]]

2021-10-06 19:41:53 - [MESSAGE][WARNING] - Timeout '0' is invalid. Using default page load timeout: '30'

2021-10-06 19:42:02 - [MESSAGE][PASSED] - Tapped on element 'Object Repository/iOS/Inventory/Location Details_Screen/Add Product to Location/Add Product to Location_Text'

2021-10-06 19:42:02 - [MESSAGE][WARNING] - Timeout '0' is invalid. Using default page load timeout: '30'

2021-10-06 19:42:10 - [MESSAGE][PASSED] - Tapped on element 'Object Repository/iOS/Inventory/Location Details_Screen/Add Product to Location/Continue Browsing After Adding Product_Text'

2021-10-06 19:42:10 - [MESSAGE][PASSED] - ios_inventory.Location_details_Screen.add_Product_to_Location is PASSED

2021-10-06 19:42:10 - [TEST_STEP][PASSED] - ios_inventory.Location_details_Screen.add_Product_to_Location(Location_Name, Product_2): ios_inventory.Location_details_Screen.add_Product_to_Location is PASSED

2021-10-06 19:42:15 - [MESSAGE][WARNING] - Element 'Object Repository/iOS/Product_Search/Progress_Bar' not found
[[ATTACHMENT|/Users/sahil.vidaysingh/Katalon Studio/testing/Reports/20211006_192250/sanity_iOS/20211006_192250/1633529535646.png]]

2021-10-06 19:42:15 - [MESSAGE][WARNING] - Duration '0' is invalid. Using default duration.

2021-10-06 19:42:15 - [MESSAGE][WARNING] - Timeout '0' is invalid. Using default page load timeout: '30'

2021-10-06 19:42:22 - [MESSAGE][PASSED] - Tapped and held on element 'Object Repository/iOS/Inventory/Location Details_Screen/Add Product to Location/Product SearchField' with duration (default)

2021-10-06 19:42:24 - [MESSAGE][WARNING] - Element 'Object Repository/iOS/Product_Search/Progress_Bar' not found
[[ATTACHMENT|/Users/sahil.vidaysingh/Katalon Studio/testing/Reports/20211006_192250/sanity_iOS/20211006_192250/1633529544014.png]]

2021-10-06 19:42:24 - [MESSAGE][WARNING] - Timeout '0' is invalid. Using default page load timeout: '30'

2021-10-06 19:42:25 - [MESSAGE][PASSED] - Text 'par' has been set to element 'Object Repository/iOS/Inventory/Location Details_Screen/Add Product to Location/Product SearchField'

2021-10-06 19:42:25 - [MESSAGE][WARNING] - Duration '0' is invalid. Using default duration.

2021-10-06 19:42:25 - [MESSAGE][WARNING] - Timeout '0' is invalid. Using default page load timeout: '30'

2021-10-06 19:42:27 - [MESSAGE][PASSED] - Tapped and held on element 'Object Repository/iOS/Product_Search/Search Key_Button' with duration (default)

2021-10-06 19:42:27 - [MESSAGE][PASSED] - Element 'Object Repository/iOS/Product_Search/Progress_Bar' is exist

2021-10-06 19:42:28 - [MESSAGE][PASSED] - Delayed 1 second(s)

2021-10-06 19:42:29 - [MESSAGE][PASSED] - Element 'Object Repository/iOS/Product_Search/Progress_Bar' is exist

2021-10-06 19:42:30 - [MESSAGE][PASSED] - Delayed 1 second(s)

2021-10-06 19:42:31 - [MESSAGE][PASSED] - Element 'Object Repository/iOS/Product_Search/Progress_Bar' is exist

2021-10-06 19:42:32 - [MESSAGE][PASSED] - Delayed 1 second(s)

2021-10-06 19:42:40 - [MESSAGE][WARNING] - Element 'Object Repository/iOS/Product_Search/Progress_Bar' not found
[[ATTACHMENT|/Users/sahil.vidaysingh/Katalon Studio/testing/Reports/20211006_192250/sanity_iOS/20211006_192250/1633529559109.png]]

2021-10-06 19:42:40 - [MESSAGE][WARNING] - Timeout '0' is invalid. Using default page load timeout: '30'

2021-10-06 19:42:47 - [MESSAGE][PASSED] - Tapped on element 'Object Repository/iOS/Inventory/Location Details_Screen/Add Product to Location/Add Product to Location_Text'

2021-10-06 19:42:47 - [MESSAGE][WARNING] - Timeout '0' is invalid. Using default page load timeout: '30'

2021-10-06 19:42:56 - [MESSAGE][PASSED] - Tapped on element 'Object Repository/iOS/Inventory/Location Details_Screen/Add Product to Location/Continue Browsing After Adding Product_Text'

2021-10-06 19:42:56 - [MESSAGE][PASSED] - ios_inventory.Location_details_Screen.add_Product_to_Location is PASSED

2021-10-06 19:42:56 - [TEST_STEP][PASSED] - ios_common_keywords.Go_Back.Custom(): ios_common_keywords.Go_Back.Custom is PASSED

2021-10-06 19:43:01 - [MESSAGE][WARNING] - Element 'Object Repository/iOS/Product_Search/Progress_Bar' not found
[[ATTACHMENT|/Users/sahil.vidaysingh/Katalon Studio/testing/Reports/20211006_192250/sanity_iOS/20211006_192250/1633529581788.png]]

2021-10-06 19:43:06 - [MESSAGE][WARNING] - Element 'Object Repository/iOS/Product_Search/Back_Text' not found
[[ATTACHMENT|/Users/sahil.vidaysingh/Katalon Studio/testing/Reports/20211006_192250/sanity_iOS/20211006_192250/1633529586120.png]]

2021-10-06 19:43:12 - [MESSAGE][PASSED] - Tapped on element 'Object Repository/iOS/Inventory/Location Details_Screen/Add Product to Location/Back Button_Text'

2021-10-06 19:43:14 - [MESSAGE][WARNING] - Element 'Object Repository/iOS/Product_Search/Progress_Bar' not found
[[ATTACHMENT|/Users/sahil.vidaysingh/Katalon Studio/testing/Reports/20211006_192250/sanity_iOS/20211006_192250/1633529594527.png]]

2021-10-06 19:43:14 - [MESSAGE][PASSED] - ios_common_keywords.Go_Back.Custom is PASSED

2021-10-06 19:43:14 - [TEST_STEP][PASSED] - ios_common_keywords.Go_Back.Custom(): ios_common_keywords.Go_Back.Custom is PASSED

2021-10-06 19:43:17 - [MESSAGE][WARNING] - Element 'Object Repository/iOS/Product_Search/Progress_Bar' not found
[[ATTACHMENT|/Users/sahil.vidaysingh/Katalon Studio/testing/Reports/20211006_192250/sanity_iOS/20211006_192250/1633529597110.png]]

2021-10-06 19:43:21 - [MESSAGE][WARNING] - Element 'Object Repository/iOS/Product_Search/Back_Text' not found
[[ATTACHMENT|/Users/sahil.vidaysingh/Katalon Studio/testing/Reports/20211006_192250/sanity_iOS/20211006_192250/1633529601445.png]]

2021-10-06 19:43:23 - [MESSAGE][PASSED] - Tapped on element 'Object Repository/iOS/Inventory/Location Details_Screen/Add Product to Location/Back Button_Text'

2021-10-06 19:43:25 - [MESSAGE][WARNING] - Element 'Object Repository/iOS/Product_Search/Progress_Bar' not found
[[ATTACHMENT|/Users/sahil.vidaysingh/Katalon Studio/testing/Reports/20211006_192250/sanity_iOS/20211006_192250/1633529605799.png]]

2021-10-06 19:43:25 - [MESSAGE][PASSED] - ios_common_keywords.Go_Back.Custom is PASSED

2021-10-06 19:43:25 - [TEST_STEP][PASSED] - ios_inventory.Inventory_details_Screen.search_And_Add_Product_By_Creating_New_Location(Location_Name_2, Product_1, Cost_Type): ios_inventory.Inventory_details_Screen.search_And_Add_Product_By_Creating_New_Location is PASSED

2021-10-06 19:43:27 - [MESSAGE][WARNING] - Element 'Object Repository/iOS/Product_Search/Progress_Bar' not found
[[ATTACHMENT|/Users/sahil.vidaysingh/Katalon Studio/testing/Reports/20211006_192250/sanity_iOS/20211006_192250/1633529607350.png]]

2021-10-06 19:43:27 - [MESSAGE][WARNING] - Duration '0' is invalid. Using default duration.

2021-10-06 19:43:27 - [MESSAGE][WARNING] - Timeout '0' is invalid. Using default page load timeout: '30'

2021-10-06 19:43:29 - [MESSAGE][PASSED] - Tapped and held on element 'Object Repository/iOS/Inventory/Location Details_Screen/Add Product to Location/Product SearchField' with duration (default)

2021-10-06 19:43:30 - [MESSAGE][WARNING] - Element 'Object Repository/iOS/Product_Search/Progress_Bar' not found
[[ATTACHMENT|/Users/sahil.vidaysingh/Katalon Studio/testing/Reports/20211006_192250/sanity_iOS/20211006_192250/1633529610386.png]]

2021-10-06 19:43:30 - [MESSAGE][WARNING] - Timeout '0' is invalid. Using default page load timeout: '30'

2021-10-06 19:43:32 - [MESSAGE][PASSED] - Text 'tyl' has been set to element 'Object Repository/iOS/Inventory/Location Details_Screen/Add Product to Location/Product SearchField'

2021-10-06 19:43:32 - [MESSAGE][WARNING] - Duration '0' is invalid. Using default duration.

2021-10-06 19:43:32 - [MESSAGE][WARNING] - Timeout '0' is invalid. Using default page load timeout: '30'

2021-10-06 19:43:33 - [MESSAGE][PASSED] - Tapped and held on element 'Object Repository/iOS/Product_Search/Search Key_Button' with duration (default)

2021-10-06 19:43:33 - [MESSAGE][WARNING] - Timeout '0' is invalid. Using default page load timeout: '30'

2021-10-06 19:43:47 - [MESSAGE][PASSED] - Tapped on element 'Object Repository/iOS/Inventory/Inventory Details Screen/Add Product to Inventory using Search from Dashoboard/Add Product to Inventory_Text'

2021-10-06 19:43:47 - [MESSAGE][WARNING] - Timeout '0' is invalid. Using default page load timeout: '30'

2021-10-06 19:43:48 - [MESSAGE][PASSED] - Tapped on element 'Object Repository/iOS/Inventory/Location Details_Screen/Add Product to Location/Product_Generic_Action_Create_Location_Label'

2021-10-06 19:43:48 - [MESSAGE][WARNING] - Timeout '0' is invalid. Using default page load timeout: '30'

2021-10-06 19:43:49 - [MESSAGE][PASSED] - Tapped on element 'Object Repository/iOS/Inventory/Inventory Details Screen/Add Location/LocationName_TextField'

2021-10-06 19:43:49 - [MESSAGE][WARNING] - Timeout '0' is invalid. Using default page load timeout: '30'

2021-10-06 19:43:50 - [MESSAGE][PASSED] - Text 'light' has been set to element 'Object Repository/iOS/Inventory/Inventory Details Screen/Add Location/LocationName_TextField'

2021-10-06 19:43:50 - [MESSAGE][WARNING] - Timeout '0' is invalid. Using default page load timeout: '30'

2021-10-06 19:43:52 - [MESSAGE][PASSED] - Tapped on element 'Object Repository/iOS/Inventory/Inventory Details Screen/Add Location/Last Price_Button'

2021-10-06 19:43:52 - [MESSAGE][WARNING] - Duration '0' is invalid. Using default duration.

2021-10-06 19:43:52 - [MESSAGE][WARNING] - Timeout '0' is invalid. Using default page load timeout: '30'

2021-10-06 19:43:54 - [MESSAGE][PASSED] - Tapped and held on element 'Object Repository/iOS/Product_Search/Done Keypad_Text' with duration (default)

2021-10-06 19:43:54 - [MESSAGE][WARNING] - Timeout '0' is invalid. Using default page load timeout: '30'

2021-10-06 19:43:55 - [MESSAGE][PASSED] - Tapped on element 'Object Repository/iOS/Inventory/Inventory Details Screen/Add Location/Create New Location_Text'

2021-10-06 19:43:55 - [MESSAGE][WARNING] - Timeout '0' is invalid. Using default page load timeout: '30'

2021-10-06 19:43:59 - [MESSAGE][PASSED] - Tapped on element 'Object Repository/iOS/Inventory/Inventory Details Screen/Add Location/Tap On Location_Text'

2021-10-06 19:43:59 - [MESSAGE][WARNING] - Timeout '0' is invalid. Using default page load timeout: '30'

2021-10-06 19:44:00 - [MESSAGE][PASSED] - Tapped on element 'Object Repository/iOS/Inventory/Inventory Details Screen/Add Product to Inventory using Search from Dashoboard/Add Product to Inventory_Text'

2021-10-06 19:44:01 - [MESSAGE][WARNING] - Timeout '0' is invalid. Using default page load timeout: '30'

2021-10-06 19:44:01 - [MESSAGE][PASSED] - Tapped on element 'Object Repository/iOS/Inventory/Location Details_Screen/Copy Product from Location/Go to Location after Move or Copy or Adding Product_Text'

2021-10-06 19:44:02 - [MESSAGE][PASSED] - Element 'Object Repository/iOS/Product_Search/Progress_Bar' is exist

2021-10-06 19:44:03 - [MESSAGE][PASSED] - Delayed 1 second(s)

2021-10-06 19:44:05 - [MESSAGE][WARNING] - Element 'Object Repository/iOS/Product_Search/Progress_Bar' not found
[[ATTACHMENT|/Users/sahil.vidaysingh/Katalon Studio/testing/Reports/20211006_192250/sanity_iOS/20211006_192250/1633529645048.png]]

2021-10-06 19:44:05 - [MESSAGE][PASSED] - ios_inventory.Inventory_details_Screen.search_And_Add_Product_By_Creating_New_Location is PASSED

2021-10-06 19:44:05 - [TEST_STEP][PASSED] - ios_inventory.Location_details_Screen.upload_Location(): ios_inventory.Location_details_Screen.upload_Location is PASSED

2021-10-06 19:44:05 - [MESSAGE][WARNING] - Timeout '0' is invalid. Using default page load timeout: '30'

2021-10-06 19:44:06 - [MESSAGE][PASSED] - Tapped on element 'Object Repository/iOS/Inventory/Location Details_Screen/Upload_Order/Upload_Button'

2021-10-06 19:44:06 - [MESSAGE][WARNING] - Timeout '0' is invalid. Using default page load timeout: '30'

2021-10-06 19:44:12 - [MESSAGE][PASSED] - Tapped on element 'Object Repository/iOS/Inventory/Location Details_Screen/Upload_Order/Got it_Text'

2021-10-06 19:44:12 - [MESSAGE][PASSED] - ios_inventory.Location_details_Screen.upload_Location is PASSED

2021-10-06 19:44:12 - [TEST_STEP][PASSED] - ios_common_keywords.Go_Back.Custom(): ios_common_keywords.Go_Back.Custom is PASSED

2021-10-06 19:44:15 - [MESSAGE][WARNING] - Element 'Object Repository/iOS/Product_Search/Progress_Bar' not found
[[ATTACHMENT|/Users/sahil.vidaysingh/Katalon Studio/testing/Reports/20211006_192250/sanity_iOS/20211006_192250/1633529655149.png]]

2021-10-06 19:44:19 - [MESSAGE][WARNING] - Element 'Object Repository/iOS/Product_Search/Back_Text' not found
[[ATTACHMENT|/Users/sahil.vidaysingh/Katalon Studio/testing/Reports/20211006_192250/sanity_iOS/20211006_192250/1633529659453.png]]

2021-10-06 19:44:21 - [MESSAGE][PASSED] - Tapped on element 'Object Repository/iOS/Inventory/Location Details_Screen/Add Product to Location/Back Button_Text'

2021-10-06 19:44:23 - [MESSAGE][WARNING] - Element 'Object Repository/iOS/Product_Search/Progress_Bar' not found
[[ATTACHMENT|/Users/sahil.vidaysingh/Katalon Studio/testing/Reports/20211006_192250/sanity_iOS/20211006_192250/1633529663769.png]]

2021-10-06 19:44:23 - [MESSAGE][PASSED] - ios_common_keywords.Go_Back.Custom is PASSED

2021-10-06 19:44:23 - [TEST_STEP][PASSED] - ios_common_keywords.Go_Back.Custom(): ios_common_keywords.Go_Back.Custom is PASSED

2021-10-06 19:44:26 - [MESSAGE][WARNING] - Element 'Object Repository/iOS/Product_Search/Progress_Bar' not found
[[ATTACHMENT|/Users/sahil.vidaysingh/Katalon Studio/testing/Reports/20211006_192250/sanity_iOS/20211006_192250/1633529666285.png]]

2021-10-06 19:44:31 - [MESSAGE][WARNING] - Element 'Object Repository/iOS/Product_Search/Back_Text' not found
[[ATTACHMENT|/Users/sahil.vidaysingh/Katalon Studio/testing/Reports/20211006_192250/sanity_iOS/20211006_192250/1633529671097.png]]

2021-10-06 19:44:33 - [MESSAGE][PASSED] - Tapped on element 'Object Repository/iOS/Inventory/Location Details_Screen/Add Product to Location/Back Button_Text'

2021-10-06 19:44:35 - [MESSAGE][WARNING] - Element 'Object Repository/iOS/Product_Search/Progress_Bar' not found
[[ATTACHMENT|/Users/sahil.vidaysingh/Katalon Studio/testing/Reports/20211006_192250/sanity_iOS/20211006_192250/1633529675768.png]]

2021-10-06 19:44:35 - [MESSAGE][PASSED] - ios_common_keywords.Go_Back.Custom is PASSED

2021-10-06 19:44:35 - [TEST_STEP][PASSED] - ios_inventory.Inventory_listing_Screen.delete_Inventory(Inventory_Name): ios_inventory.Inventory_listing_Screen.delete_Inventory is PASSED

2021-10-06 19:44:37 - [MESSAGE][WARNING] - Element 'Object Repository/iOS/Product_Search/Progress_Bar' not found
[[ATTACHMENT|/Users/sahil.vidaysingh/Katalon Studio/testing/Reports/20211006_192250/sanity_iOS/20211006_192250/1633529677783.png]]

2021-10-06 19:44:37 - [MESSAGE][WARNING] - Timeout '0' is invalid. Using default page load timeout: '30'

2021-10-06 19:44:39 - [MESSAGE][PASSED] - Tapped on element 'Object Repository/iOS/Inventory/Inventory Listing Screen/Delete Inventory/Slide_PopUpButton For Inventory Deletion'

2021-10-06 19:44:40 - [MESSAGE][WARNING] - Timeout '0' is invalid. Using default page load timeout: '30'

2021-10-06 19:44:41 - [MESSAGE][PASSED] - Tapped on element 'Object Repository/iOS/Inventory/Inventory Listing Screen/Delete Inventory/Delete Inventory_Text'

2021-10-06 19:44:41 - [MESSAGE][WARNING] - Timeout '0' is invalid. Using default page load timeout: '30'

2021-10-06 19:44:43 - [MESSAGE][PASSED] - Tapped on element 'Object Repository/iOS/Inventory/Inventory Listing Screen/Delete Inventory/Yes for Deletion_Text'

2021-10-06 19:44:45 - [MESSAGE][PASSED] - Element 'Object Repository/iOS/Product_Search/Progress_Bar' is exist

2021-10-06 19:44:46 - [MESSAGE][PASSED] - Delayed 1 second(s)

2021-10-06 19:44:48 - [MESSAGE][WARNING] - Element 'Object Repository/iOS/Product_Search/Progress_Bar' not found
[[ATTACHMENT|/Users/sahil.vidaysingh/Katalon Studio/testing/Reports/20211006_192250/sanity_iOS/20211006_192250/1633529687927.png]]

2021-10-06 19:44:48 - [MESSAGE][WARNING] - Timeout '0' is invalid. Using default page load timeout: '30'

2021-10-06 19:45:18 - [MESSAGE][PASSED] - Element 'Object Repository/iOS/Inventory/Inventory Details Screen/Open Inventory Details/Open Inventory_Text' not found

2021-10-06 19:45:18 - [MESSAGE][PASSED] - ios_inventory.Inventory_listing_Screen.delete_Inventory is PASSED]]></system-out>
         <system-err><![CDATA[]]></system-err>
      </testcase>
      <testcase name="Test Cases/iOS/Inventory/Delete,Copy and Move Operations of product in Inventory" time="417.55" classname="Test Cases/iOS/Inventory/Delete,Copy and Move Operations of product in Inventory" status="PASSED">
         <system-out><![CDATA[2021-10-06 19:45:18 - [TEST_CASE][PASSED] - Test Cases/iOS/Inventory/Delete,Copy and Move Operations of product in Inventory: Test Cases/iOS/Inventory/Delete,Copy and Move Operations of product in Inventory

2021-10-06 19:45:18 - [TEST_STEP][PASSED] - ios_common_keywords.Start_Application.custom(): ios_common_keywords.Start_Application.custom is PASSED

2021-10-06 19:46:28 - [MESSAGE][PASSED] - Started app at: '/Users/sahil.vidaysingh/Downloads/Hatch 3.app'

2021-10-06 19:46:28 - [MESSAGE][PASSED] - ios_common_keywords.Start_Application.custom is PASSED

2021-10-06 19:46:28 - [TEST_STEP][PASSED] - ios_login.Login_Screen.login(Password): ios_login.Login_Screen.login is PASSED

2021-10-06 19:46:28 - [MESSAGE][PASSED] - Element 'Object Repository/iOS/LogIn/Environment_Selection_Screen/Environment Selection_Text' is exist

2021-10-06 19:46:28 - [MESSAGE][WARNING] - Timeout '0' is invalid. Using default page load timeout: '30'

2021-10-06 19:46:29 - [MESSAGE][PASSED] - Tapped on element 'Object Repository/iOS/LogIn/Environment_Selection_Screen/Environment Selection_Text'

2021-10-06 19:46:29 - [MESSAGE][WARNING] - Timeout '0' is invalid. Using default page load timeout: '30'

2021-10-06 19:46:30 - [MESSAGE][PASSED] - Tapped on element 'Object Repository/iOS/LogIn/Environment_Selection_Screen/Environment_Button'

2021-10-06 19:46:31 - [MESSAGE][WARNING] - Timeout '0' is invalid. Using default page load timeout: '30'

2021-10-06 19:46:31 - [MESSAGE][PASSED] - Tapped on element 'Object Repository/iOS/LogIn/Login_Details_Screen/Login UserName_Button'

2021-10-06 19:46:32 - [MESSAGE][WARNING] - Timeout '0' is invalid. Using default page load timeout: '30'

2021-10-06 19:46:33 - [MESSAGE][PASSED] - Text 'auto_ws_acute' has been set to element 'Object Repository/iOS/LogIn/Login_Details_Screen/UserName_Text_Field'

2021-10-06 19:46:33 - [MESSAGE][WARNING] - Timeout '0' is invalid. Using default page load timeout: '30'

2021-10-06 19:46:34 - [MESSAGE][PASSED] - Tapped on element 'Object Repository/iOS/LogIn/Login_Details_Screen/LoginBar-ButtonDown'

2021-10-06 19:46:34 - [MESSAGE][WARNING] - Timeout '0' is invalid. Using default page load timeout: '30'

2021-10-06 19:46:35 - [MESSAGE][PASSED] - Tapped on element 'Object Repository/iOS/LogIn/Login_Details_Screen/Password-Button'

2021-10-06 19:46:35 - [MESSAGE][WARNING] - Timeout '0' is invalid. Using default page load timeout: '30'

2021-10-06 19:46:36 - [MESSAGE][PASSED] - Text 'Cardinal1' has been set to element 'Object Repository/iOS/LogIn/Login_Details_Screen/Password-Secure_Text_Field'

2021-10-06 19:46:36 - [MESSAGE][WARNING] - Timeout '0' is invalid. Using default page load timeout: '30'

2021-10-06 19:46:37 - [MESSAGE][PASSED] - Tapped on element 'Object Repository/iOS/LogIn/Login_Details_Screen/SignIn_Button'

2021-10-06 19:46:37 - [MESSAGE][PASSED] - ios_login.Login_Screen.login is PASSED

2021-10-06 19:46:37 - [TEST_STEP][PASSED] - ios_account_selection.Select_An_Account.Custom(Account): ios_account_selection.Select_An_Account.Custom is PASSED

2021-10-06 19:46:39 - [MESSAGE][PASSED] - Element 'Object Repository/iOS/Product_Search/Progress_Bar' is exist

2021-10-06 19:46:40 - [MESSAGE][PASSED] - Delayed 1 second(s)

2021-10-06 19:46:41 - [MESSAGE][PASSED] - Element 'Object Repository/iOS/Product_Search/Progress_Bar' is exist

2021-10-06 19:46:42 - [MESSAGE][PASSED] - Delayed 1 second(s)

2021-10-06 19:46:43 - [MESSAGE][PASSED] - Element 'Object Repository/iOS/Product_Search/Progress_Bar' is exist

2021-10-06 19:46:44 - [MESSAGE][PASSED] - Delayed 1 second(s)

2021-10-06 19:46:45 - [MESSAGE][PASSED] - Element 'Object Repository/iOS/Product_Search/Progress_Bar' is exist

2021-10-06 19:46:46 - [MESSAGE][PASSED] - Delayed 1 second(s)

2021-10-06 19:46:46 - [MESSAGE][PASSED] - Element 'Object Repository/iOS/Product_Search/Progress_Bar' is exist

2021-10-06 19:46:47 - [MESSAGE][PASSED] - Delayed 1 second(s)

2021-10-06 19:46:48 - [MESSAGE][PASSED] - Element 'Object Repository/iOS/Product_Search/Progress_Bar' is exist

2021-10-06 19:46:49 - [MESSAGE][PASSED] - Delayed 1 second(s)

2021-10-06 19:46:49 - [MESSAGE][PASSED] - Element 'Object Repository/iOS/Product_Search/Progress_Bar' is exist

2021-10-06 19:46:50 - [MESSAGE][PASSED] - Delayed 1 second(s)

2021-10-06 19:46:51 - [MESSAGE][PASSED] - Element 'Object Repository/iOS/Product_Search/Progress_Bar' is exist

2021-10-06 19:46:52 - [MESSAGE][PASSED] - Delayed 1 second(s)

2021-10-06 19:46:52 - [MESSAGE][PASSED] - Element 'Object Repository/iOS/Product_Search/Progress_Bar' is exist

2021-10-06 19:46:53 - [MESSAGE][PASSED] - Delayed 1 second(s)

2021-10-06 19:46:55 - [MESSAGE][PASSED] - Element 'Object Repository/iOS/Product_Search/Progress_Bar' is exist

2021-10-06 19:46:56 - [MESSAGE][PASSED] - Delayed 1 second(s)

2021-10-06 19:46:56 - [MESSAGE][PASSED] - Element 'Object Repository/iOS/Product_Search/Progress_Bar' is exist

2021-10-06 19:46:57 - [MESSAGE][PASSED] - Delayed 1 second(s)

2021-10-06 19:46:59 - [MESSAGE][WARNING] - Element 'Object Repository/iOS/Product_Search/Progress_Bar' not found
[[ATTACHMENT|/Users/sahil.vidaysingh/Katalon Studio/testing/Reports/20211006_192250/sanity_iOS/20211006_192250/1633529818702.png]]

2021-10-06 19:46:59 - [MESSAGE][WARNING] - Timeout '0' is invalid. Using default page load timeout: '30'

2021-10-06 19:46:59 - [MESSAGE][PASSED] - Element 'Object Repository/iOS/Account_Selection/You must select an account to continue_Text' is present

2021-10-06 19:47:01 - [MESSAGE][PASSED] - Scrolling to text '11-487698' successfully

2021-10-06 19:47:01 - [MESSAGE][WARNING] - Timeout '0' is invalid. Using default page load timeout: '30'

2021-10-06 19:47:01 - [MESSAGE][PASSED] - Tapped on element 'Object Repository/iOS/Account_Selection/AccountNo_Text'

2021-10-06 19:47:03 - [MESSAGE][WARNING] - Element 'Object Repository/iOS/Product_Search/Progress_Bar' not found
[[ATTACHMENT|/Users/sahil.vidaysingh/Katalon Studio/testing/Reports/20211006_192250/sanity_iOS/20211006_192250/1633529823120.png]]

2021-10-06 19:47:03 - [MESSAGE][PASSED] - ios_account_selection.Select_An_Account.Custom is PASSED

2021-10-06 19:47:03 - [TEST_STEP][PASSED] - ios_dashboard.dashboard_details.click_On_More_Options(): ios_dashboard.dashboard_details.click_On_More_Options is PASSED

2021-10-06 19:47:03 - [MESSAGE][WARNING] - Timeout '0' is invalid. Using default page load timeout: '30'

2021-10-06 19:47:04 - [MESSAGE][PASSED] - Tapped on element 'Object Repository/iOS/Dashboard/More Options_Tab'

2021-10-06 19:47:04 - [MESSAGE][PASSED] - ios_dashboard.dashboard_details.click_On_More_Options is PASSED

2021-10-06 19:47:04 - [TEST_STEP][PASSED] - ios_more_options_screen.Go_To_Inventory_Listing_Screen.Custom(): ios_more_options_screen.Go_To_Inventory_Listing_Screen.Custom is PASSED

2021-10-06 19:47:08 - [MESSAGE][WARNING] - Element 'Object Repository/iOS/Product_Search/Progress_Bar' not found
[[ATTACHMENT|/Users/sahil.vidaysingh/Katalon Studio/testing/Reports/20211006_192250/sanity_iOS/20211006_192250/1633529828740.png]]

2021-10-06 19:47:08 - [MESSAGE][WARNING] - Timeout '0' is invalid. Using default page load timeout: '30'

2021-10-06 19:47:10 - [MESSAGE][PASSED] - Tapped on element 'Object Repository/iOS/More Options Screen/Inventory Selection Under MoreOptions_Text'

2021-10-06 19:47:11 - [MESSAGE][PASSED] - Element 'Object Repository/iOS/Product_Search/Progress_Bar' is exist

2021-10-06 19:47:15 - [MESSAGE][PASSED] - Delayed 4 second(s)

2021-10-06 19:47:21 - [MESSAGE][WARNING] - Element 'Object Repository/iOS/Product_Search/Progress_Bar' not found
[[ATTACHMENT|/Users/sahil.vidaysingh/Katalon Studio/testing/Reports/20211006_192250/sanity_iOS/20211006_192250/1633529840143.png]]

2021-10-06 19:47:21 - [MESSAGE][PASSED] - ios_more_options_screen.Go_To_Inventory_Listing_Screen.Custom is PASSED

2021-10-06 19:47:21 - [TEST_STEP][PASSED] - ios_inventory.Inventory_listing_Screen.create_Inventory(Inventory_Name): ios_inventory.Inventory_listing_Screen.create_Inventory is PASSED

2021-10-06 19:47:21 - [MESSAGE][WARNING] - Timeout '0' is invalid. Using default page load timeout: '30'

2021-10-06 19:47:22 - [MESSAGE][PASSED] - Element 'Object Repository/iOS/Inventory/Inventory Listing Screen/Verification Details/Create_InventorySectionHeader' is exist

2021-10-06 19:47:22 - [MESSAGE][WARNING] - Timeout '0' is invalid. Using default page load timeout: '30'

2021-10-06 19:47:23 - [MESSAGE][PASSED] - Tapped on element 'Object Repository/iOS/Inventory/Inventory Listing Screen/Verification Details/Create_InventorySectionHeader'

2021-10-06 19:47:23 - [MESSAGE][WARNING] - Timeout '0' is invalid. Using default page load timeout: '30'

2021-10-06 19:47:25 - [MESSAGE][PASSED] - Tapped on element 'Object Repository/iOS/Inventory/Inventory Listing Screen/Verification Details/Inventory Name_Text'

2021-10-06 19:47:25 - [MESSAGE][WARNING] - Timeout '0' is invalid. Using default page load timeout: '30'

2021-10-06 19:47:26 - [MESSAGE][PASSED] - Text 'KatalonInvv' has been set to element 'Object Repository/iOS/Inventory/Inventory Listing Screen/Verification Details/InventoryName TextField'

2021-10-06 19:47:26 - [MESSAGE][WARNING] - Duration '0' is invalid. Using default duration.

2021-10-06 19:47:26 - [MESSAGE][WARNING] - Timeout '0' is invalid. Using default page load timeout: '30'

2021-10-06 19:47:28 - [MESSAGE][PASSED] - Tapped and held on element 'Object Repository/iOS/Inventory/Inventory Listing Screen/Create New Inventory_Screen/Return_Keypad_Button' with duration (default)

2021-10-06 19:47:28 - [MESSAGE][WARNING] - Timeout '0' is invalid. Using default page load timeout: '30'

2021-10-06 19:47:29 - [MESSAGE][PASSED] - Tapped on element 'Object Repository/iOS/Inventory/Inventory Listing Screen/Create New Inventory_Screen/Create Inventory_Text'

2021-10-06 19:47:30 - [MESSAGE][PASSED] - Element 'Object Repository/iOS/Product_Search/Progress_Bar' is exist

2021-10-06 19:47:31 - [MESSAGE][PASSED] - Delayed 1 second(s)

2021-10-06 19:47:32 - [MESSAGE][WARNING] - Element 'Object Repository/iOS/Product_Search/Progress_Bar' not found
[[ATTACHMENT|/Users/sahil.vidaysingh/Katalon Studio/testing/Reports/20211006_192250/sanity_iOS/20211006_192250/1633529852635.png]]

2021-10-06 19:47:32 - [MESSAGE][PASSED] - ios_inventory.Inventory_listing_Screen.create_Inventory is PASSED

2021-10-06 19:47:32 - [TEST_STEP][PASSED] - ios_inventory.Inventory_details_Screen.add_Location(Location_1, Cost_Type): ios_inventory.Inventory_details_Screen.add_Location is PASSED

2021-10-06 19:47:32 - [MESSAGE][WARNING] - Timeout '0' is invalid. Using default page load timeout: '30'

2021-10-06 19:47:33 - [MESSAGE][PASSED] - Tapped on element 'Object Repository/iOS/Inventory/Inventory Details Screen/Add Location/Add location_Text'

2021-10-06 19:47:33 - [MESSAGE][WARNING] - Timeout '0' is invalid. Using default page load timeout: '30'

2021-10-06 19:47:35 - [MESSAGE][PASSED] - Tapped on element 'Object Repository/iOS/Inventory/Inventory Details Screen/Add Location/LocationName_TextField'

2021-10-06 19:47:35 - [MESSAGE][WARNING] - Timeout '0' is invalid. Using default page load timeout: '30'

2021-10-06 19:47:37 - [MESSAGE][PASSED] - Text 'TANJIROU' has been set to element 'Object Repository/iOS/Inventory/Inventory Details Screen/Add Location/LocationName_TextField'

2021-10-06 19:47:37 - [MESSAGE][WARNING] - Timeout '0' is invalid. Using default page load timeout: '30'

2021-10-06 19:47:38 - [MESSAGE][PASSED] - Tapped on element 'Object Repository/iOS/Inventory/Inventory Details Screen/Add Location/Last Price_Button'

2021-10-06 19:47:38 - [MESSAGE][WARNING] - Timeout '0' is invalid. Using default page load timeout: '30'

2021-10-06 19:47:40 - [MESSAGE][PASSED] - Tapped on element 'Object Repository/iOS/Inventory/Inventory Details Screen/Add Location/Create New Location_Text'

2021-10-06 19:47:41 - [MESSAGE][PASSED] - Element 'Object Repository/iOS/Product_Search/Progress_Bar' is exist

2021-10-06 19:47:42 - [MESSAGE][PASSED] - Delayed 1 second(s)

2021-10-06 19:47:44 - [MESSAGE][WARNING] - Element 'Object Repository/iOS/Product_Search/Progress_Bar' not found
[[ATTACHMENT|/Users/sahil.vidaysingh/Katalon Studio/testing/Reports/20211006_192250/sanity_iOS/20211006_192250/1633529863987.png]]

2021-10-06 19:47:44 - [MESSAGE][WARNING] - Timeout '0' is invalid. Using default page load timeout: '30'

2021-10-06 19:47:44 - [MESSAGE][PASSED] - Element 'Object Repository/iOS/Inventory/Inventory Details Screen/Add Location/LocationName Verification_Text' is exist

2021-10-06 19:47:44 - [MESSAGE][PASSED] - ios_inventory.Inventory_details_Screen.add_Location is PASSED

2021-10-06 19:47:44 - [TEST_STEP][PASSED] - ios_inventory.Inventory_details_Screen.click_On_Location(Location_1): ios_inventory.Inventory_details_Screen.click_On_Location is PASSED

2021-10-06 19:47:44 - [MESSAGE][WARNING] - Timeout '0' is invalid. Using default page load timeout: '30'

2021-10-06 19:47:45 - [MESSAGE][PASSED] - Tapped on element 'Object Repository/iOS/Inventory/Inventory Details Screen/Add Location/Tap On Location_Text'

2021-10-06 19:47:45 - [MESSAGE][PASSED] - ios_inventory.Inventory_details_Screen.click_On_Location is PASSED

2021-10-06 19:47:45 - [TEST_STEP][PASSED] - ios_inventory.Location_details_Screen.add_Product_to_Location(Location_1, Product_1): ios_inventory.Location_details_Screen.add_Product_to_Location is PASSED

2021-10-06 19:47:47 - [MESSAGE][PASSED] - Element 'Object Repository/iOS/Product_Search/Progress_Bar' is exist

2021-10-06 19:47:48 - [MESSAGE][PASSED] - Delayed 1 second(s)

2021-10-06 19:47:49 - [MESSAGE][WARNING] - Element 'Object Repository/iOS/Product_Search/Progress_Bar' not found
[[ATTACHMENT|/Users/sahil.vidaysingh/Katalon Studio/testing/Reports/20211006_192250/sanity_iOS/20211006_192250/1633529869280.png]]

2021-10-06 19:47:49 - [MESSAGE][WARNING] - Duration '0' is invalid. Using default duration.

2021-10-06 19:47:49 - [MESSAGE][WARNING] - Timeout '0' is invalid. Using default page load timeout: '30'

2021-10-06 19:47:50 - [MESSAGE][PASSED] - Tapped and held on element 'Object Repository/iOS/Inventory/Location Details_Screen/Add Product to Location/Product SearchField' with duration (default)

2021-10-06 19:47:52 - [MESSAGE][WARNING] - Element 'Object Repository/iOS/Product_Search/Progress_Bar' not found
[[ATTACHMENT|/Users/sahil.vidaysingh/Katalon Studio/testing/Reports/20211006_192250/sanity_iOS/20211006_192250/1633529872112.png]]

2021-10-06 19:47:52 - [MESSAGE][WARNING] - Timeout '0' is invalid. Using default page load timeout: '30'

2021-10-06 19:47:53 - [MESSAGE][PASSED] - Text 'tyl' has been set to element 'Object Repository/iOS/Inventory/Location Details_Screen/Add Product to Location/Product SearchField'

2021-10-06 19:47:53 - [MESSAGE][WARNING] - Duration '0' is invalid. Using default duration.

2021-10-06 19:47:53 - [MESSAGE][WARNING] - Timeout '0' is invalid. Using default page load timeout: '30'

2021-10-06 19:47:55 - [MESSAGE][PASSED] - Tapped and held on element 'Object Repository/iOS/Product_Search/Search Key_Button' with duration (default)

2021-10-06 19:47:56 - [MESSAGE][PASSED] - Element 'Object Repository/iOS/Product_Search/Progress_Bar' is exist

2021-10-06 19:47:57 - [MESSAGE][PASSED] - Delayed 1 second(s)

2021-10-06 19:47:57 - [MESSAGE][PASSED] - Element 'Object Repository/iOS/Product_Search/Progress_Bar' is exist

2021-10-06 19:47:58 - [MESSAGE][PASSED] - Delayed 1 second(s)

2021-10-06 19:47:59 - [MESSAGE][PASSED] - Element 'Object Repository/iOS/Product_Search/Progress_Bar' is exist

2021-10-06 19:48:00 - [MESSAGE][PASSED] - Delayed 1 second(s)

2021-10-06 19:48:03 - [MESSAGE][WARNING] - Element 'Object Repository/iOS/Product_Search/Progress_Bar' not found
[[ATTACHMENT|/Users/sahil.vidaysingh/Katalon Studio/testing/Reports/20211006_192250/sanity_iOS/20211006_192250/1633529883098.png]]

2021-10-06 19:48:03 - [MESSAGE][WARNING] - Timeout '0' is invalid. Using default page load timeout: '30'

2021-10-06 19:48:10 - [MESSAGE][PASSED] - Tapped on element 'Object Repository/iOS/Inventory/Location Details_Screen/Add Product to Location/Add Product to Location_Text'

2021-10-06 19:48:10 - [MESSAGE][WARNING] - Timeout '0' is invalid. Using default page load timeout: '30'

2021-10-06 19:48:18 - [MESSAGE][PASSED] - Tapped on element 'Object Repository/iOS/Inventory/Location Details_Screen/Add Product to Location/Continue Browsing After Adding Product_Text'

2021-10-06 19:48:18 - [MESSAGE][PASSED] - ios_inventory.Location_details_Screen.add_Product_to_Location is PASSED

2021-10-06 19:48:18 - [TEST_STEP][PASSED] - ios_common_keywords.Go_Back.Custom(): ios_common_keywords.Go_Back.Custom is PASSED

2021-10-06 19:48:23 - [MESSAGE][WARNING] - Element 'Object Repository/iOS/Product_Search/Progress_Bar' not found
[[ATTACHMENT|/Users/sahil.vidaysingh/Katalon Studio/testing/Reports/20211006_192250/sanity_iOS/20211006_192250/1633529903635.png]]

2021-10-06 19:48:32 - [MESSAGE][WARNING] - Element 'Object Repository/iOS/Product_Search/Back_Text' not found
[[ATTACHMENT|/Users/sahil.vidaysingh/Katalon Studio/testing/Reports/20211006_192250/sanity_iOS/20211006_192250/1633529911294.png]]

2021-10-06 19:48:38 - [MESSAGE][PASSED] - Tapped on element 'Object Repository/iOS/Inventory/Location Details_Screen/Add Product to Location/Back Button_Text'

2021-10-06 19:48:41 - [MESSAGE][WARNING] - Element 'Object Repository/iOS/Product_Search/Progress_Bar' not found
[[ATTACHMENT|/Users/sahil.vidaysingh/Katalon Studio/testing/Reports/20211006_192250/sanity_iOS/20211006_192250/1633529920133.png]]

2021-10-06 19:48:41 - [MESSAGE][PASSED] - ios_common_keywords.Go_Back.Custom is PASSED

2021-10-06 19:48:41 - [TEST_STEP][PASSED] - ios_common_keywords.Go_Back.Custom(): ios_common_keywords.Go_Back.Custom is PASSED

2021-10-06 19:48:43 - [MESSAGE][WARNING] - Element 'Object Repository/iOS/Product_Search/Progress_Bar' not found
[[ATTACHMENT|/Users/sahil.vidaysingh/Katalon Studio/testing/Reports/20211006_192250/sanity_iOS/20211006_192250/1633529923688.png]]

2021-10-06 19:48:48 - [MESSAGE][WARNING] - Element 'Object Repository/iOS/Product_Search/Back_Text' not found
[[ATTACHMENT|/Users/sahil.vidaysingh/Katalon Studio/testing/Reports/20211006_192250/sanity_iOS/20211006_192250/1633529928211.png]]

2021-10-06 19:48:49 - [MESSAGE][PASSED] - Tapped on element 'Object Repository/iOS/Inventory/Location Details_Screen/Add Product to Location/Back Button_Text'

2021-10-06 19:48:52 - [MESSAGE][WARNING] - Element 'Object Repository/iOS/Product_Search/Progress_Bar' not found
[[ATTACHMENT|/Users/sahil.vidaysingh/Katalon Studio/testing/Reports/20211006_192250/sanity_iOS/20211006_192250/1633529932454.png]]

2021-10-06 19:48:52 - [MESSAGE][PASSED] - ios_common_keywords.Go_Back.Custom is PASSED

2021-10-06 19:48:52 - [TEST_STEP][PASSED] - ios_inventory.Inventory_details_Screen.add_Location(Location_2, Cost_Type): ios_inventory.Inventory_details_Screen.add_Location is PASSED

2021-10-06 19:48:52 - [MESSAGE][WARNING] - Timeout '0' is invalid. Using default page load timeout: '30'

2021-10-06 19:48:53 - [MESSAGE][PASSED] - Tapped on element 'Object Repository/iOS/Inventory/Inventory Details Screen/Add Location/Add location_Text'

2021-10-06 19:48:53 - [MESSAGE][WARNING] - Timeout '0' is invalid. Using default page load timeout: '30'

2021-10-06 19:48:55 - [MESSAGE][PASSED] - Tapped on element 'Object Repository/iOS/Inventory/Inventory Details Screen/Add Location/LocationName_TextField'

2021-10-06 19:48:55 - [MESSAGE][WARNING] - Timeout '0' is invalid. Using default page load timeout: '30'

2021-10-06 19:48:57 - [MESSAGE][PASSED] - Text 'kaisen' has been set to element 'Object Repository/iOS/Inventory/Inventory Details Screen/Add Location/LocationName_TextField'

2021-10-06 19:48:57 - [MESSAGE][WARNING] - Timeout '0' is invalid. Using default page load timeout: '30'

2021-10-06 19:48:59 - [MESSAGE][PASSED] - Tapped on element 'Object Repository/iOS/Inventory/Inventory Details Screen/Add Location/Last Price_Button'

2021-10-06 19:48:59 - [MESSAGE][WARNING] - Timeout '0' is invalid. Using default page load timeout: '30'

2021-10-06 19:49:01 - [MESSAGE][PASSED] - Tapped on element 'Object Repository/iOS/Inventory/Inventory Details Screen/Add Location/Create New Location_Text'

2021-10-06 19:49:02 - [MESSAGE][PASSED] - Element 'Object Repository/iOS/Product_Search/Progress_Bar' is exist

2021-10-06 19:49:03 - [MESSAGE][PASSED] - Delayed 1 second(s)

2021-10-06 19:49:05 - [MESSAGE][WARNING] - Element 'Object Repository/iOS/Product_Search/Progress_Bar' not found
[[ATTACHMENT|/Users/sahil.vidaysingh/Katalon Studio/testing/Reports/20211006_192250/sanity_iOS/20211006_192250/1633529944921.png]]

2021-10-06 19:49:05 - [MESSAGE][WARNING] - Timeout '0' is invalid. Using default page load timeout: '30'

2021-10-06 19:49:05 - [MESSAGE][PASSED] - Element 'Object Repository/iOS/Inventory/Inventory Details Screen/Add Location/LocationName Verification_Text' is exist

2021-10-06 19:49:05 - [MESSAGE][PASSED] - ios_inventory.Inventory_details_Screen.add_Location is PASSED

2021-10-06 19:49:05 - [TEST_STEP][PASSED] - ios_inventory.Inventory_details_Screen.click_On_Location(Location_2): ios_inventory.Inventory_details_Screen.click_On_Location is PASSED

2021-10-06 19:49:05 - [MESSAGE][WARNING] - Timeout '0' is invalid. Using default page load timeout: '30'

2021-10-06 19:49:07 - [MESSAGE][PASSED] - Tapped on element 'Object Repository/iOS/Inventory/Inventory Details Screen/Add Location/Tap On Location_Text'

2021-10-06 19:49:07 - [MESSAGE][PASSED] - ios_inventory.Inventory_details_Screen.click_On_Location is PASSED

2021-10-06 19:49:07 - [TEST_STEP][PASSED] - ios_inventory.Location_details_Screen.add_Product_to_Location(Location_2, Product_2): ios_inventory.Location_details_Screen.add_Product_to_Location is PASSED

2021-10-06 19:49:08 - [MESSAGE][PASSED] - Element 'Object Repository/iOS/Product_Search/Progress_Bar' is exist

2021-10-06 19:49:09 - [MESSAGE][PASSED] - Delayed 1 second(s)

2021-10-06 19:49:11 - [MESSAGE][WARNING] - Element 'Object Repository/iOS/Product_Search/Progress_Bar' not found
[[ATTACHMENT|/Users/sahil.vidaysingh/Katalon Studio/testing/Reports/20211006_192250/sanity_iOS/20211006_192250/1633529951075.png]]

2021-10-06 19:49:11 - [MESSAGE][WARNING] - Duration '0' is invalid. Using default duration.

2021-10-06 19:49:11 - [MESSAGE][WARNING] - Timeout '0' is invalid. Using default page load timeout: '30'

2021-10-06 19:49:13 - [MESSAGE][PASSED] - Tapped and held on element 'Object Repository/iOS/Inventory/Location Details_Screen/Add Product to Location/Product SearchField' with duration (default)

2021-10-06 19:49:14 - [MESSAGE][WARNING] - Element 'Object Repository/iOS/Product_Search/Progress_Bar' not found
[[ATTACHMENT|/Users/sahil.vidaysingh/Katalon Studio/testing/Reports/20211006_192250/sanity_iOS/20211006_192250/1633529954344.png]]

2021-10-06 19:49:14 - [MESSAGE][WARNING] - Timeout '0' is invalid. Using default page load timeout: '30'

2021-10-06 19:49:16 - [MESSAGE][PASSED] - Text 'par' has been set to element 'Object Repository/iOS/Inventory/Location Details_Screen/Add Product to Location/Product SearchField'

2021-10-06 19:49:16 - [MESSAGE][WARNING] - Duration '0' is invalid. Using default duration.

2021-10-06 19:49:16 - [MESSAGE][WARNING] - Timeout '0' is invalid. Using default page load timeout: '30'

2021-10-06 19:49:18 - [MESSAGE][PASSED] - Tapped and held on element 'Object Repository/iOS/Product_Search/Search Key_Button' with duration (default)

2021-10-06 19:49:18 - [MESSAGE][PASSED] - Element 'Object Repository/iOS/Product_Search/Progress_Bar' is exist

2021-10-06 19:49:19 - [MESSAGE][PASSED] - Delayed 1 second(s)

2021-10-06 19:49:20 - [MESSAGE][PASSED] - Element 'Object Repository/iOS/Product_Search/Progress_Bar' is exist

2021-10-06 19:49:21 - [MESSAGE][PASSED] - Delayed 1 second(s)

2021-10-06 19:49:29 - [MESSAGE][WARNING] - Element 'Object Repository/iOS/Product_Search/Progress_Bar' not found
[[ATTACHMENT|/Users/sahil.vidaysingh/Katalon Studio/testing/Reports/20211006_192250/sanity_iOS/20211006_192250/1633529969308.png]]

2021-10-06 19:49:29 - [MESSAGE][WARNING] - Timeout '0' is invalid. Using default page load timeout: '30'

2021-10-06 19:49:37 - [MESSAGE][PASSED] - Tapped on element 'Object Repository/iOS/Inventory/Location Details_Screen/Add Product to Location/Add Product to Location_Text'

2021-10-06 19:49:37 - [MESSAGE][WARNING] - Timeout '0' is invalid. Using default page load timeout: '30'

2021-10-06 19:49:45 - [MESSAGE][PASSED] - Tapped on element 'Object Repository/iOS/Inventory/Location Details_Screen/Add Product to Location/Continue Browsing After Adding Product_Text'

2021-10-06 19:49:45 - [MESSAGE][PASSED] - ios_inventory.Location_details_Screen.add_Product_to_Location is PASSED

2021-10-06 19:49:45 - [TEST_STEP][PASSED] - ios_common_keywords.Go_Back.Custom(): ios_common_keywords.Go_Back.Custom is PASSED

2021-10-06 19:49:50 - [MESSAGE][WARNING] - Element 'Object Repository/iOS/Product_Search/Progress_Bar' not found
[[ATTACHMENT|/Users/sahil.vidaysingh/Katalon Studio/testing/Reports/20211006_192250/sanity_iOS/20211006_192250/1633529990803.png]]

2021-10-06 19:49:56 - [MESSAGE][WARNING] - Element 'Object Repository/iOS/Product_Search/Back_Text' not found
[[ATTACHMENT|/Users/sahil.vidaysingh/Katalon Studio/testing/Reports/20211006_192250/sanity_iOS/20211006_192250/1633529995091.png]]

2021-10-06 19:50:03 - [MESSAGE][PASSED] - Tapped on element 'Object Repository/iOS/Inventory/Location Details_Screen/Add Product to Location/Back Button_Text'

2021-10-06 19:50:05 - [MESSAGE][WARNING] - Element 'Object Repository/iOS/Product_Search/Progress_Bar' not found
[[ATTACHMENT|/Users/sahil.vidaysingh/Katalon Studio/testing/Reports/20211006_192250/sanity_iOS/20211006_192250/1633530005728.png]]

2021-10-06 19:50:05 - [MESSAGE][PASSED] - ios_common_keywords.Go_Back.Custom is PASSED

2021-10-06 19:50:05 - [TEST_STEP][PASSED] - ios_inventory.Location_details_Screen.copy_Product_to_Another_Location(Location_1): ios_inventory.Location_details_Screen.copy_Product_to_Another_Location is PASSED

2021-10-06 19:50:07 - [MESSAGE][WARNING] - Element 'Object Repository/iOS/Product_Search/Progress_Bar' not found
[[ATTACHMENT|/Users/sahil.vidaysingh/Katalon Studio/testing/Reports/20211006_192250/sanity_iOS/20211006_192250/1633530007032.png]]

2021-10-06 19:50:07 - [MESSAGE][WARNING] - Timeout '0' is invalid. Using default page load timeout: '30'

2021-10-06 19:50:08 - [MESSAGE][PASSED] - Tapped on element 'Object Repository/iOS/Inventory/Location Details_Screen/Delete_Location/Slide_PopUp_Button for Location Deletion'

2021-10-06 19:50:08 - [MESSAGE][WARNING] - Timeout '0' is invalid. Using default page load timeout: '30'

2021-10-06 19:50:10 - [MESSAGE][PASSED] - Tapped on element 'Object Repository/iOS/Inventory/Location Details_Screen/Copy Product from Location/Copy_Product_Text'

2021-10-06 19:50:10 - [MESSAGE][WARNING] - Timeout '0' is invalid. Using default page load timeout: '30'

2021-10-06 19:50:11 - [MESSAGE][PASSED] - Tapped on element 'Object Repository/iOS/Inventory/Location Details_Screen/Copy Product from Location/Move or Copy to Location_Text'

2021-10-06 19:50:11 - [MESSAGE][WARNING] - Timeout '0' is invalid. Using default page load timeout: '30'

2021-10-06 19:50:12 - [MESSAGE][PASSED] - Tapped on element 'Object Repository/iOS/Inventory/Location Details_Screen/Copy Product from Location/Copy_Product_Text'

2021-10-06 19:50:14 - [MESSAGE][WARNING] - Element 'Object Repository/iOS/Product_Search/Progress_Bar' not found
[[ATTACHMENT|/Users/sahil.vidaysingh/Katalon Studio/testing/Reports/20211006_192250/sanity_iOS/20211006_192250/1633530014120.png]]

2021-10-06 19:50:14 - [MESSAGE][WARNING] - Timeout '0' is invalid. Using default page load timeout: '30'

2021-10-06 19:50:15 - [MESSAGE][PASSED] - Tapped on element 'Object Repository/iOS/Inventory/Location Details_Screen/Copy Product from Location/Go to Location after Move or Copy or Adding Product_Text'

2021-10-06 19:50:17 - [MESSAGE][WARNING] - Element 'Object Repository/iOS/Product_Search/Progress_Bar' not found
[[ATTACHMENT|/Users/sahil.vidaysingh/Katalon Studio/testing/Reports/20211006_192250/sanity_iOS/20211006_192250/1633530017021.png]]

2021-10-06 19:50:17 - [MESSAGE][PASSED] - ios_inventory.Location_details_Screen.copy_Product_to_Another_Location is PASSED

2021-10-06 19:50:17 - [TEST_STEP][PASSED] - ios_inventory.Location_details_Screen.upload_Location(): ios_inventory.Location_details_Screen.upload_Location is PASSED

2021-10-06 19:50:17 - [MESSAGE][WARNING] - Timeout '0' is invalid. Using default page load timeout: '30'

2021-10-06 19:50:18 - [MESSAGE][PASSED] - Tapped on element 'Object Repository/iOS/Inventory/Location Details_Screen/Upload_Order/Upload_Button'

2021-10-06 19:50:18 - [MESSAGE][WARNING] - Timeout '0' is invalid. Using default page load timeout: '30'

2021-10-06 19:50:25 - [MESSAGE][PASSED] - Tapped on element 'Object Repository/iOS/Inventory/Location Details_Screen/Upload_Order/Got it_Text'

2021-10-06 19:50:25 - [MESSAGE][PASSED] - ios_inventory.Location_details_Screen.upload_Location is PASSED

2021-10-06 19:50:25 - [TEST_STEP][PASSED] - ios_common_keywords.Go_Back.Custom(): ios_common_keywords.Go_Back.Custom is PASSED

2021-10-06 19:50:28 - [MESSAGE][WARNING] - Element 'Object Repository/iOS/Product_Search/Progress_Bar' not found
[[ATTACHMENT|/Users/sahil.vidaysingh/Katalon Studio/testing/Reports/20211006_192250/sanity_iOS/20211006_192250/1633530028258.png]]

2021-10-06 19:50:33 - [MESSAGE][WARNING] - Element 'Object Repository/iOS/Product_Search/Back_Text' not found
[[ATTACHMENT|/Users/sahil.vidaysingh/Katalon Studio/testing/Reports/20211006_192250/sanity_iOS/20211006_192250/1633530032960.png]]

2021-10-06 19:50:34 - [MESSAGE][PASSED] - Tapped on element 'Object Repository/iOS/Inventory/Location Details_Screen/Add Product to Location/Back Button_Text'

2021-10-06 19:50:37 - [MESSAGE][WARNING] - Element 'Object Repository/iOS/Product_Search/Progress_Bar' not found
[[ATTACHMENT|/Users/sahil.vidaysingh/Katalon Studio/testing/Reports/20211006_192250/sanity_iOS/20211006_192250/1633530037413.png]]

2021-10-06 19:50:37 - [MESSAGE][PASSED] - ios_common_keywords.Go_Back.Custom is PASSED

2021-10-06 19:50:37 - [TEST_STEP][PASSED] - ios_inventory.Inventory_details_Screen.click_On_Location(Location_2): ios_inventory.Inventory_details_Screen.click_On_Location is PASSED

2021-10-06 19:50:37 - [MESSAGE][WARNING] - Timeout '0' is invalid. Using default page load timeout: '30'

2021-10-06 19:50:39 - [MESSAGE][PASSED] - Tapped on element 'Object Repository/iOS/Inventory/Inventory Details Screen/Add Location/Tap On Location_Text'

2021-10-06 19:50:39 - [MESSAGE][PASSED] - ios_inventory.Inventory_details_Screen.click_On_Location is PASSED

2021-10-06 19:50:39 - [TEST_STEP][PASSED] - ios_inventory.Location_details_Screen.move_Product_to_Another_Location(Location_1): ios_inventory.Location_details_Screen.move_Product_to_Another_Location is PASSED

2021-10-06 19:50:39 - [MESSAGE][WARNING] - Timeout '0' is invalid. Using default page load timeout: '30'

2021-10-06 19:50:41 - [MESSAGE][PASSED] - Tapped on element 'Object Repository/iOS/Inventory/Location Details_Screen/Delete_Location/Slide_PopUp_Button for Location Deletion'

2021-10-06 19:50:41 - [MESSAGE][WARNING] - Timeout '0' is invalid. Using default page load timeout: '30'

2021-10-06 19:50:43 - [MESSAGE][PASSED] - Tapped on element 'Object Repository/iOS/Inventory/Location Details_Screen/Move Product to Another Location/Move_Product_Text'

2021-10-06 19:50:43 - [MESSAGE][WARNING] - Timeout '0' is invalid. Using default page load timeout: '30'

2021-10-06 19:50:44 - [MESSAGE][PASSED] - Tapped on element 'Object Repository/iOS/Inventory/Location Details_Screen/Copy Product from Location/Move or Copy to Location_Text'

2021-10-06 19:50:44 - [MESSAGE][WARNING] - Timeout '0' is invalid. Using default page load timeout: '30'

2021-10-06 19:50:45 - [MESSAGE][PASSED] - Tapped on element 'Object Repository/iOS/Inventory/Location Details_Screen/Move Product to Another Location/Move_Product_Text'

2021-10-06 19:50:46 - [MESSAGE][WARNING] - Element 'Object Repository/iOS/Product_Search/Progress_Bar' not found
[[ATTACHMENT|/Users/sahil.vidaysingh/Katalon Studio/testing/Reports/20211006_192250/sanity_iOS/20211006_192250/1633530046248.png]]

2021-10-06 19:50:46 - [MESSAGE][WARNING] - Timeout '0' is invalid. Using default page load timeout: '30'

2021-10-06 19:50:47 - [MESSAGE][PASSED] - Tapped on element 'Object Repository/iOS/Inventory/Location Details_Screen/Copy Product from Location/Go to Location after Move or Copy or Adding Product_Text'

2021-10-06 19:50:49 - [MESSAGE][WARNING] - Element 'Object Repository/iOS/Product_Search/Progress_Bar' not found
[[ATTACHMENT|/Users/sahil.vidaysingh/Katalon Studio/testing/Reports/20211006_192250/sanity_iOS/20211006_192250/1633530049078.png]]

2021-10-06 19:50:49 - [MESSAGE][PASSED] - ios_inventory.Location_details_Screen.move_Product_to_Another_Location is PASSED

2021-10-06 19:50:49 - [TEST_STEP][PASSED] - ios_common_keywords.Go_Back.Custom(): ios_common_keywords.Go_Back.Custom is PASSED

2021-10-06 19:50:51 - [MESSAGE][WARNING] - Element 'Object Repository/iOS/Product_Search/Progress_Bar' not found
[[ATTACHMENT|/Users/sahil.vidaysingh/Katalon Studio/testing/Reports/20211006_192250/sanity_iOS/20211006_192250/1633530051374.png]]

2021-10-06 19:50:56 - [MESSAGE][WARNING] - Element 'Object Repository/iOS/Product_Search/Back_Text' not found
[[ATTACHMENT|/Users/sahil.vidaysingh/Katalon Studio/testing/Reports/20211006_192250/sanity_iOS/20211006_192250/1633530055940.png]]

2021-10-06 19:50:57 - [MESSAGE][PASSED] - Tapped on element 'Object Repository/iOS/Inventory/Location Details_Screen/Add Product to Location/Back Button_Text'

2021-10-06 19:50:59 - [MESSAGE][PASSED] - Element 'Object Repository/iOS/Product_Search/Progress_Bar' is exist

2021-10-06 19:51:01 - [MESSAGE][PASSED] - Delayed 2 second(s)

2021-10-06 19:51:03 - [MESSAGE][WARNING] - Element 'Object Repository/iOS/Product_Search/Progress_Bar' not found
[[ATTACHMENT|/Users/sahil.vidaysingh/Katalon Studio/testing/Reports/20211006_192250/sanity_iOS/20211006_192250/1633530063072.png]]

2021-10-06 19:51:03 - [MESSAGE][PASSED] - ios_common_keywords.Go_Back.Custom is PASSED

2021-10-06 19:51:03 - [TEST_STEP][PASSED] - ios_inventory.Inventory_details_Screen.click_On_Location(Location_1): ios_inventory.Inventory_details_Screen.click_On_Location is PASSED

2021-10-06 19:51:03 - [MESSAGE][WARNING] - Timeout '0' is invalid. Using default page load timeout: '30'

2021-10-06 19:51:04 - [MESSAGE][PASSED] - Tapped on element 'Object Repository/iOS/Inventory/Inventory Details Screen/Add Location/Tap On Location_Text'

2021-10-06 19:51:04 - [MESSAGE][PASSED] - ios_inventory.Inventory_details_Screen.click_On_Location is PASSED

2021-10-06 19:51:04 - [TEST_STEP][PASSED] - ios_inventory.Location_details_Screen.delete_Product(): ios_inventory.Location_details_Screen.delete_Product is PASSED

2021-10-06 19:51:04 - [MESSAGE][WARNING] - Timeout '0' is invalid. Using default page load timeout: '30'

2021-10-06 19:51:07 - [MESSAGE][PASSED] - Tapped on element 'Object Repository/iOS/Inventory/Location Details_Screen/Delete_Location/Slide_PopUp_Button for Location Deletion'

2021-10-06 19:51:07 - [MESSAGE][WARNING] - Timeout '0' is invalid. Using default page load timeout: '30'

2021-10-06 19:51:09 - [MESSAGE][PASSED] - Tapped on element 'Object Repository/iOS/Inventory/Location Details_Screen/Delete_Location/Delete Location_Text'

2021-10-06 19:51:09 - [MESSAGE][WARNING] - Timeout '0' is invalid. Using default page load timeout: '30'

2021-10-06 19:51:10 - [MESSAGE][PASSED] - Tapped on element 'Object Repository/iOS/Inventory/Location Details_Screen/Delete_Location/Yes_Text'

2021-10-06 19:51:10 - [MESSAGE][PASSED] - ios_inventory.Location_details_Screen.delete_Product is PASSED

2021-10-06 19:51:10 - [TEST_STEP][PASSED] - ios_common_keywords.Go_Back.Custom(): ios_common_keywords.Go_Back.Custom is PASSED

2021-10-06 19:51:11 - [MESSAGE][PASSED] - Element 'Object Repository/iOS/Product_Search/Progress_Bar' is exist

2021-10-06 19:51:13 - [MESSAGE][PASSED] - Delayed 2 second(s)

2021-10-06 19:51:16 - [MESSAGE][WARNING] - Element 'Object Repository/iOS/Product_Search/Progress_Bar' not found
[[ATTACHMENT|/Users/sahil.vidaysingh/Katalon Studio/testing/Reports/20211006_192250/sanity_iOS/20211006_192250/1633530076163.png]]

2021-10-06 19:51:20 - [MESSAGE][WARNING] - Element 'Object Repository/iOS/Product_Search/Back_Text' not found
[[ATTACHMENT|/Users/sahil.vidaysingh/Katalon Studio/testing/Reports/20211006_192250/sanity_iOS/20211006_192250/1633530080511.png]]

2021-10-06 19:51:22 - [MESSAGE][PASSED] - Tapped on element 'Object Repository/iOS/Inventory/Location Details_Screen/Add Product to Location/Back Button_Text'

2021-10-06 19:51:24 - [MESSAGE][WARNING] - Element 'Object Repository/iOS/Product_Search/Progress_Bar' not found
[[ATTACHMENT|/Users/sahil.vidaysingh/Katalon Studio/testing/Reports/20211006_192250/sanity_iOS/20211006_192250/1633530084422.png]]

2021-10-06 19:51:24 - [MESSAGE][PASSED] - ios_common_keywords.Go_Back.Custom is PASSED

2021-10-06 19:51:24 - [TEST_STEP][PASSED] - ios_common_keywords.Go_Back.Custom(): ios_common_keywords.Go_Back.Custom is PASSED

2021-10-06 19:51:26 - [MESSAGE][WARNING] - Element 'Object Repository/iOS/Product_Search/Progress_Bar' not found
[[ATTACHMENT|/Users/sahil.vidaysingh/Katalon Studio/testing/Reports/20211006_192250/sanity_iOS/20211006_192250/1633530086693.png]]

2021-10-06 19:51:30 - [MESSAGE][WARNING] - Element 'Object Repository/iOS/Product_Search/Back_Text' not found
[[ATTACHMENT|/Users/sahil.vidaysingh/Katalon Studio/testing/Reports/20211006_192250/sanity_iOS/20211006_192250/1633530090847.png]]

2021-10-06 19:51:32 - [MESSAGE][PASSED] - Tapped on element 'Object Repository/iOS/Inventory/Location Details_Screen/Add Product to Location/Back Button_Text'

2021-10-06 19:51:34 - [MESSAGE][WARNING] - Element 'Object Repository/iOS/Product_Search/Progress_Bar' not found
[[ATTACHMENT|/Users/sahil.vidaysingh/Katalon Studio/testing/Reports/20211006_192250/sanity_iOS/20211006_192250/1633530094426.png]]

2021-10-06 19:51:34 - [MESSAGE][PASSED] - ios_common_keywords.Go_Back.Custom is PASSED

2021-10-06 19:51:34 - [TEST_STEP][PASSED] - ios_inventory.Inventory_listing_Screen.delete_Inventory(Inventory_Name): ios_inventory.Inventory_listing_Screen.delete_Inventory is PASSED

2021-10-06 19:51:36 - [MESSAGE][WARNING] - Element 'Object Repository/iOS/Product_Search/Progress_Bar' not found
[[ATTACHMENT|/Users/sahil.vidaysingh/Katalon Studio/testing/Reports/20211006_192250/sanity_iOS/20211006_192250/1633530096284.png]]

2021-10-06 19:51:36 - [MESSAGE][WARNING] - Timeout '0' is invalid. Using default page load timeout: '30'

2021-10-06 19:51:37 - [MESSAGE][PASSED] - Tapped on element 'Object Repository/iOS/Inventory/Inventory Listing Screen/Delete Inventory/Slide_PopUpButton For Inventory Deletion'

2021-10-06 19:51:37 - [MESSAGE][WARNING] - Timeout '0' is invalid. Using default page load timeout: '30'

2021-10-06 19:51:39 - [MESSAGE][PASSED] - Tapped on element 'Object Repository/iOS/Inventory/Inventory Listing Screen/Delete Inventory/Delete Inventory_Text'

2021-10-06 19:51:39 - [MESSAGE][WARNING] - Timeout '0' is invalid. Using default page load timeout: '30'

2021-10-06 19:51:41 - [MESSAGE][PASSED] - Tapped on element 'Object Repository/iOS/Inventory/Inventory Listing Screen/Delete Inventory/Yes for Deletion_Text'

2021-10-06 19:51:42 - [MESSAGE][PASSED] - Element 'Object Repository/iOS/Product_Search/Progress_Bar' is exist

2021-10-06 19:51:43 - [MESSAGE][PASSED] - Delayed 1 second(s)

2021-10-06 19:51:45 - [MESSAGE][WARNING] - Element 'Object Repository/iOS/Product_Search/Progress_Bar' not found
[[ATTACHMENT|/Users/sahil.vidaysingh/Katalon Studio/testing/Reports/20211006_192250/sanity_iOS/20211006_192250/1633530105456.png]]

2021-10-06 19:51:45 - [MESSAGE][WARNING] - Timeout '0' is invalid. Using default page load timeout: '30'

2021-10-06 19:52:16 - [MESSAGE][PASSED] - Element 'Object Repository/iOS/Inventory/Inventory Details Screen/Open Inventory Details/Open Inventory_Text' not found

2021-10-06 19:52:16 - [MESSAGE][PASSED] - ios_inventory.Inventory_listing_Screen.delete_Inventory is PASSED]]></system-out>
         <system-err><![CDATA[]]></system-err>
      </testcase>
      <testcase name="Test Cases/iOS/Inventory/Inventory(Verify add,copy,move between location)" time="567.634" classname="Test Cases/iOS/Inventory/Inventory(Verify add,copy,move between location)" status="PASSED">
         <system-out><![CDATA[2021-10-06 19:52:16 - [TEST_CASE][PASSED] - Test Cases/iOS/Inventory/Inventory(Verify add,copy,move between location): Test Cases/iOS/Inventory/Inventory(Verify add,copy,move between location)

2021-10-06 19:52:16 - [TEST_STEP][PASSED] - ios_common_keywords.Start_Application.custom(): ios_common_keywords.Start_Application.custom is PASSED

2021-10-06 19:53:20 - [MESSAGE][PASSED] - Started app at: '/Users/sahil.vidaysingh/Downloads/Hatch 3.app'

2021-10-06 19:53:20 - [MESSAGE][PASSED] - ios_common_keywords.Start_Application.custom is PASSED

2021-10-06 19:53:20 - [TEST_STEP][PASSED] - ios_login.Login_Screen.login(Password): ios_login.Login_Screen.login is PASSED

2021-10-06 19:53:21 - [MESSAGE][PASSED] - Element 'Object Repository/iOS/LogIn/Environment_Selection_Screen/Environment Selection_Text' is exist

2021-10-06 19:53:21 - [MESSAGE][WARNING] - Timeout '0' is invalid. Using default page load timeout: '30'

2021-10-06 19:53:22 - [MESSAGE][PASSED] - Tapped on element 'Object Repository/iOS/LogIn/Environment_Selection_Screen/Environment Selection_Text'

2021-10-06 19:53:22 - [MESSAGE][WARNING] - Timeout '0' is invalid. Using default page load timeout: '30'

2021-10-06 19:53:23 - [MESSAGE][PASSED] - Tapped on element 'Object Repository/iOS/LogIn/Environment_Selection_Screen/Environment_Button'

2021-10-06 19:53:23 - [MESSAGE][WARNING] - Timeout '0' is invalid. Using default page load timeout: '30'

2021-10-06 19:53:24 - [MESSAGE][PASSED] - Tapped on element 'Object Repository/iOS/LogIn/Login_Details_Screen/Login UserName_Button'

2021-10-06 19:53:24 - [MESSAGE][WARNING] - Timeout '0' is invalid. Using default page load timeout: '30'

2021-10-06 19:53:25 - [MESSAGE][PASSED] - Text 'auto_ws_acute' has been set to element 'Object Repository/iOS/LogIn/Login_Details_Screen/UserName_Text_Field'

2021-10-06 19:53:25 - [MESSAGE][WARNING] - Timeout '0' is invalid. Using default page load timeout: '30'

2021-10-06 19:53:26 - [MESSAGE][PASSED] - Tapped on element 'Object Repository/iOS/LogIn/Login_Details_Screen/LoginBar-ButtonDown'

2021-10-06 19:53:26 - [MESSAGE][WARNING] - Timeout '0' is invalid. Using default page load timeout: '30'

2021-10-06 19:53:27 - [MESSAGE][PASSED] - Tapped on element 'Object Repository/iOS/LogIn/Login_Details_Screen/Password-Button'

2021-10-06 19:53:27 - [MESSAGE][WARNING] - Timeout '0' is invalid. Using default page load timeout: '30'

2021-10-06 19:53:28 - [MESSAGE][PASSED] - Text 'Cardinal1' has been set to element 'Object Repository/iOS/LogIn/Login_Details_Screen/Password-Secure_Text_Field'

2021-10-06 19:53:28 - [MESSAGE][WARNING] - Timeout '0' is invalid. Using default page load timeout: '30'

2021-10-06 19:53:30 - [MESSAGE][PASSED] - Tapped on element 'Object Repository/iOS/LogIn/Login_Details_Screen/SignIn_Button'

2021-10-06 19:53:30 - [MESSAGE][PASSED] - ios_login.Login_Screen.login is PASSED

2021-10-06 19:53:30 - [TEST_STEP][PASSED] - ios_account_selection.Select_An_Account.Custom(Account): ios_account_selection.Select_An_Account.Custom is PASSED

2021-10-06 19:53:30 - [MESSAGE][PASSED] - Element 'Object Repository/iOS/Product_Search/Progress_Bar' is exist

2021-10-06 19:53:31 - [MESSAGE][PASSED] - Delayed 1 second(s)

2021-10-06 19:53:33 - [MESSAGE][PASSED] - Element 'Object Repository/iOS/Product_Search/Progress_Bar' is exist

2021-10-06 19:53:34 - [MESSAGE][PASSED] - Delayed 1 second(s)

2021-10-06 19:53:34 - [MESSAGE][PASSED] - Element 'Object Repository/iOS/Product_Search/Progress_Bar' is exist

2021-10-06 19:53:35 - [MESSAGE][PASSED] - Delayed 1 second(s)

2021-10-06 19:53:36 - [MESSAGE][PASSED] - Element 'Object Repository/iOS/Product_Search/Progress_Bar' is exist

2021-10-06 19:53:37 - [MESSAGE][PASSED] - Delayed 1 second(s)

2021-10-06 19:53:37 - [MESSAGE][PASSED] - Element 'Object Repository/iOS/Product_Search/Progress_Bar' is exist

2021-10-06 19:53:38 - [MESSAGE][PASSED] - Delayed 1 second(s)

2021-10-06 19:53:39 - [MESSAGE][PASSED] - Element 'Object Repository/iOS/Product_Search/Progress_Bar' is exist

2021-10-06 19:53:40 - [MESSAGE][PASSED] - Delayed 1 second(s)

2021-10-06 19:53:40 - [MESSAGE][PASSED] - Element 'Object Repository/iOS/Product_Search/Progress_Bar' is exist

2021-10-06 19:53:41 - [MESSAGE][PASSED] - Delayed 1 second(s)

2021-10-06 19:53:42 - [MESSAGE][PASSED] - Element 'Object Repository/iOS/Product_Search/Progress_Bar' is exist

2021-10-06 19:53:43 - [MESSAGE][PASSED] - Delayed 1 second(s)

2021-10-06 19:53:43 - [MESSAGE][PASSED] - Element 'Object Repository/iOS/Product_Search/Progress_Bar' is exist

2021-10-06 19:53:44 - [MESSAGE][PASSED] - Delayed 1 second(s)

2021-10-06 19:53:45 - [MESSAGE][PASSED] - Element 'Object Repository/iOS/Product_Search/Progress_Bar' is exist

2021-10-06 19:53:46 - [MESSAGE][PASSED] - Delayed 1 second(s)

2021-10-06 19:53:47 - [MESSAGE][PASSED] - Element 'Object Repository/iOS/Product_Search/Progress_Bar' is exist

2021-10-06 19:53:48 - [MESSAGE][PASSED] - Delayed 1 second(s)

2021-10-06 19:53:49 - [MESSAGE][WARNING] - Element 'Object Repository/iOS/Product_Search/Progress_Bar' not found
[[ATTACHMENT|/Users/sahil.vidaysingh/Katalon Studio/testing/Reports/20211006_192250/sanity_iOS/20211006_192250/1633530229272.png]]

2021-10-06 19:53:49 - [MESSAGE][WARNING] - Timeout '0' is invalid. Using default page load timeout: '30'

2021-10-06 19:53:50 - [MESSAGE][PASSED] - Element 'Object Repository/iOS/Account_Selection/You must select an account to continue_Text' is present

2021-10-06 19:53:51 - [MESSAGE][PASSED] - Scrolling to text '11-487698' successfully

2021-10-06 19:53:51 - [MESSAGE][WARNING] - Timeout '0' is invalid. Using default page load timeout: '30'

2021-10-06 19:53:51 - [MESSAGE][PASSED] - Tapped on element 'Object Repository/iOS/Account_Selection/AccountNo_Text'

2021-10-06 19:53:53 - [MESSAGE][WARNING] - Element 'Object Repository/iOS/Product_Search/Progress_Bar' not found
[[ATTACHMENT|/Users/sahil.vidaysingh/Katalon Studio/testing/Reports/20211006_192250/sanity_iOS/20211006_192250/1633530233222.png]]

2021-10-06 19:53:53 - [MESSAGE][PASSED] - ios_account_selection.Select_An_Account.Custom is PASSED

2021-10-06 19:53:53 - [TEST_STEP][PASSED] - ios_dashboard.dashboard_details.click_On_More_Options(): ios_dashboard.dashboard_details.click_On_More_Options is PASSED

2021-10-06 19:53:53 - [MESSAGE][WARNING] - Timeout '0' is invalid. Using default page load timeout: '30'

2021-10-06 19:53:54 - [MESSAGE][PASSED] - Tapped on element 'Object Repository/iOS/Dashboard/More Options_Tab'

2021-10-06 19:53:54 - [MESSAGE][PASSED] - ios_dashboard.dashboard_details.click_On_More_Options is PASSED

2021-10-06 19:53:54 - [TEST_STEP][PASSED] - ios_more_options_screen.Go_To_Inventory_Listing_Screen.Custom(): ios_more_options_screen.Go_To_Inventory_Listing_Screen.Custom is PASSED

2021-10-06 19:53:58 - [MESSAGE][WARNING] - Element 'Object Repository/iOS/Product_Search/Progress_Bar' not found
[[ATTACHMENT|/Users/sahil.vidaysingh/Katalon Studio/testing/Reports/20211006_192250/sanity_iOS/20211006_192250/1633530238647.png]]

2021-10-06 19:53:58 - [MESSAGE][WARNING] - Timeout '0' is invalid. Using default page load timeout: '30'

2021-10-06 19:54:00 - [MESSAGE][PASSED] - Tapped on element 'Object Repository/iOS/More Options Screen/Inventory Selection Under MoreOptions_Text'

2021-10-06 19:54:00 - [MESSAGE][PASSED] - Element 'Object Repository/iOS/Product_Search/Progress_Bar' is exist

2021-10-06 19:54:04 - [MESSAGE][PASSED] - Delayed 4 second(s)

2021-10-06 19:54:09 - [MESSAGE][WARNING] - Element 'Object Repository/iOS/Product_Search/Progress_Bar' not found
[[ATTACHMENT|/Users/sahil.vidaysingh/Katalon Studio/testing/Reports/20211006_192250/sanity_iOS/20211006_192250/1633530248910.png]]

2021-10-06 19:54:09 - [MESSAGE][PASSED] - ios_more_options_screen.Go_To_Inventory_Listing_Screen.Custom is PASSED

2021-10-06 19:54:09 - [TEST_STEP][PASSED] - ios_inventory.Inventory_listing_Screen.create_Inventory(Inventory_Name): ios_inventory.Inventory_listing_Screen.create_Inventory is PASSED

2021-10-06 19:54:09 - [MESSAGE][WARNING] - Timeout '0' is invalid. Using default page load timeout: '30'

2021-10-06 19:54:09 - [MESSAGE][PASSED] - Element 'Object Repository/iOS/Inventory/Inventory Listing Screen/Verification Details/Create_InventorySectionHeader' is exist

2021-10-06 19:54:09 - [MESSAGE][WARNING] - Timeout '0' is invalid. Using default page load timeout: '30'

2021-10-06 19:54:10 - [MESSAGE][PASSED] - Tapped on element 'Object Repository/iOS/Inventory/Inventory Listing Screen/Verification Details/Create_InventorySectionHeader'

2021-10-06 19:54:11 - [MESSAGE][WARNING] - Timeout '0' is invalid. Using default page load timeout: '30'

2021-10-06 19:54:12 - [MESSAGE][PASSED] - Tapped on element 'Object Repository/iOS/Inventory/Inventory Listing Screen/Verification Details/Inventory Name_Text'

2021-10-06 19:54:12 - [MESSAGE][WARNING] - Timeout '0' is invalid. Using default page load timeout: '30'

2021-10-06 19:54:13 - [MESSAGE][PASSED] - Text 'KatalonInvv' has been set to element 'Object Repository/iOS/Inventory/Inventory Listing Screen/Verification Details/InventoryName TextField'

2021-10-06 19:54:13 - [MESSAGE][WARNING] - Duration '0' is invalid. Using default duration.

2021-10-06 19:54:13 - [MESSAGE][WARNING] - Timeout '0' is invalid. Using default page load timeout: '30'

2021-10-06 19:54:15 - [MESSAGE][PASSED] - Tapped and held on element 'Object Repository/iOS/Inventory/Inventory Listing Screen/Create New Inventory_Screen/Return_Keypad_Button' with duration (default)

2021-10-06 19:54:15 - [MESSAGE][WARNING] - Timeout '0' is invalid. Using default page load timeout: '30'

2021-10-06 19:54:16 - [MESSAGE][PASSED] - Tapped on element 'Object Repository/iOS/Inventory/Inventory Listing Screen/Create New Inventory_Screen/Create Inventory_Text'

2021-10-06 19:54:16 - [MESSAGE][PASSED] - Element 'Object Repository/iOS/Product_Search/Progress_Bar' is exist

2021-10-06 19:54:17 - [MESSAGE][PASSED] - Delayed 1 second(s)

2021-10-06 19:54:19 - [MESSAGE][WARNING] - Element 'Object Repository/iOS/Product_Search/Progress_Bar' not found
[[ATTACHMENT|/Users/sahil.vidaysingh/Katalon Studio/testing/Reports/20211006_192250/sanity_iOS/20211006_192250/1633530259101.png]]

2021-10-06 19:54:19 - [MESSAGE][PASSED] - ios_inventory.Inventory_listing_Screen.create_Inventory is PASSED

2021-10-06 19:54:19 - [TEST_STEP][PASSED] - ios_inventory.Inventory_details_Screen.add_Location(Location_1, Cost_Type): ios_inventory.Inventory_details_Screen.add_Location is PASSED

2021-10-06 19:54:19 - [MESSAGE][WARNING] - Timeout '0' is invalid. Using default page load timeout: '30'

2021-10-06 19:54:20 - [MESSAGE][PASSED] - Tapped on element 'Object Repository/iOS/Inventory/Inventory Details Screen/Add Location/Add location_Text'

2021-10-06 19:54:20 - [MESSAGE][WARNING] - Timeout '0' is invalid. Using default page load timeout: '30'

2021-10-06 19:54:21 - [MESSAGE][PASSED] - Tapped on element 'Object Repository/iOS/Inventory/Inventory Details Screen/Add Location/LocationName_TextField'

2021-10-06 19:54:21 - [MESSAGE][WARNING] - Timeout '0' is invalid. Using default page load timeout: '30'

2021-10-06 19:54:22 - [MESSAGE][PASSED] - Text 'jujutsu' has been set to element 'Object Repository/iOS/Inventory/Inventory Details Screen/Add Location/LocationName_TextField'

2021-10-06 19:54:22 - [MESSAGE][WARNING] - Timeout '0' is invalid. Using default page load timeout: '30'

2021-10-06 19:54:23 - [MESSAGE][PASSED] - Tapped on element 'Object Repository/iOS/Inventory/Inventory Details Screen/Add Location/Last Price_Button'

2021-10-06 19:54:23 - [MESSAGE][WARNING] - Timeout '0' is invalid. Using default page load timeout: '30'

2021-10-06 19:54:25 - [MESSAGE][PASSED] - Tapped on element 'Object Repository/iOS/Inventory/Inventory Details Screen/Add Location/Create New Location_Text'

2021-10-06 19:54:26 - [MESSAGE][PASSED] - Element 'Object Repository/iOS/Product_Search/Progress_Bar' is exist

2021-10-06 19:54:27 - [MESSAGE][PASSED] - Delayed 1 second(s)

2021-10-06 19:54:28 - [MESSAGE][WARNING] - Element 'Object Repository/iOS/Product_Search/Progress_Bar' not found
[[ATTACHMENT|/Users/sahil.vidaysingh/Katalon Studio/testing/Reports/20211006_192250/sanity_iOS/20211006_192250/1633530268203.png]]

2021-10-06 19:54:28 - [MESSAGE][WARNING] - Timeout '0' is invalid. Using default page load timeout: '30'

2021-10-06 19:54:28 - [MESSAGE][PASSED] - Element 'Object Repository/iOS/Inventory/Inventory Details Screen/Add Location/LocationName Verification_Text' is exist

2021-10-06 19:54:28 - [MESSAGE][PASSED] - ios_inventory.Inventory_details_Screen.add_Location is PASSED

2021-10-06 19:54:28 - [TEST_STEP][PASSED] - ios_inventory.Inventory_details_Screen.click_On_Location(Location_1): ios_inventory.Inventory_details_Screen.click_On_Location is PASSED

2021-10-06 19:54:28 - [MESSAGE][WARNING] - Timeout '0' is invalid. Using default page load timeout: '30'

2021-10-06 19:54:29 - [MESSAGE][PASSED] - Tapped on element 'Object Repository/iOS/Inventory/Inventory Details Screen/Add Location/Tap On Location_Text'

2021-10-06 19:54:29 - [MESSAGE][PASSED] - ios_inventory.Inventory_details_Screen.click_On_Location is PASSED

2021-10-06 19:54:29 - [TEST_STEP][PASSED] - ios_inventory.Location_details_Screen.add_Product_to_Location(Location_1, Product_1): ios_inventory.Location_details_Screen.add_Product_to_Location is PASSED

2021-10-06 19:54:31 - [MESSAGE][PASSED] - Element 'Object Repository/iOS/Product_Search/Progress_Bar' is exist

2021-10-06 19:54:32 - [MESSAGE][PASSED] - Delayed 1 second(s)

2021-10-06 19:54:33 - [MESSAGE][WARNING] - Element 'Object Repository/iOS/Product_Search/Progress_Bar' not found
[[ATTACHMENT|/Users/sahil.vidaysingh/Katalon Studio/testing/Reports/20211006_192250/sanity_iOS/20211006_192250/1633530273473.png]]

2021-10-06 19:54:33 - [MESSAGE][WARNING] - Duration '0' is invalid. Using default duration.

2021-10-06 19:54:33 - [MESSAGE][WARNING] - Timeout '0' is invalid. Using default page load timeout: '30'

2021-10-06 19:54:35 - [MESSAGE][PASSED] - Tapped and held on element 'Object Repository/iOS/Inventory/Location Details_Screen/Add Product to Location/Product SearchField' with duration (default)

2021-10-06 19:54:36 - [MESSAGE][WARNING] - Element 'Object Repository/iOS/Product_Search/Progress_Bar' not found
[[ATTACHMENT|/Users/sahil.vidaysingh/Katalon Studio/testing/Reports/20211006_192250/sanity_iOS/20211006_192250/1633530276270.png]]

2021-10-06 19:54:36 - [MESSAGE][WARNING] - Timeout '0' is invalid. Using default page load timeout: '30'

2021-10-06 19:54:37 - [MESSAGE][PASSED] - Text 'tyl' has been set to element 'Object Repository/iOS/Inventory/Location Details_Screen/Add Product to Location/Product SearchField'

2021-10-06 19:54:37 - [MESSAGE][WARNING] - Duration '0' is invalid. Using default duration.

2021-10-06 19:54:37 - [MESSAGE][WARNING] - Timeout '0' is invalid. Using default page load timeout: '30'

2021-10-06 19:54:39 - [MESSAGE][PASSED] - Tapped and held on element 'Object Repository/iOS/Product_Search/Search Key_Button' with duration (default)

2021-10-06 19:54:40 - [MESSAGE][PASSED] - Element 'Object Repository/iOS/Product_Search/Progress_Bar' is exist

2021-10-06 19:54:41 - [MESSAGE][PASSED] - Delayed 1 second(s)

2021-10-06 19:54:41 - [MESSAGE][PASSED] - Element 'Object Repository/iOS/Product_Search/Progress_Bar' is exist

2021-10-06 19:54:43 - [MESSAGE][PASSED] - Delayed 1 second(s)

2021-10-06 19:54:43 - [MESSAGE][PASSED] - Element 'Object Repository/iOS/Product_Search/Progress_Bar' is exist

2021-10-06 19:54:44 - [MESSAGE][PASSED] - Delayed 1 second(s)

2021-10-06 19:54:53 - [MESSAGE][PASSED] - Element 'Object Repository/iOS/Product_Search/Progress_Bar' is exist

2021-10-06 19:54:54 - [MESSAGE][PASSED] - Delayed 1 second(s)

2021-10-06 19:55:00 - [MESSAGE][WARNING] - Element 'Object Repository/iOS/Product_Search/Progress_Bar' not found
[[ATTACHMENT|/Users/sahil.vidaysingh/Katalon Studio/testing/Reports/20211006_192250/sanity_iOS/20211006_192250/1633530299288.png]]

2021-10-06 19:55:00 - [MESSAGE][WARNING] - Timeout '0' is invalid. Using default page load timeout: '30'

2021-10-06 19:55:07 - [MESSAGE][PASSED] - Tapped on element 'Object Repository/iOS/Inventory/Location Details_Screen/Add Product to Location/Add Product to Location_Text'

2021-10-06 19:55:07 - [MESSAGE][WARNING] - Timeout '0' is invalid. Using default page load timeout: '30'

2021-10-06 19:55:14 - [MESSAGE][PASSED] - Tapped on element 'Object Repository/iOS/Inventory/Location Details_Screen/Add Product to Location/Continue Browsing After Adding Product_Text'

2021-10-06 19:55:14 - [MESSAGE][PASSED] - ios_inventory.Location_details_Screen.add_Product_to_Location is PASSED

2021-10-06 19:55:14 - [TEST_STEP][PASSED] - ios_common_keywords.Go_Back.Custom(): ios_common_keywords.Go_Back.Custom is PASSED

2021-10-06 19:55:19 - [MESSAGE][WARNING] - Element 'Object Repository/iOS/Product_Search/Progress_Bar' not found
[[ATTACHMENT|/Users/sahil.vidaysingh/Katalon Studio/testing/Reports/20211006_192250/sanity_iOS/20211006_192250/1633530319710.png]]

2021-10-06 19:55:27 - [MESSAGE][WARNING] - Element 'Object Repository/iOS/Product_Search/Back_Text' not found
[[ATTACHMENT|/Users/sahil.vidaysingh/Katalon Studio/testing/Reports/20211006_192250/sanity_iOS/20211006_192250/1633530326833.png]]

2021-10-06 19:55:33 - [MESSAGE][PASSED] - Tapped on element 'Object Repository/iOS/Inventory/Location Details_Screen/Add Product to Location/Back Button_Text'

2021-10-06 19:55:36 - [MESSAGE][WARNING] - Element 'Object Repository/iOS/Product_Search/Progress_Bar' not found
[[ATTACHMENT|/Users/sahil.vidaysingh/Katalon Studio/testing/Reports/20211006_192250/sanity_iOS/20211006_192250/1633530335694.png]]

2021-10-06 19:55:36 - [MESSAGE][PASSED] - ios_common_keywords.Go_Back.Custom is PASSED

2021-10-06 19:55:36 - [TEST_STEP][PASSED] - ios_common_keywords.Go_Back.Custom(): ios_common_keywords.Go_Back.Custom is PASSED

2021-10-06 19:55:39 - [MESSAGE][WARNING] - Element 'Object Repository/iOS/Product_Search/Progress_Bar' not found
[[ATTACHMENT|/Users/sahil.vidaysingh/Katalon Studio/testing/Reports/20211006_192250/sanity_iOS/20211006_192250/1633530339087.png]]

2021-10-06 19:55:43 - [MESSAGE][WARNING] - Element 'Object Repository/iOS/Product_Search/Back_Text' not found
[[ATTACHMENT|/Users/sahil.vidaysingh/Katalon Studio/testing/Reports/20211006_192250/sanity_iOS/20211006_192250/1633530343321.png]]

2021-10-06 19:55:44 - [MESSAGE][PASSED] - Tapped on element 'Object Repository/iOS/Inventory/Location Details_Screen/Add Product to Location/Back Button_Text'

2021-10-06 19:55:46 - [MESSAGE][WARNING] - Element 'Object Repository/iOS/Product_Search/Progress_Bar' not found
[[ATTACHMENT|/Users/sahil.vidaysingh/Katalon Studio/testing/Reports/20211006_192250/sanity_iOS/20211006_192250/1633530346542.png]]

2021-10-06 19:55:46 - [MESSAGE][PASSED] - ios_common_keywords.Go_Back.Custom is PASSED

2021-10-06 19:55:46 - [TEST_STEP][PASSED] - ios_inventory.Inventory_details_Screen.add_Location(Location_2, Cost_Type): ios_inventory.Inventory_details_Screen.add_Location is PASSED

2021-10-06 19:55:46 - [MESSAGE][WARNING] - Timeout '0' is invalid. Using default page load timeout: '30'

2021-10-06 19:55:47 - [MESSAGE][PASSED] - Tapped on element 'Object Repository/iOS/Inventory/Inventory Details Screen/Add Location/Add location_Text'

2021-10-06 19:55:47 - [MESSAGE][WARNING] - Timeout '0' is invalid. Using default page load timeout: '30'

2021-10-06 19:55:48 - [MESSAGE][PASSED] - Tapped on element 'Object Repository/iOS/Inventory/Inventory Details Screen/Add Location/LocationName_TextField'

2021-10-06 19:55:48 - [MESSAGE][WARNING] - Timeout '0' is invalid. Using default page load timeout: '30'

2021-10-06 19:55:50 - [MESSAGE][PASSED] - Text 'kaisen' has been set to element 'Object Repository/iOS/Inventory/Inventory Details Screen/Add Location/LocationName_TextField'

2021-10-06 19:55:50 - [MESSAGE][WARNING] - Timeout '0' is invalid. Using default page load timeout: '30'

2021-10-06 19:55:51 - [MESSAGE][PASSED] - Tapped on element 'Object Repository/iOS/Inventory/Inventory Details Screen/Add Location/Last Price_Button'

2021-10-06 19:55:51 - [MESSAGE][WARNING] - Timeout '0' is invalid. Using default page load timeout: '30'

2021-10-06 19:55:53 - [MESSAGE][PASSED] - Tapped on element 'Object Repository/iOS/Inventory/Inventory Details Screen/Add Location/Create New Location_Text'

2021-10-06 19:55:54 - [MESSAGE][PASSED] - Element 'Object Repository/iOS/Product_Search/Progress_Bar' is exist

2021-10-06 19:55:55 - [MESSAGE][PASSED] - Delayed 1 second(s)

2021-10-06 19:55:57 - [MESSAGE][WARNING] - Element 'Object Repository/iOS/Product_Search/Progress_Bar' not found
[[ATTACHMENT|/Users/sahil.vidaysingh/Katalon Studio/testing/Reports/20211006_192250/sanity_iOS/20211006_192250/1633530357269.png]]

2021-10-06 19:55:57 - [MESSAGE][WARNING] - Timeout '0' is invalid. Using default page load timeout: '30'

2021-10-06 19:55:58 - [MESSAGE][PASSED] - Element 'Object Repository/iOS/Inventory/Inventory Details Screen/Add Location/LocationName Verification_Text' is exist

2021-10-06 19:55:58 - [MESSAGE][PASSED] - ios_inventory.Inventory_details_Screen.add_Location is PASSED

2021-10-06 19:55:58 - [TEST_STEP][PASSED] - ios_inventory.Inventory_details_Screen.click_On_Location(Location_2): ios_inventory.Inventory_details_Screen.click_On_Location is PASSED

2021-10-06 19:55:58 - [MESSAGE][WARNING] - Timeout '0' is invalid. Using default page load timeout: '30'

2021-10-06 19:55:59 - [MESSAGE][PASSED] - Tapped on element 'Object Repository/iOS/Inventory/Inventory Details Screen/Add Location/Tap On Location_Text'

2021-10-06 19:55:59 - [MESSAGE][PASSED] - ios_inventory.Inventory_details_Screen.click_On_Location is PASSED

2021-10-06 19:55:59 - [TEST_STEP][PASSED] - ios_inventory.Location_details_Screen.add_Product_to_Location(Location_2, Product_2): ios_inventory.Location_details_Screen.add_Product_to_Location is PASSED

2021-10-06 19:56:00 - [MESSAGE][WARNING] - Element 'Object Repository/iOS/Product_Search/Progress_Bar' not found
[[ATTACHMENT|/Users/sahil.vidaysingh/Katalon Studio/testing/Reports/20211006_192250/sanity_iOS/20211006_192250/1633530360810.png]]

2021-10-06 19:56:00 - [MESSAGE][WARNING] - Duration '0' is invalid. Using default duration.

2021-10-06 19:56:00 - [MESSAGE][WARNING] - Timeout '0' is invalid. Using default page load timeout: '30'

2021-10-06 19:56:02 - [MESSAGE][PASSED] - Tapped and held on element 'Object Repository/iOS/Inventory/Location Details_Screen/Add Product to Location/Product SearchField' with duration (default)

2021-10-06 19:56:03 - [MESSAGE][WARNING] - Element 'Object Repository/iOS/Product_Search/Progress_Bar' not found
[[ATTACHMENT|/Users/sahil.vidaysingh/Katalon Studio/testing/Reports/20211006_192250/sanity_iOS/20211006_192250/1633530363374.png]]

2021-10-06 19:56:03 - [MESSAGE][WARNING] - Timeout '0' is invalid. Using default page load timeout: '30'

2021-10-06 19:56:05 - [MESSAGE][PASSED] - Text 'par' has been set to element 'Object Repository/iOS/Inventory/Location Details_Screen/Add Product to Location/Product SearchField'

2021-10-06 19:56:05 - [MESSAGE][WARNING] - Duration '0' is invalid. Using default duration.

2021-10-06 19:56:05 - [MESSAGE][WARNING] - Timeout '0' is invalid. Using default page load timeout: '30'

2021-10-06 19:56:07 - [MESSAGE][PASSED] - Tapped and held on element 'Object Repository/iOS/Product_Search/Search Key_Button' with duration (default)

2021-10-06 19:56:07 - [MESSAGE][PASSED] - Element 'Object Repository/iOS/Product_Search/Progress_Bar' is exist

2021-10-06 19:56:08 - [MESSAGE][PASSED] - Delayed 1 second(s)

2021-10-06 19:56:09 - [MESSAGE][PASSED] - Element 'Object Repository/iOS/Product_Search/Progress_Bar' is exist

2021-10-06 19:56:10 - [MESSAGE][PASSED] - Delayed 1 second(s)

2021-10-06 19:56:16 - [MESSAGE][WARNING] - Element 'Object Repository/iOS/Product_Search/Progress_Bar' not found
[[ATTACHMENT|/Users/sahil.vidaysingh/Katalon Studio/testing/Reports/20211006_192250/sanity_iOS/20211006_192250/1633530376317.png]]

2021-10-06 19:56:16 - [MESSAGE][WARNING] - Timeout '0' is invalid. Using default page load timeout: '30'

2021-10-06 19:56:23 - [MESSAGE][PASSED] - Tapped on element 'Object Repository/iOS/Inventory/Location Details_Screen/Add Product to Location/Add Product to Location_Text'

2021-10-06 19:56:23 - [MESSAGE][WARNING] - Timeout '0' is invalid. Using default page load timeout: '30'

2021-10-06 19:56:29 - [MESSAGE][PASSED] - Tapped on element 'Object Repository/iOS/Inventory/Location Details_Screen/Add Product to Location/Continue Browsing After Adding Product_Text'

2021-10-06 19:56:29 - [MESSAGE][PASSED] - ios_inventory.Location_details_Screen.add_Product_to_Location is PASSED

2021-10-06 19:56:29 - [TEST_STEP][PASSED] - ios_common_keywords.Go_Back.Custom(): ios_common_keywords.Go_Back.Custom is PASSED

2021-10-06 19:56:35 - [MESSAGE][WARNING] - Element 'Object Repository/iOS/Product_Search/Progress_Bar' not found
[[ATTACHMENT|/Users/sahil.vidaysingh/Katalon Studio/testing/Reports/20211006_192250/sanity_iOS/20211006_192250/1633530394901.png]]

2021-10-06 19:56:43 - [MESSAGE][WARNING] - Element 'Object Repository/iOS/Product_Search/Back_Text' not found
[[ATTACHMENT|/Users/sahil.vidaysingh/Katalon Studio/testing/Reports/20211006_192250/sanity_iOS/20211006_192250/1633530402099.png]]

2021-10-06 19:56:48 - [MESSAGE][PASSED] - Tapped on element 'Object Repository/iOS/Inventory/Location Details_Screen/Add Product to Location/Back Button_Text'

2021-10-06 19:56:52 - [MESSAGE][WARNING] - Element 'Object Repository/iOS/Product_Search/Progress_Bar' not found
[[ATTACHMENT|/Users/sahil.vidaysingh/Katalon Studio/testing/Reports/20211006_192250/sanity_iOS/20211006_192250/1633530411251.png]]

2021-10-06 19:56:52 - [MESSAGE][PASSED] - ios_common_keywords.Go_Back.Custom is PASSED

2021-10-06 19:56:52 - [TEST_STEP][PASSED] - ios_common_keywords.Go_Back.Custom(): ios_common_keywords.Go_Back.Custom is PASSED

2021-10-06 19:56:54 - [MESSAGE][WARNING] - Element 'Object Repository/iOS/Product_Search/Progress_Bar' not found
[[ATTACHMENT|/Users/sahil.vidaysingh/Katalon Studio/testing/Reports/20211006_192250/sanity_iOS/20211006_192250/1633530414710.png]]

2021-10-06 19:56:59 - [MESSAGE][WARNING] - Element 'Object Repository/iOS/Product_Search/Back_Text' not found
[[ATTACHMENT|/Users/sahil.vidaysingh/Katalon Studio/testing/Reports/20211006_192250/sanity_iOS/20211006_192250/1633530419107.png]]

2021-10-06 19:57:00 - [MESSAGE][PASSED] - Tapped on element 'Object Repository/iOS/Inventory/Location Details_Screen/Add Product to Location/Back Button_Text'

2021-10-06 19:57:02 - [MESSAGE][WARNING] - Element 'Object Repository/iOS/Product_Search/Progress_Bar' not found
[[ATTACHMENT|/Users/sahil.vidaysingh/Katalon Studio/testing/Reports/20211006_192250/sanity_iOS/20211006_192250/1633530422696.png]]

2021-10-06 19:57:02 - [MESSAGE][PASSED] - ios_common_keywords.Go_Back.Custom is PASSED

2021-10-06 19:57:02 - [TEST_STEP][PASSED] - ios_inventory.Inventory_details_Screen.click_On_Location(Location_1): ios_inventory.Inventory_details_Screen.click_On_Location is PASSED

2021-10-06 19:57:02 - [MESSAGE][WARNING] - Timeout '0' is invalid. Using default page load timeout: '30'

2021-10-06 19:57:04 - [MESSAGE][PASSED] - Tapped on element 'Object Repository/iOS/Inventory/Inventory Details Screen/Add Location/Tap On Location_Text'

2021-10-06 19:57:04 - [MESSAGE][PASSED] - ios_inventory.Inventory_details_Screen.click_On_Location is PASSED

2021-10-06 19:57:04 - [TEST_STEP][PASSED] - ios_inventory.Location_details_Screen.copy_Product_to_Another_Location(Location_2): ios_inventory.Location_details_Screen.copy_Product_to_Another_Location is PASSED

2021-10-06 19:57:05 - [MESSAGE][PASSED] - Element 'Object Repository/iOS/Product_Search/Progress_Bar' is exist

2021-10-06 19:57:06 - [MESSAGE][PASSED] - Delayed 1 second(s)

2021-10-06 19:57:07 - [MESSAGE][WARNING] - Element 'Object Repository/iOS/Product_Search/Progress_Bar' not found
[[ATTACHMENT|/Users/sahil.vidaysingh/Katalon Studio/testing/Reports/20211006_192250/sanity_iOS/20211006_192250/1633530427277.png]]

2021-10-06 19:57:07 - [MESSAGE][WARNING] - Timeout '0' is invalid. Using default page load timeout: '30'

2021-10-06 19:57:08 - [MESSAGE][PASSED] - Tapped on element 'Object Repository/iOS/Inventory/Location Details_Screen/Delete_Location/Slide_PopUp_Button for Location Deletion'

2021-10-06 19:57:08 - [MESSAGE][WARNING] - Timeout '0' is invalid. Using default page load timeout: '30'

2021-10-06 19:57:10 - [MESSAGE][PASSED] - Tapped on element 'Object Repository/iOS/Inventory/Location Details_Screen/Copy Product from Location/Copy_Product_Text'

2021-10-06 19:57:10 - [MESSAGE][WARNING] - Timeout '0' is invalid. Using default page load timeout: '30'

2021-10-06 19:57:11 - [MESSAGE][PASSED] - Tapped on element 'Object Repository/iOS/Inventory/Location Details_Screen/Copy Product from Location/Move or Copy to Location_Text'

2021-10-06 19:57:11 - [MESSAGE][WARNING] - Timeout '0' is invalid. Using default page load timeout: '30'

2021-10-06 19:57:12 - [MESSAGE][PASSED] - Tapped on element 'Object Repository/iOS/Inventory/Location Details_Screen/Copy Product from Location/Copy_Product_Text'

2021-10-06 19:57:13 - [MESSAGE][WARNING] - Element 'Object Repository/iOS/Product_Search/Progress_Bar' not found
[[ATTACHMENT|/Users/sahil.vidaysingh/Katalon Studio/testing/Reports/20211006_192250/sanity_iOS/20211006_192250/1633530433847.png]]

2021-10-06 19:57:13 - [MESSAGE][WARNING] - Timeout '0' is invalid. Using default page load timeout: '30'

2021-10-06 19:57:15 - [MESSAGE][PASSED] - Tapped on element 'Object Repository/iOS/Inventory/Location Details_Screen/Copy Product from Location/Go to Location after Move or Copy or Adding Product_Text'

2021-10-06 19:57:16 - [MESSAGE][WARNING] - Element 'Object Repository/iOS/Product_Search/Progress_Bar' not found
[[ATTACHMENT|/Users/sahil.vidaysingh/Katalon Studio/testing/Reports/20211006_192250/sanity_iOS/20211006_192250/1633530436343.png]]

2021-10-06 19:57:16 - [MESSAGE][PASSED] - ios_inventory.Location_details_Screen.copy_Product_to_Another_Location is PASSED

2021-10-06 19:57:16 - [TEST_STEP][PASSED] - ios_inventory.Location_details_Screen.upload_Location(): ios_inventory.Location_details_Screen.upload_Location is PASSED

2021-10-06 19:57:16 - [MESSAGE][WARNING] - Timeout '0' is invalid. Using default page load timeout: '30'

2021-10-06 19:57:18 - [MESSAGE][PASSED] - Tapped on element 'Object Repository/iOS/Inventory/Location Details_Screen/Upload_Order/Upload_Button'

2021-10-06 19:57:18 - [MESSAGE][WARNING] - Timeout '0' is invalid. Using default page load timeout: '30'

2021-10-06 19:57:25 - [MESSAGE][PASSED] - Tapped on element 'Object Repository/iOS/Inventory/Location Details_Screen/Upload_Order/Got it_Text'

2021-10-06 19:57:25 - [MESSAGE][PASSED] - ios_inventory.Location_details_Screen.upload_Location is PASSED

2021-10-06 19:57:25 - [TEST_STEP][PASSED] - ios_common_keywords.Go_Back.Custom(): ios_common_keywords.Go_Back.Custom is PASSED

2021-10-06 19:57:28 - [MESSAGE][WARNING] - Element 'Object Repository/iOS/Product_Search/Progress_Bar' not found
[[ATTACHMENT|/Users/sahil.vidaysingh/Katalon Studio/testing/Reports/20211006_192250/sanity_iOS/20211006_192250/1633530448266.png]]

2021-10-06 19:57:32 - [MESSAGE][WARNING] - Element 'Object Repository/iOS/Product_Search/Back_Text' not found
[[ATTACHMENT|/Users/sahil.vidaysingh/Katalon Studio/testing/Reports/20211006_192250/sanity_iOS/20211006_192250/1633530452489.png]]

2021-10-06 19:57:34 - [MESSAGE][PASSED] - Tapped on element 'Object Repository/iOS/Inventory/Location Details_Screen/Add Product to Location/Back Button_Text'

2021-10-06 19:57:35 - [MESSAGE][PASSED] - Element 'Object Repository/iOS/Product_Search/Progress_Bar' is exist

2021-10-06 19:57:37 - [MESSAGE][PASSED] - Delayed 2 second(s)

2021-10-06 19:57:40 - [MESSAGE][WARNING] - Element 'Object Repository/iOS/Product_Search/Progress_Bar' not found
[[ATTACHMENT|/Users/sahil.vidaysingh/Katalon Studio/testing/Reports/20211006_192250/sanity_iOS/20211006_192250/1633530460040.png]]

2021-10-06 19:57:40 - [MESSAGE][PASSED] - ios_common_keywords.Go_Back.Custom is PASSED

2021-10-06 19:57:40 - [TEST_STEP][PASSED] - ios_inventory.Inventory_details_Screen.click_On_Location(Location_1): ios_inventory.Inventory_details_Screen.click_On_Location is PASSED

2021-10-06 19:57:40 - [MESSAGE][WARNING] - Timeout '0' is invalid. Using default page load timeout: '30'

2021-10-06 19:57:41 - [MESSAGE][PASSED] - Tapped on element 'Object Repository/iOS/Inventory/Inventory Details Screen/Add Location/Tap On Location_Text'

2021-10-06 19:57:41 - [MESSAGE][PASSED] - ios_inventory.Inventory_details_Screen.click_On_Location is PASSED

2021-10-06 19:57:41 - [TEST_STEP][PASSED] - ios_inventory.Location_details_Screen.move_Product_to_Another_Location(Location_2): ios_inventory.Location_details_Screen.move_Product_to_Another_Location is PASSED

2021-10-06 19:57:41 - [MESSAGE][WARNING] - Timeout '0' is invalid. Using default page load timeout: '30'

2021-10-06 19:57:43 - [MESSAGE][PASSED] - Tapped on element 'Object Repository/iOS/Inventory/Location Details_Screen/Delete_Location/Slide_PopUp_Button for Location Deletion'

2021-10-06 19:57:43 - [MESSAGE][WARNING] - Timeout '0' is invalid. Using default page load timeout: '30'

2021-10-06 19:57:44 - [MESSAGE][PASSED] - Tapped on element 'Object Repository/iOS/Inventory/Location Details_Screen/Move Product to Another Location/Move_Product_Text'

2021-10-06 19:57:44 - [MESSAGE][WARNING] - Timeout '0' is invalid. Using default page load timeout: '30'

2021-10-06 19:57:46 - [MESSAGE][PASSED] - Tapped on element 'Object Repository/iOS/Inventory/Location Details_Screen/Copy Product from Location/Move or Copy to Location_Text'

2021-10-06 19:57:46 - [MESSAGE][WARNING] - Timeout '0' is invalid. Using default page load timeout: '30'

2021-10-06 19:57:46 - [MESSAGE][PASSED] - Tapped on element 'Object Repository/iOS/Inventory/Location Details_Screen/Move Product to Another Location/Move_Product_Text'

2021-10-06 19:57:48 - [MESSAGE][WARNING] - Element 'Object Repository/iOS/Product_Search/Progress_Bar' not found
[[ATTACHMENT|/Users/sahil.vidaysingh/Katalon Studio/testing/Reports/20211006_192250/sanity_iOS/20211006_192250/1633530468179.png]]

2021-10-06 19:57:48 - [MESSAGE][WARNING] - Timeout '0' is invalid. Using default page load timeout: '30'

2021-10-06 19:57:49 - [MESSAGE][PASSED] - Tapped on element 'Object Repository/iOS/Inventory/Location Details_Screen/Copy Product from Location/Go to Location after Move or Copy or Adding Product_Text'

2021-10-06 19:57:50 - [MESSAGE][WARNING] - Element 'Object Repository/iOS/Product_Search/Progress_Bar' not found
[[ATTACHMENT|/Users/sahil.vidaysingh/Katalon Studio/testing/Reports/20211006_192250/sanity_iOS/20211006_192250/1633530470799.png]]

2021-10-06 19:57:50 - [MESSAGE][PASSED] - ios_inventory.Location_details_Screen.move_Product_to_Another_Location is PASSED

2021-10-06 19:57:50 - [TEST_STEP][PASSED] - ios_common_keywords.Go_Back.Custom(): ios_common_keywords.Go_Back.Custom is PASSED

2021-10-06 19:57:53 - [MESSAGE][WARNING] - Element 'Object Repository/iOS/Product_Search/Progress_Bar' not found
[[ATTACHMENT|/Users/sahil.vidaysingh/Katalon Studio/testing/Reports/20211006_192250/sanity_iOS/20211006_192250/1633530473598.png]]

2021-10-06 19:57:57 - [MESSAGE][WARNING] - Element 'Object Repository/iOS/Product_Search/Back_Text' not found
[[ATTACHMENT|/Users/sahil.vidaysingh/Katalon Studio/testing/Reports/20211006_192250/sanity_iOS/20211006_192250/1633530477806.png]]

2021-10-06 19:57:59 - [MESSAGE][PASSED] - Tapped on element 'Object Repository/iOS/Inventory/Location Details_Screen/Add Product to Location/Back Button_Text'

2021-10-06 19:58:01 - [MESSAGE][WARNING] - Element 'Object Repository/iOS/Product_Search/Progress_Bar' not found
[[ATTACHMENT|/Users/sahil.vidaysingh/Katalon Studio/testing/Reports/20211006_192250/sanity_iOS/20211006_192250/1633530481811.png]]

2021-10-06 19:58:01 - [MESSAGE][PASSED] - ios_common_keywords.Go_Back.Custom is PASSED

2021-10-06 19:58:01 - [TEST_STEP][PASSED] - ios_inventory.Inventory_details_Screen.click_On_Location(Location_2): ios_inventory.Inventory_details_Screen.click_On_Location is PASSED

2021-10-06 19:58:01 - [MESSAGE][WARNING] - Timeout '0' is invalid. Using default page load timeout: '30'

2021-10-06 19:58:03 - [MESSAGE][PASSED] - Tapped on element 'Object Repository/iOS/Inventory/Inventory Details Screen/Add Location/Tap On Location_Text'

2021-10-06 19:58:03 - [MESSAGE][PASSED] - ios_inventory.Inventory_details_Screen.click_On_Location is PASSED

2021-10-06 19:58:03 - [TEST_STEP][PASSED] - ios_inventory.Location_details_Screen.add_Product_to_Location(Location_2, Product_3): ios_inventory.Location_details_Screen.add_Product_to_Location is PASSED

2021-10-06 19:58:04 - [MESSAGE][PASSED] - Element 'Object Repository/iOS/Product_Search/Progress_Bar' is exist

2021-10-06 19:58:05 - [MESSAGE][PASSED] - Delayed 1 second(s)

2021-10-06 19:58:06 - [MESSAGE][WARNING] - Element 'Object Repository/iOS/Product_Search/Progress_Bar' not found
[[ATTACHMENT|/Users/sahil.vidaysingh/Katalon Studio/testing/Reports/20211006_192250/sanity_iOS/20211006_192250/1633530486573.png]]

2021-10-06 19:58:06 - [MESSAGE][WARNING] - Duration '0' is invalid. Using default duration.

2021-10-06 19:58:06 - [MESSAGE][WARNING] - Timeout '0' is invalid. Using default page load timeout: '30'

2021-10-06 19:58:08 - [MESSAGE][PASSED] - Tapped and held on element 'Object Repository/iOS/Inventory/Location Details_Screen/Add Product to Location/Product SearchField' with duration (default)

2021-10-06 19:58:09 - [MESSAGE][WARNING] - Element 'Object Repository/iOS/Product_Search/Progress_Bar' not found
[[ATTACHMENT|/Users/sahil.vidaysingh/Katalon Studio/testing/Reports/20211006_192250/sanity_iOS/20211006_192250/1633530489345.png]]

2021-10-06 19:58:09 - [MESSAGE][WARNING] - Timeout '0' is invalid. Using default page load timeout: '30'

2021-10-06 19:58:11 - [MESSAGE][PASSED] - Text 'tyl' has been set to element 'Object Repository/iOS/Inventory/Location Details_Screen/Add Product to Location/Product SearchField'

2021-10-06 19:58:11 - [MESSAGE][WARNING] - Duration '0' is invalid. Using default duration.

2021-10-06 19:58:11 - [MESSAGE][WARNING] - Timeout '0' is invalid. Using default page load timeout: '30'

2021-10-06 19:58:12 - [MESSAGE][PASSED] - Tapped and held on element 'Object Repository/iOS/Product_Search/Search Key_Button' with duration (default)

2021-10-06 19:58:13 - [MESSAGE][PASSED] - Element 'Object Repository/iOS/Product_Search/Progress_Bar' is exist

2021-10-06 19:58:14 - [MESSAGE][PASSED] - Delayed 1 second(s)

2021-10-06 19:58:15 - [MESSAGE][PASSED] - Element 'Object Repository/iOS/Product_Search/Progress_Bar' is exist

2021-10-06 19:58:16 - [MESSAGE][PASSED] - Delayed 1 second(s)

2021-10-06 19:58:22 - [MESSAGE][WARNING] - Element 'Object Repository/iOS/Product_Search/Progress_Bar' not found
[[ATTACHMENT|/Users/sahil.vidaysingh/Katalon Studio/testing/Reports/20211006_192250/sanity_iOS/20211006_192250/1633530502425.png]]

2021-10-06 19:58:22 - [MESSAGE][WARNING] - Timeout '0' is invalid. Using default page load timeout: '30'

2021-10-06 19:58:29 - [MESSAGE][PASSED] - Tapped on element 'Object Repository/iOS/Inventory/Location Details_Screen/Add Product to Location/Add Product to Location_Text'

2021-10-06 19:58:29 - [MESSAGE][WARNING] - Timeout '0' is invalid. Using default page load timeout: '30'

2021-10-06 19:58:36 - [MESSAGE][PASSED] - Tapped on element 'Object Repository/iOS/Inventory/Location Details_Screen/Add Product to Location/Continue Browsing After Adding Product_Text'

2021-10-06 19:58:36 - [MESSAGE][PASSED] - ios_inventory.Location_details_Screen.add_Product_to_Location is PASSED

2021-10-06 19:58:36 - [TEST_STEP][PASSED] - ios_common_keywords.Go_Back.Custom(): ios_common_keywords.Go_Back.Custom is PASSED

2021-10-06 19:58:41 - [MESSAGE][WARNING] - Element 'Object Repository/iOS/Product_Search/Progress_Bar' not found
[[ATTACHMENT|/Users/sahil.vidaysingh/Katalon Studio/testing/Reports/20211006_192250/sanity_iOS/20211006_192250/1633530521812.png]]

2021-10-06 19:58:49 - [MESSAGE][WARNING] - Element 'Object Repository/iOS/Product_Search/Back_Text' not found
[[ATTACHMENT|/Users/sahil.vidaysingh/Katalon Studio/testing/Reports/20211006_192250/sanity_iOS/20211006_192250/1633530528703.png]]

2021-10-06 19:58:55 - [MESSAGE][PASSED] - Tapped on element 'Object Repository/iOS/Inventory/Location Details_Screen/Add Product to Location/Back Button_Text'

2021-10-06 19:58:58 - [MESSAGE][WARNING] - Element 'Object Repository/iOS/Product_Search/Progress_Bar' not found
[[ATTACHMENT|/Users/sahil.vidaysingh/Katalon Studio/testing/Reports/20211006_192250/sanity_iOS/20211006_192250/1633530537236.png]]

2021-10-06 19:58:58 - [MESSAGE][PASSED] - ios_common_keywords.Go_Back.Custom is PASSED

2021-10-06 19:58:58 - [TEST_STEP][PASSED] - ios_inventory.Location_details_Screen.upload_Location(): ios_inventory.Location_details_Screen.upload_Location is PASSED

2021-10-06 19:58:58 - [MESSAGE][WARNING] - Timeout '0' is invalid. Using default page load timeout: '30'

2021-10-06 19:58:59 - [MESSAGE][PASSED] - Tapped on element 'Object Repository/iOS/Inventory/Location Details_Screen/Upload_Order/Upload_Button'

2021-10-06 19:58:59 - [MESSAGE][WARNING] - Timeout '0' is invalid. Using default page load timeout: '30'

2021-10-06 19:59:05 - [MESSAGE][PASSED] - Tapped on element 'Object Repository/iOS/Inventory/Location Details_Screen/Upload_Order/Got it_Text'

2021-10-06 19:59:05 - [MESSAGE][PASSED] - ios_inventory.Location_details_Screen.upload_Location is PASSED

2021-10-06 19:59:05 - [TEST_STEP][PASSED] - ios_common_keywords.Go_Back.Custom(): ios_common_keywords.Go_Back.Custom is PASSED

2021-10-06 19:59:07 - [MESSAGE][WARNING] - Element 'Object Repository/iOS/Product_Search/Progress_Bar' not found
[[ATTACHMENT|/Users/sahil.vidaysingh/Katalon Studio/testing/Reports/20211006_192250/sanity_iOS/20211006_192250/1633530547823.png]]

2021-10-06 19:59:12 - [MESSAGE][WARNING] - Element 'Object Repository/iOS/Product_Search/Back_Text' not found
[[ATTACHMENT|/Users/sahil.vidaysingh/Katalon Studio/testing/Reports/20211006_192250/sanity_iOS/20211006_192250/1633530552172.png]]

2021-10-06 19:59:13 - [MESSAGE][PASSED] - Tapped on element 'Object Repository/iOS/Inventory/Location Details_Screen/Add Product to Location/Back Button_Text'

2021-10-06 19:59:16 - [MESSAGE][WARNING] - Element 'Object Repository/iOS/Product_Search/Progress_Bar' not found
[[ATTACHMENT|/Users/sahil.vidaysingh/Katalon Studio/testing/Reports/20211006_192250/sanity_iOS/20211006_192250/1633530556165.png]]

2021-10-06 19:59:16 - [MESSAGE][PASSED] - ios_common_keywords.Go_Back.Custom is PASSED

2021-10-06 19:59:16 - [TEST_STEP][PASSED] - ios_inventory.Inventory_details_Screen.click_On_Location(Location_1): ios_inventory.Inventory_details_Screen.click_On_Location is PASSED

2021-10-06 19:59:16 - [MESSAGE][WARNING] - Timeout '0' is invalid. Using default page load timeout: '30'

2021-10-06 19:59:17 - [MESSAGE][PASSED] - Tapped on element 'Object Repository/iOS/Inventory/Inventory Details Screen/Add Location/Tap On Location_Text'

2021-10-06 19:59:17 - [MESSAGE][PASSED] - ios_inventory.Inventory_details_Screen.click_On_Location is PASSED

2021-10-06 19:59:17 - [TEST_STEP][PASSED] - ios_inventory.Location_details_Screen.add_Product_to_Location(Location_1, Product_4): ios_inventory.Location_details_Screen.add_Product_to_Location is PASSED

2021-10-06 19:59:18 - [MESSAGE][WARNING] - Failed to check for element 'Object Repository/iOS/Product_Search/Progress_Bar' exist (Root cause: org.openqa.selenium.StaleElementReferenceException: The previously found element ""In progress" ActivityIndicator" is not present in the current view anymore. Make sure the application UI has the expected state. Original error: No matches found for Descendants matching type ActivityIndicator from input {(
    Application, pid: 50158
)}
For documentation on this error, please visit: https://www.seleniumhq.org/exceptions/stale_element_reference.html
Build info: version: '3.141.59', revision: 'e82be7d358', time: '2018-11-14T08:25:53'
System info: host: 'LIND44C21HWMD6N.cardinalhealth.net', ip: '192.168.29.216', os.name: 'Mac OS X', os.arch: 'x86_64', os.version: '10.16', java.version: '1.8.0_275'
Driver info: io.appium.java_client.ios.IOSDriver
Capabilities {app: /Users/sahil.vidaysingh/Dow..., automationName: XCUITest, browserName: , chromedriverPort: 55143, databaseEnabled: false, deviceName: iphone 8, fullReset: true, javascriptEnabled: true, locationContextEnabled: false, networkConnectionEnabled: false, newCommandTimeout: 1800, noReset: false, platform: IOS, platformName: iOS, platformVersion: 14.4, realDeviceLogger: /Applications/Katalon Studi..., takesScreenshot: true, udid: 2B504F47-40EA-4A1D-A6C0-6A1..., waitForAppScript: true;, wdaLocalPort: 57112, webStorageEnabled: false}
Session ID: 5ded0a3d-95a5-4a09-bcb9-5fed14d60467
	at org.openqa.selenium.remote.http.W3CHttpResponseCodec.createException(W3CHttpResponseCodec.java:187)
	at org.openqa.selenium.remote.http.W3CHttpResponseCodec.decode(W3CHttpResponseCodec.java:122)
	at org.openqa.selenium.remote.http.W3CHttpResponseCodec.decode(W3CHttpResponseCodec.java:49)
	at org.openqa.selenium.remote.HttpCommandExecutor.execute(HttpCommandExecutor.java:158)
	at io.appium.java_client.remote.AppiumCommandExecutor.execute(AppiumCommandExecutor.java:239)
	at org.openqa.selenium.remote.RemoteWebDriver.execute(RemoteWebDriver.java:552)
	at io.appium.java_client.DefaultGenericMobileDriver.execute(DefaultGenericMobileDriver.java:42)
	at io.appium.java_client.AppiumDriver.execute(AppiumDriver.java:1)
	at io.appium.java_client.ios.IOSDriver.execute(IOSDriver.java:1)
	at org.openqa.selenium.remote.RemoteWebElement.execute(RemoteWebElement.java:285)
	at io.appium.java_client.DefaultGenericMobileElement.execute(DefaultGenericMobileElement.java:45)
	at io.appium.java_client.MobileElement.execute(MobileElement.java:1)
	at io.appium.java_client.ios.IOSElement.execute(IOSElement.java:1)
	at org.openqa.selenium.remote.RemoteWebElement.getLocation(RemoteWebElement.java:337)
	at org.openqa.selenium.WebElement$getLocation.call(Unknown Source)
	at com.kms.katalon.core.mobile.keyword.internal.MobileAbstractKeyword.findElement(MobileAbstractKeyword.groovy:86)
	at com.kms.katalon.core.mobile.keyword.builtin.VerifyElementExistKeyword.access$1(VerifyElementExistKeyword.groovy)
	at com.kms.katalon.core.mobile.keyword.builtin.VerifyElementExistKeyword$_verifyElementExist_closure1.doCall(VerifyElementExistKeyword.groovy:72)
	at com.kms.katalon.core.mobile.keyword.builtin.VerifyElementExistKeyword$_verifyElementExist_closure1.call(VerifyElementExistKeyword.groovy)
	at com.kms.katalon.core.mobile.keyword.internal.MobileKeywordMain.runKeyword(MobileKeywordMain.groovy:21)
	at com.kms.katalon.core.mobile.keyword.builtin.VerifyElementExistKeyword.verifyElementExist(VerifyElementExistKeyword.groovy:80)
	at com.kms.katalon.core.mobile.keyword.builtin.VerifyElementExistKeyword.execute(VerifyElementExistKeyword.groovy:64)
	at com.kms.katalon.core.keyword.internal.KeywordExecutor.executeKeywordForPlatform(KeywordExecutor.groovy:73)
	at com.kms.katalon.core.mobile.keyword.MobileBuiltInKeywords.verifyElementExist(MobileBuiltInKeywords.groovy:1570)
	at com.kms.katalon.core.mobile.keyword.MobileBuiltInKeywords$verifyElementExist$1.call(Unknown Source)
	at ios_inventory.Location_details_Screen.add_Product_to_Location(Location_details_Screen.groovy:76)
	at ios_inventory.Location_details_Screen.invokeMethod(Location_details_Screen.groovy)
	at com.kms.katalon.core.main.CustomKeywordDelegatingMetaClass.invokeStaticMethod(CustomKeywordDelegatingMetaClass.java:50)
	at Inventory(Verify add,copy,move between location).run(Inventory(Verify add,copy,move between location):78)
	at com.kms.katalon.core.main.ScriptEngine.run(ScriptEngine.java:194)
	at com.kms.katalon.core.main.ScriptEngine.runScriptAsRawText(ScriptEngine.java:119)
	at com.kms.katalon.core.main.TestCaseExecutor.runScript(TestCaseExecutor.java:398)
	at com.kms.katalon.core.main.TestCaseExecutor.doExecute(TestCaseExecutor.java:389)
	at com.kms.katalon.core.main.TestCaseExecutor.processExecutionPhase(TestCaseExecutor.java:368)
	at com.kms.katalon.core.main.TestCaseExecutor.accessMainPhase(TestCaseExecutor.java:360)
	at com.kms.katalon.core.main.TestCaseExecutor.execute(TestCaseExecutor.java:255)
	at com.kms.katalon.core.main.TestSuiteExecutor.accessTestCaseMainPhase(TestSuiteExecutor.java:203)
	at com.kms.katalon.core.main.TestSuiteExecutor.accessTestSuiteMainPhase(TestSuiteExecutor.java:152)
	at com.kms.katalon.core.main.TestSuiteExecutor.execute(TestSuiteExecutor.java:95)
	at com.kms.katalon.core.main.TestCaseMain.startTestSuite(TestCaseMain.java:157)
	at com.kms.katalon.core.main.TestCaseMain$startTestSuite$0.call(Unknown Source)
	at TempTestSuite1633528370185.run(TempTestSuite1633528370185.groovy:39)
)
[[ATTACHMENT|/Users/sahil.vidaysingh/Katalon Studio/testing/Reports/20211006_192250/sanity_iOS/20211006_192250/1633530558839.png]]

2021-10-06 19:59:18 - [MESSAGE][WARNING] - Duration '0' is invalid. Using default duration.

2021-10-06 19:59:18 - [MESSAGE][WARNING] - Timeout '0' is invalid. Using default page load timeout: '30'

2021-10-06 19:59:20 - [MESSAGE][PASSED] - Tapped and held on element 'Object Repository/iOS/Inventory/Location Details_Screen/Add Product to Location/Product SearchField' with duration (default)

2021-10-06 19:59:21 - [MESSAGE][WARNING] - Element 'Object Repository/iOS/Product_Search/Progress_Bar' not found
[[ATTACHMENT|/Users/sahil.vidaysingh/Katalon Studio/testing/Reports/20211006_192250/sanity_iOS/20211006_192250/1633530561437.png]]

2021-10-06 19:59:21 - [MESSAGE][WARNING] - Timeout '0' is invalid. Using default page load timeout: '30'

2021-10-06 19:59:23 - [MESSAGE][PASSED] - Text 'par' has been set to element 'Object Repository/iOS/Inventory/Location Details_Screen/Add Product to Location/Product SearchField'

2021-10-06 19:59:23 - [MESSAGE][WARNING] - Duration '0' is invalid. Using default duration.

2021-10-06 19:59:23 - [MESSAGE][WARNING] - Timeout '0' is invalid. Using default page load timeout: '30'

2021-10-06 19:59:25 - [MESSAGE][PASSED] - Tapped and held on element 'Object Repository/iOS/Product_Search/Search Key_Button' with duration (default)

2021-10-06 19:59:25 - [MESSAGE][PASSED] - Element 'Object Repository/iOS/Product_Search/Progress_Bar' is exist

2021-10-06 19:59:26 - [MESSAGE][PASSED] - Delayed 1 second(s)

2021-10-06 19:59:29 - [MESSAGE][WARNING] - Failed to check for element 'Object Repository/iOS/Product_Search/Progress_Bar' exist (Root cause: org.openqa.selenium.StaleElementReferenceException: The previously found element ""In progress" ActivityIndicator" is not present in the current view anymore. Make sure the application UI has the expected state. Original error: No matches found for Descendants matching type ActivityIndicator from input {(
    Application, pid: 50158
)}
For documentation on this error, please visit: https://www.seleniumhq.org/exceptions/stale_element_reference.html
Build info: version: '3.141.59', revision: 'e82be7d358', time: '2018-11-14T08:25:53'
System info: host: 'LIND44C21HWMD6N.cardinalhealth.net', ip: '192.168.29.216', os.name: 'Mac OS X', os.arch: 'x86_64', os.version: '10.16', java.version: '1.8.0_275'
Driver info: io.appium.java_client.ios.IOSDriver
Capabilities {app: /Users/sahil.vidaysingh/Dow..., automationName: XCUITest, browserName: , chromedriverPort: 55143, databaseEnabled: false, deviceName: iphone 8, fullReset: true, javascriptEnabled: true, locationContextEnabled: false, networkConnectionEnabled: false, newCommandTimeout: 1800, noReset: false, platform: IOS, platformName: iOS, platformVersion: 14.4, realDeviceLogger: /Applications/Katalon Studi..., takesScreenshot: true, udid: 2B504F47-40EA-4A1D-A6C0-6A1..., waitForAppScript: true;, wdaLocalPort: 57112, webStorageEnabled: false}
Session ID: 5ded0a3d-95a5-4a09-bcb9-5fed14d60467
	at org.openqa.selenium.remote.http.W3CHttpResponseCodec.createException(W3CHttpResponseCodec.java:187)
	at org.openqa.selenium.remote.http.W3CHttpResponseCodec.decode(W3CHttpResponseCodec.java:122)
	at org.openqa.selenium.remote.http.W3CHttpResponseCodec.decode(W3CHttpResponseCodec.java:49)
	at org.openqa.selenium.remote.HttpCommandExecutor.execute(HttpCommandExecutor.java:158)
	at io.appium.java_client.remote.AppiumCommandExecutor.execute(AppiumCommandExecutor.java:239)
	at org.openqa.selenium.remote.RemoteWebDriver.execute(RemoteWebDriver.java:552)
	at io.appium.java_client.DefaultGenericMobileDriver.execute(DefaultGenericMobileDriver.java:42)
	at io.appium.java_client.AppiumDriver.execute(AppiumDriver.java:1)
	at io.appium.java_client.ios.IOSDriver.execute(IOSDriver.java:1)
	at org.openqa.selenium.remote.RemoteWebElement.execute(RemoteWebElement.java:285)
	at io.appium.java_client.DefaultGenericMobileElement.execute(DefaultGenericMobileElement.java:45)
	at io.appium.java_client.MobileElement.execute(MobileElement.java:1)
	at io.appium.java_client.ios.IOSElement.execute(IOSElement.java:1)
	at org.openqa.selenium.remote.RemoteWebElement.getLocation(RemoteWebElement.java:337)
	at org.openqa.selenium.WebElement$getLocation.call(Unknown Source)
	at com.kms.katalon.core.mobile.keyword.internal.MobileAbstractKeyword.findElement(MobileAbstractKeyword.groovy:86)
	at com.kms.katalon.core.mobile.keyword.builtin.VerifyElementExistKeyword.access$1(VerifyElementExistKeyword.groovy)
	at com.kms.katalon.core.mobile.keyword.builtin.VerifyElementExistKeyword$_verifyElementExist_closure1.doCall(VerifyElementExistKeyword.groovy:72)
	at com.kms.katalon.core.mobile.keyword.builtin.VerifyElementExistKeyword$_verifyElementExist_closure1.call(VerifyElementExistKeyword.groovy)
	at com.kms.katalon.core.mobile.keyword.internal.MobileKeywordMain.runKeyword(MobileKeywordMain.groovy:21)
	at com.kms.katalon.core.mobile.keyword.builtin.VerifyElementExistKeyword.verifyElementExist(VerifyElementExistKeyword.groovy:80)
	at com.kms.katalon.core.mobile.keyword.builtin.VerifyElementExistKeyword.execute(VerifyElementExistKeyword.groovy:64)
	at com.kms.katalon.core.keyword.internal.KeywordExecutor.executeKeywordForPlatform(KeywordExecutor.groovy:73)
	at com.kms.katalon.core.mobile.keyword.MobileBuiltInKeywords.verifyElementExist(MobileBuiltInKeywords.groovy:1570)
	at com.kms.katalon.core.mobile.keyword.MobileBuiltInKeywords$verifyElementExist$1.call(Unknown Source)
	at ios_inventory.Location_details_Screen.add_Product_to_Location(Location_details_Screen.groovy:89)
	at ios_inventory.Location_details_Screen.invokeMethod(Location_details_Screen.groovy)
	at com.kms.katalon.core.main.CustomKeywordDelegatingMetaClass.invokeStaticMethod(CustomKeywordDelegatingMetaClass.java:50)
	at Inventory(Verify add,copy,move between location).run(Inventory(Verify add,copy,move between location):78)
	at com.kms.katalon.core.main.ScriptEngine.run(ScriptEngine.java:194)
	at com.kms.katalon.core.main.ScriptEngine.runScriptAsRawText(ScriptEngine.java:119)
	at com.kms.katalon.core.main.TestCaseExecutor.runScript(TestCaseExecutor.java:398)
	at com.kms.katalon.core.main.TestCaseExecutor.doExecute(TestCaseExecutor.java:389)
	at com.kms.katalon.core.main.TestCaseExecutor.processExecutionPhase(TestCaseExecutor.java:368)
	at com.kms.katalon.core.main.TestCaseExecutor.accessMainPhase(TestCaseExecutor.java:360)
	at com.kms.katalon.core.main.TestCaseExecutor.execute(TestCaseExecutor.java:255)
	at com.kms.katalon.core.main.TestSuiteExecutor.accessTestCaseMainPhase(TestSuiteExecutor.java:203)
	at com.kms.katalon.core.main.TestSuiteExecutor.accessTestSuiteMainPhase(TestSuiteExecutor.java:152)
	at com.kms.katalon.core.main.TestSuiteExecutor.execute(TestSuiteExecutor.java:95)
	at com.kms.katalon.core.main.TestCaseMain.startTestSuite(TestCaseMain.java:157)
	at com.kms.katalon.core.main.TestCaseMain$startTestSuite$0.call(Unknown Source)
	at TempTestSuite1633528370185.run(TempTestSuite1633528370185.groovy:39)
)
[[ATTACHMENT|/Users/sahil.vidaysingh/Katalon Studio/testing/Reports/20211006_192250/sanity_iOS/20211006_192250/1633530569843.png]]

2021-10-06 19:59:30 - [MESSAGE][WARNING] - Timeout '0' is invalid. Using default page load timeout: '30'

2021-10-06 19:59:37 - [MESSAGE][PASSED] - Tapped on element 'Object Repository/iOS/Inventory/Location Details_Screen/Add Product to Location/Add Product to Location_Text'

2021-10-06 19:59:37 - [MESSAGE][WARNING] - Timeout '0' is invalid. Using default page load timeout: '30'

2021-10-06 19:59:44 - [MESSAGE][PASSED] - Tapped on element 'Object Repository/iOS/Inventory/Location Details_Screen/Add Product to Location/Continue Browsing After Adding Product_Text'

2021-10-06 19:59:44 - [MESSAGE][PASSED] - ios_inventory.Location_details_Screen.add_Product_to_Location is PASSED

2021-10-06 19:59:44 - [TEST_STEP][PASSED] - ios_common_keywords.Go_Back.Custom(): ios_common_keywords.Go_Back.Custom is PASSED

2021-10-06 19:59:49 - [MESSAGE][WARNING] - Element 'Object Repository/iOS/Product_Search/Progress_Bar' not found
[[ATTACHMENT|/Users/sahil.vidaysingh/Katalon Studio/testing/Reports/20211006_192250/sanity_iOS/20211006_192250/1633530589133.png]]

2021-10-06 19:59:57 - [MESSAGE][WARNING] - Element 'Object Repository/iOS/Product_Search/Back_Text' not found
[[ATTACHMENT|/Users/sahil.vidaysingh/Katalon Studio/testing/Reports/20211006_192250/sanity_iOS/20211006_192250/1633530595998.png]]

2021-10-06 20:00:02 - [MESSAGE][PASSED] - Tapped on element 'Object Repository/iOS/Inventory/Location Details_Screen/Add Product to Location/Back Button_Text'

2021-10-06 20:00:05 - [MESSAGE][WARNING] - Element 'Object Repository/iOS/Product_Search/Progress_Bar' not found
[[ATTACHMENT|/Users/sahil.vidaysingh/Katalon Studio/testing/Reports/20211006_192250/sanity_iOS/20211006_192250/1633530604906.png]]

2021-10-06 20:00:05 - [MESSAGE][PASSED] - ios_common_keywords.Go_Back.Custom is PASSED

2021-10-06 20:00:05 - [TEST_STEP][PASSED] - ios_common_keywords.Go_Back.Custom(): ios_common_keywords.Go_Back.Custom is PASSED

2021-10-06 20:00:07 - [MESSAGE][WARNING] - Element 'Object Repository/iOS/Product_Search/Progress_Bar' not found
[[ATTACHMENT|/Users/sahil.vidaysingh/Katalon Studio/testing/Reports/20211006_192250/sanity_iOS/20211006_192250/1633530607468.png]]

2021-10-06 20:00:12 - [MESSAGE][WARNING] - Element 'Object Repository/iOS/Product_Search/Back_Text' not found
[[ATTACHMENT|/Users/sahil.vidaysingh/Katalon Studio/testing/Reports/20211006_192250/sanity_iOS/20211006_192250/1633530611930.png]]

2021-10-06 20:00:13 - [MESSAGE][PASSED] - Tapped on element 'Object Repository/iOS/Inventory/Location Details_Screen/Add Product to Location/Back Button_Text'

2021-10-06 20:00:15 - [MESSAGE][WARNING] - Element 'Object Repository/iOS/Product_Search/Progress_Bar' not found
[[ATTACHMENT|/Users/sahil.vidaysingh/Katalon Studio/testing/Reports/20211006_192250/sanity_iOS/20211006_192250/1633530615550.png]]

2021-10-06 20:00:15 - [MESSAGE][PASSED] - ios_common_keywords.Go_Back.Custom is PASSED

2021-10-06 20:00:15 - [TEST_STEP][PASSED] - ios_inventory.Inventory_details_Screen.click_On_Location(Location_2): ios_inventory.Inventory_details_Screen.click_On_Location is PASSED

2021-10-06 20:00:15 - [MESSAGE][WARNING] - Timeout '0' is invalid. Using default page load timeout: '30'

2021-10-06 20:00:17 - [MESSAGE][PASSED] - Tapped on element 'Object Repository/iOS/Inventory/Inventory Details Screen/Add Location/Tap On Location_Text'

2021-10-06 20:00:17 - [MESSAGE][PASSED] - ios_inventory.Inventory_details_Screen.click_On_Location is PASSED

2021-10-06 20:00:17 - [TEST_STEP][PASSED] - ios_inventory.Location_details_Screen.move_Product_to_Another_Location(Location_1): ios_inventory.Location_details_Screen.move_Product_to_Another_Location is PASSED

2021-10-06 20:00:17 - [MESSAGE][WARNING] - Timeout '0' is invalid. Using default page load timeout: '30'

2021-10-06 20:00:20 - [MESSAGE][PASSED] - Tapped on element 'Object Repository/iOS/Inventory/Location Details_Screen/Delete_Location/Slide_PopUp_Button for Location Deletion'

2021-10-06 20:00:20 - [MESSAGE][WARNING] - Timeout '0' is invalid. Using default page load timeout: '30'

2021-10-06 20:00:22 - [MESSAGE][PASSED] - Tapped on element 'Object Repository/iOS/Inventory/Location Details_Screen/Move Product to Another Location/Move_Product_Text'

2021-10-06 20:00:22 - [MESSAGE][WARNING] - Timeout '0' is invalid. Using default page load timeout: '30'

2021-10-06 20:00:23 - [MESSAGE][PASSED] - Tapped on element 'Object Repository/iOS/Inventory/Location Details_Screen/Copy Product from Location/Move or Copy to Location_Text'

2021-10-06 20:00:23 - [MESSAGE][WARNING] - Timeout '0' is invalid. Using default page load timeout: '30'

2021-10-06 20:00:24 - [MESSAGE][PASSED] - Tapped on element 'Object Repository/iOS/Inventory/Location Details_Screen/Move Product to Another Location/Move_Product_Text'

2021-10-06 20:00:25 - [MESSAGE][PASSED] - Element 'Object Repository/iOS/Product_Search/Progress_Bar' is exist

2021-10-06 20:00:26 - [MESSAGE][PASSED] - Delayed 1 second(s)

2021-10-06 20:00:27 - [MESSAGE][WARNING] - Element 'Object Repository/iOS/Product_Search/Progress_Bar' not found
[[ATTACHMENT|/Users/sahil.vidaysingh/Katalon Studio/testing/Reports/20211006_192250/sanity_iOS/20211006_192250/1633530627868.png]]

2021-10-06 20:00:27 - [MESSAGE][WARNING] - Timeout '0' is invalid. Using default page load timeout: '30'

2021-10-06 20:00:28 - [MESSAGE][PASSED] - Tapped on element 'Object Repository/iOS/Inventory/Location Details_Screen/Copy Product from Location/Go to Location after Move or Copy or Adding Product_Text'

2021-10-06 20:00:30 - [MESSAGE][WARNING] - Element 'Object Repository/iOS/Product_Search/Progress_Bar' not found
[[ATTACHMENT|/Users/sahil.vidaysingh/Katalon Studio/testing/Reports/20211006_192250/sanity_iOS/20211006_192250/1633530630198.png]]

2021-10-06 20:00:30 - [MESSAGE][PASSED] - ios_inventory.Location_details_Screen.move_Product_to_Another_Location is PASSED

2021-10-06 20:00:30 - [TEST_STEP][PASSED] - ios_common_keywords.Go_Back.Custom(): ios_common_keywords.Go_Back.Custom is PASSED

2021-10-06 20:00:32 - [MESSAGE][WARNING] - Element 'Object Repository/iOS/Product_Search/Progress_Bar' not found
[[ATTACHMENT|/Users/sahil.vidaysingh/Katalon Studio/testing/Reports/20211006_192250/sanity_iOS/20211006_192250/1633530632424.png]]

2021-10-06 20:00:36 - [MESSAGE][WARNING] - Element 'Object Repository/iOS/Product_Search/Back_Text' not found
[[ATTACHMENT|/Users/sahil.vidaysingh/Katalon Studio/testing/Reports/20211006_192250/sanity_iOS/20211006_192250/1633530636845.png]]

2021-10-06 20:00:38 - [MESSAGE][PASSED] - Tapped on element 'Object Repository/iOS/Inventory/Location Details_Screen/Add Product to Location/Back Button_Text'

2021-10-06 20:00:40 - [MESSAGE][WARNING] - Failed to check for element 'Object Repository/iOS/Product_Search/Progress_Bar' exist (Root cause: org.openqa.selenium.StaleElementReferenceException: The previously found element ""In progress" ActivityIndicator" is not present in the current view anymore. Make sure the application UI has the expected state. Original error: No matches found for Descendants matching type ActivityIndicator from input {(
    Application, pid: 50158
)}
For documentation on this error, please visit: https://www.seleniumhq.org/exceptions/stale_element_reference.html
Build info: version: '3.141.59', revision: 'e82be7d358', time: '2018-11-14T08:25:53'
System info: host: 'LIND44C21HWMD6N.cardinalhealth.net', ip: '192.168.29.216', os.name: 'Mac OS X', os.arch: 'x86_64', os.version: '10.16', java.version: '1.8.0_275'
Driver info: io.appium.java_client.ios.IOSDriver
Capabilities {app: /Users/sahil.vidaysingh/Dow..., automationName: XCUITest, browserName: , chromedriverPort: 55143, databaseEnabled: false, deviceName: iphone 8, fullReset: true, javascriptEnabled: true, locationContextEnabled: false, networkConnectionEnabled: false, newCommandTimeout: 1800, noReset: false, platform: IOS, platformName: iOS, platformVersion: 14.4, realDeviceLogger: /Applications/Katalon Studi..., takesScreenshot: true, udid: 2B504F47-40EA-4A1D-A6C0-6A1..., waitForAppScript: true;, wdaLocalPort: 57112, webStorageEnabled: false}
Session ID: 5ded0a3d-95a5-4a09-bcb9-5fed14d60467
	at org.openqa.selenium.remote.http.W3CHttpResponseCodec.createException(W3CHttpResponseCodec.java:187)
	at org.openqa.selenium.remote.http.W3CHttpResponseCodec.decode(W3CHttpResponseCodec.java:122)
	at org.openqa.selenium.remote.http.W3CHttpResponseCodec.decode(W3CHttpResponseCodec.java:49)
	at org.openqa.selenium.remote.HttpCommandExecutor.execute(HttpCommandExecutor.java:158)
	at io.appium.java_client.remote.AppiumCommandExecutor.execute(AppiumCommandExecutor.java:239)
	at org.openqa.selenium.remote.RemoteWebDriver.execute(RemoteWebDriver.java:552)
	at io.appium.java_client.DefaultGenericMobileDriver.execute(DefaultGenericMobileDriver.java:42)
	at io.appium.java_client.AppiumDriver.execute(AppiumDriver.java:1)
	at io.appium.java_client.ios.IOSDriver.execute(IOSDriver.java:1)
	at org.openqa.selenium.remote.RemoteWebElement.execute(RemoteWebElement.java:285)
	at io.appium.java_client.DefaultGenericMobileElement.execute(DefaultGenericMobileElement.java:45)
	at io.appium.java_client.MobileElement.execute(MobileElement.java:1)
	at io.appium.java_client.ios.IOSElement.execute(IOSElement.java:1)
	at org.openqa.selenium.remote.RemoteWebElement.getLocation(RemoteWebElement.java:337)
	at org.openqa.selenium.WebElement$getLocation.call(Unknown Source)
	at com.kms.katalon.core.mobile.keyword.internal.MobileAbstractKeyword.findElement(MobileAbstractKeyword.groovy:86)
	at com.kms.katalon.core.mobile.keyword.builtin.VerifyElementExistKeyword.access$1(VerifyElementExistKeyword.groovy)
	at com.kms.katalon.core.mobile.keyword.builtin.VerifyElementExistKeyword$_verifyElementExist_closure1.doCall(VerifyElementExistKeyword.groovy:72)
	at com.kms.katalon.core.mobile.keyword.builtin.VerifyElementExistKeyword$_verifyElementExist_closure1.call(VerifyElementExistKeyword.groovy)
	at com.kms.katalon.core.mobile.keyword.internal.MobileKeywordMain.runKeyword(MobileKeywordMain.groovy:21)
	at com.kms.katalon.core.mobile.keyword.builtin.VerifyElementExistKeyword.verifyElementExist(VerifyElementExistKeyword.groovy:80)
	at com.kms.katalon.core.mobile.keyword.builtin.VerifyElementExistKeyword.execute(VerifyElementExistKeyword.groovy:64)
	at com.kms.katalon.core.keyword.internal.KeywordExecutor.executeKeywordForPlatform(KeywordExecutor.groovy:73)
	at com.kms.katalon.core.mobile.keyword.MobileBuiltInKeywords.verifyElementExist(MobileBuiltInKeywords.groovy:1570)
	at com.kms.katalon.core.mobile.keyword.MobileBuiltInKeywords$verifyElementExist$1.call(Unknown Source)
	at ios_common_keywords.Go_Back.Custom(Go_Back.groovy:44)
	at ios_common_keywords.Go_Back.invokeMethod(Go_Back.groovy)
	at com.kms.katalon.core.main.CustomKeywordDelegatingMetaClass.invokeStaticMethod(CustomKeywordDelegatingMetaClass.java:50)
	at Inventory(Verify add,copy,move between location).run(Inventory(Verify add,copy,move between location):88)
	at com.kms.katalon.core.main.ScriptEngine.run(ScriptEngine.java:194)
	at com.kms.katalon.core.main.ScriptEngine.runScriptAsRawText(ScriptEngine.java:119)
	at com.kms.katalon.core.main.TestCaseExecutor.runScript(TestCaseExecutor.java:398)
	at com.kms.katalon.core.main.TestCaseExecutor.doExecute(TestCaseExecutor.java:389)
	at com.kms.katalon.core.main.TestCaseExecutor.processExecutionPhase(TestCaseExecutor.java:368)
	at com.kms.katalon.core.main.TestCaseExecutor.accessMainPhase(TestCaseExecutor.java:360)
	at com.kms.katalon.core.main.TestCaseExecutor.execute(TestCaseExecutor.java:255)
	at com.kms.katalon.core.main.TestSuiteExecutor.accessTestCaseMainPhase(TestSuiteExecutor.java:203)
	at com.kms.katalon.core.main.TestSuiteExecutor.accessTestSuiteMainPhase(TestSuiteExecutor.java:152)
	at com.kms.katalon.core.main.TestSuiteExecutor.execute(TestSuiteExecutor.java:95)
	at com.kms.katalon.core.main.TestCaseMain.startTestSuite(TestCaseMain.java:157)
	at com.kms.katalon.core.main.TestCaseMain$startTestSuite$0.call(Unknown Source)
	at TempTestSuite1633528370185.run(TempTestSuite1633528370185.groovy:39)
)
[[ATTACHMENT|/Users/sahil.vidaysingh/Katalon Studio/testing/Reports/20211006_192250/sanity_iOS/20211006_192250/1633530640018.png]]

2021-10-06 20:00:40 - [MESSAGE][PASSED] - ios_common_keywords.Go_Back.Custom is PASSED

2021-10-06 20:00:40 - [TEST_STEP][PASSED] - ios_inventory.Inventory_details_Screen.click_On_Location(Location_1): ios_inventory.Inventory_details_Screen.click_On_Location is PASSED

2021-10-06 20:00:40 - [MESSAGE][WARNING] - Timeout '0' is invalid. Using default page load timeout: '30'

2021-10-06 20:00:41 - [MESSAGE][PASSED] - Tapped on element 'Object Repository/iOS/Inventory/Inventory Details Screen/Add Location/Tap On Location_Text'

2021-10-06 20:00:41 - [MESSAGE][PASSED] - ios_inventory.Inventory_details_Screen.click_On_Location is PASSED

2021-10-06 20:00:41 - [TEST_STEP][PASSED] - ios_common_keywords.Go_Back.Custom(): ios_common_keywords.Go_Back.Custom is PASSED

2021-10-06 20:00:43 - [MESSAGE][WARNING] - Element 'Object Repository/iOS/Product_Search/Progress_Bar' not found
[[ATTACHMENT|/Users/sahil.vidaysingh/Katalon Studio/testing/Reports/20211006_192250/sanity_iOS/20211006_192250/1633530643321.png]]

2021-10-06 20:00:47 - [MESSAGE][WARNING] - Element 'Object Repository/iOS/Product_Search/Back_Text' not found
[[ATTACHMENT|/Users/sahil.vidaysingh/Katalon Studio/testing/Reports/20211006_192250/sanity_iOS/20211006_192250/1633530647619.png]]

2021-10-06 20:00:49 - [MESSAGE][PASSED] - Tapped on element 'Object Repository/iOS/Inventory/Location Details_Screen/Add Product to Location/Back Button_Text'

2021-10-06 20:00:51 - [MESSAGE][WARNING] - Element 'Object Repository/iOS/Product_Search/Progress_Bar' not found
[[ATTACHMENT|/Users/sahil.vidaysingh/Katalon Studio/testing/Reports/20211006_192250/sanity_iOS/20211006_192250/1633530651362.png]]

2021-10-06 20:00:51 - [MESSAGE][PASSED] - ios_common_keywords.Go_Back.Custom is PASSED

2021-10-06 20:00:51 - [TEST_STEP][PASSED] - ios_common_keywords.Go_Back.Custom(): ios_common_keywords.Go_Back.Custom is PASSED

2021-10-06 20:00:53 - [MESSAGE][WARNING] - Element 'Object Repository/iOS/Product_Search/Progress_Bar' not found
[[ATTACHMENT|/Users/sahil.vidaysingh/Katalon Studio/testing/Reports/20211006_192250/sanity_iOS/20211006_192250/1633530653551.png]]

2021-10-06 20:00:57 - [MESSAGE][WARNING] - Element 'Object Repository/iOS/Product_Search/Back_Text' not found
[[ATTACHMENT|/Users/sahil.vidaysingh/Katalon Studio/testing/Reports/20211006_192250/sanity_iOS/20211006_192250/1633530657830.png]]

2021-10-06 20:00:59 - [MESSAGE][PASSED] - Tapped on element 'Object Repository/iOS/Inventory/Location Details_Screen/Add Product to Location/Back Button_Text'

2021-10-06 20:01:02 - [MESSAGE][WARNING] - Element 'Object Repository/iOS/Product_Search/Progress_Bar' not found
[[ATTACHMENT|/Users/sahil.vidaysingh/Katalon Studio/testing/Reports/20211006_192250/sanity_iOS/20211006_192250/1633530662059.png]]

2021-10-06 20:01:02 - [MESSAGE][PASSED] - ios_common_keywords.Go_Back.Custom is PASSED

2021-10-06 20:01:02 - [TEST_STEP][PASSED] - ios_inventory.Inventory_listing_Screen.delete_Inventory(Inventory_Name): ios_inventory.Inventory_listing_Screen.delete_Inventory is PASSED

2021-10-06 20:01:03 - [MESSAGE][WARNING] - Element 'Object Repository/iOS/Product_Search/Progress_Bar' not found
[[ATTACHMENT|/Users/sahil.vidaysingh/Katalon Studio/testing/Reports/20211006_192250/sanity_iOS/20211006_192250/1633530663850.png]]

2021-10-06 20:01:04 - [MESSAGE][WARNING] - Timeout '0' is invalid. Using default page load timeout: '30'

2021-10-06 20:01:05 - [MESSAGE][PASSED] - Tapped on element 'Object Repository/iOS/Inventory/Inventory Listing Screen/Delete Inventory/Slide_PopUpButton For Inventory Deletion'

2021-10-06 20:01:05 - [MESSAGE][WARNING] - Timeout '0' is invalid. Using default page load timeout: '30'

2021-10-06 20:01:07 - [MESSAGE][PASSED] - Tapped on element 'Object Repository/iOS/Inventory/Inventory Listing Screen/Delete Inventory/Delete Inventory_Text'

2021-10-06 20:01:07 - [MESSAGE][WARNING] - Timeout '0' is invalid. Using default page load timeout: '30'

2021-10-06 20:01:09 - [MESSAGE][PASSED] - Tapped on element 'Object Repository/iOS/Inventory/Inventory Listing Screen/Delete Inventory/Yes for Deletion_Text'

2021-10-06 20:01:10 - [MESSAGE][PASSED] - Element 'Object Repository/iOS/Product_Search/Progress_Bar' is exist

2021-10-06 20:01:11 - [MESSAGE][PASSED] - Delayed 1 second(s)

2021-10-06 20:01:13 - [MESSAGE][WARNING] - Element 'Object Repository/iOS/Product_Search/Progress_Bar' not found
[[ATTACHMENT|/Users/sahil.vidaysingh/Katalon Studio/testing/Reports/20211006_192250/sanity_iOS/20211006_192250/1633530673288.png]]

2021-10-06 20:01:13 - [MESSAGE][WARNING] - Timeout '0' is invalid. Using default page load timeout: '30'

2021-10-06 20:01:43 - [MESSAGE][PASSED] - Element 'Object Repository/iOS/Inventory/Inventory Details Screen/Open Inventory Details/Open Inventory_Text' not found

2021-10-06 20:01:43 - [MESSAGE][PASSED] - ios_inventory.Inventory_listing_Screen.delete_Inventory is PASSED]]></system-out>
         <system-err><![CDATA[]]></system-err>
      </testcase>
      <testcase name="Test Cases/iOS/Carts/Submit_Order_After_Edit_Order" time="227.485" classname="Test Cases/iOS/Carts/Submit_Order_After_Edit_Order" status="PASSED">
         <system-out><![CDATA[2021-10-06 20:01:43 - [TEST_CASE][PASSED] - Test Cases/iOS/Carts/Submit_Order_After_Edit_Order: Test Cases/iOS/Carts/Submit_Order_After_Edit_Order

2021-10-06 20:01:44 - [TEST_STEP][PASSED] - ios_common_keywords.Start_Application.custom(): ios_common_keywords.Start_Application.custom is PASSED

2021-10-06 20:02:46 - [MESSAGE][PASSED] - Started app at: '/Users/sahil.vidaysingh/Downloads/Hatch 3.app'

2021-10-06 20:02:46 - [MESSAGE][PASSED] - ios_common_keywords.Start_Application.custom is PASSED

2021-10-06 20:02:46 - [TEST_STEP][PASSED] - ios_login.Login_Screen.login(Password): ios_login.Login_Screen.login is PASSED

2021-10-06 20:02:46 - [MESSAGE][PASSED] - Element 'Object Repository/iOS/LogIn/Environment_Selection_Screen/Environment Selection_Text' is exist

2021-10-06 20:02:46 - [MESSAGE][WARNING] - Timeout '0' is invalid. Using default page load timeout: '30'

2021-10-06 20:02:47 - [MESSAGE][PASSED] - Tapped on element 'Object Repository/iOS/LogIn/Environment_Selection_Screen/Environment Selection_Text'

2021-10-06 20:02:48 - [MESSAGE][WARNING] - Timeout '0' is invalid. Using default page load timeout: '30'

2021-10-06 20:02:49 - [MESSAGE][PASSED] - Tapped on element 'Object Repository/iOS/LogIn/Environment_Selection_Screen/Environment_Button'

2021-10-06 20:02:49 - [MESSAGE][WARNING] - Timeout '0' is invalid. Using default page load timeout: '30'

2021-10-06 20:02:50 - [MESSAGE][PASSED] - Tapped on element 'Object Repository/iOS/LogIn/Login_Details_Screen/Login UserName_Button'

2021-10-06 20:02:50 - [MESSAGE][WARNING] - Timeout '0' is invalid. Using default page load timeout: '30'

2021-10-06 20:02:51 - [MESSAGE][PASSED] - Text 'auto_ws_acute' has been set to element 'Object Repository/iOS/LogIn/Login_Details_Screen/UserName_Text_Field'

2021-10-06 20:02:51 - [MESSAGE][WARNING] - Timeout '0' is invalid. Using default page load timeout: '30'

2021-10-06 20:02:52 - [MESSAGE][PASSED] - Tapped on element 'Object Repository/iOS/LogIn/Login_Details_Screen/LoginBar-ButtonDown'

2021-10-06 20:02:52 - [MESSAGE][WARNING] - Timeout '0' is invalid. Using default page load timeout: '30'

2021-10-06 20:02:53 - [MESSAGE][PASSED] - Tapped on element 'Object Repository/iOS/LogIn/Login_Details_Screen/Password-Button'

2021-10-06 20:02:53 - [MESSAGE][WARNING] - Timeout '0' is invalid. Using default page load timeout: '30'

2021-10-06 20:02:54 - [MESSAGE][PASSED] - Text 'Cardinal1' has been set to element 'Object Repository/iOS/LogIn/Login_Details_Screen/Password-Secure_Text_Field'

2021-10-06 20:02:54 - [MESSAGE][WARNING] - Timeout '0' is invalid. Using default page load timeout: '30'

2021-10-06 20:02:56 - [MESSAGE][PASSED] - Tapped on element 'Object Repository/iOS/LogIn/Login_Details_Screen/SignIn_Button'

2021-10-06 20:02:56 - [MESSAGE][PASSED] - ios_login.Login_Screen.login is PASSED

2021-10-06 20:02:56 - [TEST_STEP][PASSED] - ios_account_selection.Select_An_Account.Custom(Account): ios_account_selection.Select_An_Account.Custom is PASSED

2021-10-06 20:02:56 - [MESSAGE][PASSED] - Element 'Object Repository/iOS/Product_Search/Progress_Bar' is exist

2021-10-06 20:02:57 - [MESSAGE][PASSED] - Delayed 1 second(s)

2021-10-06 20:02:59 - [MESSAGE][PASSED] - Element 'Object Repository/iOS/Product_Search/Progress_Bar' is exist

2021-10-06 20:03:00 - [MESSAGE][PASSED] - Delayed 1 second(s)

2021-10-06 20:03:00 - [MESSAGE][PASSED] - Element 'Object Repository/iOS/Product_Search/Progress_Bar' is exist

2021-10-06 20:03:01 - [MESSAGE][PASSED] - Delayed 1 second(s)

2021-10-06 20:03:02 - [MESSAGE][PASSED] - Element 'Object Repository/iOS/Product_Search/Progress_Bar' is exist

2021-10-06 20:03:03 - [MESSAGE][PASSED] - Delayed 1 second(s)

2021-10-06 20:03:03 - [MESSAGE][PASSED] - Element 'Object Repository/iOS/Product_Search/Progress_Bar' is exist

2021-10-06 20:03:04 - [MESSAGE][PASSED] - Delayed 1 second(s)

2021-10-06 20:03:05 - [MESSAGE][PASSED] - Element 'Object Repository/iOS/Product_Search/Progress_Bar' is exist

2021-10-06 20:03:06 - [MESSAGE][PASSED] - Delayed 1 second(s)

2021-10-06 20:03:06 - [MESSAGE][PASSED] - Element 'Object Repository/iOS/Product_Search/Progress_Bar' is exist

2021-10-06 20:03:07 - [MESSAGE][PASSED] - Delayed 1 second(s)

2021-10-06 20:03:07 - [MESSAGE][PASSED] - Element 'Object Repository/iOS/Product_Search/Progress_Bar' is exist

2021-10-06 20:03:08 - [MESSAGE][PASSED] - Delayed 1 second(s)

2021-10-06 20:03:09 - [MESSAGE][PASSED] - Element 'Object Repository/iOS/Product_Search/Progress_Bar' is exist

2021-10-06 20:03:10 - [MESSAGE][PASSED] - Delayed 1 second(s)

2021-10-06 20:03:10 - [MESSAGE][PASSED] - Element 'Object Repository/iOS/Product_Search/Progress_Bar' is exist

2021-10-06 20:03:11 - [MESSAGE][PASSED] - Delayed 1 second(s)

2021-10-06 20:03:12 - [MESSAGE][PASSED] - Element 'Object Repository/iOS/Product_Search/Progress_Bar' is exist

2021-10-06 20:03:13 - [MESSAGE][PASSED] - Delayed 1 second(s)

2021-10-06 20:03:13 - [MESSAGE][PASSED] - Element 'Object Repository/iOS/Product_Search/Progress_Bar' is exist

2021-10-06 20:03:14 - [MESSAGE][PASSED] - Delayed 1 second(s)

2021-10-06 20:03:15 - [MESSAGE][PASSED] - Element 'Object Repository/iOS/Product_Search/Progress_Bar' is exist

2021-10-06 20:03:16 - [MESSAGE][PASSED] - Delayed 1 second(s)

2021-10-06 20:03:16 - [MESSAGE][PASSED] - Element 'Object Repository/iOS/Product_Search/Progress_Bar' is exist

2021-10-06 20:03:17 - [MESSAGE][PASSED] - Delayed 1 second(s)

2021-10-06 20:03:18 - [MESSAGE][WARNING] - Element 'Object Repository/iOS/Product_Search/Progress_Bar' not found
[[ATTACHMENT|/Users/sahil.vidaysingh/Katalon Studio/testing/Reports/20211006_192250/sanity_iOS/20211006_192250/1633530798511.png]]

2021-10-06 20:03:18 - [MESSAGE][WARNING] - Timeout '0' is invalid. Using default page load timeout: '30'

2021-10-06 20:03:19 - [MESSAGE][PASSED] - Element 'Object Repository/iOS/Account_Selection/You must select an account to continue_Text' is present

2021-10-06 20:03:20 - [MESSAGE][PASSED] - Scrolling to text '11-487698' successfully

2021-10-06 20:03:20 - [MESSAGE][WARNING] - Timeout '0' is invalid. Using default page load timeout: '30'

2021-10-06 20:03:20 - [MESSAGE][PASSED] - Tapped on element 'Object Repository/iOS/Account_Selection/AccountNo_Text'

2021-10-06 20:03:22 - [MESSAGE][WARNING] - Element 'Object Repository/iOS/Product_Search/Progress_Bar' not found
[[ATTACHMENT|/Users/sahil.vidaysingh/Katalon Studio/testing/Reports/20211006_192250/sanity_iOS/20211006_192250/1633530802014.png]]

2021-10-06 20:03:22 - [MESSAGE][PASSED] - ios_account_selection.Select_An_Account.Custom is PASSED

2021-10-06 20:03:22 - [TEST_STEP][PASSED] - ios_dashboard.dashboard_details.click_On_Orders(): ios_dashboard.dashboard_details.click_On_Orders is PASSED

2021-10-06 20:03:22 - [MESSAGE][WARNING] - Timeout '0' is invalid. Using default page load timeout: '30'

2021-10-06 20:03:22 - [MESSAGE][PASSED] - Tapped on element 'Object Repository/iOS/Dashboard/Orders_Tab'

2021-10-06 20:03:22 - [MESSAGE][PASSED] - ios_dashboard.dashboard_details.click_On_Orders is PASSED

2021-10-06 20:03:22 - [TEST_STEP][PASSED] - ios_orders.Cart_Screen.verify_Cart_Screen_Details_without_Adding_any_Product(): ios_orders.Cart_Screen.verify_Cart_Screen_Details_without_Adding_any_Product is PASSED

2021-10-06 20:03:22 - [MESSAGE][WARNING] - Timeout '0' is invalid. Using default page load timeout: '30'

2021-10-06 20:03:23 - [MESSAGE][PASSED] - Element 'Object Repository/iOS/Orders/Verification Details/Lines_Text' is exist

2021-10-06 20:03:23 - [MESSAGE][WARNING] - Timeout '0' is invalid. Using default page load timeout: '30'

2021-10-06 20:03:24 - [MESSAGE][PASSED] - Element 'Object Repository/iOS/Orders/Cart Page/Place All Orders/Disabled_Place All Orders_Button' is exist

2021-10-06 20:03:24 - [MESSAGE][WARNING] - Timeout '0' is invalid. Using default page load timeout: '30'

2021-10-06 20:03:25 - [MESSAGE][PASSED] - Element 'Object Repository/iOS/Orders/Cart Page/Upload All Orders/Disabled_Upload All Orders_Button' is exist

2021-10-06 20:03:25 - [MESSAGE][WARNING] - Timeout '0' is invalid. Using default page load timeout: '30'

2021-10-06 20:03:25 - [MESSAGE][PASSED] - Element 'Object Repository/iOS/Orders/Orders_Common_Screen/Cart Page_Tab' is exist

2021-10-06 20:03:26 - [MESSAGE][WARNING] - Timeout '0' is invalid. Using default page load timeout: '30'

2021-10-06 20:03:26 - [MESSAGE][PASSED] - Element 'Object Repository/iOS/Orders/Verification Details/Cart Header_Label' is exist

2021-10-06 20:03:26 - [MESSAGE][PASSED] - ios_orders.Cart_Screen.verify_Cart_Screen_Details_without_Adding_any_Product is PASSED

2021-10-06 20:03:26 - [TEST_STEP][PASSED] - ios_orders.Orders_Screen.click_On_NewOrder(): ios_orders.Orders_Screen.click_On_NewOrder is PASSED

2021-10-06 20:03:26 - [MESSAGE][WARNING] - Timeout '0' is invalid. Using default page load timeout: '30'

2021-10-06 20:03:28 - [MESSAGE][PASSED] - Tapped on element 'Object Repository/iOS/Orders/Orders_Common_Screen/New Order_Tab'

2021-10-06 20:03:28 - [MESSAGE][PASSED] - ios_orders.Orders_Screen.click_On_NewOrder is PASSED

2021-10-06 20:03:28 - [TEST_STEP][PASSED] - ios_orders.New_Order_Screen.verify_NewOrder_Screen_Details(): ios_orders.New_Order_Screen.verify_NewOrder_Screen_Details is PASSED

2021-10-06 20:03:28 - [MESSAGE][WARNING] - Timeout '0' is invalid. Using default page load timeout: '30'

2021-10-06 20:03:29 - [MESSAGE][PASSED] - Element 'Object Repository/iOS/Orders/New Order Page/Create a new order_Text' is exist

2021-10-06 20:03:29 - [MESSAGE][WARNING] - Timeout '0' is invalid. Using default page load timeout: '30'

2021-10-06 20:03:29 - [MESSAGE][PASSED] - Element 'Object Repository/iOS/Orders/New Order Page/Account_Text' is exist

2021-10-06 20:03:29 - [MESSAGE][WARNING] - Timeout '0' is invalid. Using default page load timeout: '30'

2021-10-06 20:03:30 - [MESSAGE][PASSED] - Element 'Object Repository/iOS/Orders/New Order Page/Purchase Order Details_Text' is exist

2021-10-06 20:03:30 - [MESSAGE][WARNING] - Timeout '0' is invalid. Using default page load timeout: '30'

2021-10-06 20:03:31 - [MESSAGE][PASSED] - Element 'Object Repository/iOS/Orders/New Order Page/Change Account_Text' is exist

2021-10-06 20:03:31 - [MESSAGE][PASSED] - ios_orders.New_Order_Screen.verify_NewOrder_Screen_Details is PASSED

2021-10-06 20:03:31 - [TEST_STEP][PASSED] - ios_orders.New_Order_Screen.enter_Purchase_Order_Details(PO_Name, PO_Memo): ios_orders.New_Order_Screen.enter_Purchase_Order_Details is PASSED

2021-10-06 20:03:31 - [MESSAGE][WARNING] - Duration '0' is invalid. Using default duration.

2021-10-06 20:03:31 - [MESSAGE][WARNING] - Timeout '0' is invalid. Using default page load timeout: '30'

2021-10-06 20:03:33 - [MESSAGE][PASSED] - Tapped and held on element 'Object Repository/iOS/Orders/Order Details Page/Edit PO Name and Memo/PO Name_TextField' with duration (default)

2021-10-06 20:03:33 - [MESSAGE][WARNING] - Timeout '0' is invalid. Using default page load timeout: '30'

2021-10-06 20:03:37 - [MESSAGE][PASSED] - Text 'po_name' has been set to element 'Object Repository/iOS/Orders/Order Details Page/Edit PO Name and Memo/PO Name_TextField'

2021-10-06 20:03:37 - [MESSAGE][WARNING] - Timeout '0' is invalid. Using default page load timeout: '30'

2021-10-06 20:03:38 - [MESSAGE][PASSED] - Tapped on element 'Object Repository/iOS/Product_Search/Return Keypad_Button'

2021-10-06 20:03:38 - [MESSAGE][WARNING] - Duration '0' is invalid. Using default duration.

2021-10-06 20:03:38 - [MESSAGE][WARNING] - Timeout '0' is invalid. Using default page load timeout: '30'

2021-10-06 20:03:40 - [MESSAGE][PASSED] - Tapped and held on element 'Object Repository/iOS/Orders/Order Details Page/Edit PO Name and Memo/poMemo Field_Button' with duration (default)

2021-10-06 20:03:40 - [MESSAGE][WARNING] - Timeout '0' is invalid. Using default page load timeout: '30'

2021-10-06 20:03:41 - [MESSAGE][PASSED] - Text 'po_memo' has been set to element 'Object Repository/iOS/Orders/Order Details Page/Edit PO Name and Memo/poMemoField_TextField'

2021-10-06 20:03:41 - [MESSAGE][WARNING] - Timeout '0' is invalid. Using default page load timeout: '30'

2021-10-06 20:03:42 - [MESSAGE][PASSED] - Tapped on element 'Object Repository/iOS/Product_Search/Return Keypad_Button'

2021-10-06 20:03:42 - [MESSAGE][PASSED] - ios_orders.New_Order_Screen.enter_Purchase_Order_Details is PASSED

2021-10-06 20:03:42 - [TEST_STEP][PASSED] - ios_orders.New_Order_Screen.verify_NewOrder_Screen_Details(): ios_orders.New_Order_Screen.verify_NewOrder_Screen_Details is PASSED

2021-10-06 20:03:42 - [MESSAGE][WARNING] - Timeout '0' is invalid. Using default page load timeout: '30'

2021-10-06 20:03:43 - [MESSAGE][PASSED] - Element 'Object Repository/iOS/Orders/New Order Page/Create a new order_Text' is exist

2021-10-06 20:03:44 - [MESSAGE][WARNING] - Timeout '0' is invalid. Using default page load timeout: '30'

2021-10-06 20:03:45 - [MESSAGE][PASSED] - Element 'Object Repository/iOS/Orders/New Order Page/Account_Text' is exist

2021-10-06 20:03:45 - [MESSAGE][WARNING] - Timeout '0' is invalid. Using default page load timeout: '30'

2021-10-06 20:03:46 - [MESSAGE][PASSED] - Element 'Object Repository/iOS/Orders/New Order Page/Purchase Order Details_Text' is exist

2021-10-06 20:03:46 - [MESSAGE][WARNING] - Timeout '0' is invalid. Using default page load timeout: '30'

2021-10-06 20:03:47 - [MESSAGE][PASSED] - Element 'Object Repository/iOS/Orders/New Order Page/Change Account_Text' is exist

2021-10-06 20:03:47 - [MESSAGE][PASSED] - ios_orders.New_Order_Screen.verify_NewOrder_Screen_Details is PASSED

2021-10-06 20:03:47 - [TEST_STEP][PASSED] - ios_orders.New_Order_Screen.create_Order(): ios_orders.New_Order_Screen.create_Order is PASSED

2021-10-06 20:03:47 - [MESSAGE][WARNING] - Timeout '0' is invalid. Using default page load timeout: '30'

2021-10-06 20:03:49 - [MESSAGE][PASSED] - Tapped on element 'Object Repository/iOS/Orders/New Order Page/Create Order_Button'

2021-10-06 20:03:49 - [MESSAGE][PASSED] - ios_orders.New_Order_Screen.create_Order is PASSED

2021-10-06 20:03:49 - [TEST_STEP][PASSED] - ios_orders.Order_details_Screen.add_Product_to_Order(Product_Name, Quantity): ios_orders.Order_details_Screen.add_Product_to_Order is PASSED

2021-10-06 20:03:50 - [MESSAGE][WARNING] - Element 'Object Repository/iOS/Product_Search/Progress_Bar' not found
[[ATTACHMENT|/Users/sahil.vidaysingh/Katalon Studio/testing/Reports/20211006_192250/sanity_iOS/20211006_192250/1633530830783.png]]

2021-10-06 20:03:50 - [MESSAGE][WARNING] - Duration '0' is invalid. Using default duration.

2021-10-06 20:03:50 - [MESSAGE][WARNING] - Timeout '0' is invalid. Using default page load timeout: '30'

2021-10-06 20:03:52 - [MESSAGE][PASSED] - Tapped and held on element 'Object Repository/iOS/Inventory/Location Details_Screen/Add Product to Location/Product SearchField' with duration (default)

2021-10-06 20:03:53 - [MESSAGE][WARNING] - Element 'Object Repository/iOS/Product_Search/Progress_Bar' not found
[[ATTACHMENT|/Users/sahil.vidaysingh/Katalon Studio/testing/Reports/20211006_192250/sanity_iOS/20211006_192250/1633530833578.png]]

2021-10-06 20:03:53 - [MESSAGE][WARNING] - Timeout '0' is invalid. Using default page load timeout: '30'

2021-10-06 20:03:55 - [MESSAGE][PASSED] - Text '4023347' has been set to element 'Object Repository/iOS/Product_Search/Product SearchField'

2021-10-06 20:03:55 - [MESSAGE][WARNING] - Duration '0' is invalid. Using default duration.

2021-10-06 20:03:55 - [MESSAGE][WARNING] - Timeout '0' is invalid. Using default page load timeout: '30'

2021-10-06 20:03:56 - [MESSAGE][PASSED] - Tapped and held on element 'Object Repository/iOS/Product_Search/Search Key_Button' with duration (default)

2021-10-06 20:03:56 - [MESSAGE][WARNING] - Timeout '0' is invalid. Using default page load timeout: '30'

2021-10-06 20:04:01 - [MESSAGE][PASSED] - Text '2' has been set to element 'Object Repository/iOS/Product_Search/Quantity_TextField'

2021-10-06 20:04:02 - [MESSAGE][PASSED] - Element 'Object Repository/iOS/Product_Search/Progress_Bar' is exist

2021-10-06 20:04:03 - [MESSAGE][PASSED] - Delayed 1 second(s)

2021-10-06 20:04:04 - [MESSAGE][PASSED] - Element 'Object Repository/iOS/Product_Search/Progress_Bar' is exist

2021-10-06 20:04:05 - [MESSAGE][PASSED] - Delayed 1 second(s)

2021-10-06 20:04:06 - [MESSAGE][WARNING] - Element 'Object Repository/iOS/Product_Search/Progress_Bar' not found
[[ATTACHMENT|/Users/sahil.vidaysingh/Katalon Studio/testing/Reports/20211006_192250/sanity_iOS/20211006_192250/1633530846874.png]]

2021-10-06 20:04:07 - [MESSAGE][WARNING] - Timeout '0' is invalid. Using default page load timeout: '30'

2021-10-06 20:04:08 - [MESSAGE][PASSED] - Tapped on element 'Object Repository/iOS/Orders/Cart Page/Place All Orders/Done_Keypad'

2021-10-06 20:04:08 - [MESSAGE][WARNING] - Timeout '0' is invalid. Using default page load timeout: '30'

2021-10-06 20:04:10 - [MESSAGE][PASSED] - Tapped on element 'Object Repository/iOS/Inventory/Inventory Details Screen/Add Product to Inventory using Search from Dashoboard/Add to Order_Text'

2021-10-06 20:04:10 - [MESSAGE][WARNING] - Timeout '0' is invalid. Using default page load timeout: '30'

2021-10-06 20:04:10 - [MESSAGE][PASSED] - Element 'Object Repository/iOS/Product_Search/Confirmation_Text' is exist

2021-10-06 20:04:10 - [MESSAGE][WARNING] - Timeout '0' is invalid. Using default page load timeout: '30'

2021-10-06 20:04:11 - [MESSAGE][PASSED] - Tapped on element 'Object Repository/iOS/Orders/Order Details Page/Upload Order/Continue Ordering_Text'

2021-10-06 20:04:11 - [MESSAGE][PASSED] - ios_orders.Order_details_Screen.add_Product_to_Order is PASSED

2021-10-06 20:04:11 - [TEST_STEP][PASSED] - ios_common_keywords.Go_Back.Custom(): ios_common_keywords.Go_Back.Custom is PASSED

2021-10-06 20:04:14 - [MESSAGE][WARNING] - Element 'Object Repository/iOS/Product_Search/Progress_Bar' not found
[[ATTACHMENT|/Users/sahil.vidaysingh/Katalon Studio/testing/Reports/20211006_192250/sanity_iOS/20211006_192250/1633530854006.png]]

2021-10-06 20:04:18 - [MESSAGE][WARNING] - Element 'Object Repository/iOS/Product_Search/Back_Text' not found
[[ATTACHMENT|/Users/sahil.vidaysingh/Katalon Studio/testing/Reports/20211006_192250/sanity_iOS/20211006_192250/1633530858342.png]]

2021-10-06 20:04:19 - [MESSAGE][PASSED] - Tapped on element 'Object Repository/iOS/Inventory/Location Details_Screen/Add Product to Location/Back Button_Text'

2021-10-06 20:04:20 - [MESSAGE][PASSED] - Element 'Object Repository/iOS/Product_Search/Progress_Bar' is exist

2021-10-06 20:04:22 - [MESSAGE][PASSED] - Delayed 2 second(s)

2021-10-06 20:04:24 - [MESSAGE][WARNING] - Element 'Object Repository/iOS/Product_Search/Progress_Bar' not found
[[ATTACHMENT|/Users/sahil.vidaysingh/Katalon Studio/testing/Reports/20211006_192250/sanity_iOS/20211006_192250/1633530864649.png]]

2021-10-06 20:04:24 - [MESSAGE][PASSED] - ios_common_keywords.Go_Back.Custom is PASSED

2021-10-06 20:04:24 - [TEST_STEP][PASSED] - ios_common_keywords.Go_Back.Custom(): ios_common_keywords.Go_Back.Custom is PASSED

2021-10-06 20:04:27 - [MESSAGE][WARNING] - Element 'Object Repository/iOS/Product_Search/Progress_Bar' not found
[[ATTACHMENT|/Users/sahil.vidaysingh/Katalon Studio/testing/Reports/20211006_192250/sanity_iOS/20211006_192250/1633530867140.png]]

2021-10-06 20:04:31 - [MESSAGE][WARNING] - Element 'Object Repository/iOS/Product_Search/Back_Text' not found
[[ATTACHMENT|/Users/sahil.vidaysingh/Katalon Studio/testing/Reports/20211006_192250/sanity_iOS/20211006_192250/1633530871358.png]]

2021-10-06 20:04:32 - [MESSAGE][PASSED] - Tapped on element 'Object Repository/iOS/Inventory/Location Details_Screen/Add Product to Location/Back Button_Text'

2021-10-06 20:04:35 - [MESSAGE][WARNING] - Element 'Object Repository/iOS/Product_Search/Progress_Bar' not found
[[ATTACHMENT|/Users/sahil.vidaysingh/Katalon Studio/testing/Reports/20211006_192250/sanity_iOS/20211006_192250/1633530875468.png]]

2021-10-06 20:04:35 - [MESSAGE][PASSED] - ios_common_keywords.Go_Back.Custom is PASSED

2021-10-06 20:04:35 - [TEST_STEP][PASSED] - ios_orders.Cart_Screen.verify_Cart_Screen_Details_with_Added_Product(): ios_orders.Cart_Screen.verify_Cart_Screen_Details_with_Added_Product is PASSED

2021-10-06 20:04:35 - [MESSAGE][WARNING] - Timeout '0' is invalid. Using default page load timeout: '30'

2021-10-06 20:04:36 - [MESSAGE][PASSED] - Element 'Object Repository/iOS/Orders/Orders_Common_Screen/Cart Page_Tab' is exist

2021-10-06 20:04:36 - [MESSAGE][WARNING] - Timeout '0' is invalid. Using default page load timeout: '30'

2021-10-06 20:04:37 - [MESSAGE][PASSED] - Element 'Object Repository/iOS/Orders/Cart Page/Upload All Orders/Enabled_Upload All Orders_Button' is exist

2021-10-06 20:04:37 - [MESSAGE][WARNING] - Timeout '0' is invalid. Using default page load timeout: '30'

2021-10-06 20:04:38 - [MESSAGE][PASSED] - Element 'Object Repository/iOS/Orders/Verification Details/Cart Header_Label' is exist

2021-10-06 20:04:38 - [MESSAGE][WARNING] - Timeout '0' is invalid. Using default page load timeout: '30'

2021-10-06 20:04:39 - [MESSAGE][PASSED] - Element 'Object Repository/iOS/Orders/Verification Details/All Mobile Orders_Text' is exist

2021-10-06 20:04:39 - [MESSAGE][WARNING] - Timeout '0' is invalid. Using default page load timeout: '30'

2021-10-06 20:04:40 - [MESSAGE][PASSED] - Element 'Object Repository/iOS/Orders/Verification Details/OrderList_Text' is exist

2021-10-06 20:04:40 - [MESSAGE][WARNING] - Timeout '0' is invalid. Using default page load timeout: '30'

2021-10-06 20:04:40 - [MESSAGE][PASSED] - Element 'Object Repository/iOS/Orders/Verification Details/Cart Total_Text' is exist

2021-10-06 20:04:41 - [MESSAGE][WARNING] - Timeout '0' is invalid. Using default page load timeout: '30'

2021-10-06 20:04:41 - [MESSAGE][PASSED] - Element 'Object Repository/iOS/Orders/Verification Details/OrderList_Amount_Text' is exist

2021-10-06 20:04:41 - [MESSAGE][PASSED] - ios_orders.Cart_Screen.verify_Cart_Screen_Details_with_Added_Product is PASSED

2021-10-06 20:04:41 - [TEST_STEP][PASSED] - ios_orders.Cart_Screen.click_On_Order(Account): ios_orders.Cart_Screen.click_On_Order is PASSED

2021-10-06 20:04:41 - [MESSAGE][WARNING] - Timeout '0' is invalid. Using default page load timeout: '30'

2021-10-06 20:04:43 - [MESSAGE][PASSED] - Tapped on element 'Object Repository/iOS/Orders/Order Details Page/Order Details_Text'

2021-10-06 20:04:43 - [MESSAGE][PASSED] - ios_orders.Cart_Screen.click_On_Order is PASSED

2021-10-06 20:04:43 - [TEST_STEP][PASSED] - ios_orders.Order_details_Screen.verify_Order_Details_Screen_Details_with_added_product(): ios_orders.Order_details_Screen.verify_Order_Details_Screen_Details_with_added_product is PASSED

2021-10-06 20:04:43 - [MESSAGE][WARNING] - Timeout '0' is invalid. Using default page load timeout: '30'

2021-10-06 20:04:44 - [MESSAGE][PASSED] - Element 'Object Repository/iOS/Orders/Order Details Page/Verification Details/Order Total_Text' is exist

2021-10-06 20:04:44 - [MESSAGE][WARNING] - Timeout '0' is invalid. Using default page load timeout: '30'

2021-10-06 20:04:45 - [MESSAGE][PASSED] - Element 'Object Repository/iOS/Orders/Order Details Page/Verification Details/Product Cost_Text' is exist

2021-10-06 20:04:45 - [MESSAGE][WARNING] - Timeout '0' is invalid. Using default page load timeout: '30'

2021-10-06 20:04:45 - [MESSAGE][PASSED] - Element 'Object Repository/iOS/Orders/Order Details Page/Verification Details/Remove Item_Button' is exist

2021-10-06 20:04:45 - [MESSAGE][WARNING] - Timeout '0' is invalid. Using default page load timeout: '30'

2021-10-06 20:04:46 - [MESSAGE][PASSED] - Element 'Object Repository/iOS/Product_Details/UOI_Text' is exist

2021-10-06 20:04:46 - [MESSAGE][WARNING] - Timeout '0' is invalid. Using default page load timeout: '30'

2021-10-06 20:04:46 - [MESSAGE][PASSED] - Element 'Object Repository/iOS/Product_Details/AMU_Text' is exist

2021-10-06 20:04:47 - [MESSAGE][WARNING] - Timeout '0' is invalid. Using default page load timeout: '30'

2021-10-06 20:04:47 - [MESSAGE][PASSED] - Element 'Object Repository/iOS/Product_Details/NDCLabel_Text' is exist

2021-10-06 20:04:47 - [MESSAGE][WARNING] - Timeout '0' is invalid. Using default page load timeout: '30'

2021-10-06 20:04:48 - [MESSAGE][PASSED] - Element 'Object Repository/iOS/Product_Details/ManufacturerName_Text' is exist

2021-10-06 20:04:48 - [MESSAGE][PASSED] - ios_orders.Order_details_Screen.verify_Order_Details_Screen_Details_with_added_product is PASSED

2021-10-06 20:04:48 - [TEST_STEP][PASSED] - ios_orders.Order_details_Screen.edit_PO_Name_and_Memo(New_PO_Name, New_PO_Memo): ios_orders.Order_details_Screen.edit_PO_Name_and_Memo is PASSED

2021-10-06 20:04:51 - [MESSAGE][PASSED] - Scrolling to text 'Edit' successfully

2021-10-06 20:04:52 - [MESSAGE][WARNING] - Timeout '0' is invalid. Using default page load timeout: '30'

2021-10-06 20:04:53 - [MESSAGE][PASSED] - Tapped on element 'Object Repository/iOS/Orders/Order Details Page/Edit PO Name and Memo/SearchEditOrderLabel'

2021-10-06 20:04:53 - [MESSAGE][WARNING] - Duration '0' is invalid. Using default duration.

2021-10-06 20:04:53 - [MESSAGE][WARNING] - Timeout '0' is invalid. Using default page load timeout: '30'

2021-10-06 20:04:55 - [MESSAGE][PASSED] - Tapped and held on element 'Object Repository/iOS/Orders/Order Details Page/Edit PO Name and Memo/poMemoField_TextField' with duration (default)

2021-10-06 20:04:55 - [MESSAGE][WARNING] - Timeout '0' is invalid. Using default page load timeout: '30'

2021-10-06 20:04:56 - [MESSAGE][PASSED] - Element 'Object Repository/iOS/Orders/Order Details Page/Edit PO Name and Memo/poMemoField_TextField' text is cleared

2021-10-06 20:04:56 - [MESSAGE][WARNING] - Timeout '0' is invalid. Using default page load timeout: '30'

2021-10-06 20:04:56 - [MESSAGE][PASSED] - Text 'new_PO_Name' has been set to element 'Object Repository/iOS/Orders/Order Details Page/Edit PO Name and Memo/poMemoField_TextField'

2021-10-06 20:04:57 - [MESSAGE][WARNING] - Duration '0' is invalid. Using default duration.

2021-10-06 20:04:57 - [MESSAGE][WARNING] - Timeout '0' is invalid. Using default page load timeout: '30'

2021-10-06 20:04:58 - [MESSAGE][PASSED] - Tapped and held on element 'Object Repository/iOS/Product_Search/Return Keypad_Button' with duration (default)

2021-10-06 20:04:58 - [MESSAGE][WARNING] - Duration '0' is invalid. Using default duration.

2021-10-06 20:04:58 - [MESSAGE][WARNING] - Timeout '0' is invalid. Using default page load timeout: '30'

2021-10-06 20:04:59 - [MESSAGE][PASSED] - Tapped and held on element 'Object Repository/iOS/Orders/Order Details Page/Edit PO Name and Memo/EditPOButton' with duration (default)

2021-10-06 20:04:59 - [MESSAGE][WARNING] - Timeout '0' is invalid. Using default page load timeout: '30'

2021-10-06 20:05:00 - [MESSAGE][PASSED] - Element 'Object Repository/iOS/Orders/Order Details Page/Edit PO Name and Memo/Edit P.O_TextField' text is cleared

2021-10-06 20:05:00 - [MESSAGE][WARNING] - Timeout '0' is invalid. Using default page load timeout: '30'

2021-10-06 20:05:01 - [MESSAGE][PASSED] - Text 'new_PO_Memo' has been set to element 'Object Repository/iOS/Orders/Order Details Page/Edit PO Name and Memo/Edit P.O_TextField'

2021-10-06 20:05:01 - [MESSAGE][WARNING] - Timeout '0' is invalid. Using default page load timeout: '30'

2021-10-06 20:05:02 - [MESSAGE][PASSED] - Tapped on element 'Object Repository/iOS/Orders/Order Details Page/Edit PO Name and Memo/Update Order_Button'

2021-10-06 20:05:02 - [MESSAGE][PASSED] - ios_orders.Order_details_Screen.edit_PO_Name_and_Memo is PASSED

2021-10-06 20:05:02 - [TEST_STEP][PASSED] - ios_common_keywords.Go_Back.Custom(): ios_common_keywords.Go_Back.Custom is PASSED

2021-10-06 20:05:03 - [MESSAGE][PASSED] - Element 'Object Repository/iOS/Product_Search/Progress_Bar' is exist

2021-10-06 20:05:05 - [MESSAGE][PASSED] - Delayed 2 second(s)

2021-10-06 20:05:07 - [MESSAGE][WARNING] - Element 'Object Repository/iOS/Product_Search/Progress_Bar' not found
[[ATTACHMENT|/Users/sahil.vidaysingh/Katalon Studio/testing/Reports/20211006_192250/sanity_iOS/20211006_192250/1633530907738.png]]

2021-10-06 20:05:12 - [MESSAGE][WARNING] - Element 'Object Repository/iOS/Product_Search/Back_Text' not found
[[ATTACHMENT|/Users/sahil.vidaysingh/Katalon Studio/testing/Reports/20211006_192250/sanity_iOS/20211006_192250/1633530911933.png]]

2021-10-06 20:05:13 - [MESSAGE][PASSED] - Tapped on element 'Object Repository/iOS/Inventory/Location Details_Screen/Add Product to Location/Back Button_Text'

2021-10-06 20:05:15 - [MESSAGE][WARNING] - Element 'Object Repository/iOS/Product_Search/Progress_Bar' not found
[[ATTACHMENT|/Users/sahil.vidaysingh/Katalon Studio/testing/Reports/20211006_192250/sanity_iOS/20211006_192250/1633530915837.png]]

2021-10-06 20:05:15 - [MESSAGE][PASSED] - ios_common_keywords.Go_Back.Custom is PASSED

2021-10-06 20:05:15 - [TEST_STEP][PASSED] - ios_orders.Cart_Screen.delete_Order(Account): ios_orders.Cart_Screen.delete_Order is PASSED

2021-10-06 20:05:23 - [MESSAGE][WARNING] - Element 'Object Repository/iOS/Product_Search/Progress_Bar' not found
[[ATTACHMENT|/Users/sahil.vidaysingh/Katalon Studio/testing/Reports/20211006_192250/sanity_iOS/20211006_192250/1633530922204.png]]

2021-10-06 20:05:23 - [MESSAGE][WARNING] - Timeout '0' is invalid. Using default page load timeout: '30'

2021-10-06 20:05:24 - [MESSAGE][PASSED] - Object 'Object Repository/iOS/Orders/Order Details Page/Order Details_Text' has top position '375'

2021-10-06 20:05:24 - [MESSAGE][WARNING] - Timeout '0' is invalid. Using default page load timeout: '30'

2021-10-06 20:05:25 - [MESSAGE][PASSED] - Object 'Object Repository/iOS/Orders/Order Details Page/Order Details_Text' has height: '17'

2021-10-06 20:05:26 - [MESSAGE][PASSED] - Swiped from 1,300,383 to 0,383

2021-10-06 20:05:26 - [MESSAGE][WARNING] - Timeout '0' is invalid. Using default page load timeout: '30'

2021-10-06 20:05:27 - [MESSAGE][PASSED] - Element 'Object Repository/iOS/Orders/Cart Page/Delete_Order/Success_Text' is exist

2021-10-06 20:05:28 - [MESSAGE][WARNING] - Timeout '0' is invalid. Using default page load timeout: '30'

2021-10-06 20:05:29 - [MESSAGE][PASSED] - Element 'Object Repository/iOS/Orders/Cart Page/Delete_Order/Order(s) deleted successfully_Text' is exist

2021-10-06 20:05:29 - [MESSAGE][WARNING] - Duration '0' is invalid. Using default duration.

2021-10-06 20:05:29 - [MESSAGE][WARNING] - Timeout '0' is invalid. Using default page load timeout: '30'

2021-10-06 20:05:31 - [MESSAGE][PASSED] - Tapped and held on element 'Object Repository/iOS/Orders/Cart Page/Delete_Order/OK_Button' with duration (default)

2021-10-06 20:05:31 - [MESSAGE][PASSED] - ios_orders.Cart_Screen.delete_Order is PASSED]]></system-out>
         <system-err><![CDATA[]]></system-err>
      </testcase>
      <testcase name="Test Cases/iOS/Carts/Create_Delete_Order" time="132.254" classname="Test Cases/iOS/Carts/Create_Delete_Order" status="PASSED">
         <system-out><![CDATA[2021-10-06 20:05:31 - [TEST_CASE][PASSED] - Test Cases/iOS/Carts/Create_Delete_Order: Test Cases/iOS/Carts/Create_Delete_Order

2021-10-06 20:05:31 - [TEST_STEP][PASSED] - ios_common_keywords.Start_Application.custom(): ios_common_keywords.Start_Application.custom is PASSED

2021-10-06 20:06:32 - [MESSAGE][PASSED] - Started app at: '/Users/sahil.vidaysingh/Downloads/Hatch 3.app'

2021-10-06 20:06:32 - [MESSAGE][PASSED] - ios_common_keywords.Start_Application.custom is PASSED

2021-10-06 20:06:32 - [TEST_STEP][PASSED] - ios_login.Login_Screen.login(Password): ios_login.Login_Screen.login is PASSED

2021-10-06 20:06:32 - [MESSAGE][PASSED] - Element 'Object Repository/iOS/LogIn/Environment_Selection_Screen/Environment Selection_Text' is exist

2021-10-06 20:06:32 - [MESSAGE][WARNING] - Timeout '0' is invalid. Using default page load timeout: '30'

2021-10-06 20:06:33 - [MESSAGE][PASSED] - Tapped on element 'Object Repository/iOS/LogIn/Environment_Selection_Screen/Environment Selection_Text'

2021-10-06 20:06:33 - [MESSAGE][WARNING] - Timeout '0' is invalid. Using default page load timeout: '30'

2021-10-06 20:06:35 - [MESSAGE][PASSED] - Tapped on element 'Object Repository/iOS/LogIn/Environment_Selection_Screen/Environment_Button'

2021-10-06 20:06:35 - [MESSAGE][WARNING] - Timeout '0' is invalid. Using default page load timeout: '30'

2021-10-06 20:06:35 - [MESSAGE][PASSED] - Tapped on element 'Object Repository/iOS/LogIn/Login_Details_Screen/Login UserName_Button'

2021-10-06 20:06:35 - [MESSAGE][WARNING] - Timeout '0' is invalid. Using default page load timeout: '30'

2021-10-06 20:06:37 - [MESSAGE][PASSED] - Text 'auto_ws_acute' has been set to element 'Object Repository/iOS/LogIn/Login_Details_Screen/UserName_Text_Field'

2021-10-06 20:06:37 - [MESSAGE][WARNING] - Timeout '0' is invalid. Using default page load timeout: '30'

2021-10-06 20:06:38 - [MESSAGE][PASSED] - Tapped on element 'Object Repository/iOS/LogIn/Login_Details_Screen/LoginBar-ButtonDown'

2021-10-06 20:06:38 - [MESSAGE][WARNING] - Timeout '0' is invalid. Using default page load timeout: '30'

2021-10-06 20:06:39 - [MESSAGE][PASSED] - Tapped on element 'Object Repository/iOS/LogIn/Login_Details_Screen/Password-Button'

2021-10-06 20:06:39 - [MESSAGE][WARNING] - Timeout '0' is invalid. Using default page load timeout: '30'

2021-10-06 20:06:40 - [MESSAGE][PASSED] - Text 'Cardinal1' has been set to element 'Object Repository/iOS/LogIn/Login_Details_Screen/Password-Secure_Text_Field'

2021-10-06 20:06:40 - [MESSAGE][WARNING] - Timeout '0' is invalid. Using default page load timeout: '30'

2021-10-06 20:06:42 - [MESSAGE][PASSED] - Tapped on element 'Object Repository/iOS/LogIn/Login_Details_Screen/SignIn_Button'

2021-10-06 20:06:42 - [MESSAGE][PASSED] - ios_login.Login_Screen.login is PASSED

2021-10-06 20:06:42 - [TEST_STEP][PASSED] - ios_account_selection.Select_An_Account.Custom(account): ios_account_selection.Select_An_Account.Custom is PASSED

2021-10-06 20:06:42 - [MESSAGE][PASSED] - Element 'Object Repository/iOS/Product_Search/Progress_Bar' is exist

2021-10-06 20:06:43 - [MESSAGE][PASSED] - Delayed 1 second(s)

2021-10-06 20:06:44 - [MESSAGE][PASSED] - Element 'Object Repository/iOS/Product_Search/Progress_Bar' is exist

2021-10-06 20:06:45 - [MESSAGE][PASSED] - Delayed 1 second(s)

2021-10-06 20:06:46 - [MESSAGE][PASSED] - Element 'Object Repository/iOS/Product_Search/Progress_Bar' is exist

2021-10-06 20:06:47 - [MESSAGE][PASSED] - Delayed 1 second(s)

2021-10-06 20:06:47 - [MESSAGE][PASSED] - Element 'Object Repository/iOS/Product_Search/Progress_Bar' is exist

2021-10-06 20:06:48 - [MESSAGE][PASSED] - Delayed 1 second(s)

2021-10-06 20:06:49 - [MESSAGE][PASSED] - Element 'Object Repository/iOS/Product_Search/Progress_Bar' is exist

2021-10-06 20:06:50 - [MESSAGE][PASSED] - Delayed 1 second(s)

2021-10-06 20:06:50 - [MESSAGE][PASSED] - Element 'Object Repository/iOS/Product_Search/Progress_Bar' is exist

2021-10-06 20:06:51 - [MESSAGE][PASSED] - Delayed 1 second(s)

2021-10-06 20:06:52 - [MESSAGE][PASSED] - Element 'Object Repository/iOS/Product_Search/Progress_Bar' is exist

2021-10-06 20:06:53 - [MESSAGE][PASSED] - Delayed 1 second(s)

2021-10-06 20:06:53 - [MESSAGE][PASSED] - Element 'Object Repository/iOS/Product_Search/Progress_Bar' is exist

2021-10-06 20:06:54 - [MESSAGE][PASSED] - Delayed 1 second(s)

2021-10-06 20:06:55 - [MESSAGE][PASSED] - Element 'Object Repository/iOS/Product_Search/Progress_Bar' is exist

2021-10-06 20:06:56 - [MESSAGE][PASSED] - Delayed 1 second(s)

2021-10-06 20:06:57 - [MESSAGE][PASSED] - Element 'Object Repository/iOS/Product_Search/Progress_Bar' is exist

2021-10-06 20:06:58 - [MESSAGE][PASSED] - Delayed 1 second(s)

2021-10-06 20:06:59 - [MESSAGE][WARNING] - Element 'Object Repository/iOS/Product_Search/Progress_Bar' not found
[[ATTACHMENT|/Users/sahil.vidaysingh/Katalon Studio/testing/Reports/20211006_192250/sanity_iOS/20211006_192250/1633531019292.png]]

2021-10-06 20:06:59 - [MESSAGE][WARNING] - Timeout '0' is invalid. Using default page load timeout: '30'

2021-10-06 20:07:00 - [MESSAGE][PASSED] - Element 'Object Repository/iOS/Account_Selection/You must select an account to continue_Text' is present

2021-10-06 20:07:01 - [MESSAGE][PASSED] - Scrolling to text '11-487698' successfully

2021-10-06 20:07:01 - [MESSAGE][WARNING] - Timeout '0' is invalid. Using default page load timeout: '30'

2021-10-06 20:07:01 - [MESSAGE][PASSED] - Tapped on element 'Object Repository/iOS/Account_Selection/AccountNo_Text'

2021-10-06 20:07:03 - [MESSAGE][WARNING] - Element 'Object Repository/iOS/Product_Search/Progress_Bar' not found
[[ATTACHMENT|/Users/sahil.vidaysingh/Katalon Studio/testing/Reports/20211006_192250/sanity_iOS/20211006_192250/1633531023157.png]]

2021-10-06 20:07:03 - [MESSAGE][PASSED] - ios_account_selection.Select_An_Account.Custom is PASSED

2021-10-06 20:07:03 - [TEST_STEP][PASSED] - ios_dashboard.dashboard_details.click_On_Orders(): ios_dashboard.dashboard_details.click_On_Orders is PASSED

2021-10-06 20:07:03 - [MESSAGE][WARNING] - Timeout '0' is invalid. Using default page load timeout: '30'

2021-10-06 20:07:04 - [MESSAGE][PASSED] - Tapped on element 'Object Repository/iOS/Dashboard/Orders_Tab'

2021-10-06 20:07:04 - [MESSAGE][PASSED] - ios_dashboard.dashboard_details.click_On_Orders is PASSED

2021-10-06 20:07:04 - [TEST_STEP][PASSED] - ios_orders.Orders_Screen.click_On_NewOrder(): ios_orders.Orders_Screen.click_On_NewOrder is PASSED

2021-10-06 20:07:04 - [MESSAGE][WARNING] - Timeout '0' is invalid. Using default page load timeout: '30'

2021-10-06 20:07:05 - [MESSAGE][PASSED] - Tapped on element 'Object Repository/iOS/Orders/Orders_Common_Screen/New Order_Tab'

2021-10-06 20:07:05 - [MESSAGE][PASSED] - ios_orders.Orders_Screen.click_On_NewOrder is PASSED

2021-10-06 20:07:05 - [TEST_STEP][PASSED] - ios_orders.New_Order_Screen.enter_Purchase_Order_Details(PO_Name, PO_Memo): ios_orders.New_Order_Screen.enter_Purchase_Order_Details is PASSED

2021-10-06 20:07:05 - [MESSAGE][WARNING] - Duration '0' is invalid. Using default duration.

2021-10-06 20:07:05 - [MESSAGE][WARNING] - Timeout '0' is invalid. Using default page load timeout: '30'

2021-10-06 20:07:06 - [MESSAGE][PASSED] - Tapped and held on element 'Object Repository/iOS/Orders/Order Details Page/Edit PO Name and Memo/PO Name_TextField' with duration (default)

2021-10-06 20:07:06 - [MESSAGE][WARNING] - Timeout '0' is invalid. Using default page load timeout: '30'

2021-10-06 20:07:10 - [MESSAGE][PASSED] - Text 'po_name' has been set to element 'Object Repository/iOS/Orders/Order Details Page/Edit PO Name and Memo/PO Name_TextField'

2021-10-06 20:07:10 - [MESSAGE][WARNING] - Timeout '0' is invalid. Using default page load timeout: '30'

2021-10-06 20:07:11 - [MESSAGE][PASSED] - Tapped on element 'Object Repository/iOS/Product_Search/Return Keypad_Button'

2021-10-06 20:07:11 - [MESSAGE][WARNING] - Duration '0' is invalid. Using default duration.

2021-10-06 20:07:11 - [MESSAGE][WARNING] - Timeout '0' is invalid. Using default page load timeout: '30'

2021-10-06 20:07:13 - [MESSAGE][PASSED] - Tapped and held on element 'Object Repository/iOS/Orders/Order Details Page/Edit PO Name and Memo/poMemo Field_Button' with duration (default)

2021-10-06 20:07:13 - [MESSAGE][WARNING] - Timeout '0' is invalid. Using default page load timeout: '30'

2021-10-06 20:07:14 - [MESSAGE][PASSED] - Text 'po_memo' has been set to element 'Object Repository/iOS/Orders/Order Details Page/Edit PO Name and Memo/poMemoField_TextField'

2021-10-06 20:07:14 - [MESSAGE][WARNING] - Timeout '0' is invalid. Using default page load timeout: '30'

2021-10-06 20:07:16 - [MESSAGE][PASSED] - Tapped on element 'Object Repository/iOS/Product_Search/Return Keypad_Button'

2021-10-06 20:07:16 - [MESSAGE][PASSED] - ios_orders.New_Order_Screen.enter_Purchase_Order_Details is PASSED

2021-10-06 20:07:16 - [TEST_STEP][PASSED] - ios_orders.New_Order_Screen.create_Order(): ios_orders.New_Order_Screen.create_Order is PASSED

2021-10-06 20:07:16 - [MESSAGE][WARNING] - Timeout '0' is invalid. Using default page load timeout: '30'

2021-10-06 20:07:17 - [MESSAGE][PASSED] - Tapped on element 'Object Repository/iOS/Orders/New Order Page/Create Order_Button'

2021-10-06 20:07:17 - [MESSAGE][PASSED] - ios_orders.New_Order_Screen.create_Order is PASSED

2021-10-06 20:07:17 - [TEST_STEP][PASSED] - ios_common_keywords.Go_Back.Custom(): ios_common_keywords.Go_Back.Custom is PASSED

2021-10-06 20:07:20 - [MESSAGE][WARNING] - Element 'Object Repository/iOS/Product_Search/Progress_Bar' not found
[[ATTACHMENT|/Users/sahil.vidaysingh/Katalon Studio/testing/Reports/20211006_192250/sanity_iOS/20211006_192250/1633531040076.png]]

2021-10-06 20:07:24 - [MESSAGE][WARNING] - Element 'Object Repository/iOS/Product_Search/Back_Text' not found
[[ATTACHMENT|/Users/sahil.vidaysingh/Katalon Studio/testing/Reports/20211006_192250/sanity_iOS/20211006_192250/1633531044262.png]]

2021-10-06 20:07:25 - [MESSAGE][PASSED] - Tapped on element 'Object Repository/iOS/Inventory/Location Details_Screen/Add Product to Location/Back Button_Text'

2021-10-06 20:07:27 - [MESSAGE][WARNING] - Element 'Object Repository/iOS/Product_Search/Progress_Bar' not found
[[ATTACHMENT|/Users/sahil.vidaysingh/Katalon Studio/testing/Reports/20211006_192250/sanity_iOS/20211006_192250/1633531047659.png]]

2021-10-06 20:07:27 - [MESSAGE][PASSED] - ios_common_keywords.Go_Back.Custom is PASSED

2021-10-06 20:07:27 - [TEST_STEP][PASSED] - ios_orders.Cart_Screen.delete_Order(account): ios_orders.Cart_Screen.delete_Order is PASSED

2021-10-06 20:07:35 - [MESSAGE][WARNING] - Element 'Object Repository/iOS/Product_Search/Progress_Bar' not found
[[ATTACHMENT|/Users/sahil.vidaysingh/Katalon Studio/testing/Reports/20211006_192250/sanity_iOS/20211006_192250/1633531054307.png]]

2021-10-06 20:07:35 - [MESSAGE][WARNING] - Timeout '0' is invalid. Using default page load timeout: '30'

2021-10-06 20:07:36 - [MESSAGE][PASSED] - Object 'Object Repository/iOS/Orders/Order Details Page/Order Details_Text' has top position '375'

2021-10-06 20:07:36 - [MESSAGE][WARNING] - Timeout '0' is invalid. Using default page load timeout: '30'

2021-10-06 20:07:37 - [MESSAGE][PASSED] - Object 'Object Repository/iOS/Orders/Order Details Page/Order Details_Text' has height: '17'

2021-10-06 20:07:39 - [MESSAGE][PASSED] - Swiped from 1,300,383 to 0,383

2021-10-06 20:07:39 - [MESSAGE][WARNING] - Timeout '0' is invalid. Using default page load timeout: '30'

2021-10-06 20:07:40 - [MESSAGE][PASSED] - Element 'Object Repository/iOS/Orders/Cart Page/Delete_Order/Success_Text' is exist

2021-10-06 20:07:40 - [MESSAGE][WARNING] - Timeout '0' is invalid. Using default page load timeout: '30'

2021-10-06 20:07:41 - [MESSAGE][PASSED] - Element 'Object Repository/iOS/Orders/Cart Page/Delete_Order/Order(s) deleted successfully_Text' is exist

2021-10-06 20:07:41 - [MESSAGE][WARNING] - Duration '0' is invalid. Using default duration.

2021-10-06 20:07:41 - [MESSAGE][WARNING] - Timeout '0' is invalid. Using default page load timeout: '30'

2021-10-06 20:07:43 - [MESSAGE][PASSED] - Tapped and held on element 'Object Repository/iOS/Orders/Cart Page/Delete_Order/OK_Button' with duration (default)

2021-10-06 20:07:43 - [MESSAGE][PASSED] - ios_orders.Cart_Screen.delete_Order is PASSED]]></system-out>
         <system-err><![CDATA[]]></system-err>
      </testcase>
      <testcase name="Test Cases/iOS/Carts/Place and Upload All Orders" time="199.481" classname="Test Cases/iOS/Carts/Place and Upload All Orders" status="FAILED">
         <failure type="FAILED" message="Test Cases/iOS/Carts/Place and Upload All Orders FAILED.
Reason:
com.kms.katalon.core.exception.StepFailedException: Failed to tap on element (Root cause: java.lang.IllegalArgumentException: Object is null
	at com.kms.katalon.core.helper.KeywordHelper.checkTestObjectParameter(KeywordHelper.java:33)
	at com.kms.katalon.core.mobile.keyword.builtin.TapKeyword$_tap_closure1.doCall(TapKeyword.groovy:74)
	at com.kms.katalon.core.mobile.keyword.builtin.TapKeyword$_tap_closure1.call(TapKeyword.groovy)
	at com.kms.katalon.core.mobile.keyword.internal.MobileKeywordMain.runKeyword(MobileKeywordMain.groovy:21)
	at com.kms.katalon.core.mobile.keyword.builtin.TapKeyword.tap(TapKeyword.groovy:86)
	at com.kms.katalon.core.mobile.keyword.builtin.TapKeyword.execute(TapKeyword.groovy:68)
	at com.kms.katalon.core.keyword.internal.KeywordExecutor.executeKeywordForPlatform(KeywordExecutor.groovy:73)
	at com.kms.katalon.core.mobile.keyword.MobileBuiltInKeywords.tap(MobileBuiltInKeywords.groovy:1354)
	at com.kms.katalon.core.mobile.keyword.MobileBuiltInKeywords$tap$3.call(Unknown Source)
	at ios_orders.Order_details_Screen.upload_Order(Order_details_Screen.groovy:55)
	at ios_orders.Order_details_Screen.invokeMethod(Order_details_Screen.groovy)
	at com.kms.katalon.core.main.CustomKeywordDelegatingMetaClass.invokeStaticMethod(CustomKeywordDelegatingMetaClass.java:50)
	at Place and Upload All Orders.run(Place and Upload All Orders:38)
	at com.kms.katalon.core.main.ScriptEngine.run(ScriptEngine.java:194)
	at com.kms.katalon.core.main.ScriptEngine.runScriptAsRawText(ScriptEngine.java:119)
	at com.kms.katalon.core.main.TestCaseExecutor.runScript(TestCaseExecutor.java:398)
	at com.kms.katalon.core.main.TestCaseExecutor.doExecute(TestCaseExecutor.java:389)
	at com.kms.katalon.core.main.TestCaseExecutor.processExecutionPhase(TestCaseExecutor.java:368)
	at com.kms.katalon.core.main.TestCaseExecutor.accessMainPhase(TestCaseExecutor.java:360)
	at com.kms.katalon.core.main.TestCaseExecutor.execute(TestCaseExecutor.java:255)
	at com.kms.katalon.core.main.TestSuiteExecutor.accessTestCaseMainPhase(TestSuiteExecutor.java:203)
	at com.kms.katalon.core.main.TestSuiteExecutor.accessTestSuiteMainPhase(TestSuiteExecutor.java:152)
	at com.kms.katalon.core.main.TestSuiteExecutor.execute(TestSuiteExecutor.java:95)
	at com.kms.katalon.core.main.TestCaseMain.startTestSuite(TestCaseMain.java:157)
	at com.kms.katalon.core.main.TestCaseMain$startTestSuite$0.call(Unknown Source)
	at TempTestSuite1633528370185.run(TempTestSuite1633528370185.groovy:39)
)
	at com.kms.katalon.core.keyword.internal.KeywordMain.stepFailed(KeywordMain.groovy:50)
	at com.kms.katalon.core.mobile.keyword.internal.MobileKeywordMain.stepFailed(MobileKeywordMain.groovy:40)
	at com.kms.katalon.core.mobile.keyword.internal.MobileKeywordMain.runKeyword(MobileKeywordMain.groovy:23)
	at com.kms.katalon.core.mobile.keyword.builtin.TapKeyword.tap(TapKeyword.groovy:86)
	at com.kms.katalon.core.mobile.keyword.builtin.TapKeyword.execute(TapKeyword.groovy:68)
	at com.kms.katalon.core.keyword.internal.KeywordExecutor.executeKeywordForPlatform(KeywordExecutor.groovy:73)
	at com.kms.katalon.core.mobile.keyword.MobileBuiltInKeywords.tap(MobileBuiltInKeywords.groovy:1354)
	at com.kms.katalon.core.mobile.keyword.MobileBuiltInKeywords$tap$3.call(Unknown Source)
	at ios_orders.Order_details_Screen.upload_Order(Order_details_Screen.groovy:55)
	at ios_orders.Order_details_Screen.invokeMethod(Order_details_Screen.groovy)
	at com.kms.katalon.core.main.CustomKeywordDelegatingMetaClass.invokeStaticMethod(CustomKeywordDelegatingMetaClass.java:50)
	at Place and Upload All Orders.run(Place and Upload All Orders:38)
	at com.kms.katalon.core.main.ScriptEngine.run(ScriptEngine.java:194)
	at com.kms.katalon.core.main.ScriptEngine.runScriptAsRawText(ScriptEngine.java:119)
	at com.kms.katalon.core.main.TestCaseExecutor.runScript(TestCaseExecutor.java:398)
	at com.kms.katalon.core.main.TestCaseExecutor.doExecute(TestCaseExecutor.java:389)
	at com.kms.katalon.core.main.TestCaseExecutor.processExecutionPhase(TestCaseExecutor.java:368)
	at com.kms.katalon.core.main.TestCaseExecutor.accessMainPhase(TestCaseExecutor.java:360)
	at com.kms.katalon.core.main.TestCaseExecutor.execute(TestCaseExecutor.java:255)
	at com.kms.katalon.core.main.TestSuiteExecutor.accessTestCaseMainPhase(TestSuiteExecutor.java:203)
	at com.kms.katalon.core.main.TestSuiteExecutor.accessTestSuiteMainPhase(TestSuiteExecutor.java:152)
	at com.kms.katalon.core.main.TestSuiteExecutor.execute(TestSuiteExecutor.java:95)
	at com.kms.katalon.core.main.TestCaseMain.startTestSuite(TestCaseMain.java:157)
	at com.kms.katalon.core.main.TestCaseMain$startTestSuite$0.call(Unknown Source)
	at TempTestSuite1633528370185.run(TempTestSuite1633528370185.groovy:39)
Caused by: java.lang.IllegalArgumentException: Object is null
	at com.kms.katalon.core.helper.KeywordHelper.checkTestObjectParameter(KeywordHelper.java:33)
	at com.kms.katalon.core.mobile.keyword.builtin.TapKeyword$_tap_closure1.doCall(TapKeyword.groovy:74)
	at com.kms.katalon.core.mobile.keyword.builtin.TapKeyword$_tap_closure1.call(TapKeyword.groovy)
	at com.kms.katalon.core.mobile.keyword.internal.MobileKeywordMain.runKeyword(MobileKeywordMain.groovy:21)
	... 22 more
"/>
         <system-out><![CDATA[2021-10-06 20:07:43 - [TEST_CASE][FAILED] - Test Cases/iOS/Carts/Place and Upload All Orders: Test Cases/iOS/Carts/Place and Upload All Orders FAILED.
Reason:
com.kms.katalon.core.exception.StepFailedException: Failed to tap on element (Root cause: java.lang.IllegalArgumentException: Object is null
	at com.kms.katalon.core.helper.KeywordHelper.checkTestObjectParameter(KeywordHelper.java:33)
	at com.kms.katalon.core.mobile.keyword.builtin.TapKeyword$_tap_closure1.doCall(TapKeyword.groovy:74)
	at com.kms.katalon.core.mobile.keyword.builtin.TapKeyword$_tap_closure1.call(TapKeyword.groovy)
	at com.kms.katalon.core.mobile.keyword.internal.MobileKeywordMain.runKeyword(MobileKeywordMain.groovy:21)
	at com.kms.katalon.core.mobile.keyword.builtin.TapKeyword.tap(TapKeyword.groovy:86)
	at com.kms.katalon.core.mobile.keyword.builtin.TapKeyword.execute(TapKeyword.groovy:68)
	at com.kms.katalon.core.keyword.internal.KeywordExecutor.executeKeywordForPlatform(KeywordExecutor.groovy:73)
	at com.kms.katalon.core.mobile.keyword.MobileBuiltInKeywords.tap(MobileBuiltInKeywords.groovy:1354)
	at com.kms.katalon.core.mobile.keyword.MobileBuiltInKeywords$tap$3.call(Unknown Source)
	at ios_orders.Order_details_Screen.upload_Order(Order_details_Screen.groovy:55)
	at ios_orders.Order_details_Screen.invokeMethod(Order_details_Screen.groovy)
	at com.kms.katalon.core.main.CustomKeywordDelegatingMetaClass.invokeStaticMethod(CustomKeywordDelegatingMetaClass.java:50)
	at Place and Upload All Orders.run(Place and Upload All Orders:38)
	at com.kms.katalon.core.main.ScriptEngine.run(ScriptEngine.java:194)
	at com.kms.katalon.core.main.ScriptEngine.runScriptAsRawText(ScriptEngine.java:119)
	at com.kms.katalon.core.main.TestCaseExecutor.runScript(TestCaseExecutor.java:398)
	at com.kms.katalon.core.main.TestCaseExecutor.doExecute(TestCaseExecutor.java:389)
	at com.kms.katalon.core.main.TestCaseExecutor.processExecutionPhase(TestCaseExecutor.java:368)
	at com.kms.katalon.core.main.TestCaseExecutor.accessMainPhase(TestCaseExecutor.java:360)
	at com.kms.katalon.core.main.TestCaseExecutor.execute(TestCaseExecutor.java:255)
	at com.kms.katalon.core.main.TestSuiteExecutor.accessTestCaseMainPhase(TestSuiteExecutor.java:203)
	at com.kms.katalon.core.main.TestSuiteExecutor.accessTestSuiteMainPhase(TestSuiteExecutor.java:152)
	at com.kms.katalon.core.main.TestSuiteExecutor.execute(TestSuiteExecutor.java:95)
	at com.kms.katalon.core.main.TestCaseMain.startTestSuite(TestCaseMain.java:157)
	at com.kms.katalon.core.main.TestCaseMain$startTestSuite$0.call(Unknown Source)
	at TempTestSuite1633528370185.run(TempTestSuite1633528370185.groovy:39)
)
	at com.kms.katalon.core.keyword.internal.KeywordMain.stepFailed(KeywordMain.groovy:50)
	at com.kms.katalon.core.mobile.keyword.internal.MobileKeywordMain.stepFailed(MobileKeywordMain.groovy:40)
	at com.kms.katalon.core.mobile.keyword.internal.MobileKeywordMain.runKeyword(MobileKeywordMain.groovy:23)
	at com.kms.katalon.core.mobile.keyword.builtin.TapKeyword.tap(TapKeyword.groovy:86)
	at com.kms.katalon.core.mobile.keyword.builtin.TapKeyword.execute(TapKeyword.groovy:68)
	at com.kms.katalon.core.keyword.internal.KeywordExecutor.executeKeywordForPlatform(KeywordExecutor.groovy:73)
	at com.kms.katalon.core.mobile.keyword.MobileBuiltInKeywords.tap(MobileBuiltInKeywords.groovy:1354)
	at com.kms.katalon.core.mobile.keyword.MobileBuiltInKeywords$tap$3.call(Unknown Source)
	at ios_orders.Order_details_Screen.upload_Order(Order_details_Screen.groovy:55)
	at ios_orders.Order_details_Screen.invokeMethod(Order_details_Screen.groovy)
	at com.kms.katalon.core.main.CustomKeywordDelegatingMetaClass.invokeStaticMethod(CustomKeywordDelegatingMetaClass.java:50)
	at Place and Upload All Orders.run(Place and Upload All Orders:38)
	at com.kms.katalon.core.main.ScriptEngine.run(ScriptEngine.java:194)
	at com.kms.katalon.core.main.ScriptEngine.runScriptAsRawText(ScriptEngine.java:119)
	at com.kms.katalon.core.main.TestCaseExecutor.runScript(TestCaseExecutor.java:398)
	at com.kms.katalon.core.main.TestCaseExecutor.doExecute(TestCaseExecutor.java:389)
	at com.kms.katalon.core.main.TestCaseExecutor.processExecutionPhase(TestCaseExecutor.java:368)
	at com.kms.katalon.core.main.TestCaseExecutor.accessMainPhase(TestCaseExecutor.java:360)
	at com.kms.katalon.core.main.TestCaseExecutor.execute(TestCaseExecutor.java:255)
	at com.kms.katalon.core.main.TestSuiteExecutor.accessTestCaseMainPhase(TestSuiteExecutor.java:203)
	at com.kms.katalon.core.main.TestSuiteExecutor.accessTestSuiteMainPhase(TestSuiteExecutor.java:152)
	at com.kms.katalon.core.main.TestSuiteExecutor.execute(TestSuiteExecutor.java:95)
	at com.kms.katalon.core.main.TestCaseMain.startTestSuite(TestCaseMain.java:157)
	at com.kms.katalon.core.main.TestCaseMain$startTestSuite$0.call(Unknown Source)
	at TempTestSuite1633528370185.run(TempTestSuite1633528370185.groovy:39)
Caused by: java.lang.IllegalArgumentException: Object is null
	at com.kms.katalon.core.helper.KeywordHelper.checkTestObjectParameter(KeywordHelper.java:33)
	at com.kms.katalon.core.mobile.keyword.builtin.TapKeyword$_tap_closure1.doCall(TapKeyword.groovy:74)
	at com.kms.katalon.core.mobile.keyword.builtin.TapKeyword$_tap_closure1.call(TapKeyword.groovy)
	at com.kms.katalon.core.mobile.keyword.internal.MobileKeywordMain.runKeyword(MobileKeywordMain.groovy:21)
	... 22 more


2021-10-06 20:07:43 - [TEST_STEP][PASSED] - ios_common_keywords.Start_Application.custom(): ios_common_keywords.Start_Application.custom is PASSED

2021-10-06 20:08:43 - [MESSAGE][PASSED] - Started app at: '/Users/sahil.vidaysingh/Downloads/Hatch 3.app'

2021-10-06 20:08:43 - [MESSAGE][PASSED] - ios_common_keywords.Start_Application.custom is PASSED

2021-10-06 20:08:43 - [TEST_STEP][PASSED] - ios_login.Login_Screen.login(Password): ios_login.Login_Screen.login is PASSED

2021-10-06 20:08:44 - [MESSAGE][PASSED] - Element 'Object Repository/iOS/LogIn/Environment_Selection_Screen/Environment Selection_Text' is exist

2021-10-06 20:08:44 - [MESSAGE][WARNING] - Timeout '0' is invalid. Using default page load timeout: '30'

2021-10-06 20:08:45 - [MESSAGE][PASSED] - Tapped on element 'Object Repository/iOS/LogIn/Environment_Selection_Screen/Environment Selection_Text'

2021-10-06 20:08:45 - [MESSAGE][WARNING] - Timeout '0' is invalid. Using default page load timeout: '30'

2021-10-06 20:08:46 - [MESSAGE][PASSED] - Tapped on element 'Object Repository/iOS/LogIn/Environment_Selection_Screen/Environment_Button'

2021-10-06 20:08:46 - [MESSAGE][WARNING] - Timeout '0' is invalid. Using default page load timeout: '30'

2021-10-06 20:08:47 - [MESSAGE][PASSED] - Tapped on element 'Object Repository/iOS/LogIn/Login_Details_Screen/Login UserName_Button'

2021-10-06 20:08:47 - [MESSAGE][WARNING] - Timeout '0' is invalid. Using default page load timeout: '30'

2021-10-06 20:08:48 - [MESSAGE][PASSED] - Text 'auto_ws_acute' has been set to element 'Object Repository/iOS/LogIn/Login_Details_Screen/UserName_Text_Field'

2021-10-06 20:08:48 - [MESSAGE][WARNING] - Timeout '0' is invalid. Using default page load timeout: '30'

2021-10-06 20:08:50 - [MESSAGE][PASSED] - Tapped on element 'Object Repository/iOS/LogIn/Login_Details_Screen/LoginBar-ButtonDown'

2021-10-06 20:08:50 - [MESSAGE][WARNING] - Timeout '0' is invalid. Using default page load timeout: '30'

2021-10-06 20:08:51 - [MESSAGE][PASSED] - Tapped on element 'Object Repository/iOS/LogIn/Login_Details_Screen/Password-Button'

2021-10-06 20:08:51 - [MESSAGE][WARNING] - Timeout '0' is invalid. Using default page load timeout: '30'

2021-10-06 20:08:52 - [MESSAGE][PASSED] - Text 'Cardinal1' has been set to element 'Object Repository/iOS/LogIn/Login_Details_Screen/Password-Secure_Text_Field'

2021-10-06 20:08:52 - [MESSAGE][WARNING] - Timeout '0' is invalid. Using default page load timeout: '30'

2021-10-06 20:08:53 - [MESSAGE][PASSED] - Tapped on element 'Object Repository/iOS/LogIn/Login_Details_Screen/SignIn_Button'

2021-10-06 20:08:53 - [MESSAGE][PASSED] - ios_login.Login_Screen.login is PASSED

2021-10-06 20:08:53 - [TEST_STEP][PASSED] - ios_account_selection.Select_An_Account.Custom(Account): ios_account_selection.Select_An_Account.Custom is PASSED

2021-10-06 20:08:54 - [MESSAGE][PASSED] - Element 'Object Repository/iOS/Product_Search/Progress_Bar' is exist

2021-10-06 20:08:55 - [MESSAGE][PASSED] - Delayed 1 second(s)

2021-10-06 20:08:56 - [MESSAGE][PASSED] - Element 'Object Repository/iOS/Product_Search/Progress_Bar' is exist

2021-10-06 20:08:57 - [MESSAGE][PASSED] - Delayed 1 second(s)

2021-10-06 20:08:57 - [MESSAGE][PASSED] - Element 'Object Repository/iOS/Product_Search/Progress_Bar' is exist

2021-10-06 20:08:58 - [MESSAGE][PASSED] - Delayed 1 second(s)

2021-10-06 20:08:59 - [MESSAGE][PASSED] - Element 'Object Repository/iOS/Product_Search/Progress_Bar' is exist

2021-10-06 20:09:00 - [MESSAGE][PASSED] - Delayed 1 second(s)

2021-10-06 20:09:00 - [MESSAGE][PASSED] - Element 'Object Repository/iOS/Product_Search/Progress_Bar' is exist

2021-10-06 20:09:01 - [MESSAGE][PASSED] - Delayed 1 second(s)

2021-10-06 20:09:02 - [MESSAGE][PASSED] - Element 'Object Repository/iOS/Product_Search/Progress_Bar' is exist

2021-10-06 20:09:03 - [MESSAGE][PASSED] - Delayed 1 second(s)

2021-10-06 20:09:03 - [MESSAGE][PASSED] - Element 'Object Repository/iOS/Product_Search/Progress_Bar' is exist

2021-10-06 20:09:04 - [MESSAGE][PASSED] - Delayed 1 second(s)

2021-10-06 20:09:05 - [MESSAGE][PASSED] - Element 'Object Repository/iOS/Product_Search/Progress_Bar' is exist

2021-10-06 20:09:06 - [MESSAGE][PASSED] - Delayed 1 second(s)

2021-10-06 20:09:07 - [MESSAGE][WARNING] - Element 'Object Repository/iOS/Product_Search/Progress_Bar' not found
[[ATTACHMENT|/Users/sahil.vidaysingh/Katalon Studio/testing/Reports/20211006_192250/sanity_iOS/20211006_192250/1633531147511.png]]

2021-10-06 20:09:07 - [MESSAGE][WARNING] - Timeout '0' is invalid. Using default page load timeout: '30'

2021-10-06 20:09:08 - [MESSAGE][PASSED] - Element 'Object Repository/iOS/Account_Selection/You must select an account to continue_Text' is present

2021-10-06 20:09:11 - [MESSAGE][PASSED] - Scrolling to text '11-487698' successfully

2021-10-06 20:09:11 - [MESSAGE][WARNING] - Timeout '0' is invalid. Using default page load timeout: '30'

2021-10-06 20:09:11 - [MESSAGE][PASSED] - Tapped on element 'Object Repository/iOS/Account_Selection/AccountNo_Text'

2021-10-06 20:09:13 - [MESSAGE][WARNING] - Element 'Object Repository/iOS/Product_Search/Progress_Bar' not found
[[ATTACHMENT|/Users/sahil.vidaysingh/Katalon Studio/testing/Reports/20211006_192250/sanity_iOS/20211006_192250/1633531153100.png]]

2021-10-06 20:09:13 - [MESSAGE][PASSED] - ios_account_selection.Select_An_Account.Custom is PASSED

2021-10-06 20:09:13 - [TEST_STEP][PASSED] - ios_dashboard.dashboard_details.click_On_Orders(): ios_dashboard.dashboard_details.click_On_Orders is PASSED

2021-10-06 20:09:13 - [MESSAGE][WARNING] - Timeout '0' is invalid. Using default page load timeout: '30'

2021-10-06 20:09:13 - [MESSAGE][PASSED] - Tapped on element 'Object Repository/iOS/Dashboard/Orders_Tab'

2021-10-06 20:09:13 - [MESSAGE][PASSED] - ios_dashboard.dashboard_details.click_On_Orders is PASSED

2021-10-06 20:09:13 - [TEST_STEP][PASSED] - ios_orders.Orders_Screen.click_On_NewOrder(): ios_orders.Orders_Screen.click_On_NewOrder is PASSED

2021-10-06 20:09:14 - [MESSAGE][WARNING] - Timeout '0' is invalid. Using default page load timeout: '30'

2021-10-06 20:09:15 - [MESSAGE][PASSED] - Tapped on element 'Object Repository/iOS/Orders/Orders_Common_Screen/New Order_Tab'

2021-10-06 20:09:15 - [MESSAGE][PASSED] - ios_orders.Orders_Screen.click_On_NewOrder is PASSED

2021-10-06 20:09:15 - [TEST_STEP][PASSED] - ios_orders.New_Order_Screen.enter_Purchase_Order_Details(PO_Name, PO_Memo): ios_orders.New_Order_Screen.enter_Purchase_Order_Details is PASSED

2021-10-06 20:09:15 - [MESSAGE][WARNING] - Duration '0' is invalid. Using default duration.

2021-10-06 20:09:15 - [MESSAGE][WARNING] - Timeout '0' is invalid. Using default page load timeout: '30'

2021-10-06 20:09:17 - [MESSAGE][PASSED] - Tapped and held on element 'Object Repository/iOS/Orders/Order Details Page/Edit PO Name and Memo/PO Name_TextField' with duration (default)

2021-10-06 20:09:17 - [MESSAGE][WARNING] - Timeout '0' is invalid. Using default page load timeout: '30'

2021-10-06 20:09:20 - [MESSAGE][PASSED] - Text 'po_name' has been set to element 'Object Repository/iOS/Orders/Order Details Page/Edit PO Name and Memo/PO Name_TextField'

2021-10-06 20:09:21 - [MESSAGE][WARNING] - Timeout '0' is invalid. Using default page load timeout: '30'

2021-10-06 20:09:22 - [MESSAGE][PASSED] - Tapped on element 'Object Repository/iOS/Product_Search/Return Keypad_Button'

2021-10-06 20:09:22 - [MESSAGE][WARNING] - Duration '0' is invalid. Using default duration.

2021-10-06 20:09:22 - [MESSAGE][WARNING] - Timeout '0' is invalid. Using default page load timeout: '30'

2021-10-06 20:09:24 - [MESSAGE][PASSED] - Tapped and held on element 'Object Repository/iOS/Orders/Order Details Page/Edit PO Name and Memo/poMemo Field_Button' with duration (default)

2021-10-06 20:09:24 - [MESSAGE][WARNING] - Timeout '0' is invalid. Using default page load timeout: '30'

2021-10-06 20:09:25 - [MESSAGE][PASSED] - Text 'po_memo' has been set to element 'Object Repository/iOS/Orders/Order Details Page/Edit PO Name and Memo/poMemoField_TextField'

2021-10-06 20:09:25 - [MESSAGE][WARNING] - Timeout '0' is invalid. Using default page load timeout: '30'

2021-10-06 20:09:26 - [MESSAGE][PASSED] - Tapped on element 'Object Repository/iOS/Product_Search/Return Keypad_Button'

2021-10-06 20:09:26 - [MESSAGE][PASSED] - ios_orders.New_Order_Screen.enter_Purchase_Order_Details is PASSED

2021-10-06 20:09:26 - [TEST_STEP][PASSED] - ios_orders.New_Order_Screen.create_Order(): ios_orders.New_Order_Screen.create_Order is PASSED

2021-10-06 20:09:26 - [MESSAGE][WARNING] - Timeout '0' is invalid. Using default page load timeout: '30'

2021-10-06 20:09:28 - [MESSAGE][PASSED] - Tapped on element 'Object Repository/iOS/Orders/New Order Page/Create Order_Button'

2021-10-06 20:09:28 - [MESSAGE][PASSED] - ios_orders.New_Order_Screen.create_Order is PASSED

2021-10-06 20:09:28 - [TEST_STEP][PASSED] - ios_orders.Order_details_Screen.add_Product_to_Order(Product_Name, Quantity): ios_orders.Order_details_Screen.add_Product_to_Order is PASSED

2021-10-06 20:09:29 - [MESSAGE][WARNING] - Element 'Object Repository/iOS/Product_Search/Progress_Bar' not found
[[ATTACHMENT|/Users/sahil.vidaysingh/Katalon Studio/testing/Reports/20211006_192250/sanity_iOS/20211006_192250/1633531169887.png]]

2021-10-06 20:09:30 - [MESSAGE][WARNING] - Duration '0' is invalid. Using default duration.

2021-10-06 20:09:30 - [MESSAGE][WARNING] - Timeout '0' is invalid. Using default page load timeout: '30'

2021-10-06 20:09:31 - [MESSAGE][PASSED] - Tapped and held on element 'Object Repository/iOS/Inventory/Location Details_Screen/Add Product to Location/Product SearchField' with duration (default)

2021-10-06 20:09:32 - [MESSAGE][WARNING] - Element 'Object Repository/iOS/Product_Search/Progress_Bar' not found
[[ATTACHMENT|/Users/sahil.vidaysingh/Katalon Studio/testing/Reports/20211006_192250/sanity_iOS/20211006_192250/1633531172409.png]]

2021-10-06 20:09:32 - [MESSAGE][WARNING] - Timeout '0' is invalid. Using default page load timeout: '30'

2021-10-06 20:09:34 - [MESSAGE][PASSED] - Text 'tyl' has been set to element 'Object Repository/iOS/Product_Search/Product SearchField'

2021-10-06 20:09:34 - [MESSAGE][WARNING] - Duration '0' is invalid. Using default duration.

2021-10-06 20:09:34 - [MESSAGE][WARNING] - Timeout '0' is invalid. Using default page load timeout: '30'

2021-10-06 20:09:35 - [MESSAGE][PASSED] - Tapped and held on element 'Object Repository/iOS/Product_Search/Search Key_Button' with duration (default)

2021-10-06 20:09:35 - [MESSAGE][WARNING] - Timeout '0' is invalid. Using default page load timeout: '30'

2021-10-06 20:10:12 - [MESSAGE][PASSED] - Text '2' has been set to element 'Object Repository/iOS/Product_Search/Quantity_TextField'

2021-10-06 20:10:16 - [MESSAGE][WARNING] - Element 'Object Repository/iOS/Product_Search/Progress_Bar' not found
[[ATTACHMENT|/Users/sahil.vidaysingh/Katalon Studio/testing/Reports/20211006_192250/sanity_iOS/20211006_192250/1633531216540.png]]

2021-10-06 20:10:16 - [MESSAGE][WARNING] - Timeout '0' is invalid. Using default page load timeout: '30'

2021-10-06 20:10:24 - [MESSAGE][PASSED] - Tapped on element 'Object Repository/iOS/Orders/Cart Page/Place All Orders/Done_Keypad'

2021-10-06 20:10:24 - [MESSAGE][WARNING] - Timeout '0' is invalid. Using default page load timeout: '30'

2021-10-06 20:10:32 - [MESSAGE][PASSED] - Tapped on element 'Object Repository/iOS/Inventory/Inventory Details Screen/Add Product to Inventory using Search from Dashoboard/Add to Order_Text'

2021-10-06 20:10:32 - [MESSAGE][WARNING] - Timeout '0' is invalid. Using default page load timeout: '30'

2021-10-06 20:10:36 - [MESSAGE][PASSED] - Element 'Object Repository/iOS/Product_Search/Confirmation_Text' is exist

2021-10-06 20:10:36 - [MESSAGE][WARNING] - Timeout '0' is invalid. Using default page load timeout: '30'

2021-10-06 20:10:37 - [MESSAGE][PASSED] - Tapped on element 'Object Repository/iOS/Orders/Order Details Page/Upload Order/Continue Ordering_Text'

2021-10-06 20:10:37 - [MESSAGE][PASSED] - ios_orders.Order_details_Screen.add_Product_to_Order is PASSED

2021-10-06 20:10:37 - [TEST_STEP][PASSED] - ios_common_keywords.Go_Back.Custom(): ios_common_keywords.Go_Back.Custom is PASSED

2021-10-06 20:10:43 - [MESSAGE][WARNING] - Element 'Object Repository/iOS/Product_Search/Progress_Bar' not found
[[ATTACHMENT|/Users/sahil.vidaysingh/Katalon Studio/testing/Reports/20211006_192250/sanity_iOS/20211006_192250/1633531242901.png]]

2021-10-06 20:10:48 - [MESSAGE][WARNING] - Element 'Object Repository/iOS/Product_Search/Back_Text' not found
[[ATTACHMENT|/Users/sahil.vidaysingh/Katalon Studio/testing/Reports/20211006_192250/sanity_iOS/20211006_192250/1633531248266.png]]

2021-10-06 20:10:54 - [MESSAGE][PASSED] - Tapped on element 'Object Repository/iOS/Inventory/Location Details_Screen/Add Product to Location/Back Button_Text'

2021-10-06 20:10:55 - [MESSAGE][PASSED] - Element 'Object Repository/iOS/Product_Search/Progress_Bar' is exist

2021-10-06 20:10:57 - [MESSAGE][PASSED] - Delayed 2 second(s)

2021-10-06 20:10:59 - [MESSAGE][WARNING] - Element 'Object Repository/iOS/Product_Search/Progress_Bar' not found
[[ATTACHMENT|/Users/sahil.vidaysingh/Katalon Studio/testing/Reports/20211006_192250/sanity_iOS/20211006_192250/1633531259793.png]]

2021-10-06 20:10:59 - [MESSAGE][PASSED] - ios_common_keywords.Go_Back.Custom is PASSED

2021-10-06 20:10:59 - [TEST_STEP][FAILED] - ios_orders.Order_details_Screen.upload_Order(): Failed to tap on element (Root cause: java.lang.IllegalArgumentException: Object is null
	at com.kms.katalon.core.helper.KeywordHelper.checkTestObjectParameter(KeywordHelper.java:33)
	at com.kms.katalon.core.mobile.keyword.builtin.TapKeyword$_tap_closure1.doCall(TapKeyword.groovy:74)
	at com.kms.katalon.core.mobile.keyword.builtin.TapKeyword$_tap_closure1.call(TapKeyword.groovy)
	at com.kms.katalon.core.mobile.keyword.internal.MobileKeywordMain.runKeyword(MobileKeywordMain.groovy:21)
	at com.kms.katalon.core.mobile.keyword.builtin.TapKeyword.tap(TapKeyword.groovy:86)
	at com.kms.katalon.core.mobile.keyword.builtin.TapKeyword.execute(TapKeyword.groovy:68)
	at com.kms.katalon.core.keyword.internal.KeywordExecutor.executeKeywordForPlatform(KeywordExecutor.groovy:73)
	at com.kms.katalon.core.mobile.keyword.MobileBuiltInKeywords.tap(MobileBuiltInKeywords.groovy:1354)
	at com.kms.katalon.core.mobile.keyword.MobileBuiltInKeywords$tap$3.call(Unknown Source)
	at ios_orders.Order_details_Screen.upload_Order(Order_details_Screen.groovy:55)
	at ios_orders.Order_details_Screen.invokeMethod(Order_details_Screen.groovy)
	at com.kms.katalon.core.main.CustomKeywordDelegatingMetaClass.invokeStaticMethod(CustomKeywordDelegatingMetaClass.java:50)
	at Place and Upload All Orders.run(Place and Upload All Orders:38)
	at com.kms.katalon.core.main.ScriptEngine.run(ScriptEngine.java:194)
	at com.kms.katalon.core.main.ScriptEngine.runScriptAsRawText(ScriptEngine.java:119)
	at com.kms.katalon.core.main.TestCaseExecutor.runScript(TestCaseExecutor.java:398)
	at com.kms.katalon.core.main.TestCaseExecutor.doExecute(TestCaseExecutor.java:389)
	at com.kms.katalon.core.main.TestCaseExecutor.processExecutionPhase(TestCaseExecutor.java:368)
	at com.kms.katalon.core.main.TestCaseExecutor.accessMainPhase(TestCaseExecutor.java:360)
	at com.kms.katalon.core.main.TestCaseExecutor.execute(TestCaseExecutor.java:255)
	at com.kms.katalon.core.main.TestSuiteExecutor.accessTestCaseMainPhase(TestSuiteExecutor.java:203)
	at com.kms.katalon.core.main.TestSuiteExecutor.accessTestSuiteMainPhase(TestSuiteExecutor.java:152)
	at com.kms.katalon.core.main.TestSuiteExecutor.execute(TestSuiteExecutor.java:95)
	at com.kms.katalon.core.main.TestCaseMain.startTestSuite(TestCaseMain.java:157)
	at com.kms.katalon.core.main.TestCaseMain$startTestSuite$0.call(Unknown Source)
	at TempTestSuite1633528370185.run(TempTestSuite1633528370185.groovy:39)
)

2021-10-06 20:11:01 - [MESSAGE][WARNING] - Element 'Object Repository/iOS/Product_Search/Progress_Bar' not found
[[ATTACHMENT|/Users/sahil.vidaysingh/Katalon Studio/testing/Reports/20211006_192250/sanity_iOS/20211006_192250/1633531261416.png]]

2021-10-06 20:11:01 - [MESSAGE][WARNING] - Timeout '0' is invalid. Using default page load timeout: '30'

2021-10-06 20:11:02 - [MESSAGE][PASSED] - Tapped on element 'Object Repository/iOS/Orders/Order Details Page/Upload Order/UploadOrder_Button'

2021-10-06 20:11:02 - [MESSAGE][WARNING] - Test object with id 'Object Repository/Homepage After LogIn/Carts_Screen/Continue on Desktop' does not exist

2021-10-06 20:11:02 - [MESSAGE][WARNING] - Test object with id 'Object Repository/' does not exist

2021-10-06 20:11:02 - [MESSAGE][FAILED] - Failed to tap on element (Root cause: java.lang.IllegalArgumentException: Object is null
	at com.kms.katalon.core.helper.KeywordHelper.checkTestObjectParameter(KeywordHelper.java:33)
	at com.kms.katalon.core.mobile.keyword.builtin.TapKeyword$_tap_closure1.doCall(TapKeyword.groovy:74)
	at com.kms.katalon.core.mobile.keyword.builtin.TapKeyword$_tap_closure1.call(TapKeyword.groovy)
	at com.kms.katalon.core.mobile.keyword.internal.MobileKeywordMain.runKeyword(MobileKeywordMain.groovy:21)
	at com.kms.katalon.core.mobile.keyword.builtin.TapKeyword.tap(TapKeyword.groovy:86)
	at com.kms.katalon.core.mobile.keyword.builtin.TapKeyword.execute(TapKeyword.groovy:68)
	at com.kms.katalon.core.keyword.internal.KeywordExecutor.executeKeywordForPlatform(KeywordExecutor.groovy:73)
	at com.kms.katalon.core.mobile.keyword.MobileBuiltInKeywords.tap(MobileBuiltInKeywords.groovy:1354)
	at com.kms.katalon.core.mobile.keyword.MobileBuiltInKeywords$tap$3.call(Unknown Source)
	at ios_orders.Order_details_Screen.upload_Order(Order_details_Screen.groovy:55)
	at ios_orders.Order_details_Screen.invokeMethod(Order_details_Screen.groovy)
	at com.kms.katalon.core.main.CustomKeywordDelegatingMetaClass.invokeStaticMethod(CustomKeywordDelegatingMetaClass.java:50)
	at Place and Upload All Orders.run(Place and Upload All Orders:38)
	at com.kms.katalon.core.main.ScriptEngine.run(ScriptEngine.java:194)
	at com.kms.katalon.core.main.ScriptEngine.runScriptAsRawText(ScriptEngine.java:119)
	at com.kms.katalon.core.main.TestCaseExecutor.runScript(TestCaseExecutor.java:398)
	at com.kms.katalon.core.main.TestCaseExecutor.doExecute(TestCaseExecutor.java:389)
	at com.kms.katalon.core.main.TestCaseExecutor.processExecutionPhase(TestCaseExecutor.java:368)
	at com.kms.katalon.core.main.TestCaseExecutor.accessMainPhase(TestCaseExecutor.java:360)
	at com.kms.katalon.core.main.TestCaseExecutor.execute(TestCaseExecutor.java:255)
	at com.kms.katalon.core.main.TestSuiteExecutor.accessTestCaseMainPhase(TestSuiteExecutor.java:203)
	at com.kms.katalon.core.main.TestSuiteExecutor.accessTestSuiteMainPhase(TestSuiteExecutor.java:152)
	at com.kms.katalon.core.main.TestSuiteExecutor.execute(TestSuiteExecutor.java:95)
	at com.kms.katalon.core.main.TestCaseMain.startTestSuite(TestCaseMain.java:157)
	at com.kms.katalon.core.main.TestCaseMain$startTestSuite$0.call(Unknown Source)
	at TempTestSuite1633528370185.run(TempTestSuite1633528370185.groovy:39)
)
[[ATTACHMENT|/Users/sahil.vidaysingh/Katalon Studio/testing/Reports/20211006_192250/sanity_iOS/20211006_192250/1633531262833.png]]

2021-10-06 20:11:02 - [MESSAGE][FAILED] - Failed to tap on element (Root cause: java.lang.IllegalArgumentException: Object is null
	at com.kms.katalon.core.helper.KeywordHelper.checkTestObjectParameter(KeywordHelper.java:33)
	at com.kms.katalon.core.mobile.keyword.builtin.TapKeyword$_tap_closure1.doCall(TapKeyword.groovy:74)
	at com.kms.katalon.core.mobile.keyword.builtin.TapKeyword$_tap_closure1.call(TapKeyword.groovy)
	at com.kms.katalon.core.mobile.keyword.internal.MobileKeywordMain.runKeyword(MobileKeywordMain.groovy:21)
	at com.kms.katalon.core.mobile.keyword.builtin.TapKeyword.tap(TapKeyword.groovy:86)
	at com.kms.katalon.core.mobile.keyword.builtin.TapKeyword.execute(TapKeyword.groovy:68)
	at com.kms.katalon.core.keyword.internal.KeywordExecutor.executeKeywordForPlatform(KeywordExecutor.groovy:73)
	at com.kms.katalon.core.mobile.keyword.MobileBuiltInKeywords.tap(MobileBuiltInKeywords.groovy:1354)
	at com.kms.katalon.core.mobile.keyword.MobileBuiltInKeywords$tap$3.call(Unknown Source)
	at ios_orders.Order_details_Screen.upload_Order(Order_details_Screen.groovy:55)
	at ios_orders.Order_details_Screen.invokeMethod(Order_details_Screen.groovy)
	at com.kms.katalon.core.main.CustomKeywordDelegatingMetaClass.invokeStaticMethod(CustomKeywordDelegatingMetaClass.java:50)
	at Place and Upload All Orders.run(Place and Upload All Orders:38)
	at com.kms.katalon.core.main.ScriptEngine.run(ScriptEngine.java:194)
	at com.kms.katalon.core.main.ScriptEngine.runScriptAsRawText(ScriptEngine.java:119)
	at com.kms.katalon.core.main.TestCaseExecutor.runScript(TestCaseExecutor.java:398)
	at com.kms.katalon.core.main.TestCaseExecutor.doExecute(TestCaseExecutor.java:389)
	at com.kms.katalon.core.main.TestCaseExecutor.processExecutionPhase(TestCaseExecutor.java:368)
	at com.kms.katalon.core.main.TestCaseExecutor.accessMainPhase(TestCaseExecutor.java:360)
	at com.kms.katalon.core.main.TestCaseExecutor.execute(TestCaseExecutor.java:255)
	at com.kms.katalon.core.main.TestSuiteExecutor.accessTestCaseMainPhase(TestSuiteExecutor.java:203)
	at com.kms.katalon.core.main.TestSuiteExecutor.accessTestSuiteMainPhase(TestSuiteExecutor.java:152)
	at com.kms.katalon.core.main.TestSuiteExecutor.execute(TestSuiteExecutor.java:95)
	at com.kms.katalon.core.main.TestCaseMain.startTestSuite(TestCaseMain.java:157)
	at com.kms.katalon.core.main.TestCaseMain$startTestSuite$0.call(Unknown Source)
	at TempTestSuite1633528370185.run(TempTestSuite1633528370185.groovy:39)
)]]></system-out>
         <system-err><![CDATA[2021-10-06 20:07:43 - [TEST_CASE][FAILED] - Test Cases/iOS/Carts/Place and Upload All Orders: Test Cases/iOS/Carts/Place and Upload All Orders FAILED.
Reason:
com.kms.katalon.core.exception.StepFailedException: Failed to tap on element (Root cause: java.lang.IllegalArgumentException: Object is null
	at com.kms.katalon.core.helper.KeywordHelper.checkTestObjectParameter(KeywordHelper.java:33)
	at com.kms.katalon.core.mobile.keyword.builtin.TapKeyword$_tap_closure1.doCall(TapKeyword.groovy:74)
	at com.kms.katalon.core.mobile.keyword.builtin.TapKeyword$_tap_closure1.call(TapKeyword.groovy)
	at com.kms.katalon.core.mobile.keyword.internal.MobileKeywordMain.runKeyword(MobileKeywordMain.groovy:21)
	at com.kms.katalon.core.mobile.keyword.builtin.TapKeyword.tap(TapKeyword.groovy:86)
	at com.kms.katalon.core.mobile.keyword.builtin.TapKeyword.execute(TapKeyword.groovy:68)
	at com.kms.katalon.core.keyword.internal.KeywordExecutor.executeKeywordForPlatform(KeywordExecutor.groovy:73)
	at com.kms.katalon.core.mobile.keyword.MobileBuiltInKeywords.tap(MobileBuiltInKeywords.groovy:1354)
	at com.kms.katalon.core.mobile.keyword.MobileBuiltInKeywords$tap$3.call(Unknown Source)
	at ios_orders.Order_details_Screen.upload_Order(Order_details_Screen.groovy:55)
	at ios_orders.Order_details_Screen.invokeMethod(Order_details_Screen.groovy)
	at com.kms.katalon.core.main.CustomKeywordDelegatingMetaClass.invokeStaticMethod(CustomKeywordDelegatingMetaClass.java:50)
	at Place and Upload All Orders.run(Place and Upload All Orders:38)
	at com.kms.katalon.core.main.ScriptEngine.run(ScriptEngine.java:194)
	at com.kms.katalon.core.main.ScriptEngine.runScriptAsRawText(ScriptEngine.java:119)
	at com.kms.katalon.core.main.TestCaseExecutor.runScript(TestCaseExecutor.java:398)
	at com.kms.katalon.core.main.TestCaseExecutor.doExecute(TestCaseExecutor.java:389)
	at com.kms.katalon.core.main.TestCaseExecutor.processExecutionPhase(TestCaseExecutor.java:368)
	at com.kms.katalon.core.main.TestCaseExecutor.accessMainPhase(TestCaseExecutor.java:360)
	at com.kms.katalon.core.main.TestCaseExecutor.execute(TestCaseExecutor.java:255)
	at com.kms.katalon.core.main.TestSuiteExecutor.accessTestCaseMainPhase(TestSuiteExecutor.java:203)
	at com.kms.katalon.core.main.TestSuiteExecutor.accessTestSuiteMainPhase(TestSuiteExecutor.java:152)
	at com.kms.katalon.core.main.TestSuiteExecutor.execute(TestSuiteExecutor.java:95)
	at com.kms.katalon.core.main.TestCaseMain.startTestSuite(TestCaseMain.java:157)
	at com.kms.katalon.core.main.TestCaseMain$startTestSuite$0.call(Unknown Source)
	at TempTestSuite1633528370185.run(TempTestSuite1633528370185.groovy:39)
)
	at com.kms.katalon.core.keyword.internal.KeywordMain.stepFailed(KeywordMain.groovy:50)
	at com.kms.katalon.core.mobile.keyword.internal.MobileKeywordMain.stepFailed(MobileKeywordMain.groovy:40)
	at com.kms.katalon.core.mobile.keyword.internal.MobileKeywordMain.runKeyword(MobileKeywordMain.groovy:23)
	at com.kms.katalon.core.mobile.keyword.builtin.TapKeyword.tap(TapKeyword.groovy:86)
	at com.kms.katalon.core.mobile.keyword.builtin.TapKeyword.execute(TapKeyword.groovy:68)
	at com.kms.katalon.core.keyword.internal.KeywordExecutor.executeKeywordForPlatform(KeywordExecutor.groovy:73)
	at com.kms.katalon.core.mobile.keyword.MobileBuiltInKeywords.tap(MobileBuiltInKeywords.groovy:1354)
	at com.kms.katalon.core.mobile.keyword.MobileBuiltInKeywords$tap$3.call(Unknown Source)
	at ios_orders.Order_details_Screen.upload_Order(Order_details_Screen.groovy:55)
	at ios_orders.Order_details_Screen.invokeMethod(Order_details_Screen.groovy)
	at com.kms.katalon.core.main.CustomKeywordDelegatingMetaClass.invokeStaticMethod(CustomKeywordDelegatingMetaClass.java:50)
	at Place and Upload All Orders.run(Place and Upload All Orders:38)
	at com.kms.katalon.core.main.ScriptEngine.run(ScriptEngine.java:194)
	at com.kms.katalon.core.main.ScriptEngine.runScriptAsRawText(ScriptEngine.java:119)
	at com.kms.katalon.core.main.TestCaseExecutor.runScript(TestCaseExecutor.java:398)
	at com.kms.katalon.core.main.TestCaseExecutor.doExecute(TestCaseExecutor.java:389)
	at com.kms.katalon.core.main.TestCaseExecutor.processExecutionPhase(TestCaseExecutor.java:368)
	at com.kms.katalon.core.main.TestCaseExecutor.accessMainPhase(TestCaseExecutor.java:360)
	at com.kms.katalon.core.main.TestCaseExecutor.execute(TestCaseExecutor.java:255)
	at com.kms.katalon.core.main.TestSuiteExecutor.accessTestCaseMainPhase(TestSuiteExecutor.java:203)
	at com.kms.katalon.core.main.TestSuiteExecutor.accessTestSuiteMainPhase(TestSuiteExecutor.java:152)
	at com.kms.katalon.core.main.TestSuiteExecutor.execute(TestSuiteExecutor.java:95)
	at com.kms.katalon.core.main.TestCaseMain.startTestSuite(TestCaseMain.java:157)
	at com.kms.katalon.core.main.TestCaseMain$startTestSuite$0.call(Unknown Source)
	at TempTestSuite1633528370185.run(TempTestSuite1633528370185.groovy:39)
Caused by: java.lang.IllegalArgumentException: Object is null
	at com.kms.katalon.core.helper.KeywordHelper.checkTestObjectParameter(KeywordHelper.java:33)
	at com.kms.katalon.core.mobile.keyword.builtin.TapKeyword$_tap_closure1.doCall(TapKeyword.groovy:74)
	at com.kms.katalon.core.mobile.keyword.builtin.TapKeyword$_tap_closure1.call(TapKeyword.groovy)
	at com.kms.katalon.core.mobile.keyword.internal.MobileKeywordMain.runKeyword(MobileKeywordMain.groovy:21)
	... 22 more]]></system-err>
      </testcase>
      <testcase name="Test Cases/iOS/Carts/Place and Upload Order" time="202.153" classname="Test Cases/iOS/Carts/Place and Upload Order" status="FAILED">
         <failure type="FAILED" message="Test Cases/iOS/Carts/Place and Upload Order FAILED.
Reason:
com.kms.katalon.core.exception.StepFailedException: Failed to tap on element (Root cause: java.lang.IllegalArgumentException: Object is null
	at com.kms.katalon.core.helper.KeywordHelper.checkTestObjectParameter(KeywordHelper.java:33)
	at com.kms.katalon.core.mobile.keyword.builtin.TapKeyword$_tap_closure1.doCall(TapKeyword.groovy:74)
	at com.kms.katalon.core.mobile.keyword.builtin.TapKeyword$_tap_closure1.call(TapKeyword.groovy)
	at com.kms.katalon.core.mobile.keyword.internal.MobileKeywordMain.runKeyword(MobileKeywordMain.groovy:21)
	at com.kms.katalon.core.mobile.keyword.builtin.TapKeyword.tap(TapKeyword.groovy:86)
	at com.kms.katalon.core.mobile.keyword.builtin.TapKeyword.execute(TapKeyword.groovy:68)
	at com.kms.katalon.core.keyword.internal.KeywordExecutor.executeKeywordForPlatform(KeywordExecutor.groovy:73)
	at com.kms.katalon.core.mobile.keyword.MobileBuiltInKeywords.tap(MobileBuiltInKeywords.groovy:1354)
	at com.kms.katalon.core.mobile.keyword.MobileBuiltInKeywords$tap$3.call(Unknown Source)
	at ios_orders.Order_details_Screen.upload_Order(Order_details_Screen.groovy:55)
	at ios_orders.Order_details_Screen.invokeMethod(Order_details_Screen.groovy)
	at com.kms.katalon.core.main.CustomKeywordDelegatingMetaClass.invokeStaticMethod(CustomKeywordDelegatingMetaClass.java:50)
	at Place and Upload Order.run(Place and Upload Order:38)
	at com.kms.katalon.core.main.ScriptEngine.run(ScriptEngine.java:194)
	at com.kms.katalon.core.main.ScriptEngine.runScriptAsRawText(ScriptEngine.java:119)
	at com.kms.katalon.core.main.TestCaseExecutor.runScript(TestCaseExecutor.java:398)
	at com.kms.katalon.core.main.TestCaseExecutor.doExecute(TestCaseExecutor.java:389)
	at com.kms.katalon.core.main.TestCaseExecutor.processExecutionPhase(TestCaseExecutor.java:368)
	at com.kms.katalon.core.main.TestCaseExecutor.accessMainPhase(TestCaseExecutor.java:360)
	at com.kms.katalon.core.main.TestCaseExecutor.execute(TestCaseExecutor.java:255)
	at com.kms.katalon.core.main.TestSuiteExecutor.accessTestCaseMainPhase(TestSuiteExecutor.java:203)
	at com.kms.katalon.core.main.TestSuiteExecutor.accessTestSuiteMainPhase(TestSuiteExecutor.java:152)
	at com.kms.katalon.core.main.TestSuiteExecutor.execute(TestSuiteExecutor.java:95)
	at com.kms.katalon.core.main.TestCaseMain.startTestSuite(TestCaseMain.java:157)
	at com.kms.katalon.core.main.TestCaseMain$startTestSuite$0.call(Unknown Source)
	at TempTestSuite1633528370185.run(TempTestSuite1633528370185.groovy:39)
)
	at com.kms.katalon.core.keyword.internal.KeywordMain.stepFailed(KeywordMain.groovy:50)
	at com.kms.katalon.core.mobile.keyword.internal.MobileKeywordMain.stepFailed(MobileKeywordMain.groovy:40)
	at com.kms.katalon.core.mobile.keyword.internal.MobileKeywordMain.runKeyword(MobileKeywordMain.groovy:23)
	at com.kms.katalon.core.mobile.keyword.builtin.TapKeyword.tap(TapKeyword.groovy:86)
	at com.kms.katalon.core.mobile.keyword.builtin.TapKeyword.execute(TapKeyword.groovy:68)
	at com.kms.katalon.core.keyword.internal.KeywordExecutor.executeKeywordForPlatform(KeywordExecutor.groovy:73)
	at com.kms.katalon.core.mobile.keyword.MobileBuiltInKeywords.tap(MobileBuiltInKeywords.groovy:1354)
	at com.kms.katalon.core.mobile.keyword.MobileBuiltInKeywords$tap$3.call(Unknown Source)
	at ios_orders.Order_details_Screen.upload_Order(Order_details_Screen.groovy:55)
	at ios_orders.Order_details_Screen.invokeMethod(Order_details_Screen.groovy)
	at com.kms.katalon.core.main.CustomKeywordDelegatingMetaClass.invokeStaticMethod(CustomKeywordDelegatingMetaClass.java:50)
	at Place and Upload Order.run(Place and Upload Order:38)
	at com.kms.katalon.core.main.ScriptEngine.run(ScriptEngine.java:194)
	at com.kms.katalon.core.main.ScriptEngine.runScriptAsRawText(ScriptEngine.java:119)
	at com.kms.katalon.core.main.TestCaseExecutor.runScript(TestCaseExecutor.java:398)
	at com.kms.katalon.core.main.TestCaseExecutor.doExecute(TestCaseExecutor.java:389)
	at com.kms.katalon.core.main.TestCaseExecutor.processExecutionPhase(TestCaseExecutor.java:368)
	at com.kms.katalon.core.main.TestCaseExecutor.accessMainPhase(TestCaseExecutor.java:360)
	at com.kms.katalon.core.main.TestCaseExecutor.execute(TestCaseExecutor.java:255)
	at com.kms.katalon.core.main.TestSuiteExecutor.accessTestCaseMainPhase(TestSuiteExecutor.java:203)
	at com.kms.katalon.core.main.TestSuiteExecutor.accessTestSuiteMainPhase(TestSuiteExecutor.java:152)
	at com.kms.katalon.core.main.TestSuiteExecutor.execute(TestSuiteExecutor.java:95)
	at com.kms.katalon.core.main.TestCaseMain.startTestSuite(TestCaseMain.java:157)
	at com.kms.katalon.core.main.TestCaseMain$startTestSuite$0.call(Unknown Source)
	at TempTestSuite1633528370185.run(TempTestSuite1633528370185.groovy:39)
Caused by: java.lang.IllegalArgumentException: Object is null
	at com.kms.katalon.core.helper.KeywordHelper.checkTestObjectParameter(KeywordHelper.java:33)
	at com.kms.katalon.core.mobile.keyword.builtin.TapKeyword$_tap_closure1.doCall(TapKeyword.groovy:74)
	at com.kms.katalon.core.mobile.keyword.builtin.TapKeyword$_tap_closure1.call(TapKeyword.groovy)
	at com.kms.katalon.core.mobile.keyword.internal.MobileKeywordMain.runKeyword(MobileKeywordMain.groovy:21)
	... 22 more
"/>
         <system-out><![CDATA[2021-10-06 20:11:02 - [TEST_CASE][FAILED] - Test Cases/iOS/Carts/Place and Upload Order: Test Cases/iOS/Carts/Place and Upload Order FAILED.
Reason:
com.kms.katalon.core.exception.StepFailedException: Failed to tap on element (Root cause: java.lang.IllegalArgumentException: Object is null
	at com.kms.katalon.core.helper.KeywordHelper.checkTestObjectParameter(KeywordHelper.java:33)
	at com.kms.katalon.core.mobile.keyword.builtin.TapKeyword$_tap_closure1.doCall(TapKeyword.groovy:74)
	at com.kms.katalon.core.mobile.keyword.builtin.TapKeyword$_tap_closure1.call(TapKeyword.groovy)
	at com.kms.katalon.core.mobile.keyword.internal.MobileKeywordMain.runKeyword(MobileKeywordMain.groovy:21)
	at com.kms.katalon.core.mobile.keyword.builtin.TapKeyword.tap(TapKeyword.groovy:86)
	at com.kms.katalon.core.mobile.keyword.builtin.TapKeyword.execute(TapKeyword.groovy:68)
	at com.kms.katalon.core.keyword.internal.KeywordExecutor.executeKeywordForPlatform(KeywordExecutor.groovy:73)
	at com.kms.katalon.core.mobile.keyword.MobileBuiltInKeywords.tap(MobileBuiltInKeywords.groovy:1354)
	at com.kms.katalon.core.mobile.keyword.MobileBuiltInKeywords$tap$3.call(Unknown Source)
	at ios_orders.Order_details_Screen.upload_Order(Order_details_Screen.groovy:55)
	at ios_orders.Order_details_Screen.invokeMethod(Order_details_Screen.groovy)
	at com.kms.katalon.core.main.CustomKeywordDelegatingMetaClass.invokeStaticMethod(CustomKeywordDelegatingMetaClass.java:50)
	at Place and Upload Order.run(Place and Upload Order:38)
	at com.kms.katalon.core.main.ScriptEngine.run(ScriptEngine.java:194)
	at com.kms.katalon.core.main.ScriptEngine.runScriptAsRawText(ScriptEngine.java:119)
	at com.kms.katalon.core.main.TestCaseExecutor.runScript(TestCaseExecutor.java:398)
	at com.kms.katalon.core.main.TestCaseExecutor.doExecute(TestCaseExecutor.java:389)
	at com.kms.katalon.core.main.TestCaseExecutor.processExecutionPhase(TestCaseExecutor.java:368)
	at com.kms.katalon.core.main.TestCaseExecutor.accessMainPhase(TestCaseExecutor.java:360)
	at com.kms.katalon.core.main.TestCaseExecutor.execute(TestCaseExecutor.java:255)
	at com.kms.katalon.core.main.TestSuiteExecutor.accessTestCaseMainPhase(TestSuiteExecutor.java:203)
	at com.kms.katalon.core.main.TestSuiteExecutor.accessTestSuiteMainPhase(TestSuiteExecutor.java:152)
	at com.kms.katalon.core.main.TestSuiteExecutor.execute(TestSuiteExecutor.java:95)
	at com.kms.katalon.core.main.TestCaseMain.startTestSuite(TestCaseMain.java:157)
	at com.kms.katalon.core.main.TestCaseMain$startTestSuite$0.call(Unknown Source)
	at TempTestSuite1633528370185.run(TempTestSuite1633528370185.groovy:39)
)
	at com.kms.katalon.core.keyword.internal.KeywordMain.stepFailed(KeywordMain.groovy:50)
	at com.kms.katalon.core.mobile.keyword.internal.MobileKeywordMain.stepFailed(MobileKeywordMain.groovy:40)
	at com.kms.katalon.core.mobile.keyword.internal.MobileKeywordMain.runKeyword(MobileKeywordMain.groovy:23)
	at com.kms.katalon.core.mobile.keyword.builtin.TapKeyword.tap(TapKeyword.groovy:86)
	at com.kms.katalon.core.mobile.keyword.builtin.TapKeyword.execute(TapKeyword.groovy:68)
	at com.kms.katalon.core.keyword.internal.KeywordExecutor.executeKeywordForPlatform(KeywordExecutor.groovy:73)
	at com.kms.katalon.core.mobile.keyword.MobileBuiltInKeywords.tap(MobileBuiltInKeywords.groovy:1354)
	at com.kms.katalon.core.mobile.keyword.MobileBuiltInKeywords$tap$3.call(Unknown Source)
	at ios_orders.Order_details_Screen.upload_Order(Order_details_Screen.groovy:55)
	at ios_orders.Order_details_Screen.invokeMethod(Order_details_Screen.groovy)
	at com.kms.katalon.core.main.CustomKeywordDelegatingMetaClass.invokeStaticMethod(CustomKeywordDelegatingMetaClass.java:50)
	at Place and Upload Order.run(Place and Upload Order:38)
	at com.kms.katalon.core.main.ScriptEngine.run(ScriptEngine.java:194)
	at com.kms.katalon.core.main.ScriptEngine.runScriptAsRawText(ScriptEngine.java:119)
	at com.kms.katalon.core.main.TestCaseExecutor.runScript(TestCaseExecutor.java:398)
	at com.kms.katalon.core.main.TestCaseExecutor.doExecute(TestCaseExecutor.java:389)
	at com.kms.katalon.core.main.TestCaseExecutor.processExecutionPhase(TestCaseExecutor.java:368)
	at com.kms.katalon.core.main.TestCaseExecutor.accessMainPhase(TestCaseExecutor.java:360)
	at com.kms.katalon.core.main.TestCaseExecutor.execute(TestCaseExecutor.java:255)
	at com.kms.katalon.core.main.TestSuiteExecutor.accessTestCaseMainPhase(TestSuiteExecutor.java:203)
	at com.kms.katalon.core.main.TestSuiteExecutor.accessTestSuiteMainPhase(TestSuiteExecutor.java:152)
	at com.kms.katalon.core.main.TestSuiteExecutor.execute(TestSuiteExecutor.java:95)
	at com.kms.katalon.core.main.TestCaseMain.startTestSuite(TestCaseMain.java:157)
	at com.kms.katalon.core.main.TestCaseMain$startTestSuite$0.call(Unknown Source)
	at TempTestSuite1633528370185.run(TempTestSuite1633528370185.groovy:39)
Caused by: java.lang.IllegalArgumentException: Object is null
	at com.kms.katalon.core.helper.KeywordHelper.checkTestObjectParameter(KeywordHelper.java:33)
	at com.kms.katalon.core.mobile.keyword.builtin.TapKeyword$_tap_closure1.doCall(TapKeyword.groovy:74)
	at com.kms.katalon.core.mobile.keyword.builtin.TapKeyword$_tap_closure1.call(TapKeyword.groovy)
	at com.kms.katalon.core.mobile.keyword.internal.MobileKeywordMain.runKeyword(MobileKeywordMain.groovy:21)
	... 22 more


2021-10-06 20:11:03 - [TEST_STEP][PASSED] - ios_common_keywords.Start_Application.custom(): ios_common_keywords.Start_Application.custom is PASSED

2021-10-06 20:12:03 - [MESSAGE][PASSED] - Started app at: '/Users/sahil.vidaysingh/Downloads/Hatch 3.app'

2021-10-06 20:12:03 - [MESSAGE][PASSED] - ios_common_keywords.Start_Application.custom is PASSED

2021-10-06 20:12:03 - [TEST_STEP][PASSED] - ios_login.Login_Screen.login(Password): ios_login.Login_Screen.login is PASSED

2021-10-06 20:12:04 - [MESSAGE][PASSED] - Element 'Object Repository/iOS/LogIn/Environment_Selection_Screen/Environment Selection_Text' is exist

2021-10-06 20:12:04 - [MESSAGE][WARNING] - Timeout '0' is invalid. Using default page load timeout: '30'

2021-10-06 20:12:04 - [MESSAGE][PASSED] - Tapped on element 'Object Repository/iOS/LogIn/Environment_Selection_Screen/Environment Selection_Text'

2021-10-06 20:12:04 - [MESSAGE][WARNING] - Timeout '0' is invalid. Using default page load timeout: '30'

2021-10-06 20:12:06 - [MESSAGE][PASSED] - Tapped on element 'Object Repository/iOS/LogIn/Environment_Selection_Screen/Environment_Button'

2021-10-06 20:12:06 - [MESSAGE][WARNING] - Timeout '0' is invalid. Using default page load timeout: '30'

2021-10-06 20:12:07 - [MESSAGE][PASSED] - Tapped on element 'Object Repository/iOS/LogIn/Login_Details_Screen/Login UserName_Button'

2021-10-06 20:12:07 - [MESSAGE][WARNING] - Timeout '0' is invalid. Using default page load timeout: '30'

2021-10-06 20:12:08 - [MESSAGE][PASSED] - Text 'auto_ws_acute' has been set to element 'Object Repository/iOS/LogIn/Login_Details_Screen/UserName_Text_Field'

2021-10-06 20:12:08 - [MESSAGE][WARNING] - Timeout '0' is invalid. Using default page load timeout: '30'

2021-10-06 20:12:10 - [MESSAGE][PASSED] - Tapped on element 'Object Repository/iOS/LogIn/Login_Details_Screen/LoginBar-ButtonDown'

2021-10-06 20:12:10 - [MESSAGE][WARNING] - Timeout '0' is invalid. Using default page load timeout: '30'

2021-10-06 20:12:10 - [MESSAGE][PASSED] - Tapped on element 'Object Repository/iOS/LogIn/Login_Details_Screen/Password-Button'

2021-10-06 20:12:10 - [MESSAGE][WARNING] - Timeout '0' is invalid. Using default page load timeout: '30'

2021-10-06 20:12:11 - [MESSAGE][PASSED] - Text 'Cardinal1' has been set to element 'Object Repository/iOS/LogIn/Login_Details_Screen/Password-Secure_Text_Field'

2021-10-06 20:12:11 - [MESSAGE][WARNING] - Timeout '0' is invalid. Using default page load timeout: '30'

2021-10-06 20:12:12 - [MESSAGE][PASSED] - Tapped on element 'Object Repository/iOS/LogIn/Login_Details_Screen/SignIn_Button'

2021-10-06 20:12:12 - [MESSAGE][PASSED] - ios_login.Login_Screen.login is PASSED

2021-10-06 20:12:12 - [TEST_STEP][PASSED] - ios_account_selection.Select_An_Account.Custom(Account): ios_account_selection.Select_An_Account.Custom is PASSED

2021-10-06 20:12:13 - [MESSAGE][PASSED] - Element 'Object Repository/iOS/Product_Search/Progress_Bar' is exist

2021-10-06 20:12:14 - [MESSAGE][PASSED] - Delayed 1 second(s)

2021-10-06 20:12:15 - [MESSAGE][PASSED] - Element 'Object Repository/iOS/Product_Search/Progress_Bar' is exist

2021-10-06 20:12:16 - [MESSAGE][PASSED] - Delayed 1 second(s)

2021-10-06 20:12:17 - [MESSAGE][PASSED] - Element 'Object Repository/iOS/Product_Search/Progress_Bar' is exist

2021-10-06 20:12:18 - [MESSAGE][PASSED] - Delayed 1 second(s)

2021-10-06 20:12:18 - [MESSAGE][PASSED] - Element 'Object Repository/iOS/Product_Search/Progress_Bar' is exist

2021-10-06 20:12:19 - [MESSAGE][PASSED] - Delayed 1 second(s)

2021-10-06 20:12:20 - [MESSAGE][PASSED] - Element 'Object Repository/iOS/Product_Search/Progress_Bar' is exist

2021-10-06 20:12:21 - [MESSAGE][PASSED] - Delayed 1 second(s)

2021-10-06 20:12:21 - [MESSAGE][PASSED] - Element 'Object Repository/iOS/Product_Search/Progress_Bar' is exist

2021-10-06 20:12:22 - [MESSAGE][PASSED] - Delayed 1 second(s)

2021-10-06 20:12:23 - [MESSAGE][PASSED] - Element 'Object Repository/iOS/Product_Search/Progress_Bar' is exist

2021-10-06 20:12:24 - [MESSAGE][PASSED] - Delayed 1 second(s)

2021-10-06 20:12:24 - [MESSAGE][PASSED] - Element 'Object Repository/iOS/Product_Search/Progress_Bar' is exist

2021-10-06 20:12:25 - [MESSAGE][PASSED] - Delayed 1 second(s)

2021-10-06 20:12:25 - [MESSAGE][PASSED] - Element 'Object Repository/iOS/Product_Search/Progress_Bar' is exist

2021-10-06 20:12:26 - [MESSAGE][PASSED] - Delayed 1 second(s)

2021-10-06 20:12:27 - [MESSAGE][PASSED] - Element 'Object Repository/iOS/Product_Search/Progress_Bar' is exist

2021-10-06 20:12:28 - [MESSAGE][PASSED] - Delayed 1 second(s)

2021-10-06 20:12:29 - [MESSAGE][PASSED] - Element 'Object Repository/iOS/Product_Search/Progress_Bar' is exist

2021-10-06 20:12:30 - [MESSAGE][PASSED] - Delayed 1 second(s)

2021-10-06 20:12:30 - [MESSAGE][PASSED] - Element 'Object Repository/iOS/Product_Search/Progress_Bar' is exist

2021-10-06 20:12:31 - [MESSAGE][PASSED] - Delayed 1 second(s)

2021-10-06 20:12:32 - [MESSAGE][WARNING] - Element 'Object Repository/iOS/Product_Search/Progress_Bar' not found
[[ATTACHMENT|/Users/sahil.vidaysingh/Katalon Studio/testing/Reports/20211006_192250/sanity_iOS/20211006_192250/1633531352671.png]]

2021-10-06 20:12:32 - [MESSAGE][WARNING] - Timeout '0' is invalid. Using default page load timeout: '30'

2021-10-06 20:12:33 - [MESSAGE][PASSED] - Element 'Object Repository/iOS/Account_Selection/You must select an account to continue_Text' is present

2021-10-06 20:12:34 - [MESSAGE][PASSED] - Scrolling to text '11-487698' successfully

2021-10-06 20:12:34 - [MESSAGE][WARNING] - Timeout '0' is invalid. Using default page load timeout: '30'

2021-10-06 20:12:35 - [MESSAGE][PASSED] - Tapped on element 'Object Repository/iOS/Account_Selection/AccountNo_Text'

2021-10-06 20:12:36 - [MESSAGE][WARNING] - Element 'Object Repository/iOS/Product_Search/Progress_Bar' not found
[[ATTACHMENT|/Users/sahil.vidaysingh/Katalon Studio/testing/Reports/20211006_192250/sanity_iOS/20211006_192250/1633531356851.png]]

2021-10-06 20:12:36 - [MESSAGE][PASSED] - ios_account_selection.Select_An_Account.Custom is PASSED

2021-10-06 20:12:36 - [TEST_STEP][PASSED] - ios_dashboard.dashboard_details.click_On_Orders(): ios_dashboard.dashboard_details.click_On_Orders is PASSED

2021-10-06 20:12:37 - [MESSAGE][WARNING] - Timeout '0' is invalid. Using default page load timeout: '30'

2021-10-06 20:12:38 - [MESSAGE][PASSED] - Tapped on element 'Object Repository/iOS/Dashboard/Orders_Tab'

2021-10-06 20:12:38 - [MESSAGE][PASSED] - ios_dashboard.dashboard_details.click_On_Orders is PASSED

2021-10-06 20:12:38 - [TEST_STEP][PASSED] - ios_orders.Orders_Screen.click_On_NewOrder(): ios_orders.Orders_Screen.click_On_NewOrder is PASSED

2021-10-06 20:12:38 - [MESSAGE][WARNING] - Timeout '0' is invalid. Using default page load timeout: '30'

2021-10-06 20:12:39 - [MESSAGE][PASSED] - Tapped on element 'Object Repository/iOS/Orders/Orders_Common_Screen/New Order_Tab'

2021-10-06 20:12:39 - [MESSAGE][PASSED] - ios_orders.Orders_Screen.click_On_NewOrder is PASSED

2021-10-06 20:12:39 - [TEST_STEP][PASSED] - ios_orders.New_Order_Screen.enter_Purchase_Order_Details(PO_Name, PO_Memo): ios_orders.New_Order_Screen.enter_Purchase_Order_Details is PASSED

2021-10-06 20:12:39 - [MESSAGE][WARNING] - Duration '0' is invalid. Using default duration.

2021-10-06 20:12:39 - [MESSAGE][WARNING] - Timeout '0' is invalid. Using default page load timeout: '30'

2021-10-06 20:12:41 - [MESSAGE][PASSED] - Tapped and held on element 'Object Repository/iOS/Orders/Order Details Page/Edit PO Name and Memo/PO Name_TextField' with duration (default)

2021-10-06 20:12:41 - [MESSAGE][WARNING] - Timeout '0' is invalid. Using default page load timeout: '30'

2021-10-06 20:12:44 - [MESSAGE][PASSED] - Text 'po_name' has been set to element 'Object Repository/iOS/Orders/Order Details Page/Edit PO Name and Memo/PO Name_TextField'

2021-10-06 20:12:45 - [MESSAGE][WARNING] - Timeout '0' is invalid. Using default page load timeout: '30'

2021-10-06 20:12:46 - [MESSAGE][PASSED] - Tapped on element 'Object Repository/iOS/Product_Search/Return Keypad_Button'

2021-10-06 20:12:46 - [MESSAGE][WARNING] - Duration '0' is invalid. Using default duration.

2021-10-06 20:12:46 - [MESSAGE][WARNING] - Timeout '0' is invalid. Using default page load timeout: '30'

2021-10-06 20:12:48 - [MESSAGE][PASSED] - Tapped and held on element 'Object Repository/iOS/Orders/Order Details Page/Edit PO Name and Memo/poMemo Field_Button' with duration (default)

2021-10-06 20:12:48 - [MESSAGE][WARNING] - Timeout '0' is invalid. Using default page load timeout: '30'

2021-10-06 20:12:49 - [MESSAGE][PASSED] - Text 'po_memo' has been set to element 'Object Repository/iOS/Orders/Order Details Page/Edit PO Name and Memo/poMemoField_TextField'

2021-10-06 20:12:49 - [MESSAGE][WARNING] - Timeout '0' is invalid. Using default page load timeout: '30'

2021-10-06 20:12:50 - [MESSAGE][PASSED] - Tapped on element 'Object Repository/iOS/Product_Search/Return Keypad_Button'

2021-10-06 20:12:50 - [MESSAGE][PASSED] - ios_orders.New_Order_Screen.enter_Purchase_Order_Details is PASSED

2021-10-06 20:12:50 - [TEST_STEP][PASSED] - ios_orders.New_Order_Screen.create_Order(): ios_orders.New_Order_Screen.create_Order is PASSED

2021-10-06 20:12:50 - [MESSAGE][WARNING] - Timeout '0' is invalid. Using default page load timeout: '30'

2021-10-06 20:12:52 - [MESSAGE][PASSED] - Tapped on element 'Object Repository/iOS/Orders/New Order Page/Create Order_Button'

2021-10-06 20:12:52 - [MESSAGE][PASSED] - ios_orders.New_Order_Screen.create_Order is PASSED

2021-10-06 20:12:52 - [TEST_STEP][PASSED] - ios_orders.Order_details_Screen.add_Product_to_Order(Product_Name, Quantity): ios_orders.Order_details_Screen.add_Product_to_Order is PASSED

2021-10-06 20:12:53 - [MESSAGE][WARNING] - Element 'Object Repository/iOS/Product_Search/Progress_Bar' not found
[[ATTACHMENT|/Users/sahil.vidaysingh/Katalon Studio/testing/Reports/20211006_192250/sanity_iOS/20211006_192250/1633531373679.png]]

2021-10-06 20:12:53 - [MESSAGE][WARNING] - Duration '0' is invalid. Using default duration.

2021-10-06 20:12:53 - [MESSAGE][WARNING] - Timeout '0' is invalid. Using default page load timeout: '30'

2021-10-06 20:12:55 - [MESSAGE][PASSED] - Tapped and held on element 'Object Repository/iOS/Inventory/Location Details_Screen/Add Product to Location/Product SearchField' with duration (default)

2021-10-06 20:12:56 - [MESSAGE][WARNING] - Element 'Object Repository/iOS/Product_Search/Progress_Bar' not found
[[ATTACHMENT|/Users/sahil.vidaysingh/Katalon Studio/testing/Reports/20211006_192250/sanity_iOS/20211006_192250/1633531376249.png]]

2021-10-06 20:12:56 - [MESSAGE][WARNING] - Timeout '0' is invalid. Using default page load timeout: '30'

2021-10-06 20:12:57 - [MESSAGE][PASSED] - Text 'tyl' has been set to element 'Object Repository/iOS/Product_Search/Product SearchField'

2021-10-06 20:12:57 - [MESSAGE][WARNING] - Duration '0' is invalid. Using default duration.

2021-10-06 20:12:57 - [MESSAGE][WARNING] - Timeout '0' is invalid. Using default page load timeout: '30'

2021-10-06 20:12:59 - [MESSAGE][PASSED] - Tapped and held on element 'Object Repository/iOS/Product_Search/Search Key_Button' with duration (default)

2021-10-06 20:12:59 - [MESSAGE][WARNING] - Timeout '0' is invalid. Using default page load timeout: '30'

2021-10-06 20:13:35 - [MESSAGE][PASSED] - Text '2' has been set to element 'Object Repository/iOS/Product_Search/Quantity_TextField'

2021-10-06 20:13:39 - [MESSAGE][WARNING] - Element 'Object Repository/iOS/Product_Search/Progress_Bar' not found
[[ATTACHMENT|/Users/sahil.vidaysingh/Katalon Studio/testing/Reports/20211006_192250/sanity_iOS/20211006_192250/1633531419832.png]]

2021-10-06 20:13:40 - [MESSAGE][WARNING] - Timeout '0' is invalid. Using default page load timeout: '30'

2021-10-06 20:13:47 - [MESSAGE][PASSED] - Tapped on element 'Object Repository/iOS/Orders/Cart Page/Place All Orders/Done_Keypad'

2021-10-06 20:13:47 - [MESSAGE][WARNING] - Timeout '0' is invalid. Using default page load timeout: '30'

2021-10-06 20:13:54 - [MESSAGE][PASSED] - Tapped on element 'Object Repository/iOS/Inventory/Inventory Details Screen/Add Product to Inventory using Search from Dashoboard/Add to Order_Text'

2021-10-06 20:13:54 - [MESSAGE][WARNING] - Timeout '0' is invalid. Using default page load timeout: '30'

2021-10-06 20:13:58 - [MESSAGE][PASSED] - Element 'Object Repository/iOS/Product_Search/Confirmation_Text' is exist

2021-10-06 20:13:59 - [MESSAGE][WARNING] - Timeout '0' is invalid. Using default page load timeout: '30'

2021-10-06 20:13:59 - [MESSAGE][PASSED] - Tapped on element 'Object Repository/iOS/Orders/Order Details Page/Upload Order/Continue Ordering_Text'

2021-10-06 20:13:59 - [MESSAGE][PASSED] - ios_orders.Order_details_Screen.add_Product_to_Order is PASSED

2021-10-06 20:13:59 - [TEST_STEP][PASSED] - ios_common_keywords.Go_Back.Custom(): ios_common_keywords.Go_Back.Custom is PASSED

2021-10-06 20:14:06 - [MESSAGE][WARNING] - Element 'Object Repository/iOS/Product_Search/Progress_Bar' not found
[[ATTACHMENT|/Users/sahil.vidaysingh/Katalon Studio/testing/Reports/20211006_192250/sanity_iOS/20211006_192250/1633531445395.png]]

2021-10-06 20:14:10 - [MESSAGE][WARNING] - Element 'Object Repository/iOS/Product_Search/Back_Text' not found
[[ATTACHMENT|/Users/sahil.vidaysingh/Katalon Studio/testing/Reports/20211006_192250/sanity_iOS/20211006_192250/1633531450776.png]]

2021-10-06 20:14:17 - [MESSAGE][PASSED] - Tapped on element 'Object Repository/iOS/Inventory/Location Details_Screen/Add Product to Location/Back Button_Text'

2021-10-06 20:14:17 - [MESSAGE][PASSED] - Element 'Object Repository/iOS/Product_Search/Progress_Bar' is exist

2021-10-06 20:14:19 - [MESSAGE][PASSED] - Delayed 2 second(s)

2021-10-06 20:14:22 - [MESSAGE][WARNING] - Element 'Object Repository/iOS/Product_Search/Progress_Bar' not found
[[ATTACHMENT|/Users/sahil.vidaysingh/Katalon Studio/testing/Reports/20211006_192250/sanity_iOS/20211006_192250/1633531462345.png]]

2021-10-06 20:14:22 - [MESSAGE][PASSED] - ios_common_keywords.Go_Back.Custom is PASSED

2021-10-06 20:14:22 - [TEST_STEP][FAILED] - ios_orders.Order_details_Screen.upload_Order(): Failed to tap on element (Root cause: java.lang.IllegalArgumentException: Object is null
	at com.kms.katalon.core.helper.KeywordHelper.checkTestObjectParameter(KeywordHelper.java:33)
	at com.kms.katalon.core.mobile.keyword.builtin.TapKeyword$_tap_closure1.doCall(TapKeyword.groovy:74)
	at com.kms.katalon.core.mobile.keyword.builtin.TapKeyword$_tap_closure1.call(TapKeyword.groovy)
	at com.kms.katalon.core.mobile.keyword.internal.MobileKeywordMain.runKeyword(MobileKeywordMain.groovy:21)
	at com.kms.katalon.core.mobile.keyword.builtin.TapKeyword.tap(TapKeyword.groovy:86)
	at com.kms.katalon.core.mobile.keyword.builtin.TapKeyword.execute(TapKeyword.groovy:68)
	at com.kms.katalon.core.keyword.internal.KeywordExecutor.executeKeywordForPlatform(KeywordExecutor.groovy:73)
	at com.kms.katalon.core.mobile.keyword.MobileBuiltInKeywords.tap(MobileBuiltInKeywords.groovy:1354)
	at com.kms.katalon.core.mobile.keyword.MobileBuiltInKeywords$tap$3.call(Unknown Source)
	at ios_orders.Order_details_Screen.upload_Order(Order_details_Screen.groovy:55)
	at ios_orders.Order_details_Screen.invokeMethod(Order_details_Screen.groovy)
	at com.kms.katalon.core.main.CustomKeywordDelegatingMetaClass.invokeStaticMethod(CustomKeywordDelegatingMetaClass.java:50)
	at Place and Upload Order.run(Place and Upload Order:38)
	at com.kms.katalon.core.main.ScriptEngine.run(ScriptEngine.java:194)
	at com.kms.katalon.core.main.ScriptEngine.runScriptAsRawText(ScriptEngine.java:119)
	at com.kms.katalon.core.main.TestCaseExecutor.runScript(TestCaseExecutor.java:398)
	at com.kms.katalon.core.main.TestCaseExecutor.doExecute(TestCaseExecutor.java:389)
	at com.kms.katalon.core.main.TestCaseExecutor.processExecutionPhase(TestCaseExecutor.java:368)
	at com.kms.katalon.core.main.TestCaseExecutor.accessMainPhase(TestCaseExecutor.java:360)
	at com.kms.katalon.core.main.TestCaseExecutor.execute(TestCaseExecutor.java:255)
	at com.kms.katalon.core.main.TestSuiteExecutor.accessTestCaseMainPhase(TestSuiteExecutor.java:203)
	at com.kms.katalon.core.main.TestSuiteExecutor.accessTestSuiteMainPhase(TestSuiteExecutor.java:152)
	at com.kms.katalon.core.main.TestSuiteExecutor.execute(TestSuiteExecutor.java:95)
	at com.kms.katalon.core.main.TestCaseMain.startTestSuite(TestCaseMain.java:157)
	at com.kms.katalon.core.main.TestCaseMain$startTestSuite$0.call(Unknown Source)
	at TempTestSuite1633528370185.run(TempTestSuite1633528370185.groovy:39)
)

2021-10-06 20:14:23 - [MESSAGE][WARNING] - Element 'Object Repository/iOS/Product_Search/Progress_Bar' not found
[[ATTACHMENT|/Users/sahil.vidaysingh/Katalon Studio/testing/Reports/20211006_192250/sanity_iOS/20211006_192250/1633531463543.png]]

2021-10-06 20:14:23 - [MESSAGE][WARNING] - Timeout '0' is invalid. Using default page load timeout: '30'

2021-10-06 20:14:25 - [MESSAGE][PASSED] - Tapped on element 'Object Repository/iOS/Orders/Order Details Page/Upload Order/UploadOrder_Button'

2021-10-06 20:14:25 - [MESSAGE][WARNING] - Test object with id 'Object Repository/Homepage After LogIn/Carts_Screen/Continue on Desktop' does not exist

2021-10-06 20:14:25 - [MESSAGE][WARNING] - Test object with id 'Object Repository/' does not exist

2021-10-06 20:14:25 - [MESSAGE][FAILED] - Failed to tap on element (Root cause: java.lang.IllegalArgumentException: Object is null
	at com.kms.katalon.core.helper.KeywordHelper.checkTestObjectParameter(KeywordHelper.java:33)
	at com.kms.katalon.core.mobile.keyword.builtin.TapKeyword$_tap_closure1.doCall(TapKeyword.groovy:74)
	at com.kms.katalon.core.mobile.keyword.builtin.TapKeyword$_tap_closure1.call(TapKeyword.groovy)
	at com.kms.katalon.core.mobile.keyword.internal.MobileKeywordMain.runKeyword(MobileKeywordMain.groovy:21)
	at com.kms.katalon.core.mobile.keyword.builtin.TapKeyword.tap(TapKeyword.groovy:86)
	at com.kms.katalon.core.mobile.keyword.builtin.TapKeyword.execute(TapKeyword.groovy:68)
	at com.kms.katalon.core.keyword.internal.KeywordExecutor.executeKeywordForPlatform(KeywordExecutor.groovy:73)
	at com.kms.katalon.core.mobile.keyword.MobileBuiltInKeywords.tap(MobileBuiltInKeywords.groovy:1354)
	at com.kms.katalon.core.mobile.keyword.MobileBuiltInKeywords$tap$3.call(Unknown Source)
	at ios_orders.Order_details_Screen.upload_Order(Order_details_Screen.groovy:55)
	at ios_orders.Order_details_Screen.invokeMethod(Order_details_Screen.groovy)
	at com.kms.katalon.core.main.CustomKeywordDelegatingMetaClass.invokeStaticMethod(CustomKeywordDelegatingMetaClass.java:50)
	at Place and Upload Order.run(Place and Upload Order:38)
	at com.kms.katalon.core.main.ScriptEngine.run(ScriptEngine.java:194)
	at com.kms.katalon.core.main.ScriptEngine.runScriptAsRawText(ScriptEngine.java:119)
	at com.kms.katalon.core.main.TestCaseExecutor.runScript(TestCaseExecutor.java:398)
	at com.kms.katalon.core.main.TestCaseExecutor.doExecute(TestCaseExecutor.java:389)
	at com.kms.katalon.core.main.TestCaseExecutor.processExecutionPhase(TestCaseExecutor.java:368)
	at com.kms.katalon.core.main.TestCaseExecutor.accessMainPhase(TestCaseExecutor.java:360)
	at com.kms.katalon.core.main.TestCaseExecutor.execute(TestCaseExecutor.java:255)
	at com.kms.katalon.core.main.TestSuiteExecutor.accessTestCaseMainPhase(TestSuiteExecutor.java:203)
	at com.kms.katalon.core.main.TestSuiteExecutor.accessTestSuiteMainPhase(TestSuiteExecutor.java:152)
	at com.kms.katalon.core.main.TestSuiteExecutor.execute(TestSuiteExecutor.java:95)
	at com.kms.katalon.core.main.TestCaseMain.startTestSuite(TestCaseMain.java:157)
	at com.kms.katalon.core.main.TestCaseMain$startTestSuite$0.call(Unknown Source)
	at TempTestSuite1633528370185.run(TempTestSuite1633528370185.groovy:39)
)
[[ATTACHMENT|/Users/sahil.vidaysingh/Katalon Studio/testing/Reports/20211006_192250/sanity_iOS/20211006_192250/1633531465021.png]]

2021-10-06 20:14:25 - [MESSAGE][FAILED] - Failed to tap on element (Root cause: java.lang.IllegalArgumentException: Object is null
	at com.kms.katalon.core.helper.KeywordHelper.checkTestObjectParameter(KeywordHelper.java:33)
	at com.kms.katalon.core.mobile.keyword.builtin.TapKeyword$_tap_closure1.doCall(TapKeyword.groovy:74)
	at com.kms.katalon.core.mobile.keyword.builtin.TapKeyword$_tap_closure1.call(TapKeyword.groovy)
	at com.kms.katalon.core.mobile.keyword.internal.MobileKeywordMain.runKeyword(MobileKeywordMain.groovy:21)
	at com.kms.katalon.core.mobile.keyword.builtin.TapKeyword.tap(TapKeyword.groovy:86)
	at com.kms.katalon.core.mobile.keyword.builtin.TapKeyword.execute(TapKeyword.groovy:68)
	at com.kms.katalon.core.keyword.internal.KeywordExecutor.executeKeywordForPlatform(KeywordExecutor.groovy:73)
	at com.kms.katalon.core.mobile.keyword.MobileBuiltInKeywords.tap(MobileBuiltInKeywords.groovy:1354)
	at com.kms.katalon.core.mobile.keyword.MobileBuiltInKeywords$tap$3.call(Unknown Source)
	at ios_orders.Order_details_Screen.upload_Order(Order_details_Screen.groovy:55)
	at ios_orders.Order_details_Screen.invokeMethod(Order_details_Screen.groovy)
	at com.kms.katalon.core.main.CustomKeywordDelegatingMetaClass.invokeStaticMethod(CustomKeywordDelegatingMetaClass.java:50)
	at Place and Upload Order.run(Place and Upload Order:38)
	at com.kms.katalon.core.main.ScriptEngine.run(ScriptEngine.java:194)
	at com.kms.katalon.core.main.ScriptEngine.runScriptAsRawText(ScriptEngine.java:119)
	at com.kms.katalon.core.main.TestCaseExecutor.runScript(TestCaseExecutor.java:398)
	at com.kms.katalon.core.main.TestCaseExecutor.doExecute(TestCaseExecutor.java:389)
	at com.kms.katalon.core.main.TestCaseExecutor.processExecutionPhase(TestCaseExecutor.java:368)
	at com.kms.katalon.core.main.TestCaseExecutor.accessMainPhase(TestCaseExecutor.java:360)
	at com.kms.katalon.core.main.TestCaseExecutor.execute(TestCaseExecutor.java:255)
	at com.kms.katalon.core.main.TestSuiteExecutor.accessTestCaseMainPhase(TestSuiteExecutor.java:203)
	at com.kms.katalon.core.main.TestSuiteExecutor.accessTestSuiteMainPhase(TestSuiteExecutor.java:152)
	at com.kms.katalon.core.main.TestSuiteExecutor.execute(TestSuiteExecutor.java:95)
	at com.kms.katalon.core.main.TestCaseMain.startTestSuite(TestCaseMain.java:157)
	at com.kms.katalon.core.main.TestCaseMain$startTestSuite$0.call(Unknown Source)
	at TempTestSuite1633528370185.run(TempTestSuite1633528370185.groovy:39)
)]]></system-out>
         <system-err><![CDATA[2021-10-06 20:11:02 - [TEST_CASE][FAILED] - Test Cases/iOS/Carts/Place and Upload Order: Test Cases/iOS/Carts/Place and Upload Order FAILED.
Reason:
com.kms.katalon.core.exception.StepFailedException: Failed to tap on element (Root cause: java.lang.IllegalArgumentException: Object is null
	at com.kms.katalon.core.helper.KeywordHelper.checkTestObjectParameter(KeywordHelper.java:33)
	at com.kms.katalon.core.mobile.keyword.builtin.TapKeyword$_tap_closure1.doCall(TapKeyword.groovy:74)
	at com.kms.katalon.core.mobile.keyword.builtin.TapKeyword$_tap_closure1.call(TapKeyword.groovy)
	at com.kms.katalon.core.mobile.keyword.internal.MobileKeywordMain.runKeyword(MobileKeywordMain.groovy:21)
	at com.kms.katalon.core.mobile.keyword.builtin.TapKeyword.tap(TapKeyword.groovy:86)
	at com.kms.katalon.core.mobile.keyword.builtin.TapKeyword.execute(TapKeyword.groovy:68)
	at com.kms.katalon.core.keyword.internal.KeywordExecutor.executeKeywordForPlatform(KeywordExecutor.groovy:73)
	at com.kms.katalon.core.mobile.keyword.MobileBuiltInKeywords.tap(MobileBuiltInKeywords.groovy:1354)
	at com.kms.katalon.core.mobile.keyword.MobileBuiltInKeywords$tap$3.call(Unknown Source)
	at ios_orders.Order_details_Screen.upload_Order(Order_details_Screen.groovy:55)
	at ios_orders.Order_details_Screen.invokeMethod(Order_details_Screen.groovy)
	at com.kms.katalon.core.main.CustomKeywordDelegatingMetaClass.invokeStaticMethod(CustomKeywordDelegatingMetaClass.java:50)
	at Place and Upload Order.run(Place and Upload Order:38)
	at com.kms.katalon.core.main.ScriptEngine.run(ScriptEngine.java:194)
	at com.kms.katalon.core.main.ScriptEngine.runScriptAsRawText(ScriptEngine.java:119)
	at com.kms.katalon.core.main.TestCaseExecutor.runScript(TestCaseExecutor.java:398)
	at com.kms.katalon.core.main.TestCaseExecutor.doExecute(TestCaseExecutor.java:389)
	at com.kms.katalon.core.main.TestCaseExecutor.processExecutionPhase(TestCaseExecutor.java:368)
	at com.kms.katalon.core.main.TestCaseExecutor.accessMainPhase(TestCaseExecutor.java:360)
	at com.kms.katalon.core.main.TestCaseExecutor.execute(TestCaseExecutor.java:255)
	at com.kms.katalon.core.main.TestSuiteExecutor.accessTestCaseMainPhase(TestSuiteExecutor.java:203)
	at com.kms.katalon.core.main.TestSuiteExecutor.accessTestSuiteMainPhase(TestSuiteExecutor.java:152)
	at com.kms.katalon.core.main.TestSuiteExecutor.execute(TestSuiteExecutor.java:95)
	at com.kms.katalon.core.main.TestCaseMain.startTestSuite(TestCaseMain.java:157)
	at com.kms.katalon.core.main.TestCaseMain$startTestSuite$0.call(Unknown Source)
	at TempTestSuite1633528370185.run(TempTestSuite1633528370185.groovy:39)
)
	at com.kms.katalon.core.keyword.internal.KeywordMain.stepFailed(KeywordMain.groovy:50)
	at com.kms.katalon.core.mobile.keyword.internal.MobileKeywordMain.stepFailed(MobileKeywordMain.groovy:40)
	at com.kms.katalon.core.mobile.keyword.internal.MobileKeywordMain.runKeyword(MobileKeywordMain.groovy:23)
	at com.kms.katalon.core.mobile.keyword.builtin.TapKeyword.tap(TapKeyword.groovy:86)
	at com.kms.katalon.core.mobile.keyword.builtin.TapKeyword.execute(TapKeyword.groovy:68)
	at com.kms.katalon.core.keyword.internal.KeywordExecutor.executeKeywordForPlatform(KeywordExecutor.groovy:73)
	at com.kms.katalon.core.mobile.keyword.MobileBuiltInKeywords.tap(MobileBuiltInKeywords.groovy:1354)
	at com.kms.katalon.core.mobile.keyword.MobileBuiltInKeywords$tap$3.call(Unknown Source)
	at ios_orders.Order_details_Screen.upload_Order(Order_details_Screen.groovy:55)
	at ios_orders.Order_details_Screen.invokeMethod(Order_details_Screen.groovy)
	at com.kms.katalon.core.main.CustomKeywordDelegatingMetaClass.invokeStaticMethod(CustomKeywordDelegatingMetaClass.java:50)
	at Place and Upload Order.run(Place and Upload Order:38)
	at com.kms.katalon.core.main.ScriptEngine.run(ScriptEngine.java:194)
	at com.kms.katalon.core.main.ScriptEngine.runScriptAsRawText(ScriptEngine.java:119)
	at com.kms.katalon.core.main.TestCaseExecutor.runScript(TestCaseExecutor.java:398)
	at com.kms.katalon.core.main.TestCaseExecutor.doExecute(TestCaseExecutor.java:389)
	at com.kms.katalon.core.main.TestCaseExecutor.processExecutionPhase(TestCaseExecutor.java:368)
	at com.kms.katalon.core.main.TestCaseExecutor.accessMainPhase(TestCaseExecutor.java:360)
	at com.kms.katalon.core.main.TestCaseExecutor.execute(TestCaseExecutor.java:255)
	at com.kms.katalon.core.main.TestSuiteExecutor.accessTestCaseMainPhase(TestSuiteExecutor.java:203)
	at com.kms.katalon.core.main.TestSuiteExecutor.accessTestSuiteMainPhase(TestSuiteExecutor.java:152)
	at com.kms.katalon.core.main.TestSuiteExecutor.execute(TestSuiteExecutor.java:95)
	at com.kms.katalon.core.main.TestCaseMain.startTestSuite(TestCaseMain.java:157)
	at com.kms.katalon.core.main.TestCaseMain$startTestSuite$0.call(Unknown Source)
	at TempTestSuite1633528370185.run(TempTestSuite1633528370185.groovy:39)
Caused by: java.lang.IllegalArgumentException: Object is null
	at com.kms.katalon.core.helper.KeywordHelper.checkTestObjectParameter(KeywordHelper.java:33)
	at com.kms.katalon.core.mobile.keyword.builtin.TapKeyword$_tap_closure1.doCall(TapKeyword.groovy:74)
	at com.kms.katalon.core.mobile.keyword.builtin.TapKeyword$_tap_closure1.call(TapKeyword.groovy)
	at com.kms.katalon.core.mobile.keyword.internal.MobileKeywordMain.runKeyword(MobileKeywordMain.groovy:21)
	... 22 more]]></system-err>
      </testcase>
      <testcase name="Test Cases/iOS/Carts/Create Order by Search from Dashboard and Carts screen" time="490.025" classname="Test Cases/iOS/Carts/Create Order by Search from Dashboard and Carts screen" status="FAILED">
         <failure type="FAILED" message="Test Cases/iOS/Carts/Create Order by Search from Dashboard and Carts screen FAILED.
Reason:
com.kms.katalon.core.exception.StepFailedException: Object Object Repository/iOS/Inventory/Location Details_Screen/Add Product to Location/Back Button_Text not found
	at com.kms.katalon.core.keyword.internal.KeywordMain.stepFailed(KeywordMain.groovy:50)
	at com.kms.katalon.core.mobile.keyword.internal.MobileKeywordMain.stepFailed(MobileKeywordMain.groovy:40)
	at com.kms.katalon.core.mobile.keyword.builtin.TapKeyword$_tap_closure1.doCall(TapKeyword.groovy:79)
	at com.kms.katalon.core.mobile.keyword.builtin.TapKeyword$_tap_closure1.call(TapKeyword.groovy)
	at com.kms.katalon.core.mobile.keyword.internal.MobileKeywordMain.runKeyword(MobileKeywordMain.groovy:21)
	at com.kms.katalon.core.mobile.keyword.builtin.TapKeyword.tap(TapKeyword.groovy:86)
	at com.kms.katalon.core.mobile.keyword.builtin.TapKeyword.execute(TapKeyword.groovy:68)
	at com.kms.katalon.core.keyword.internal.KeywordExecutor.executeKeywordForPlatform(KeywordExecutor.groovy:73)
	at com.kms.katalon.core.mobile.keyword.MobileBuiltInKeywords.tap(MobileBuiltInKeywords.groovy:1354)
	at com.kms.katalon.core.mobile.keyword.MobileBuiltInKeywords$tap$3.call(Unknown Source)
	at ios_common_keywords.Go_Back.Custom(Go_Back.groovy:41)
	at ios_common_keywords.Go_Back.invokeMethod(Go_Back.groovy)
	at com.kms.katalon.core.main.CustomKeywordDelegatingMetaClass.invokeStaticMethod(CustomKeywordDelegatingMetaClass.java:50)
	at Create Order by Search from Dashboard and Carts screen.run(Create Order by Search from Dashboard and Carts screen:42)
	at com.kms.katalon.core.main.ScriptEngine.run(ScriptEngine.java:194)
	at com.kms.katalon.core.main.ScriptEngine.runScriptAsRawText(ScriptEngine.java:119)
	at com.kms.katalon.core.main.TestCaseExecutor.runScript(TestCaseExecutor.java:398)
	at com.kms.katalon.core.main.TestCaseExecutor.doExecute(TestCaseExecutor.java:389)
	at com.kms.katalon.core.main.TestCaseExecutor.processExecutionPhase(TestCaseExecutor.java:368)
	at com.kms.katalon.core.main.TestCaseExecutor.accessMainPhase(TestCaseExecutor.java:360)
	at com.kms.katalon.core.main.TestCaseExecutor.execute(TestCaseExecutor.java:255)
	at com.kms.katalon.core.main.TestSuiteExecutor.accessTestCaseMainPhase(TestSuiteExecutor.java:203)
	at com.kms.katalon.core.main.TestSuiteExecutor.accessTestSuiteMainPhase(TestSuiteExecutor.java:152)
	at com.kms.katalon.core.main.TestSuiteExecutor.execute(TestSuiteExecutor.java:95)
	at com.kms.katalon.core.main.TestCaseMain.startTestSuite(TestCaseMain.java:157)
	at com.kms.katalon.core.main.TestCaseMain$startTestSuite$0.call(Unknown Source)
	at TempTestSuite1633528370185.run(TempTestSuite1633528370185.groovy:39)
"/>
         <system-out><![CDATA[2021-10-06 20:14:25 - [TEST_CASE][FAILED] - Test Cases/iOS/Carts/Create Order by Search from Dashboard and Carts screen: Test Cases/iOS/Carts/Create Order by Search from Dashboard and Carts screen FAILED.
Reason:
com.kms.katalon.core.exception.StepFailedException: Object Object Repository/iOS/Inventory/Location Details_Screen/Add Product to Location/Back Button_Text not found
	at com.kms.katalon.core.keyword.internal.KeywordMain.stepFailed(KeywordMain.groovy:50)
	at com.kms.katalon.core.mobile.keyword.internal.MobileKeywordMain.stepFailed(MobileKeywordMain.groovy:40)
	at com.kms.katalon.core.mobile.keyword.builtin.TapKeyword$_tap_closure1.doCall(TapKeyword.groovy:79)
	at com.kms.katalon.core.mobile.keyword.builtin.TapKeyword$_tap_closure1.call(TapKeyword.groovy)
	at com.kms.katalon.core.mobile.keyword.internal.MobileKeywordMain.runKeyword(MobileKeywordMain.groovy:21)
	at com.kms.katalon.core.mobile.keyword.builtin.TapKeyword.tap(TapKeyword.groovy:86)
	at com.kms.katalon.core.mobile.keyword.builtin.TapKeyword.execute(TapKeyword.groovy:68)
	at com.kms.katalon.core.keyword.internal.KeywordExecutor.executeKeywordForPlatform(KeywordExecutor.groovy:73)
	at com.kms.katalon.core.mobile.keyword.MobileBuiltInKeywords.tap(MobileBuiltInKeywords.groovy:1354)
	at com.kms.katalon.core.mobile.keyword.MobileBuiltInKeywords$tap$3.call(Unknown Source)
	at ios_common_keywords.Go_Back.Custom(Go_Back.groovy:41)
	at ios_common_keywords.Go_Back.invokeMethod(Go_Back.groovy)
	at com.kms.katalon.core.main.CustomKeywordDelegatingMetaClass.invokeStaticMethod(CustomKeywordDelegatingMetaClass.java:50)
	at Create Order by Search from Dashboard and Carts screen.run(Create Order by Search from Dashboard and Carts screen:42)
	at com.kms.katalon.core.main.ScriptEngine.run(ScriptEngine.java:194)
	at com.kms.katalon.core.main.ScriptEngine.runScriptAsRawText(ScriptEngine.java:119)
	at com.kms.katalon.core.main.TestCaseExecutor.runScript(TestCaseExecutor.java:398)
	at com.kms.katalon.core.main.TestCaseExecutor.doExecute(TestCaseExecutor.java:389)
	at com.kms.katalon.core.main.TestCaseExecutor.processExecutionPhase(TestCaseExecutor.java:368)
	at com.kms.katalon.core.main.TestCaseExecutor.accessMainPhase(TestCaseExecutor.java:360)
	at com.kms.katalon.core.main.TestCaseExecutor.execute(TestCaseExecutor.java:255)
	at com.kms.katalon.core.main.TestSuiteExecutor.accessTestCaseMainPhase(TestSuiteExecutor.java:203)
	at com.kms.katalon.core.main.TestSuiteExecutor.accessTestSuiteMainPhase(TestSuiteExecutor.java:152)
	at com.kms.katalon.core.main.TestSuiteExecutor.execute(TestSuiteExecutor.java:95)
	at com.kms.katalon.core.main.TestCaseMain.startTestSuite(TestCaseMain.java:157)
	at com.kms.katalon.core.main.TestCaseMain$startTestSuite$0.call(Unknown Source)
	at TempTestSuite1633528370185.run(TempTestSuite1633528370185.groovy:39)


2021-10-06 20:14:25 - [TEST_STEP][PASSED] - ios_common_keywords.Start_Application.custom(): ios_common_keywords.Start_Application.custom is PASSED

2021-10-06 20:15:26 - [MESSAGE][PASSED] - Started app at: '/Users/sahil.vidaysingh/Downloads/Hatch 3.app'

2021-10-06 20:15:26 - [MESSAGE][PASSED] - ios_common_keywords.Start_Application.custom is PASSED

2021-10-06 20:15:26 - [TEST_STEP][PASSED] - ios_login.Login_Screen.login(Password): ios_login.Login_Screen.login is PASSED

2021-10-06 20:15:26 - [MESSAGE][PASSED] - Element 'Object Repository/iOS/LogIn/Environment_Selection_Screen/Environment Selection_Text' is exist

2021-10-06 20:15:26 - [MESSAGE][WARNING] - Timeout '0' is invalid. Using default page load timeout: '30'

2021-10-06 20:15:27 - [MESSAGE][PASSED] - Tapped on element 'Object Repository/iOS/LogIn/Environment_Selection_Screen/Environment Selection_Text'

2021-10-06 20:15:27 - [MESSAGE][WARNING] - Timeout '0' is invalid. Using default page load timeout: '30'

2021-10-06 20:15:28 - [MESSAGE][PASSED] - Tapped on element 'Object Repository/iOS/LogIn/Environment_Selection_Screen/Environment_Button'

2021-10-06 20:15:28 - [MESSAGE][WARNING] - Timeout '0' is invalid. Using default page load timeout: '30'

2021-10-06 20:15:29 - [MESSAGE][PASSED] - Tapped on element 'Object Repository/iOS/LogIn/Login_Details_Screen/Login UserName_Button'

2021-10-06 20:15:29 - [MESSAGE][WARNING] - Timeout '0' is invalid. Using default page load timeout: '30'

2021-10-06 20:15:30 - [MESSAGE][PASSED] - Text 'auto_ws_acute' has been set to element 'Object Repository/iOS/LogIn/Login_Details_Screen/UserName_Text_Field'

2021-10-06 20:15:30 - [MESSAGE][WARNING] - Timeout '0' is invalid. Using default page load timeout: '30'

2021-10-06 20:15:32 - [MESSAGE][PASSED] - Tapped on element 'Object Repository/iOS/LogIn/Login_Details_Screen/LoginBar-ButtonDown'

2021-10-06 20:15:32 - [MESSAGE][WARNING] - Timeout '0' is invalid. Using default page load timeout: '30'

2021-10-06 20:15:33 - [MESSAGE][PASSED] - Tapped on element 'Object Repository/iOS/LogIn/Login_Details_Screen/Password-Button'

2021-10-06 20:15:33 - [MESSAGE][WARNING] - Timeout '0' is invalid. Using default page load timeout: '30'

2021-10-06 20:15:34 - [MESSAGE][PASSED] - Text 'Cardinal1' has been set to element 'Object Repository/iOS/LogIn/Login_Details_Screen/Password-Secure_Text_Field'

2021-10-06 20:15:34 - [MESSAGE][WARNING] - Timeout '0' is invalid. Using default page load timeout: '30'

2021-10-06 20:15:35 - [MESSAGE][PASSED] - Tapped on element 'Object Repository/iOS/LogIn/Login_Details_Screen/SignIn_Button'

2021-10-06 20:15:35 - [MESSAGE][PASSED] - ios_login.Login_Screen.login is PASSED

2021-10-06 20:15:35 - [TEST_STEP][PASSED] - ios_account_selection.Select_An_Account.Custom(account): ios_account_selection.Select_An_Account.Custom is PASSED

2021-10-06 20:15:36 - [MESSAGE][PASSED] - Element 'Object Repository/iOS/Product_Search/Progress_Bar' is exist

2021-10-06 20:15:37 - [MESSAGE][PASSED] - Delayed 1 second(s)

2021-10-06 20:15:38 - [MESSAGE][PASSED] - Element 'Object Repository/iOS/Product_Search/Progress_Bar' is exist

2021-10-06 20:15:39 - [MESSAGE][PASSED] - Delayed 1 second(s)

2021-10-06 20:15:40 - [MESSAGE][PASSED] - Element 'Object Repository/iOS/Product_Search/Progress_Bar' is exist

2021-10-06 20:15:41 - [MESSAGE][PASSED] - Delayed 1 second(s)

2021-10-06 20:15:41 - [MESSAGE][PASSED] - Element 'Object Repository/iOS/Product_Search/Progress_Bar' is exist

2021-10-06 20:15:42 - [MESSAGE][PASSED] - Delayed 1 second(s)

2021-10-06 20:15:43 - [MESSAGE][PASSED] - Element 'Object Repository/iOS/Product_Search/Progress_Bar' is exist

2021-10-06 20:15:44 - [MESSAGE][PASSED] - Delayed 1 second(s)

2021-10-06 20:15:45 - [MESSAGE][PASSED] - Element 'Object Repository/iOS/Product_Search/Progress_Bar' is exist

2021-10-06 20:15:46 - [MESSAGE][PASSED] - Delayed 1 second(s)

2021-10-06 20:15:46 - [MESSAGE][PASSED] - Element 'Object Repository/iOS/Product_Search/Progress_Bar' is exist

2021-10-06 20:15:47 - [MESSAGE][PASSED] - Delayed 1 second(s)

2021-10-06 20:15:48 - [MESSAGE][PASSED] - Element 'Object Repository/iOS/Product_Search/Progress_Bar' is exist

2021-10-06 20:15:49 - [MESSAGE][PASSED] - Delayed 1 second(s)

2021-10-06 20:15:50 - [MESSAGE][WARNING] - Element 'Object Repository/iOS/Product_Search/Progress_Bar' not found
[[ATTACHMENT|/Users/sahil.vidaysingh/Katalon Studio/testing/Reports/20211006_192250/sanity_iOS/20211006_192250/1633531550489.png]]

2021-10-06 20:15:50 - [MESSAGE][WARNING] - Timeout '0' is invalid. Using default page load timeout: '30'

2021-10-06 20:15:51 - [MESSAGE][PASSED] - Element 'Object Repository/iOS/Account_Selection/You must select an account to continue_Text' is present

2021-10-06 20:15:53 - [MESSAGE][PASSED] - Scrolling to text '11-487698' successfully

2021-10-06 20:15:53 - [MESSAGE][WARNING] - Timeout '0' is invalid. Using default page load timeout: '30'

2021-10-06 20:15:54 - [MESSAGE][PASSED] - Tapped on element 'Object Repository/iOS/Account_Selection/AccountNo_Text'

2021-10-06 20:15:56 - [MESSAGE][WARNING] - Element 'Object Repository/iOS/Product_Search/Progress_Bar' not found
[[ATTACHMENT|/Users/sahil.vidaysingh/Katalon Studio/testing/Reports/20211006_192250/sanity_iOS/20211006_192250/1633531556359.png]]

2021-10-06 20:15:56 - [MESSAGE][PASSED] - ios_account_selection.Select_An_Account.Custom is PASSED

2021-10-06 20:15:56 - [TEST_STEP][PASSED] - ios_dashboard.dashboard_details.click_On_Orders(): ios_dashboard.dashboard_details.click_On_Orders is PASSED

2021-10-06 20:15:56 - [MESSAGE][WARNING] - Timeout '0' is invalid. Using default page load timeout: '30'

2021-10-06 20:15:58 - [MESSAGE][PASSED] - Tapped on element 'Object Repository/iOS/Dashboard/Orders_Tab'

2021-10-06 20:15:58 - [MESSAGE][PASSED] - ios_dashboard.dashboard_details.click_On_Orders is PASSED

2021-10-06 20:15:58 - [TEST_STEP][PASSED] - ios_orders.Orders_Screen.click_On_NewOrder(): ios_orders.Orders_Screen.click_On_NewOrder is PASSED

2021-10-06 20:15:58 - [MESSAGE][WARNING] - Timeout '0' is invalid. Using default page load timeout: '30'

2021-10-06 20:16:00 - [MESSAGE][PASSED] - Tapped on element 'Object Repository/iOS/Orders/Orders_Common_Screen/New Order_Tab'

2021-10-06 20:16:00 - [MESSAGE][PASSED] - ios_orders.Orders_Screen.click_On_NewOrder is PASSED

2021-10-06 20:16:00 - [TEST_STEP][PASSED] - ios_orders.New_Order_Screen.enter_Purchase_Order_Details(PO_Name, PO_Memo): ios_orders.New_Order_Screen.enter_Purchase_Order_Details is PASSED

2021-10-06 20:16:00 - [MESSAGE][WARNING] - Duration '0' is invalid. Using default duration.

2021-10-06 20:16:00 - [MESSAGE][WARNING] - Timeout '0' is invalid. Using default page load timeout: '30'

2021-10-06 20:16:02 - [MESSAGE][PASSED] - Tapped and held on element 'Object Repository/iOS/Orders/Order Details Page/Edit PO Name and Memo/PO Name_TextField' with duration (default)

2021-10-06 20:16:02 - [MESSAGE][WARNING] - Timeout '0' is invalid. Using default page load timeout: '30'

2021-10-06 20:16:06 - [MESSAGE][PASSED] - Text 'po_name' has been set to element 'Object Repository/iOS/Orders/Order Details Page/Edit PO Name and Memo/PO Name_TextField'

2021-10-06 20:16:06 - [MESSAGE][WARNING] - Timeout '0' is invalid. Using default page load timeout: '30'

2021-10-06 20:16:07 - [MESSAGE][PASSED] - Tapped on element 'Object Repository/iOS/Product_Search/Return Keypad_Button'

2021-10-06 20:16:07 - [MESSAGE][WARNING] - Duration '0' is invalid. Using default duration.

2021-10-06 20:16:07 - [MESSAGE][WARNING] - Timeout '0' is invalid. Using default page load timeout: '30'

2021-10-06 20:16:09 - [MESSAGE][PASSED] - Tapped and held on element 'Object Repository/iOS/Orders/Order Details Page/Edit PO Name and Memo/poMemo Field_Button' with duration (default)

2021-10-06 20:16:09 - [MESSAGE][WARNING] - Timeout '0' is invalid. Using default page load timeout: '30'

2021-10-06 20:16:10 - [MESSAGE][PASSED] - Text 'po_memo' has been set to element 'Object Repository/iOS/Orders/Order Details Page/Edit PO Name and Memo/poMemoField_TextField'

2021-10-06 20:16:10 - [MESSAGE][WARNING] - Timeout '0' is invalid. Using default page load timeout: '30'

2021-10-06 20:16:12 - [MESSAGE][PASSED] - Tapped on element 'Object Repository/iOS/Product_Search/Return Keypad_Button'

2021-10-06 20:16:12 - [MESSAGE][PASSED] - ios_orders.New_Order_Screen.enter_Purchase_Order_Details is PASSED

2021-10-06 20:16:12 - [TEST_STEP][PASSED] - ios_orders.New_Order_Screen.create_Order(): ios_orders.New_Order_Screen.create_Order is PASSED

2021-10-06 20:16:12 - [MESSAGE][WARNING] - Timeout '0' is invalid. Using default page load timeout: '30'

2021-10-06 20:16:14 - [MESSAGE][PASSED] - Tapped on element 'Object Repository/iOS/Orders/New Order Page/Create Order_Button'

2021-10-06 20:16:14 - [MESSAGE][PASSED] - ios_orders.New_Order_Screen.create_Order is PASSED

2021-10-06 20:16:14 - [TEST_STEP][PASSED] - ios_common_keywords.Go_Back.Custom(): ios_common_keywords.Go_Back.Custom is PASSED

2021-10-06 20:16:17 - [MESSAGE][WARNING] - Element 'Object Repository/iOS/Product_Search/Progress_Bar' not found
[[ATTACHMENT|/Users/sahil.vidaysingh/Katalon Studio/testing/Reports/20211006_192250/sanity_iOS/20211006_192250/1633531577008.png]]

2021-10-06 20:16:21 - [MESSAGE][WARNING] - Element 'Object Repository/iOS/Product_Search/Back_Text' not found
[[ATTACHMENT|/Users/sahil.vidaysingh/Katalon Studio/testing/Reports/20211006_192250/sanity_iOS/20211006_192250/1633531581439.png]]

2021-10-06 20:16:22 - [MESSAGE][PASSED] - Tapped on element 'Object Repository/iOS/Inventory/Location Details_Screen/Add Product to Location/Back Button_Text'

2021-10-06 20:16:25 - [MESSAGE][WARNING] - Element 'Object Repository/iOS/Product_Search/Progress_Bar' not found
[[ATTACHMENT|/Users/sahil.vidaysingh/Katalon Studio/testing/Reports/20211006_192250/sanity_iOS/20211006_192250/1633531585039.png]]

2021-10-06 20:16:25 - [MESSAGE][PASSED] - ios_common_keywords.Go_Back.Custom is PASSED

2021-10-06 20:16:25 - [TEST_STEP][PASSED] - ios_orders.Cart_Screen.delete_Order(account): ios_orders.Cart_Screen.delete_Order is PASSED

2021-10-06 20:16:32 - [MESSAGE][WARNING] - Element 'Object Repository/iOS/Product_Search/Progress_Bar' not found
[[ATTACHMENT|/Users/sahil.vidaysingh/Katalon Studio/testing/Reports/20211006_192250/sanity_iOS/20211006_192250/1633531591532.png]]

2021-10-06 20:16:32 - [MESSAGE][WARNING] - Timeout '0' is invalid. Using default page load timeout: '30'

2021-10-06 20:16:33 - [MESSAGE][PASSED] - Object 'Object Repository/iOS/Orders/Order Details Page/Order Details_Text' has top position '375'

2021-10-06 20:16:33 - [MESSAGE][WARNING] - Timeout '0' is invalid. Using default page load timeout: '30'

2021-10-06 20:16:34 - [MESSAGE][PASSED] - Object 'Object Repository/iOS/Orders/Order Details Page/Order Details_Text' has height: '17'

2021-10-06 20:16:36 - [MESSAGE][PASSED] - Swiped from 1,300,383 to 0,383

2021-10-06 20:16:36 - [MESSAGE][WARNING] - Timeout '0' is invalid. Using default page load timeout: '30'

2021-10-06 20:16:37 - [MESSAGE][PASSED] - Element 'Object Repository/iOS/Orders/Cart Page/Delete_Order/Success_Text' is exist

2021-10-06 20:16:37 - [MESSAGE][WARNING] - Timeout '0' is invalid. Using default page load timeout: '30'

2021-10-06 20:16:39 - [MESSAGE][PASSED] - Element 'Object Repository/iOS/Orders/Cart Page/Delete_Order/Order(s) deleted successfully_Text' is exist

2021-10-06 20:16:39 - [MESSAGE][WARNING] - Duration '0' is invalid. Using default duration.

2021-10-06 20:16:39 - [MESSAGE][WARNING] - Timeout '0' is invalid. Using default page load timeout: '30'

2021-10-06 20:16:41 - [MESSAGE][PASSED] - Tapped and held on element 'Object Repository/iOS/Orders/Cart Page/Delete_Order/OK_Button' with duration (default)

2021-10-06 20:16:41 - [MESSAGE][PASSED] - ios_orders.Cart_Screen.delete_Order is PASSED

2021-10-06 20:16:41 - [TEST_STEP][PASSED] - ios_dashboard.dashboard_details.click_On_Orders(): ios_dashboard.dashboard_details.click_On_Orders is PASSED

2021-10-06 20:16:41 - [MESSAGE][WARNING] - Timeout '0' is invalid. Using default page load timeout: '30'

2021-10-06 20:16:42 - [MESSAGE][PASSED] - Tapped on element 'Object Repository/iOS/Dashboard/Orders_Tab'

2021-10-06 20:16:42 - [MESSAGE][PASSED] - ios_dashboard.dashboard_details.click_On_Orders is PASSED

2021-10-06 20:16:42 - [TEST_STEP][PASSED] - ios_dashboard.dashboard_details.Adding_Product_from_Dashboard_To_Cart(Product_Name, quantity): ios_dashboard.dashboard_details.Adding_Product_from_Dashboard_To_Cart is PASSED

2021-10-06 20:16:43 - [MESSAGE][WARNING] - Element 'Object Repository/iOS/Product_Search/Progress_Bar' not found
[[ATTACHMENT|/Users/sahil.vidaysingh/Katalon Studio/testing/Reports/20211006_192250/sanity_iOS/20211006_192250/1633531603849.png]]

2021-10-06 20:16:44 - [MESSAGE][WARNING] - Duration '0' is invalid. Using default duration.

2021-10-06 20:16:44 - [MESSAGE][WARNING] - Timeout '0' is invalid. Using default page load timeout: '30'

2021-10-06 20:16:45 - [MESSAGE][PASSED] - Tapped and held on element 'Object Repository/iOS/Inventory/Location Details_Screen/Add Product to Location/Product SearchField' with duration (default)

2021-10-06 20:16:46 - [MESSAGE][WARNING] - Element 'Object Repository/iOS/Product_Search/Progress_Bar' not found
[[ATTACHMENT|/Users/sahil.vidaysingh/Katalon Studio/testing/Reports/20211006_192250/sanity_iOS/20211006_192250/1633531606856.png]]

2021-10-06 20:16:46 - [MESSAGE][WARNING] - Timeout '0' is invalid. Using default page load timeout: '30'

2021-10-06 20:16:48 - [MESSAGE][PASSED] - Text '4023347' has been set to element 'Object Repository/iOS/Product_Search/Product SearchField'

2021-10-06 20:16:48 - [MESSAGE][WARNING] - Duration '0' is invalid. Using default duration.

2021-10-06 20:16:48 - [MESSAGE][WARNING] - Timeout '0' is invalid. Using default page load timeout: '30'

2021-10-06 20:16:50 - [MESSAGE][PASSED] - Tapped and held on element 'Object Repository/iOS/Product_Search/Search Key_Button' with duration (default)

2021-10-06 20:16:50 - [MESSAGE][WARNING] - Timeout '0' is invalid. Using default page load timeout: '30'

2021-10-06 20:16:54 - [MESSAGE][PASSED] - Text '2' has been set to element 'Object Repository/iOS/Product_Search/Quantity_TextField'

2021-10-06 20:16:54 - [MESSAGE][WARNING] - Timeout '0' is invalid. Using default page load timeout: '30'

2021-10-06 20:16:56 - [MESSAGE][PASSED] - Tapped on element 'Object Repository/iOS/Orders/Cart Page/Place All Orders/Done_Keypad'

2021-10-06 20:16:56 - [MESSAGE][WARNING] - Timeout '0' is invalid. Using default page load timeout: '30'

2021-10-06 20:16:57 - [MESSAGE][PASSED] - Tapped on element 'Object Repository/iOS/Inventory/Inventory Details Screen/Add Product to Inventory using Search from Dashoboard/Add to Order_Text'

2021-10-06 20:16:57 - [MESSAGE][WARNING] - Timeout '0' is invalid. Using default page load timeout: '30'

2021-10-06 20:16:58 - [MESSAGE][PASSED] - Element 'Object Repository/iOS/Product_Search/Confirmation_Text' is exist

2021-10-06 20:16:58 - [MESSAGE][WARNING] - Duration '0' is invalid. Using default duration.

2021-10-06 20:16:58 - [MESSAGE][WARNING] - Timeout '0' is invalid. Using default page load timeout: '30'

2021-10-06 20:16:59 - [MESSAGE][PASSED] - Tapped and held on element 'Object Repository/iOS/Orders/Order Details Page/Upload Order/After Adding Product Continue_Button' with duration (default)

2021-10-06 20:16:59 - [MESSAGE][PASSED] - ios_dashboard.dashboard_details.Adding_Product_from_Dashboard_To_Cart is PASSED

2021-10-06 20:16:59 - [TEST_STEP][FAILED] - ios_common_keywords.Go_Back.Custom(): Object Object Repository/iOS/Inventory/Location Details_Screen/Add Product to Location/Back Button_Text not found

2021-10-06 20:17:00 - [MESSAGE][PASSED] - Element 'Object Repository/iOS/Product_Search/Progress_Bar' is exist

2021-10-06 20:17:02 - [MESSAGE][PASSED] - Delayed 2 second(s)

2021-10-06 20:17:02 - [MESSAGE][PASSED] - Element 'Object Repository/iOS/Product_Search/Progress_Bar' is exist

2021-10-06 20:17:04 - [MESSAGE][PASSED] - Delayed 2 second(s)

2021-10-06 20:17:05 - [MESSAGE][PASSED] - Element 'Object Repository/iOS/Product_Search/Progress_Bar' is exist

2021-10-06 20:17:07 - [MESSAGE][PASSED] - Delayed 2 second(s)

2021-10-06 20:17:08 - [MESSAGE][PASSED] - Element 'Object Repository/iOS/Product_Search/Progress_Bar' is exist

2021-10-06 20:17:10 - [MESSAGE][PASSED] - Delayed 2 second(s)

2021-10-06 20:17:10 - [MESSAGE][PASSED] - Element 'Object Repository/iOS/Product_Search/Progress_Bar' is exist

2021-10-06 20:17:12 - [MESSAGE][PASSED] - Delayed 2 second(s)

2021-10-06 20:17:13 - [MESSAGE][PASSED] - Element 'Object Repository/iOS/Product_Search/Progress_Bar' is exist

2021-10-06 20:17:15 - [MESSAGE][PASSED] - Delayed 2 second(s)

2021-10-06 20:17:15 - [MESSAGE][PASSED] - Element 'Object Repository/iOS/Product_Search/Progress_Bar' is exist

2021-10-06 20:17:17 - [MESSAGE][PASSED] - Delayed 2 second(s)

2021-10-06 20:17:18 - [MESSAGE][PASSED] - Element 'Object Repository/iOS/Product_Search/Progress_Bar' is exist

2021-10-06 20:17:20 - [MESSAGE][PASSED] - Delayed 2 second(s)

2021-10-06 20:17:20 - [MESSAGE][PASSED] - Element 'Object Repository/iOS/Product_Search/Progress_Bar' is exist

2021-10-06 20:17:22 - [MESSAGE][PASSED] - Delayed 2 second(s)

2021-10-06 20:17:23 - [MESSAGE][PASSED] - Element 'Object Repository/iOS/Product_Search/Progress_Bar' is exist

2021-10-06 20:17:25 - [MESSAGE][PASSED] - Delayed 2 second(s)

2021-10-06 20:17:25 - [MESSAGE][PASSED] - Element 'Object Repository/iOS/Product_Search/Progress_Bar' is exist

2021-10-06 20:17:27 - [MESSAGE][PASSED] - Delayed 2 second(s)

2021-10-06 20:17:28 - [MESSAGE][PASSED] - Element 'Object Repository/iOS/Product_Search/Progress_Bar' is exist

2021-10-06 20:17:30 - [MESSAGE][PASSED] - Delayed 2 second(s)

2021-10-06 20:17:30 - [MESSAGE][PASSED] - Element 'Object Repository/iOS/Product_Search/Progress_Bar' is exist

2021-10-06 20:17:32 - [MESSAGE][PASSED] - Delayed 2 second(s)

2021-10-06 20:17:33 - [MESSAGE][PASSED] - Element 'Object Repository/iOS/Product_Search/Progress_Bar' is exist

2021-10-06 20:17:35 - [MESSAGE][PASSED] - Delayed 2 second(s)

2021-10-06 20:17:35 - [MESSAGE][PASSED] - Element 'Object Repository/iOS/Product_Search/Progress_Bar' is exist

2021-10-06 20:17:37 - [MESSAGE][PASSED] - Delayed 2 second(s)

2021-10-06 20:17:38 - [MESSAGE][PASSED] - Element 'Object Repository/iOS/Product_Search/Progress_Bar' is exist

2021-10-06 20:17:40 - [MESSAGE][PASSED] - Delayed 2 second(s)

2021-10-06 20:17:40 - [MESSAGE][PASSED] - Element 'Object Repository/iOS/Product_Search/Progress_Bar' is exist

2021-10-06 20:17:42 - [MESSAGE][PASSED] - Delayed 2 second(s)

2021-10-06 20:17:43 - [MESSAGE][PASSED] - Element 'Object Repository/iOS/Product_Search/Progress_Bar' is exist

2021-10-06 20:17:45 - [MESSAGE][PASSED] - Delayed 2 second(s)

2021-10-06 20:17:46 - [MESSAGE][PASSED] - Element 'Object Repository/iOS/Product_Search/Progress_Bar' is exist

2021-10-06 20:17:48 - [MESSAGE][PASSED] - Delayed 2 second(s)

2021-10-06 20:17:48 - [MESSAGE][PASSED] - Element 'Object Repository/iOS/Product_Search/Progress_Bar' is exist

2021-10-06 20:17:50 - [MESSAGE][PASSED] - Delayed 2 second(s)

2021-10-06 20:17:51 - [MESSAGE][PASSED] - Element 'Object Repository/iOS/Product_Search/Progress_Bar' is exist

2021-10-06 20:17:53 - [MESSAGE][PASSED] - Delayed 2 second(s)

2021-10-06 20:17:53 - [MESSAGE][PASSED] - Element 'Object Repository/iOS/Product_Search/Progress_Bar' is exist

2021-10-06 20:17:55 - [MESSAGE][PASSED] - Delayed 2 second(s)

2021-10-06 20:17:56 - [MESSAGE][PASSED] - Element 'Object Repository/iOS/Product_Search/Progress_Bar' is exist

2021-10-06 20:17:58 - [MESSAGE][PASSED] - Delayed 2 second(s)

2021-10-06 20:17:58 - [MESSAGE][PASSED] - Element 'Object Repository/iOS/Product_Search/Progress_Bar' is exist

2021-10-06 20:18:00 - [MESSAGE][PASSED] - Delayed 2 second(s)

2021-10-06 20:18:01 - [MESSAGE][PASSED] - Element 'Object Repository/iOS/Product_Search/Progress_Bar' is exist

2021-10-06 20:18:03 - [MESSAGE][PASSED] - Delayed 2 second(s)

2021-10-06 20:18:03 - [MESSAGE][PASSED] - Element 'Object Repository/iOS/Product_Search/Progress_Bar' is exist

2021-10-06 20:18:05 - [MESSAGE][PASSED] - Delayed 2 second(s)

2021-10-06 20:18:06 - [MESSAGE][PASSED] - Element 'Object Repository/iOS/Product_Search/Progress_Bar' is exist

2021-10-06 20:18:08 - [MESSAGE][PASSED] - Delayed 2 second(s)

2021-10-06 20:18:08 - [MESSAGE][PASSED] - Element 'Object Repository/iOS/Product_Search/Progress_Bar' is exist

2021-10-06 20:18:10 - [MESSAGE][PASSED] - Delayed 2 second(s)

2021-10-06 20:18:11 - [MESSAGE][PASSED] - Element 'Object Repository/iOS/Product_Search/Progress_Bar' is exist

2021-10-06 20:18:13 - [MESSAGE][PASSED] - Delayed 2 second(s)

2021-10-06 20:18:13 - [MESSAGE][PASSED] - Element 'Object Repository/iOS/Product_Search/Progress_Bar' is exist

2021-10-06 20:18:15 - [MESSAGE][PASSED] - Delayed 2 second(s)

2021-10-06 20:18:16 - [MESSAGE][PASSED] - Element 'Object Repository/iOS/Product_Search/Progress_Bar' is exist

2021-10-06 20:18:18 - [MESSAGE][PASSED] - Delayed 2 second(s)

2021-10-06 20:18:18 - [MESSAGE][PASSED] - Element 'Object Repository/iOS/Product_Search/Progress_Bar' is exist

2021-10-06 20:18:20 - [MESSAGE][PASSED] - Delayed 2 second(s)

2021-10-06 20:18:21 - [MESSAGE][PASSED] - Element 'Object Repository/iOS/Product_Search/Progress_Bar' is exist

2021-10-06 20:18:23 - [MESSAGE][PASSED] - Delayed 2 second(s)

2021-10-06 20:18:23 - [MESSAGE][PASSED] - Element 'Object Repository/iOS/Product_Search/Progress_Bar' is exist

2021-10-06 20:18:25 - [MESSAGE][PASSED] - Delayed 2 second(s)

2021-10-06 20:18:26 - [MESSAGE][PASSED] - Element 'Object Repository/iOS/Product_Search/Progress_Bar' is exist

2021-10-06 20:18:28 - [MESSAGE][PASSED] - Delayed 2 second(s)

2021-10-06 20:18:28 - [MESSAGE][PASSED] - Element 'Object Repository/iOS/Product_Search/Progress_Bar' is exist

2021-10-06 20:18:31 - [MESSAGE][PASSED] - Delayed 2 second(s)

2021-10-06 20:18:31 - [MESSAGE][PASSED] - Element 'Object Repository/iOS/Product_Search/Progress_Bar' is exist

2021-10-06 20:18:33 - [MESSAGE][PASSED] - Delayed 2 second(s)

2021-10-06 20:18:34 - [MESSAGE][PASSED] - Element 'Object Repository/iOS/Product_Search/Progress_Bar' is exist

2021-10-06 20:18:36 - [MESSAGE][PASSED] - Delayed 2 second(s)

2021-10-06 20:18:36 - [MESSAGE][PASSED] - Element 'Object Repository/iOS/Product_Search/Progress_Bar' is exist

2021-10-06 20:18:38 - [MESSAGE][PASSED] - Delayed 2 second(s)

2021-10-06 20:18:39 - [MESSAGE][PASSED] - Element 'Object Repository/iOS/Product_Search/Progress_Bar' is exist

2021-10-06 20:18:41 - [MESSAGE][PASSED] - Delayed 2 second(s)

2021-10-06 20:18:41 - [MESSAGE][PASSED] - Element 'Object Repository/iOS/Product_Search/Progress_Bar' is exist

2021-10-06 20:18:43 - [MESSAGE][PASSED] - Delayed 2 second(s)

2021-10-06 20:18:44 - [MESSAGE][PASSED] - Element 'Object Repository/iOS/Product_Search/Progress_Bar' is exist

2021-10-06 20:18:46 - [MESSAGE][PASSED] - Delayed 2 second(s)

2021-10-06 20:18:46 - [MESSAGE][PASSED] - Element 'Object Repository/iOS/Product_Search/Progress_Bar' is exist

2021-10-06 20:18:48 - [MESSAGE][PASSED] - Delayed 2 second(s)

2021-10-06 20:18:49 - [MESSAGE][PASSED] - Element 'Object Repository/iOS/Product_Search/Progress_Bar' is exist

2021-10-06 20:18:51 - [MESSAGE][PASSED] - Delayed 2 second(s)

2021-10-06 20:18:52 - [MESSAGE][PASSED] - Element 'Object Repository/iOS/Product_Search/Progress_Bar' is exist

2021-10-06 20:18:54 - [MESSAGE][PASSED] - Delayed 2 second(s)

2021-10-06 20:18:54 - [MESSAGE][PASSED] - Element 'Object Repository/iOS/Product_Search/Progress_Bar' is exist

2021-10-06 20:18:56 - [MESSAGE][PASSED] - Delayed 2 second(s)

2021-10-06 20:18:57 - [MESSAGE][PASSED] - Element 'Object Repository/iOS/Product_Search/Progress_Bar' is exist

2021-10-06 20:18:59 - [MESSAGE][PASSED] - Delayed 2 second(s)

2021-10-06 20:19:00 - [MESSAGE][PASSED] - Element 'Object Repository/iOS/Product_Search/Progress_Bar' is exist

2021-10-06 20:19:02 - [MESSAGE][PASSED] - Delayed 2 second(s)

2021-10-06 20:19:02 - [MESSAGE][PASSED] - Element 'Object Repository/iOS/Product_Search/Progress_Bar' is exist

2021-10-06 20:19:04 - [MESSAGE][PASSED] - Delayed 2 second(s)

2021-10-06 20:19:05 - [MESSAGE][PASSED] - Element 'Object Repository/iOS/Product_Search/Progress_Bar' is exist

2021-10-06 20:19:07 - [MESSAGE][PASSED] - Delayed 2 second(s)

2021-10-06 20:19:07 - [MESSAGE][PASSED] - Element 'Object Repository/iOS/Product_Search/Progress_Bar' is exist

2021-10-06 20:19:09 - [MESSAGE][PASSED] - Delayed 2 second(s)

2021-10-06 20:19:10 - [MESSAGE][PASSED] - Element 'Object Repository/iOS/Product_Search/Progress_Bar' is exist

2021-10-06 20:19:12 - [MESSAGE][PASSED] - Delayed 2 second(s)

2021-10-06 20:19:12 - [MESSAGE][PASSED] - Element 'Object Repository/iOS/Product_Search/Progress_Bar' is exist

2021-10-06 20:19:14 - [MESSAGE][PASSED] - Delayed 2 second(s)

2021-10-06 20:19:15 - [MESSAGE][PASSED] - Element 'Object Repository/iOS/Product_Search/Progress_Bar' is exist

2021-10-06 20:19:17 - [MESSAGE][PASSED] - Delayed 2 second(s)

2021-10-06 20:19:17 - [MESSAGE][PASSED] - Element 'Object Repository/iOS/Product_Search/Progress_Bar' is exist

2021-10-06 20:19:19 - [MESSAGE][PASSED] - Delayed 2 second(s)

2021-10-06 20:19:20 - [MESSAGE][PASSED] - Element 'Object Repository/iOS/Product_Search/Progress_Bar' is exist

2021-10-06 20:19:22 - [MESSAGE][PASSED] - Delayed 2 second(s)

2021-10-06 20:19:22 - [MESSAGE][PASSED] - Element 'Object Repository/iOS/Product_Search/Progress_Bar' is exist

2021-10-06 20:19:24 - [MESSAGE][PASSED] - Delayed 2 second(s)

2021-10-06 20:19:25 - [MESSAGE][PASSED] - Element 'Object Repository/iOS/Product_Search/Progress_Bar' is exist

2021-10-06 20:19:27 - [MESSAGE][PASSED] - Delayed 2 second(s)

2021-10-06 20:19:27 - [MESSAGE][PASSED] - Element 'Object Repository/iOS/Product_Search/Progress_Bar' is exist

2021-10-06 20:19:29 - [MESSAGE][PASSED] - Delayed 2 second(s)

2021-10-06 20:19:30 - [MESSAGE][PASSED] - Element 'Object Repository/iOS/Product_Search/Progress_Bar' is exist

2021-10-06 20:19:32 - [MESSAGE][PASSED] - Delayed 2 second(s)

2021-10-06 20:19:32 - [MESSAGE][PASSED] - Element 'Object Repository/iOS/Product_Search/Progress_Bar' is exist

2021-10-06 20:19:34 - [MESSAGE][PASSED] - Delayed 2 second(s)

2021-10-06 20:19:35 - [MESSAGE][PASSED] - Element 'Object Repository/iOS/Product_Search/Progress_Bar' is exist

2021-10-06 20:19:37 - [MESSAGE][PASSED] - Delayed 2 second(s)

2021-10-06 20:19:37 - [MESSAGE][PASSED] - Element 'Object Repository/iOS/Product_Search/Progress_Bar' is exist

2021-10-06 20:19:39 - [MESSAGE][PASSED] - Delayed 2 second(s)

2021-10-06 20:19:40 - [MESSAGE][PASSED] - Element 'Object Repository/iOS/Product_Search/Progress_Bar' is exist

2021-10-06 20:19:42 - [MESSAGE][PASSED] - Delayed 2 second(s)

2021-10-06 20:19:42 - [MESSAGE][PASSED] - Element 'Object Repository/iOS/Product_Search/Progress_Bar' is exist

2021-10-06 20:19:44 - [MESSAGE][PASSED] - Delayed 2 second(s)

2021-10-06 20:19:45 - [MESSAGE][PASSED] - Element 'Object Repository/iOS/Product_Search/Progress_Bar' is exist

2021-10-06 20:19:47 - [MESSAGE][PASSED] - Delayed 2 second(s)

2021-10-06 20:19:47 - [MESSAGE][PASSED] - Element 'Object Repository/iOS/Product_Search/Progress_Bar' is exist

2021-10-06 20:19:49 - [MESSAGE][PASSED] - Delayed 2 second(s)

2021-10-06 20:19:50 - [MESSAGE][PASSED] - Element 'Object Repository/iOS/Product_Search/Progress_Bar' is exist

2021-10-06 20:19:52 - [MESSAGE][PASSED] - Delayed 2 second(s)

2021-10-06 20:19:52 - [MESSAGE][PASSED] - Element 'Object Repository/iOS/Product_Search/Progress_Bar' is exist

2021-10-06 20:19:54 - [MESSAGE][PASSED] - Delayed 2 second(s)

2021-10-06 20:19:55 - [MESSAGE][PASSED] - Element 'Object Repository/iOS/Product_Search/Progress_Bar' is exist

2021-10-06 20:19:57 - [MESSAGE][PASSED] - Delayed 2 second(s)

2021-10-06 20:19:58 - [MESSAGE][PASSED] - Element 'Object Repository/iOS/Product_Search/Progress_Bar' is exist

2021-10-06 20:20:00 - [MESSAGE][PASSED] - Delayed 2 second(s)

2021-10-06 20:20:00 - [MESSAGE][PASSED] - Element 'Object Repository/iOS/Product_Search/Progress_Bar' is exist

2021-10-06 20:20:02 - [MESSAGE][PASSED] - Delayed 2 second(s)

2021-10-06 20:20:03 - [MESSAGE][PASSED] - Element 'Object Repository/iOS/Product_Search/Progress_Bar' is exist

2021-10-06 20:20:05 - [MESSAGE][PASSED] - Delayed 2 second(s)

2021-10-06 20:20:05 - [MESSAGE][PASSED] - Element 'Object Repository/iOS/Product_Search/Progress_Bar' is exist

2021-10-06 20:20:07 - [MESSAGE][PASSED] - Delayed 2 second(s)

2021-10-06 20:20:08 - [MESSAGE][PASSED] - Element 'Object Repository/iOS/Product_Search/Progress_Bar' is exist

2021-10-06 20:20:10 - [MESSAGE][PASSED] - Delayed 2 second(s)

2021-10-06 20:20:10 - [MESSAGE][PASSED] - Element 'Object Repository/iOS/Product_Search/Progress_Bar' is exist

2021-10-06 20:20:12 - [MESSAGE][PASSED] - Delayed 2 second(s)

2021-10-06 20:20:13 - [MESSAGE][PASSED] - Element 'Object Repository/iOS/Product_Search/Progress_Bar' is exist

2021-10-06 20:20:15 - [MESSAGE][PASSED] - Delayed 2 second(s)

2021-10-06 20:20:15 - [MESSAGE][PASSED] - Element 'Object Repository/iOS/Product_Search/Progress_Bar' is exist

2021-10-06 20:20:17 - [MESSAGE][PASSED] - Delayed 2 second(s)

2021-10-06 20:20:18 - [MESSAGE][PASSED] - Element 'Object Repository/iOS/Product_Search/Progress_Bar' is exist

2021-10-06 20:20:20 - [MESSAGE][PASSED] - Delayed 2 second(s)

2021-10-06 20:20:21 - [MESSAGE][PASSED] - Element 'Object Repository/iOS/Product_Search/Progress_Bar' is exist

2021-10-06 20:20:23 - [MESSAGE][PASSED] - Delayed 2 second(s)

2021-10-06 20:20:23 - [MESSAGE][PASSED] - Element 'Object Repository/iOS/Product_Search/Progress_Bar' is exist

2021-10-06 20:20:25 - [MESSAGE][PASSED] - Delayed 2 second(s)

2021-10-06 20:20:26 - [MESSAGE][PASSED] - Element 'Object Repository/iOS/Product_Search/Progress_Bar' is exist

2021-10-06 20:20:28 - [MESSAGE][PASSED] - Delayed 2 second(s)

2021-10-06 20:20:28 - [MESSAGE][PASSED] - Element 'Object Repository/iOS/Product_Search/Progress_Bar' is exist

2021-10-06 20:20:30 - [MESSAGE][PASSED] - Delayed 2 second(s)

2021-10-06 20:20:31 - [MESSAGE][PASSED] - Element 'Object Repository/iOS/Product_Search/Progress_Bar' is exist

2021-10-06 20:20:33 - [MESSAGE][PASSED] - Delayed 2 second(s)

2021-10-06 20:20:33 - [MESSAGE][PASSED] - Element 'Object Repository/iOS/Product_Search/Progress_Bar' is exist

2021-10-06 20:20:35 - [MESSAGE][PASSED] - Delayed 2 second(s)

2021-10-06 20:20:36 - [MESSAGE][PASSED] - Element 'Object Repository/iOS/Product_Search/Progress_Bar' is exist

2021-10-06 20:20:38 - [MESSAGE][PASSED] - Delayed 2 second(s)

2021-10-06 20:20:38 - [MESSAGE][PASSED] - Element 'Object Repository/iOS/Product_Search/Progress_Bar' is exist

2021-10-06 20:20:40 - [MESSAGE][PASSED] - Delayed 2 second(s)

2021-10-06 20:20:41 - [MESSAGE][PASSED] - Element 'Object Repository/iOS/Product_Search/Progress_Bar' is exist

2021-10-06 20:20:43 - [MESSAGE][PASSED] - Delayed 2 second(s)

2021-10-06 20:20:43 - [MESSAGE][PASSED] - Element 'Object Repository/iOS/Product_Search/Progress_Bar' is exist

2021-10-06 20:20:45 - [MESSAGE][PASSED] - Delayed 2 second(s)

2021-10-06 20:20:46 - [MESSAGE][PASSED] - Element 'Object Repository/iOS/Product_Search/Progress_Bar' is exist

2021-10-06 20:20:48 - [MESSAGE][PASSED] - Delayed 2 second(s)

2021-10-06 20:20:48 - [MESSAGE][PASSED] - Element 'Object Repository/iOS/Product_Search/Progress_Bar' is exist

2021-10-06 20:20:50 - [MESSAGE][PASSED] - Delayed 2 second(s)

2021-10-06 20:20:51 - [MESSAGE][PASSED] - Element 'Object Repository/iOS/Product_Search/Progress_Bar' is exist

2021-10-06 20:20:53 - [MESSAGE][PASSED] - Delayed 2 second(s)

2021-10-06 20:20:53 - [MESSAGE][PASSED] - Element 'Object Repository/iOS/Product_Search/Progress_Bar' is exist

2021-10-06 20:20:55 - [MESSAGE][PASSED] - Delayed 2 second(s)

2021-10-06 20:20:56 - [MESSAGE][PASSED] - Element 'Object Repository/iOS/Product_Search/Progress_Bar' is exist

2021-10-06 20:20:58 - [MESSAGE][PASSED] - Delayed 2 second(s)

2021-10-06 20:20:59 - [MESSAGE][PASSED] - Element 'Object Repository/iOS/Product_Search/Progress_Bar' is exist

2021-10-06 20:21:01 - [MESSAGE][PASSED] - Delayed 2 second(s)

2021-10-06 20:21:01 - [MESSAGE][PASSED] - Element 'Object Repository/iOS/Product_Search/Progress_Bar' is exist

2021-10-06 20:21:03 - [MESSAGE][PASSED] - Delayed 2 second(s)

2021-10-06 20:21:04 - [MESSAGE][PASSED] - Element 'Object Repository/iOS/Product_Search/Progress_Bar' is exist

2021-10-06 20:21:06 - [MESSAGE][PASSED] - Delayed 2 second(s)

2021-10-06 20:21:06 - [MESSAGE][PASSED] - Element 'Object Repository/iOS/Product_Search/Progress_Bar' is exist

2021-10-06 20:21:08 - [MESSAGE][PASSED] - Delayed 2 second(s)

2021-10-06 20:21:09 - [MESSAGE][PASSED] - Element 'Object Repository/iOS/Product_Search/Progress_Bar' is exist

2021-10-06 20:21:11 - [MESSAGE][PASSED] - Delayed 2 second(s)

2021-10-06 20:21:11 - [MESSAGE][PASSED] - Element 'Object Repository/iOS/Product_Search/Progress_Bar' is exist

2021-10-06 20:21:13 - [MESSAGE][PASSED] - Delayed 2 second(s)

2021-10-06 20:21:14 - [MESSAGE][PASSED] - Element 'Object Repository/iOS/Product_Search/Progress_Bar' is exist

2021-10-06 20:21:16 - [MESSAGE][PASSED] - Delayed 2 second(s)

2021-10-06 20:21:16 - [MESSAGE][PASSED] - Element 'Object Repository/iOS/Product_Search/Progress_Bar' is exist

2021-10-06 20:21:18 - [MESSAGE][PASSED] - Delayed 2 second(s)

2021-10-06 20:21:19 - [MESSAGE][PASSED] - Element 'Object Repository/iOS/Product_Search/Progress_Bar' is exist

2021-10-06 20:21:21 - [MESSAGE][PASSED] - Delayed 2 second(s)

2021-10-06 20:21:21 - [MESSAGE][PASSED] - Element 'Object Repository/iOS/Product_Search/Progress_Bar' is exist

2021-10-06 20:21:23 - [MESSAGE][PASSED] - Delayed 2 second(s)

2021-10-06 20:21:24 - [MESSAGE][PASSED] - Element 'Object Repository/iOS/Product_Search/Progress_Bar' is exist

2021-10-06 20:21:26 - [MESSAGE][PASSED] - Delayed 2 second(s)

2021-10-06 20:21:26 - [MESSAGE][PASSED] - Element 'Object Repository/iOS/Product_Search/Progress_Bar' is exist

2021-10-06 20:21:28 - [MESSAGE][PASSED] - Delayed 2 second(s)

2021-10-06 20:21:29 - [MESSAGE][PASSED] - Element 'Object Repository/iOS/Product_Search/Progress_Bar' is exist

2021-10-06 20:21:31 - [MESSAGE][PASSED] - Delayed 2 second(s)

2021-10-06 20:21:32 - [MESSAGE][PASSED] - Element 'Object Repository/iOS/Product_Search/Progress_Bar' is exist

2021-10-06 20:21:34 - [MESSAGE][PASSED] - Delayed 2 second(s)

2021-10-06 20:21:34 - [MESSAGE][PASSED] - Element 'Object Repository/iOS/Product_Search/Progress_Bar' is exist

2021-10-06 20:21:36 - [MESSAGE][PASSED] - Delayed 2 second(s)

2021-10-06 20:21:37 - [MESSAGE][PASSED] - Element 'Object Repository/iOS/Product_Search/Progress_Bar' is exist

2021-10-06 20:21:39 - [MESSAGE][PASSED] - Delayed 2 second(s)

2021-10-06 20:21:39 - [MESSAGE][PASSED] - Element 'Object Repository/iOS/Product_Search/Progress_Bar' is exist

2021-10-06 20:21:41 - [MESSAGE][PASSED] - Delayed 2 second(s)

2021-10-06 20:21:54 - [MESSAGE][WARNING] - Element 'Object Repository/iOS/Product_Search/Progress_Bar' not found
[[ATTACHMENT|/Users/sahil.vidaysingh/Katalon Studio/testing/Reports/20211006_192250/sanity_iOS/20211006_192250/1633531903775.png]]

2021-10-06 20:22:09 - [MESSAGE][WARNING] - Element 'Object Repository/iOS/Product_Search/Back_Text' not found
[[ATTACHMENT|/Users/sahil.vidaysingh/Katalon Studio/testing/Reports/20211006_192250/sanity_iOS/20211006_192250/1633531918700.png]]

2021-10-06 20:22:24 - [MESSAGE][FAILED] - Object Object Repository/iOS/Inventory/Location Details_Screen/Add Product to Location/Back Button_Text not found
[[ATTACHMENT|/Users/sahil.vidaysingh/Katalon Studio/testing/Reports/20211006_192250/sanity_iOS/20211006_192250/1633531933607.png]]

2021-10-06 20:22:35 - [MESSAGE][FAILED] - Failed to tap on element 'Object Repository/iOS/Inventory/Location Details_Screen/Add Product to Location/Back Button_Text' (Root cause: com.kms.katalon.core.exception.StepFailedException: Object Object Repository/iOS/Inventory/Location Details_Screen/Add Product to Location/Back Button_Text not found
	at com.kms.katalon.core.keyword.internal.KeywordMain.stepFailed(KeywordMain.groovy:50)
	at com.kms.katalon.core.mobile.keyword.internal.MobileKeywordMain.stepFailed(MobileKeywordMain.groovy:40)
	at com.kms.katalon.core.mobile.keyword.builtin.TapKeyword$_tap_closure1.doCall(TapKeyword.groovy:79)
	at com.kms.katalon.core.mobile.keyword.builtin.TapKeyword$_tap_closure1.call(TapKeyword.groovy)
	at com.kms.katalon.core.mobile.keyword.internal.MobileKeywordMain.runKeyword(MobileKeywordMain.groovy:21)
	at com.kms.katalon.core.mobile.keyword.builtin.TapKeyword.tap(TapKeyword.groovy:86)
	at com.kms.katalon.core.mobile.keyword.builtin.TapKeyword.execute(TapKeyword.groovy:68)
	at com.kms.katalon.core.keyword.internal.KeywordExecutor.executeKeywordForPlatform(KeywordExecutor.groovy:73)
	at com.kms.katalon.core.mobile.keyword.MobileBuiltInKeywords.tap(MobileBuiltInKeywords.groovy:1354)
	at com.kms.katalon.core.mobile.keyword.MobileBuiltInKeywords$tap$3.call(Unknown Source)
	at ios_common_keywords.Go_Back.Custom(Go_Back.groovy:41)
	at ios_common_keywords.Go_Back.invokeMethod(Go_Back.groovy)
	at com.kms.katalon.core.main.CustomKeywordDelegatingMetaClass.invokeStaticMethod(CustomKeywordDelegatingMetaClass.java:50)
	at Create Order by Search from Dashboard and Carts screen.run(Create Order by Search from Dashboard and Carts screen:42)
	at com.kms.katalon.core.main.ScriptEngine.run(ScriptEngine.java:194)
	at com.kms.katalon.core.main.ScriptEngine.runScriptAsRawText(ScriptEngine.java:119)
	at com.kms.katalon.core.main.TestCaseExecutor.runScript(TestCaseExecutor.java:398)
	at com.kms.katalon.core.main.TestCaseExecutor.doExecute(TestCaseExecutor.java:389)
	at com.kms.katalon.core.main.TestCaseExecutor.processExecutionPhase(TestCaseExecutor.java:368)
	at com.kms.katalon.core.main.TestCaseExecutor.accessMainPhase(TestCaseExecutor.java:360)
	at com.kms.katalon.core.main.TestCaseExecutor.execute(TestCaseExecutor.java:255)
	at com.kms.katalon.core.main.TestSuiteExecutor.accessTestCaseMainPhase(TestSuiteExecutor.java:203)
	at com.kms.katalon.core.main.TestSuiteExecutor.accessTestSuiteMainPhase(TestSuiteExecutor.java:152)
	at com.kms.katalon.core.main.TestSuiteExecutor.execute(TestSuiteExecutor.java:95)
	at com.kms.katalon.core.main.TestCaseMain.startTestSuite(TestCaseMain.java:157)
	at com.kms.katalon.core.main.TestCaseMain$startTestSuite$0.call(Unknown Source)
	at TempTestSuite1633528370185.run(TempTestSuite1633528370185.groovy:39)
)
[[ATTACHMENT|/Users/sahil.vidaysingh/Katalon Studio/testing/Reports/20211006_192250/sanity_iOS/20211006_192250/1633531944305.png]]

2021-10-06 20:22:35 - [MESSAGE][FAILED] - Object Object Repository/iOS/Inventory/Location Details_Screen/Add Product to Location/Back Button_Text not found]]></system-out>
         <system-err><![CDATA[2021-10-06 20:14:25 - [TEST_CASE][FAILED] - Test Cases/iOS/Carts/Create Order by Search from Dashboard and Carts screen: Test Cases/iOS/Carts/Create Order by Search from Dashboard and Carts screen FAILED.
Reason:
com.kms.katalon.core.exception.StepFailedException: Object Object Repository/iOS/Inventory/Location Details_Screen/Add Product to Location/Back Button_Text not found
	at com.kms.katalon.core.keyword.internal.KeywordMain.stepFailed(KeywordMain.groovy:50)
	at com.kms.katalon.core.mobile.keyword.internal.MobileKeywordMain.stepFailed(MobileKeywordMain.groovy:40)
	at com.kms.katalon.core.mobile.keyword.builtin.TapKeyword$_tap_closure1.doCall(TapKeyword.groovy:79)
	at com.kms.katalon.core.mobile.keyword.builtin.TapKeyword$_tap_closure1.call(TapKeyword.groovy)
	at com.kms.katalon.core.mobile.keyword.internal.MobileKeywordMain.runKeyword(MobileKeywordMain.groovy:21)
	at com.kms.katalon.core.mobile.keyword.builtin.TapKeyword.tap(TapKeyword.groovy:86)
	at com.kms.katalon.core.mobile.keyword.builtin.TapKeyword.execute(TapKeyword.groovy:68)
	at com.kms.katalon.core.keyword.internal.KeywordExecutor.executeKeywordForPlatform(KeywordExecutor.groovy:73)
	at com.kms.katalon.core.mobile.keyword.MobileBuiltInKeywords.tap(MobileBuiltInKeywords.groovy:1354)
	at com.kms.katalon.core.mobile.keyword.MobileBuiltInKeywords$tap$3.call(Unknown Source)
	at ios_common_keywords.Go_Back.Custom(Go_Back.groovy:41)
	at ios_common_keywords.Go_Back.invokeMethod(Go_Back.groovy)
	at com.kms.katalon.core.main.CustomKeywordDelegatingMetaClass.invokeStaticMethod(CustomKeywordDelegatingMetaClass.java:50)
	at Create Order by Search from Dashboard and Carts screen.run(Create Order by Search from Dashboard and Carts screen:42)
	at com.kms.katalon.core.main.ScriptEngine.run(ScriptEngine.java:194)
	at com.kms.katalon.core.main.ScriptEngine.runScriptAsRawText(ScriptEngine.java:119)
	at com.kms.katalon.core.main.TestCaseExecutor.runScript(TestCaseExecutor.java:398)
	at com.kms.katalon.core.main.TestCaseExecutor.doExecute(TestCaseExecutor.java:389)
	at com.kms.katalon.core.main.TestCaseExecutor.processExecutionPhase(TestCaseExecutor.java:368)
	at com.kms.katalon.core.main.TestCaseExecutor.accessMainPhase(TestCaseExecutor.java:360)
	at com.kms.katalon.core.main.TestCaseExecutor.execute(TestCaseExecutor.java:255)
	at com.kms.katalon.core.main.TestSuiteExecutor.accessTestCaseMainPhase(TestSuiteExecutor.java:203)
	at com.kms.katalon.core.main.TestSuiteExecutor.accessTestSuiteMainPhase(TestSuiteExecutor.java:152)
	at com.kms.katalon.core.main.TestSuiteExecutor.execute(TestSuiteExecutor.java:95)
	at com.kms.katalon.core.main.TestCaseMain.startTestSuite(TestCaseMain.java:157)
	at com.kms.katalon.core.main.TestCaseMain$startTestSuite$0.call(Unknown Source)
	at TempTestSuite1633528370185.run(TempTestSuite1633528370185.groovy:39)]]></system-err>
      </testcase>
      <testcase name="Test Cases/iOS/Carts/Adding_Alternate_Product" time="239.671" classname="Test Cases/iOS/Carts/Adding_Alternate_Product" status="FAILED">
         <failure type="FAILED" message="Test Cases/iOS/Carts/Adding_Alternate_Product FAILED.
Reason:
com.kms.katalon.core.exception.StepFailedException: Object Object Repository/iOS/Orders/Cart Page/Place All Orders/Done_Keypad not found
	at com.kms.katalon.core.keyword.internal.KeywordMain.stepFailed(KeywordMain.groovy:50)
	at com.kms.katalon.core.mobile.keyword.internal.MobileKeywordMain.stepFailed(MobileKeywordMain.groovy:40)
	at com.kms.katalon.core.mobile.keyword.builtin.TapKeyword$_tap_closure1.doCall(TapKeyword.groovy:79)
	at com.kms.katalon.core.mobile.keyword.builtin.TapKeyword$_tap_closure1.call(TapKeyword.groovy)
	at com.kms.katalon.core.mobile.keyword.internal.MobileKeywordMain.runKeyword(MobileKeywordMain.groovy:21)
	at com.kms.katalon.core.mobile.keyword.builtin.TapKeyword.tap(TapKeyword.groovy:86)
	at com.kms.katalon.core.mobile.keyword.builtin.TapKeyword.execute(TapKeyword.groovy:68)
	at com.kms.katalon.core.keyword.internal.KeywordExecutor.executeKeywordForPlatform(KeywordExecutor.groovy:73)
	at com.kms.katalon.core.mobile.keyword.MobileBuiltInKeywords.tap(MobileBuiltInKeywords.groovy:1354)
	at com.kms.katalon.core.mobile.keyword.MobileBuiltInKeywords$tap$3.call(Unknown Source)
	at ios_orders.Order_details_Screen.add_Alternate_Product(Order_details_Screen.groovy:168)
	at ios_orders.Order_details_Screen.invokeMethod(Order_details_Screen.groovy)
	at com.kms.katalon.core.main.CustomKeywordDelegatingMetaClass.invokeStaticMethod(CustomKeywordDelegatingMetaClass.java:50)
	at Adding_Alternate_Product.run(Adding_Alternate_Product:35)
	at com.kms.katalon.core.main.ScriptEngine.run(ScriptEngine.java:194)
	at com.kms.katalon.core.main.ScriptEngine.runScriptAsRawText(ScriptEngine.java:119)
	at com.kms.katalon.core.main.TestCaseExecutor.runScript(TestCaseExecutor.java:398)
	at com.kms.katalon.core.main.TestCaseExecutor.doExecute(TestCaseExecutor.java:389)
	at com.kms.katalon.core.main.TestCaseExecutor.processExecutionPhase(TestCaseExecutor.java:368)
	at com.kms.katalon.core.main.TestCaseExecutor.accessMainPhase(TestCaseExecutor.java:360)
	at com.kms.katalon.core.main.TestCaseExecutor.execute(TestCaseExecutor.java:255)
	at com.kms.katalon.core.main.TestSuiteExecutor.accessTestCaseMainPhase(TestSuiteExecutor.java:203)
	at com.kms.katalon.core.main.TestSuiteExecutor.accessTestSuiteMainPhase(TestSuiteExecutor.java:152)
	at com.kms.katalon.core.main.TestSuiteExecutor.execute(TestSuiteExecutor.java:95)
	at com.kms.katalon.core.main.TestCaseMain.startTestSuite(TestCaseMain.java:157)
	at com.kms.katalon.core.main.TestCaseMain$startTestSuite$0.call(Unknown Source)
	at TempTestSuite1633528370185.run(TempTestSuite1633528370185.groovy:39)
"/>
         <system-out><![CDATA[2021-10-06 20:22:35 - [TEST_CASE][FAILED] - Test Cases/iOS/Carts/Adding_Alternate_Product: Test Cases/iOS/Carts/Adding_Alternate_Product FAILED.
Reason:
com.kms.katalon.core.exception.StepFailedException: Object Object Repository/iOS/Orders/Cart Page/Place All Orders/Done_Keypad not found
	at com.kms.katalon.core.keyword.internal.KeywordMain.stepFailed(KeywordMain.groovy:50)
	at com.kms.katalon.core.mobile.keyword.internal.MobileKeywordMain.stepFailed(MobileKeywordMain.groovy:40)
	at com.kms.katalon.core.mobile.keyword.builtin.TapKeyword$_tap_closure1.doCall(TapKeyword.groovy:79)
	at com.kms.katalon.core.mobile.keyword.builtin.TapKeyword$_tap_closure1.call(TapKeyword.groovy)
	at com.kms.katalon.core.mobile.keyword.internal.MobileKeywordMain.runKeyword(MobileKeywordMain.groovy:21)
	at com.kms.katalon.core.mobile.keyword.builtin.TapKeyword.tap(TapKeyword.groovy:86)
	at com.kms.katalon.core.mobile.keyword.builtin.TapKeyword.execute(TapKeyword.groovy:68)
	at com.kms.katalon.core.keyword.internal.KeywordExecutor.executeKeywordForPlatform(KeywordExecutor.groovy:73)
	at com.kms.katalon.core.mobile.keyword.MobileBuiltInKeywords.tap(MobileBuiltInKeywords.groovy:1354)
	at com.kms.katalon.core.mobile.keyword.MobileBuiltInKeywords$tap$3.call(Unknown Source)
	at ios_orders.Order_details_Screen.add_Alternate_Product(Order_details_Screen.groovy:168)
	at ios_orders.Order_details_Screen.invokeMethod(Order_details_Screen.groovy)
	at com.kms.katalon.core.main.CustomKeywordDelegatingMetaClass.invokeStaticMethod(CustomKeywordDelegatingMetaClass.java:50)
	at Adding_Alternate_Product.run(Adding_Alternate_Product:35)
	at com.kms.katalon.core.main.ScriptEngine.run(ScriptEngine.java:194)
	at com.kms.katalon.core.main.ScriptEngine.runScriptAsRawText(ScriptEngine.java:119)
	at com.kms.katalon.core.main.TestCaseExecutor.runScript(TestCaseExecutor.java:398)
	at com.kms.katalon.core.main.TestCaseExecutor.doExecute(TestCaseExecutor.java:389)
	at com.kms.katalon.core.main.TestCaseExecutor.processExecutionPhase(TestCaseExecutor.java:368)
	at com.kms.katalon.core.main.TestCaseExecutor.accessMainPhase(TestCaseExecutor.java:360)
	at com.kms.katalon.core.main.TestCaseExecutor.execute(TestCaseExecutor.java:255)
	at com.kms.katalon.core.main.TestSuiteExecutor.accessTestCaseMainPhase(TestSuiteExecutor.java:203)
	at com.kms.katalon.core.main.TestSuiteExecutor.accessTestSuiteMainPhase(TestSuiteExecutor.java:152)
	at com.kms.katalon.core.main.TestSuiteExecutor.execute(TestSuiteExecutor.java:95)
	at com.kms.katalon.core.main.TestCaseMain.startTestSuite(TestCaseMain.java:157)
	at com.kms.katalon.core.main.TestCaseMain$startTestSuite$0.call(Unknown Source)
	at TempTestSuite1633528370185.run(TempTestSuite1633528370185.groovy:39)


2021-10-06 20:22:35 - [TEST_STEP][PASSED] - ios_common_keywords.Start_Application.custom(): ios_common_keywords.Start_Application.custom is PASSED

2021-10-06 20:23:26 - [MESSAGE][PASSED] - Started app at: '/Users/sahil.vidaysingh/Downloads/Hatch 3.app'

2021-10-06 20:23:26 - [MESSAGE][PASSED] - ios_common_keywords.Start_Application.custom is PASSED

2021-10-06 20:23:26 - [TEST_STEP][PASSED] - ios_login.Login_Screen.login(Password): ios_login.Login_Screen.login is PASSED

2021-10-06 20:23:27 - [MESSAGE][PASSED] - Element 'Object Repository/iOS/LogIn/Environment_Selection_Screen/Environment Selection_Text' is exist

2021-10-06 20:23:27 - [MESSAGE][WARNING] - Timeout '0' is invalid. Using default page load timeout: '30'

2021-10-06 20:23:28 - [MESSAGE][PASSED] - Tapped on element 'Object Repository/iOS/LogIn/Environment_Selection_Screen/Environment Selection_Text'

2021-10-06 20:23:28 - [MESSAGE][WARNING] - Timeout '0' is invalid. Using default page load timeout: '30'

2021-10-06 20:23:29 - [MESSAGE][PASSED] - Tapped on element 'Object Repository/iOS/LogIn/Environment_Selection_Screen/Environment_Button'

2021-10-06 20:23:29 - [MESSAGE][WARNING] - Timeout '0' is invalid. Using default page load timeout: '30'

2021-10-06 20:23:30 - [MESSAGE][PASSED] - Tapped on element 'Object Repository/iOS/LogIn/Login_Details_Screen/Login UserName_Button'

2021-10-06 20:23:30 - [MESSAGE][WARNING] - Timeout '0' is invalid. Using default page load timeout: '30'

2021-10-06 20:23:31 - [MESSAGE][PASSED] - Text 'auto_ws_acute' has been set to element 'Object Repository/iOS/LogIn/Login_Details_Screen/UserName_Text_Field'

2021-10-06 20:23:31 - [MESSAGE][WARNING] - Timeout '0' is invalid. Using default page load timeout: '30'

2021-10-06 20:23:32 - [MESSAGE][PASSED] - Tapped on element 'Object Repository/iOS/LogIn/Login_Details_Screen/LoginBar-ButtonDown'

2021-10-06 20:23:32 - [MESSAGE][WARNING] - Timeout '0' is invalid. Using default page load timeout: '30'

2021-10-06 20:23:33 - [MESSAGE][PASSED] - Tapped on element 'Object Repository/iOS/LogIn/Login_Details_Screen/Password-Button'

2021-10-06 20:23:33 - [MESSAGE][WARNING] - Timeout '0' is invalid. Using default page load timeout: '30'

2021-10-06 20:23:34 - [MESSAGE][PASSED] - Text 'Cardinal1' has been set to element 'Object Repository/iOS/LogIn/Login_Details_Screen/Password-Secure_Text_Field'

2021-10-06 20:23:34 - [MESSAGE][WARNING] - Timeout '0' is invalid. Using default page load timeout: '30'

2021-10-06 20:23:35 - [MESSAGE][PASSED] - Tapped on element 'Object Repository/iOS/LogIn/Login_Details_Screen/SignIn_Button'

2021-10-06 20:23:35 - [MESSAGE][PASSED] - ios_login.Login_Screen.login is PASSED

2021-10-06 20:23:35 - [TEST_STEP][PASSED] - ios_account_selection.Select_An_Account.Custom(Account): ios_account_selection.Select_An_Account.Custom is PASSED

2021-10-06 20:23:35 - [MESSAGE][PASSED] - Element 'Object Repository/iOS/Product_Search/Progress_Bar' is exist

2021-10-06 20:23:36 - [MESSAGE][PASSED] - Delayed 1 second(s)

2021-10-06 20:23:37 - [MESSAGE][PASSED] - Element 'Object Repository/iOS/Product_Search/Progress_Bar' is exist

2021-10-06 20:23:38 - [MESSAGE][PASSED] - Delayed 1 second(s)

2021-10-06 20:23:38 - [MESSAGE][PASSED] - Element 'Object Repository/iOS/Product_Search/Progress_Bar' is exist

2021-10-06 20:23:39 - [MESSAGE][PASSED] - Delayed 1 second(s)

2021-10-06 20:23:40 - [MESSAGE][PASSED] - Element 'Object Repository/iOS/Product_Search/Progress_Bar' is exist

2021-10-06 20:23:41 - [MESSAGE][PASSED] - Delayed 1 second(s)

2021-10-06 20:23:41 - [MESSAGE][PASSED] - Element 'Object Repository/iOS/Product_Search/Progress_Bar' is exist

2021-10-06 20:23:42 - [MESSAGE][PASSED] - Delayed 1 second(s)

2021-10-06 20:23:42 - [MESSAGE][PASSED] - Element 'Object Repository/iOS/Product_Search/Progress_Bar' is exist

2021-10-06 20:23:43 - [MESSAGE][PASSED] - Delayed 1 second(s)

2021-10-06 20:23:44 - [MESSAGE][PASSED] - Element 'Object Repository/iOS/Product_Search/Progress_Bar' is exist

2021-10-06 20:23:45 - [MESSAGE][PASSED] - Delayed 1 second(s)

2021-10-06 20:23:45 - [MESSAGE][PASSED] - Element 'Object Repository/iOS/Product_Search/Progress_Bar' is exist

2021-10-06 20:23:46 - [MESSAGE][PASSED] - Delayed 1 second(s)

2021-10-06 20:23:47 - [MESSAGE][PASSED] - Element 'Object Repository/iOS/Product_Search/Progress_Bar' is exist

2021-10-06 20:23:48 - [MESSAGE][PASSED] - Delayed 1 second(s)

2021-10-06 20:23:48 - [MESSAGE][PASSED] - Element 'Object Repository/iOS/Product_Search/Progress_Bar' is exist

2021-10-06 20:23:49 - [MESSAGE][PASSED] - Delayed 1 second(s)

2021-10-06 20:23:50 - [MESSAGE][PASSED] - Element 'Object Repository/iOS/Product_Search/Progress_Bar' is exist

2021-10-06 20:23:51 - [MESSAGE][PASSED] - Delayed 1 second(s)

2021-10-06 20:23:51 - [MESSAGE][PASSED] - Element 'Object Repository/iOS/Product_Search/Progress_Bar' is exist

2021-10-06 20:23:52 - [MESSAGE][PASSED] - Delayed 1 second(s)

2021-10-06 20:23:53 - [MESSAGE][PASSED] - Element 'Object Repository/iOS/Product_Search/Progress_Bar' is exist

2021-10-06 20:23:54 - [MESSAGE][PASSED] - Delayed 1 second(s)

2021-10-06 20:23:55 - [MESSAGE][WARNING] - Element 'Object Repository/iOS/Product_Search/Progress_Bar' not found
[[ATTACHMENT|/Users/sahil.vidaysingh/Katalon Studio/testing/Reports/20211006_192250/sanity_iOS/20211006_192250/1633532035415.png]]

2021-10-06 20:23:55 - [MESSAGE][WARNING] - Timeout '0' is invalid. Using default page load timeout: '30'

2021-10-06 20:23:56 - [MESSAGE][PASSED] - Element 'Object Repository/iOS/Account_Selection/You must select an account to continue_Text' is present

2021-10-06 20:23:57 - [MESSAGE][PASSED] - Scrolling to text '11-487698' successfully

2021-10-06 20:23:57 - [MESSAGE][WARNING] - Timeout '0' is invalid. Using default page load timeout: '30'

2021-10-06 20:23:58 - [MESSAGE][PASSED] - Tapped on element 'Object Repository/iOS/Account_Selection/AccountNo_Text'

2021-10-06 20:23:59 - [MESSAGE][WARNING] - Element 'Object Repository/iOS/Product_Search/Progress_Bar' not found
[[ATTACHMENT|/Users/sahil.vidaysingh/Katalon Studio/testing/Reports/20211006_192250/sanity_iOS/20211006_192250/1633532039552.png]]

2021-10-06 20:23:59 - [MESSAGE][PASSED] - ios_account_selection.Select_An_Account.Custom is PASSED

2021-10-06 20:23:59 - [TEST_STEP][PASSED] - ios_dashboard.dashboard_details.click_On_Orders(): ios_dashboard.dashboard_details.click_On_Orders is PASSED

2021-10-06 20:23:59 - [MESSAGE][WARNING] - Timeout '0' is invalid. Using default page load timeout: '30'

2021-10-06 20:24:00 - [MESSAGE][PASSED] - Tapped on element 'Object Repository/iOS/Dashboard/Orders_Tab'

2021-10-06 20:24:00 - [MESSAGE][PASSED] - ios_dashboard.dashboard_details.click_On_Orders is PASSED

2021-10-06 20:24:00 - [TEST_STEP][PASSED] - ios_orders.Orders_Screen.click_On_NewOrder(): ios_orders.Orders_Screen.click_On_NewOrder is PASSED

2021-10-06 20:24:00 - [MESSAGE][WARNING] - Timeout '0' is invalid. Using default page load timeout: '30'

2021-10-06 20:24:02 - [MESSAGE][PASSED] - Tapped on element 'Object Repository/iOS/Orders/Orders_Common_Screen/New Order_Tab'

2021-10-06 20:24:02 - [MESSAGE][PASSED] - ios_orders.Orders_Screen.click_On_NewOrder is PASSED

2021-10-06 20:24:02 - [TEST_STEP][PASSED] - ios_orders.New_Order_Screen.enter_Purchase_Order_Details(PO_Name, PO_Memo): ios_orders.New_Order_Screen.enter_Purchase_Order_Details is PASSED

2021-10-06 20:24:02 - [MESSAGE][WARNING] - Duration '0' is invalid. Using default duration.

2021-10-06 20:24:02 - [MESSAGE][WARNING] - Timeout '0' is invalid. Using default page load timeout: '30'

2021-10-06 20:24:03 - [MESSAGE][PASSED] - Tapped and held on element 'Object Repository/iOS/Orders/Order Details Page/Edit PO Name and Memo/PO Name_TextField' with duration (default)

2021-10-06 20:24:03 - [MESSAGE][WARNING] - Timeout '0' is invalid. Using default page load timeout: '30'

2021-10-06 20:24:07 - [MESSAGE][PASSED] - Text 'po_name' has been set to element 'Object Repository/iOS/Orders/Order Details Page/Edit PO Name and Memo/PO Name_TextField'

2021-10-06 20:24:07 - [MESSAGE][WARNING] - Timeout '0' is invalid. Using default page load timeout: '30'

2021-10-06 20:24:08 - [MESSAGE][PASSED] - Tapped on element 'Object Repository/iOS/Product_Search/Return Keypad_Button'

2021-10-06 20:24:08 - [MESSAGE][WARNING] - Duration '0' is invalid. Using default duration.

2021-10-06 20:24:08 - [MESSAGE][WARNING] - Timeout '0' is invalid. Using default page load timeout: '30'

2021-10-06 20:24:10 - [MESSAGE][PASSED] - Tapped and held on element 'Object Repository/iOS/Orders/Order Details Page/Edit PO Name and Memo/poMemo Field_Button' with duration (default)

2021-10-06 20:24:10 - [MESSAGE][WARNING] - Timeout '0' is invalid. Using default page load timeout: '30'

2021-10-06 20:24:11 - [MESSAGE][PASSED] - Text 'po_memo' has been set to element 'Object Repository/iOS/Orders/Order Details Page/Edit PO Name and Memo/poMemoField_TextField'

2021-10-06 20:24:11 - [MESSAGE][WARNING] - Timeout '0' is invalid. Using default page load timeout: '30'

2021-10-06 20:24:12 - [MESSAGE][PASSED] - Tapped on element 'Object Repository/iOS/Product_Search/Return Keypad_Button'

2021-10-06 20:24:12 - [MESSAGE][PASSED] - ios_orders.New_Order_Screen.enter_Purchase_Order_Details is PASSED

2021-10-06 20:24:12 - [TEST_STEP][PASSED] - ios_orders.New_Order_Screen.create_Order(): ios_orders.New_Order_Screen.create_Order is PASSED

2021-10-06 20:24:12 - [MESSAGE][WARNING] - Timeout '0' is invalid. Using default page load timeout: '30'

2021-10-06 20:24:14 - [MESSAGE][PASSED] - Tapped on element 'Object Repository/iOS/Orders/New Order Page/Create Order_Button'

2021-10-06 20:24:14 - [MESSAGE][PASSED] - ios_orders.New_Order_Screen.create_Order is PASSED

2021-10-06 20:24:14 - [TEST_STEP][FAILED] - ios_orders.Order_details_Screen.add_Alternate_Product(Product_Name, Quantity): Object Object Repository/iOS/Orders/Cart Page/Place All Orders/Done_Keypad not found

2021-10-06 20:24:15 - [MESSAGE][WARNING] - Element 'Object Repository/iOS/Product_Search/Progress_Bar' not found
[[ATTACHMENT|/Users/sahil.vidaysingh/Katalon Studio/testing/Reports/20211006_192250/sanity_iOS/20211006_192250/1633532055303.png]]

2021-10-06 20:24:15 - [MESSAGE][WARNING] - Duration '0' is invalid. Using default duration.

2021-10-06 20:24:15 - [MESSAGE][WARNING] - Timeout '0' is invalid. Using default page load timeout: '30'

2021-10-06 20:24:16 - [MESSAGE][PASSED] - Tapped and held on element 'Object Repository/iOS/Inventory/Location Details_Screen/Add Product to Location/Product SearchField' with duration (default)

2021-10-06 20:24:17 - [MESSAGE][WARNING] - Element 'Object Repository/iOS/Product_Search/Progress_Bar' not found
[[ATTACHMENT|/Users/sahil.vidaysingh/Katalon Studio/testing/Reports/20211006_192250/sanity_iOS/20211006_192250/1633532057829.png]]

2021-10-06 20:24:17 - [MESSAGE][WARNING] - Timeout '0' is invalid. Using default page load timeout: '30'

2021-10-06 20:24:19 - [MESSAGE][PASSED] - Text 'tyl' has been set to element 'Object Repository/iOS/Product_Search/Product SearchField'

2021-10-06 20:24:19 - [MESSAGE][WARNING] - Duration '0' is invalid. Using default duration.

2021-10-06 20:24:19 - [MESSAGE][WARNING] - Timeout '0' is invalid. Using default page load timeout: '30'

2021-10-06 20:24:20 - [MESSAGE][PASSED] - Tapped and held on element 'Object Repository/iOS/Product_Search/Search Key_Button' with duration (default)

2021-10-06 20:24:20 - [MESSAGE][WARNING] - Timeout '0' is invalid. Using default page load timeout: '30'

2021-10-06 20:24:51 - [MESSAGE][PASSED] - Tapped on element 'Object Repository/iOS/Product_Search/Alternate Products_Text'

2021-10-06 20:24:51 - [MESSAGE][WARNING] - Timeout '0' is invalid. Using default page load timeout: '30'

2021-10-06 20:25:53 - [MESSAGE][PASSED] - Text '2' has been set to element 'Object Repository/iOS/Product_Search/Quantity_TextField'

2021-10-06 20:25:59 - [MESSAGE][WARNING] - Element 'Object Repository/iOS/Product_Search/Progress_Bar' not found
[[ATTACHMENT|/Users/sahil.vidaysingh/Katalon Studio/testing/Reports/20211006_192250/sanity_iOS/20211006_192250/1633532158078.png]]

2021-10-06 20:25:59 - [MESSAGE][WARNING] - Timeout '0' is invalid. Using default page load timeout: '30'

2021-10-06 20:26:34 - [MESSAGE][FAILED] - Object Object Repository/iOS/Orders/Cart Page/Place All Orders/Done_Keypad not found
[[ATTACHMENT|/Users/sahil.vidaysingh/Katalon Studio/testing/Reports/20211006_192250/sanity_iOS/20211006_192250/1633532193638.png]]

2021-10-06 20:26:34 - [MESSAGE][FAILED] - Failed to tap on element 'Object Repository/iOS/Orders/Cart Page/Place All Orders/Done_Keypad' (Root cause: com.kms.katalon.core.exception.StepFailedException: Object Object Repository/iOS/Orders/Cart Page/Place All Orders/Done_Keypad not found
	at com.kms.katalon.core.keyword.internal.KeywordMain.stepFailed(KeywordMain.groovy:50)
	at com.kms.katalon.core.mobile.keyword.internal.MobileKeywordMain.stepFailed(MobileKeywordMain.groovy:40)
	at com.kms.katalon.core.mobile.keyword.builtin.TapKeyword$_tap_closure1.doCall(TapKeyword.groovy:79)
	at com.kms.katalon.core.mobile.keyword.builtin.TapKeyword$_tap_closure1.call(TapKeyword.groovy)
	at com.kms.katalon.core.mobile.keyword.internal.MobileKeywordMain.runKeyword(MobileKeywordMain.groovy:21)
	at com.kms.katalon.core.mobile.keyword.builtin.TapKeyword.tap(TapKeyword.groovy:86)
	at com.kms.katalon.core.mobile.keyword.builtin.TapKeyword.execute(TapKeyword.groovy:68)
	at com.kms.katalon.core.keyword.internal.KeywordExecutor.executeKeywordForPlatform(KeywordExecutor.groovy:73)
	at com.kms.katalon.core.mobile.keyword.MobileBuiltInKeywords.tap(MobileBuiltInKeywords.groovy:1354)
	at com.kms.katalon.core.mobile.keyword.MobileBuiltInKeywords$tap$3.call(Unknown Source)
	at ios_orders.Order_details_Screen.add_Alternate_Product(Order_details_Screen.groovy:168)
	at ios_orders.Order_details_Screen.invokeMethod(Order_details_Screen.groovy)
	at com.kms.katalon.core.main.CustomKeywordDelegatingMetaClass.invokeStaticMethod(CustomKeywordDelegatingMetaClass.java:50)
	at Adding_Alternate_Product.run(Adding_Alternate_Product:35)
	at com.kms.katalon.core.main.ScriptEngine.run(ScriptEngine.java:194)
	at com.kms.katalon.core.main.ScriptEngine.runScriptAsRawText(ScriptEngine.java:119)
	at com.kms.katalon.core.main.TestCaseExecutor.runScript(TestCaseExecutor.java:398)
	at com.kms.katalon.core.main.TestCaseExecutor.doExecute(TestCaseExecutor.java:389)
	at com.kms.katalon.core.main.TestCaseExecutor.processExecutionPhase(TestCaseExecutor.java:368)
	at com.kms.katalon.core.main.TestCaseExecutor.accessMainPhase(TestCaseExecutor.java:360)
	at com.kms.katalon.core.main.TestCaseExecutor.execute(TestCaseExecutor.java:255)
	at com.kms.katalon.core.main.TestSuiteExecutor.accessTestCaseMainPhase(TestSuiteExecutor.java:203)
	at com.kms.katalon.core.main.TestSuiteExecutor.accessTestSuiteMainPhase(TestSuiteExecutor.java:152)
	at com.kms.katalon.core.main.TestSuiteExecutor.execute(TestSuiteExecutor.java:95)
	at com.kms.katalon.core.main.TestCaseMain.startTestSuite(TestCaseMain.java:157)
	at com.kms.katalon.core.main.TestCaseMain$startTestSuite$0.call(Unknown Source)
	at TempTestSuite1633528370185.run(TempTestSuite1633528370185.groovy:39)
)
[[ATTACHMENT|/Users/sahil.vidaysingh/Katalon Studio/testing/Reports/20211006_192250/sanity_iOS/20211006_192250/1633532194698.png]]

2021-10-06 20:26:34 - [MESSAGE][FAILED] - Object Object Repository/iOS/Orders/Cart Page/Place All Orders/Done_Keypad not found]]></system-out>
         <system-err><![CDATA[2021-10-06 20:22:35 - [TEST_CASE][FAILED] - Test Cases/iOS/Carts/Adding_Alternate_Product: Test Cases/iOS/Carts/Adding_Alternate_Product FAILED.
Reason:
com.kms.katalon.core.exception.StepFailedException: Object Object Repository/iOS/Orders/Cart Page/Place All Orders/Done_Keypad not found
	at com.kms.katalon.core.keyword.internal.KeywordMain.stepFailed(KeywordMain.groovy:50)
	at com.kms.katalon.core.mobile.keyword.internal.MobileKeywordMain.stepFailed(MobileKeywordMain.groovy:40)
	at com.kms.katalon.core.mobile.keyword.builtin.TapKeyword$_tap_closure1.doCall(TapKeyword.groovy:79)
	at com.kms.katalon.core.mobile.keyword.builtin.TapKeyword$_tap_closure1.call(TapKeyword.groovy)
	at com.kms.katalon.core.mobile.keyword.internal.MobileKeywordMain.runKeyword(MobileKeywordMain.groovy:21)
	at com.kms.katalon.core.mobile.keyword.builtin.TapKeyword.tap(TapKeyword.groovy:86)
	at com.kms.katalon.core.mobile.keyword.builtin.TapKeyword.execute(TapKeyword.groovy:68)
	at com.kms.katalon.core.keyword.internal.KeywordExecutor.executeKeywordForPlatform(KeywordExecutor.groovy:73)
	at com.kms.katalon.core.mobile.keyword.MobileBuiltInKeywords.tap(MobileBuiltInKeywords.groovy:1354)
	at com.kms.katalon.core.mobile.keyword.MobileBuiltInKeywords$tap$3.call(Unknown Source)
	at ios_orders.Order_details_Screen.add_Alternate_Product(Order_details_Screen.groovy:168)
	at ios_orders.Order_details_Screen.invokeMethod(Order_details_Screen.groovy)
	at com.kms.katalon.core.main.CustomKeywordDelegatingMetaClass.invokeStaticMethod(CustomKeywordDelegatingMetaClass.java:50)
	at Adding_Alternate_Product.run(Adding_Alternate_Product:35)
	at com.kms.katalon.core.main.ScriptEngine.run(ScriptEngine.java:194)
	at com.kms.katalon.core.main.ScriptEngine.runScriptAsRawText(ScriptEngine.java:119)
	at com.kms.katalon.core.main.TestCaseExecutor.runScript(TestCaseExecutor.java:398)
	at com.kms.katalon.core.main.TestCaseExecutor.doExecute(TestCaseExecutor.java:389)
	at com.kms.katalon.core.main.TestCaseExecutor.processExecutionPhase(TestCaseExecutor.java:368)
	at com.kms.katalon.core.main.TestCaseExecutor.accessMainPhase(TestCaseExecutor.java:360)
	at com.kms.katalon.core.main.TestCaseExecutor.execute(TestCaseExecutor.java:255)
	at com.kms.katalon.core.main.TestSuiteExecutor.accessTestCaseMainPhase(TestSuiteExecutor.java:203)
	at com.kms.katalon.core.main.TestSuiteExecutor.accessTestSuiteMainPhase(TestSuiteExecutor.java:152)
	at com.kms.katalon.core.main.TestSuiteExecutor.execute(TestSuiteExecutor.java:95)
	at com.kms.katalon.core.main.TestCaseMain.startTestSuite(TestCaseMain.java:157)
	at com.kms.katalon.core.main.TestCaseMain$startTestSuite$0.call(Unknown Source)
	at TempTestSuite1633528370185.run(TempTestSuite1633528370185.groovy:39)]]></system-err>
      </testcase>
      <testcase name="Test Cases/iOS/Account Selection/Verify Change Account From HomePage,Inventory,Carts)" time="125.079" classname="Test Cases/iOS/Account Selection/Verify Change Account From HomePage,Inventory,Carts)" status="PASSED">
         <system-out><![CDATA[2021-10-06 20:26:34 - [TEST_CASE][PASSED] - Test Cases/iOS/Account Selection/Verify Change Account From HomePage,Inventory,Carts): Test Cases/iOS/Account Selection/Verify Change Account From HomePage,Inventory,Carts)

2021-10-06 20:26:35 - [TEST_STEP][PASSED] - ios_common_keywords.Start_Application.custom(): ios_common_keywords.Start_Application.custom is PASSED

2021-10-06 20:27:36 - [MESSAGE][PASSED] - Started app at: '/Users/sahil.vidaysingh/Downloads/Hatch 3.app'

2021-10-06 20:27:36 - [MESSAGE][PASSED] - ios_common_keywords.Start_Application.custom is PASSED

2021-10-06 20:27:36 - [TEST_STEP][PASSED] - ios_login.Login_Screen.verify_LoginPage_Details(): ios_login.Login_Screen.verify_LoginPage_Details is PASSED

2021-10-06 20:27:36 - [MESSAGE][WARNING] - Timeout '0' is invalid. Using default page load timeout: '30'

2021-10-06 20:27:37 - [MESSAGE][PASSED] - Element 'Object Repository/iOS/LogIn/Login_Details_Screen/Forget_Password_Text' is exist

2021-10-06 20:27:37 - [MESSAGE][WARNING] - Timeout '0' is invalid. Using default page load timeout: '30'

2021-10-06 20:27:37 - [MESSAGE][PASSED] - Element 'Object Repository/iOS/LogIn/Login_Details_Screen/Welcome_Text' is exist

2021-10-06 20:27:37 - [MESSAGE][WARNING] - Timeout '0' is invalid. Using default page load timeout: '30'

2021-10-06 20:27:37 - [MESSAGE][PASSED] - Element 'Object Repository/iOS/LogIn/Login_Details_Screen/Order Express_Logo' is exist

2021-10-06 20:27:37 - [MESSAGE][PASSED] - ios_login.Login_Screen.verify_LoginPage_Details is PASSED

2021-10-06 20:27:37 - [TEST_STEP][PASSED] - ios_login.Login_Screen.login(password): ios_login.Login_Screen.login is PASSED

2021-10-06 20:27:38 - [MESSAGE][PASSED] - Element 'Object Repository/iOS/LogIn/Environment_Selection_Screen/Environment Selection_Text' is exist

2021-10-06 20:27:38 - [MESSAGE][WARNING] - Timeout '0' is invalid. Using default page load timeout: '30'

2021-10-06 20:27:39 - [MESSAGE][PASSED] - Tapped on element 'Object Repository/iOS/LogIn/Environment_Selection_Screen/Environment Selection_Text'

2021-10-06 20:27:39 - [MESSAGE][WARNING] - Timeout '0' is invalid. Using default page load timeout: '30'

2021-10-06 20:27:40 - [MESSAGE][PASSED] - Tapped on element 'Object Repository/iOS/LogIn/Environment_Selection_Screen/Environment_Button'

2021-10-06 20:27:40 - [MESSAGE][WARNING] - Timeout '0' is invalid. Using default page load timeout: '30'

2021-10-06 20:27:41 - [MESSAGE][PASSED] - Tapped on element 'Object Repository/iOS/LogIn/Login_Details_Screen/Login UserName_Button'

2021-10-06 20:27:41 - [MESSAGE][WARNING] - Timeout '0' is invalid. Using default page load timeout: '30'

2021-10-06 20:27:42 - [MESSAGE][PASSED] - Text 'auto_ws_acute' has been set to element 'Object Repository/iOS/LogIn/Login_Details_Screen/UserName_Text_Field'

2021-10-06 20:27:42 - [MESSAGE][WARNING] - Timeout '0' is invalid. Using default page load timeout: '30'

2021-10-06 20:27:43 - [MESSAGE][PASSED] - Tapped on element 'Object Repository/iOS/LogIn/Login_Details_Screen/LoginBar-ButtonDown'

2021-10-06 20:27:43 - [MESSAGE][WARNING] - Timeout '0' is invalid. Using default page load timeout: '30'

2021-10-06 20:27:44 - [MESSAGE][PASSED] - Tapped on element 'Object Repository/iOS/LogIn/Login_Details_Screen/Password-Button'

2021-10-06 20:27:44 - [MESSAGE][WARNING] - Timeout '0' is invalid. Using default page load timeout: '30'

2021-10-06 20:27:45 - [MESSAGE][PASSED] - Text 'Cardinal1' has been set to element 'Object Repository/iOS/LogIn/Login_Details_Screen/Password-Secure_Text_Field'

2021-10-06 20:27:45 - [MESSAGE][WARNING] - Timeout '0' is invalid. Using default page load timeout: '30'

2021-10-06 20:27:47 - [MESSAGE][PASSED] - Tapped on element 'Object Repository/iOS/LogIn/Login_Details_Screen/SignIn_Button'

2021-10-06 20:27:47 - [MESSAGE][PASSED] - ios_login.Login_Screen.login is PASSED

2021-10-06 20:27:47 - [TEST_STEP][PASSED] - ios_account_selection.Select_An_Account.Custom(account): ios_account_selection.Select_An_Account.Custom is PASSED

2021-10-06 20:27:47 - [MESSAGE][PASSED] - Element 'Object Repository/iOS/Product_Search/Progress_Bar' is exist

2021-10-06 20:27:48 - [MESSAGE][PASSED] - Delayed 1 second(s)

2021-10-06 20:27:49 - [MESSAGE][PASSED] - Element 'Object Repository/iOS/Product_Search/Progress_Bar' is exist

2021-10-06 20:27:50 - [MESSAGE][PASSED] - Delayed 1 second(s)

2021-10-06 20:27:51 - [MESSAGE][PASSED] - Element 'Object Repository/iOS/Product_Search/Progress_Bar' is exist

2021-10-06 20:27:52 - [MESSAGE][PASSED] - Delayed 1 second(s)

2021-10-06 20:27:52 - [MESSAGE][PASSED] - Element 'Object Repository/iOS/Product_Search/Progress_Bar' is exist

2021-10-06 20:27:53 - [MESSAGE][PASSED] - Delayed 1 second(s)

2021-10-06 20:27:53 - [MESSAGE][PASSED] - Element 'Object Repository/iOS/Product_Search/Progress_Bar' is exist

2021-10-06 20:27:54 - [MESSAGE][PASSED] - Delayed 1 second(s)

2021-10-06 20:27:55 - [MESSAGE][PASSED] - Element 'Object Repository/iOS/Product_Search/Progress_Bar' is exist

2021-10-06 20:27:56 - [MESSAGE][PASSED] - Delayed 1 second(s)

2021-10-06 20:27:56 - [MESSAGE][PASSED] - Element 'Object Repository/iOS/Product_Search/Progress_Bar' is exist

2021-10-06 20:27:57 - [MESSAGE][PASSED] - Delayed 1 second(s)

2021-10-06 20:27:58 - [MESSAGE][PASSED] - Element 'Object Repository/iOS/Product_Search/Progress_Bar' is exist

2021-10-06 20:27:59 - [MESSAGE][PASSED] - Delayed 1 second(s)

2021-10-06 20:27:59 - [MESSAGE][PASSED] - Element 'Object Repository/iOS/Product_Search/Progress_Bar' is exist

2021-10-06 20:28:00 - [MESSAGE][PASSED] - Delayed 1 second(s)

2021-10-06 20:28:01 - [MESSAGE][PASSED] - Element 'Object Repository/iOS/Product_Search/Progress_Bar' is exist

2021-10-06 20:28:02 - [MESSAGE][PASSED] - Delayed 1 second(s)

2021-10-06 20:28:02 - [MESSAGE][PASSED] - Element 'Object Repository/iOS/Product_Search/Progress_Bar' is exist

2021-10-06 20:28:03 - [MESSAGE][PASSED] - Delayed 1 second(s)

2021-10-06 20:28:04 - [MESSAGE][WARNING] - Element 'Object Repository/iOS/Product_Search/Progress_Bar' not found
[[ATTACHMENT|/Users/sahil.vidaysingh/Katalon Studio/testing/Reports/20211006_192250/sanity_iOS/20211006_192250/1633532284628.png]]

2021-10-06 20:28:04 - [MESSAGE][WARNING] - Timeout '0' is invalid. Using default page load timeout: '30'

2021-10-06 20:28:05 - [MESSAGE][PASSED] - Element 'Object Repository/iOS/Account_Selection/You must select an account to continue_Text' is present

2021-10-06 20:28:06 - [MESSAGE][PASSED] - Scrolling to text '11-487698' successfully

2021-10-06 20:28:06 - [MESSAGE][WARNING] - Timeout '0' is invalid. Using default page load timeout: '30'

2021-10-06 20:28:07 - [MESSAGE][PASSED] - Tapped on element 'Object Repository/iOS/Account_Selection/AccountNo_Text'

2021-10-06 20:28:08 - [MESSAGE][WARNING] - Element 'Object Repository/iOS/Product_Search/Progress_Bar' not found
[[ATTACHMENT|/Users/sahil.vidaysingh/Katalon Studio/testing/Reports/20211006_192250/sanity_iOS/20211006_192250/1633532288132.png]]

2021-10-06 20:28:08 - [MESSAGE][PASSED] - ios_account_selection.Select_An_Account.Custom is PASSED

2021-10-06 20:28:08 - [TEST_STEP][PASSED] - ios_account_selection.Change_Account.Custom(new_account): ios_account_selection.Change_Account.Custom is PASSED

2021-10-06 20:28:08 - [MESSAGE][WARNING] - Timeout '0' is invalid. Using default page load timeout: '30'

2021-10-06 20:28:09 - [MESSAGE][PASSED] - Tapped on element 'Object Repository/iOS/Account_Selection/Change Account_Text'

2021-10-06 20:28:09 - [MESSAGE][WARNING] - Timeout '0' is invalid. Using default page load timeout: '30'

2021-10-06 20:28:10 - [MESSAGE][PASSED] - Tapped on element 'Object Repository/iOS/Account_Selection/Change_Account_Navigation'

2021-10-06 20:28:11 - [MESSAGE][PASSED] - Scrolling to text '11-487698' successfully

2021-10-06 20:28:11 - [MESSAGE][WARNING] - Timeout '0' is invalid. Using default page load timeout: '30'

2021-10-06 20:28:13 - [MESSAGE][PASSED] - Tapped on element 'Object Repository/iOS/Account_Selection/AccountNo_Text'

2021-10-06 20:28:13 - [MESSAGE][PASSED] - ios_account_selection.Change_Account.Custom is PASSED

2021-10-06 20:28:13 - [TEST_STEP][PASSED] - ios_dashboard.dashboard_details.click_On_Orders(): ios_dashboard.dashboard_details.click_On_Orders is PASSED

2021-10-06 20:28:13 - [MESSAGE][WARNING] - Timeout '0' is invalid. Using default page load timeout: '30'

2021-10-06 20:28:13 - [MESSAGE][PASSED] - Tapped on element 'Object Repository/iOS/Dashboard/Orders_Tab'

2021-10-06 20:28:13 - [MESSAGE][PASSED] - ios_dashboard.dashboard_details.click_On_Orders is PASSED

2021-10-06 20:28:13 - [TEST_STEP][PASSED] - ios_account_selection.Change_Account.Custom(new_account): ios_account_selection.Change_Account.Custom is PASSED

2021-10-06 20:28:14 - [MESSAGE][WARNING] - Timeout '0' is invalid. Using default page load timeout: '30'

2021-10-06 20:28:15 - [MESSAGE][PASSED] - Tapped on element 'Object Repository/iOS/Account_Selection/Change Account_Text'

2021-10-06 20:28:15 - [MESSAGE][WARNING] - Timeout '0' is invalid. Using default page load timeout: '30'

2021-10-06 20:28:15 - [MESSAGE][PASSED] - Tapped on element 'Object Repository/iOS/Account_Selection/Change_Account_Navigation'

2021-10-06 20:28:16 - [MESSAGE][PASSED] - Scrolling to text '11-487698' successfully

2021-10-06 20:28:16 - [MESSAGE][WARNING] - Timeout '0' is invalid. Using default page load timeout: '30'

2021-10-06 20:28:18 - [MESSAGE][PASSED] - Tapped on element 'Object Repository/iOS/Account_Selection/AccountNo_Text'

2021-10-06 20:28:18 - [MESSAGE][PASSED] - ios_account_selection.Change_Account.Custom is PASSED

2021-10-06 20:28:18 - [TEST_STEP][PASSED] - ios_dashboard.dashboard_details.click_On_More_Options(): ios_dashboard.dashboard_details.click_On_More_Options is PASSED

2021-10-06 20:28:18 - [MESSAGE][WARNING] - Timeout '0' is invalid. Using default page load timeout: '30'

2021-10-06 20:28:19 - [MESSAGE][PASSED] - Tapped on element 'Object Repository/iOS/Dashboard/More Options_Tab'

2021-10-06 20:28:19 - [MESSAGE][PASSED] - ios_dashboard.dashboard_details.click_On_More_Options is PASSED

2021-10-06 20:28:19 - [TEST_STEP][PASSED] - ios_more_options_screen.Go_To_Inventory_Listing_Screen.Custom(): ios_more_options_screen.Go_To_Inventory_Listing_Screen.Custom is PASSED

2021-10-06 20:28:23 - [MESSAGE][WARNING] - Element 'Object Repository/iOS/Product_Search/Progress_Bar' not found
[[ATTACHMENT|/Users/sahil.vidaysingh/Katalon Studio/testing/Reports/20211006_192250/sanity_iOS/20211006_192250/1633532303376.png]]

2021-10-06 20:28:23 - [MESSAGE][WARNING] - Timeout '0' is invalid. Using default page load timeout: '30'

2021-10-06 20:28:24 - [MESSAGE][PASSED] - Tapped on element 'Object Repository/iOS/More Options Screen/Inventory Selection Under MoreOptions_Text'

2021-10-06 20:28:25 - [MESSAGE][PASSED] - Element 'Object Repository/iOS/Product_Search/Progress_Bar' is exist

2021-10-06 20:28:29 - [MESSAGE][PASSED] - Delayed 4 second(s)

2021-10-06 20:28:34 - [MESSAGE][WARNING] - Element 'Object Repository/iOS/Product_Search/Progress_Bar' not found
[[ATTACHMENT|/Users/sahil.vidaysingh/Katalon Studio/testing/Reports/20211006_192250/sanity_iOS/20211006_192250/1633532313835.png]]

2021-10-06 20:28:34 - [MESSAGE][PASSED] - ios_more_options_screen.Go_To_Inventory_Listing_Screen.Custom is PASSED

2021-10-06 20:28:34 - [TEST_STEP][PASSED] - ios_account_selection.Change_Account.Custom(new_account): ios_account_selection.Change_Account.Custom is PASSED

2021-10-06 20:28:35 - [MESSAGE][WARNING] - Timeout '0' is invalid. Using default page load timeout: '30'

2021-10-06 20:28:36 - [MESSAGE][PASSED] - Tapped on element 'Object Repository/iOS/Account_Selection/Change Account_Text'

2021-10-06 20:28:36 - [MESSAGE][WARNING] - Timeout '0' is invalid. Using default page load timeout: '30'

2021-10-06 20:28:37 - [MESSAGE][PASSED] - Tapped on element 'Object Repository/iOS/Account_Selection/Change_Account_Navigation'

2021-10-06 20:28:38 - [MESSAGE][PASSED] - Scrolling to text '11-487698' successfully

2021-10-06 20:28:38 - [MESSAGE][WARNING] - Timeout '0' is invalid. Using default page load timeout: '30'

2021-10-06 20:28:39 - [MESSAGE][PASSED] - Tapped on element 'Object Repository/iOS/Account_Selection/AccountNo_Text'

2021-10-06 20:28:39 - [MESSAGE][PASSED] - ios_account_selection.Change_Account.Custom is PASSED]]></system-out>
         <system-err><![CDATA[]]></system-err>
      </testcase>
      <system-out><![CDATA[2021-10-06 19:22:56 - [TEST_SUITE][FAILED] - sanity_iOS: Test Cases/iOS/Carts/Place and Upload All Orders FAILED.
Reason:
com.kms.katalon.core.exception.StepFailedException: Failed to tap on element (Root cause: java.lang.IllegalArgumentException: Object is null
	at com.kms.katalon.core.helper.KeywordHelper.checkTestObjectParameter(KeywordHelper.java:33)
	at com.kms.katalon.core.mobile.keyword.builtin.TapKeyword$_tap_closure1.doCall(TapKeyword.groovy:74)
	at com.kms.katalon.core.mobile.keyword.builtin.TapKeyword$_tap_closure1.call(TapKeyword.groovy)
	at com.kms.katalon.core.mobile.keyword.internal.MobileKeywordMain.runKeyword(MobileKeywordMain.groovy:21)
	at com.kms.katalon.core.mobile.keyword.builtin.TapKeyword.tap(TapKeyword.groovy:86)
	at com.kms.katalon.core.mobile.keyword.builtin.TapKeyword.execute(TapKeyword.groovy:68)
	at com.kms.katalon.core.keyword.internal.KeywordExecutor.executeKeywordForPlatform(KeywordExecutor.groovy:73)
	at com.kms.katalon.core.mobile.keyword.MobileBuiltInKeywords.tap(MobileBuiltInKeywords.groovy:1354)
	at com.kms.katalon.core.mobile.keyword.MobileBuiltInKeywords$tap$3.call(Unknown Source)
	at ios_orders.Order_details_Screen.upload_Order(Order_details_Screen.groovy:55)
	at ios_orders.Order_details_Screen.invokeMethod(Order_details_Screen.groovy)
	at com.kms.katalon.core.main.CustomKeywordDelegatingMetaClass.invokeStaticMethod(CustomKeywordDelegatingMetaClass.java:50)
	at Place and Upload All Orders.run(Place and Upload All Orders:38)
	at com.kms.katalon.core.main.ScriptEngine.run(ScriptEngine.java:194)
	at com.kms.katalon.core.main.ScriptEngine.runScriptAsRawText(ScriptEngine.java:119)
	at com.kms.katalon.core.main.TestCaseExecutor.runScript(TestCaseExecutor.java:398)
	at com.kms.katalon.core.main.TestCaseExecutor.doExecute(TestCaseExecutor.java:389)
	at com.kms.katalon.core.main.TestCaseExecutor.processExecutionPhase(TestCaseExecutor.java:368)
	at com.kms.katalon.core.main.TestCaseExecutor.accessMainPhase(TestCaseExecutor.java:360)
	at com.kms.katalon.core.main.TestCaseExecutor.execute(TestCaseExecutor.java:255)
	at com.kms.katalon.core.main.TestSuiteExecutor.accessTestCaseMainPhase(TestSuiteExecutor.java:203)
	at com.kms.katalon.core.main.TestSuiteExecutor.accessTestSuiteMainPhase(TestSuiteExecutor.java:152)
	at com.kms.katalon.core.main.TestSuiteExecutor.execute(TestSuiteExecutor.java:95)
	at com.kms.katalon.core.main.TestCaseMain.startTestSuite(TestCaseMain.java:157)
	at com.kms.katalon.core.main.TestCaseMain$startTestSuite$0.call(Unknown Source)
	at TempTestSuite1633528370185.run(TempTestSuite1633528370185.groovy:39)
)
	at com.kms.katalon.core.keyword.internal.KeywordMain.stepFailed(KeywordMain.groovy:50)
	at com.kms.katalon.core.mobile.keyword.internal.MobileKeywordMain.stepFailed(MobileKeywordMain.groovy:40)
	at com.kms.katalon.core.mobile.keyword.internal.MobileKeywordMain.runKeyword(MobileKeywordMain.groovy:23)
	at com.kms.katalon.core.mobile.keyword.builtin.TapKeyword.tap(TapKeyword.groovy:86)
	at com.kms.katalon.core.mobile.keyword.builtin.TapKeyword.execute(TapKeyword.groovy:68)
	at com.kms.katalon.core.keyword.internal.KeywordExecutor.executeKeywordForPlatform(KeywordExecutor.groovy:73)
	at com.kms.katalon.core.mobile.keyword.MobileBuiltInKeywords.tap(MobileBuiltInKeywords.groovy:1354)
	at com.kms.katalon.core.mobile.keyword.MobileBuiltInKeywords$tap$3.call(Unknown Source)
	at ios_orders.Order_details_Screen.upload_Order(Order_details_Screen.groovy:55)
	at ios_orders.Order_details_Screen.invokeMethod(Order_details_Screen.groovy)
	at com.kms.katalon.core.main.CustomKeywordDelegatingMetaClass.invokeStaticMethod(CustomKeywordDelegatingMetaClass.java:50)
	at Place and Upload All Orders.run(Place and Upload All Orders:38)
	at com.kms.katalon.core.main.ScriptEngine.run(ScriptEngine.java:194)
	at com.kms.katalon.core.main.ScriptEngine.runScriptAsRawText(ScriptEngine.java:119)
	at com.kms.katalon.core.main.TestCaseExecutor.runScript(TestCaseExecutor.java:398)
	at com.kms.katalon.core.main.TestCaseExecutor.doExecute(TestCaseExecutor.java:389)
	at com.kms.katalon.core.main.TestCaseExecutor.processExecutionPhase(TestCaseExecutor.java:368)
	at com.kms.katalon.core.main.TestCaseExecutor.accessMainPhase(TestCaseExecutor.java:360)
	at com.kms.katalon.core.main.TestCaseExecutor.execute(TestCaseExecutor.java:255)
	at com.kms.katalon.core.main.TestSuiteExecutor.accessTestCaseMainPhase(TestSuiteExecutor.java:203)
	at com.kms.katalon.core.main.TestSuiteExecutor.accessTestSuiteMainPhase(TestSuiteExecutor.java:152)
	at com.kms.katalon.core.main.TestSuiteExecutor.execute(TestSuiteExecutor.java:95)
	at com.kms.katalon.core.main.TestCaseMain.startTestSuite(TestCaseMain.java:157)
	at com.kms.katalon.core.main.TestCaseMain$startTestSuite$0.call(Unknown Source)
	at TempTestSuite1633528370185.run(TempTestSuite1633528370185.groovy:39)
Caused by: java.lang.IllegalArgumentException: Object is null
	at com.kms.katalon.core.helper.KeywordHelper.checkTestObjectParameter(KeywordHelper.java:33)
	at com.kms.katalon.core.mobile.keyword.builtin.TapKeyword$_tap_closure1.doCall(TapKeyword.groovy:74)
	at com.kms.katalon.core.mobile.keyword.builtin.TapKeyword$_tap_closure1.call(TapKeyword.groovy)
	at com.kms.katalon.core.mobile.keyword.internal.MobileKeywordMain.runKeyword(MobileKeywordMain.groovy:21)
	... 22 more]]></system-out>
      <system-err><![CDATA[2021-10-06 19:22:56 - [TEST_SUITE][FAILED] - sanity_iOS: Test Cases/iOS/Carts/Place and Upload All Orders FAILED.
Reason:
com.kms.katalon.core.exception.StepFailedException: Failed to tap on element (Root cause: java.lang.IllegalArgumentException: Object is null
	at com.kms.katalon.core.helper.KeywordHelper.checkTestObjectParameter(KeywordHelper.java:33)
	at com.kms.katalon.core.mobile.keyword.builtin.TapKeyword$_tap_closure1.doCall(TapKeyword.groovy:74)
	at com.kms.katalon.core.mobile.keyword.builtin.TapKeyword$_tap_closure1.call(TapKeyword.groovy)
	at com.kms.katalon.core.mobile.keyword.internal.MobileKeywordMain.runKeyword(MobileKeywordMain.groovy:21)
	at com.kms.katalon.core.mobile.keyword.builtin.TapKeyword.tap(TapKeyword.groovy:86)
	at com.kms.katalon.core.mobile.keyword.builtin.TapKeyword.execute(TapKeyword.groovy:68)
	at com.kms.katalon.core.keyword.internal.KeywordExecutor.executeKeywordForPlatform(KeywordExecutor.groovy:73)
	at com.kms.katalon.core.mobile.keyword.MobileBuiltInKeywords.tap(MobileBuiltInKeywords.groovy:1354)
	at com.kms.katalon.core.mobile.keyword.MobileBuiltInKeywords$tap$3.call(Unknown Source)
	at ios_orders.Order_details_Screen.upload_Order(Order_details_Screen.groovy:55)
	at ios_orders.Order_details_Screen.invokeMethod(Order_details_Screen.groovy)
	at com.kms.katalon.core.main.CustomKeywordDelegatingMetaClass.invokeStaticMethod(CustomKeywordDelegatingMetaClass.java:50)
	at Place and Upload All Orders.run(Place and Upload All Orders:38)
	at com.kms.katalon.core.main.ScriptEngine.run(ScriptEngine.java:194)
	at com.kms.katalon.core.main.ScriptEngine.runScriptAsRawText(ScriptEngine.java:119)
	at com.kms.katalon.core.main.TestCaseExecutor.runScript(TestCaseExecutor.java:398)
	at com.kms.katalon.core.main.TestCaseExecutor.doExecute(TestCaseExecutor.java:389)
	at com.kms.katalon.core.main.TestCaseExecutor.processExecutionPhase(TestCaseExecutor.java:368)
	at com.kms.katalon.core.main.TestCaseExecutor.accessMainPhase(TestCaseExecutor.java:360)
	at com.kms.katalon.core.main.TestCaseExecutor.execute(TestCaseExecutor.java:255)
	at com.kms.katalon.core.main.TestSuiteExecutor.accessTestCaseMainPhase(TestSuiteExecutor.java:203)
	at com.kms.katalon.core.main.TestSuiteExecutor.accessTestSuiteMainPhase(TestSuiteExecutor.java:152)
	at com.kms.katalon.core.main.TestSuiteExecutor.execute(TestSuiteExecutor.java:95)
	at com.kms.katalon.core.main.TestCaseMain.startTestSuite(TestCaseMain.java:157)
	at com.kms.katalon.core.main.TestCaseMain$startTestSuite$0.call(Unknown Source)
	at TempTestSuite1633528370185.run(TempTestSuite1633528370185.groovy:39)
)
	at com.kms.katalon.core.keyword.internal.KeywordMain.stepFailed(KeywordMain.groovy:50)
	at com.kms.katalon.core.mobile.keyword.internal.MobileKeywordMain.stepFailed(MobileKeywordMain.groovy:40)
	at com.kms.katalon.core.mobile.keyword.internal.MobileKeywordMain.runKeyword(MobileKeywordMain.groovy:23)
	at com.kms.katalon.core.mobile.keyword.builtin.TapKeyword.tap(TapKeyword.groovy:86)
	at com.kms.katalon.core.mobile.keyword.builtin.TapKeyword.execute(TapKeyword.groovy:68)
	at com.kms.katalon.core.keyword.internal.KeywordExecutor.executeKeywordForPlatform(KeywordExecutor.groovy:73)
	at com.kms.katalon.core.mobile.keyword.MobileBuiltInKeywords.tap(MobileBuiltInKeywords.groovy:1354)
	at com.kms.katalon.core.mobile.keyword.MobileBuiltInKeywords$tap$3.call(Unknown Source)
	at ios_orders.Order_details_Screen.upload_Order(Order_details_Screen.groovy:55)
	at ios_orders.Order_details_Screen.invokeMethod(Order_details_Screen.groovy)
	at com.kms.katalon.core.main.CustomKeywordDelegatingMetaClass.invokeStaticMethod(CustomKeywordDelegatingMetaClass.java:50)
	at Place and Upload All Orders.run(Place and Upload All Orders:38)
	at com.kms.katalon.core.main.ScriptEngine.run(ScriptEngine.java:194)
	at com.kms.katalon.core.main.ScriptEngine.runScriptAsRawText(ScriptEngine.java:119)
	at com.kms.katalon.core.main.TestCaseExecutor.runScript(TestCaseExecutor.java:398)
	at com.kms.katalon.core.main.TestCaseExecutor.doExecute(TestCaseExecutor.java:389)
	at com.kms.katalon.core.main.TestCaseExecutor.processExecutionPhase(TestCaseExecutor.java:368)
	at com.kms.katalon.core.main.TestCaseExecutor.accessMainPhase(TestCaseExecutor.java:360)
	at com.kms.katalon.core.main.TestCaseExecutor.execute(TestCaseExecutor.java:255)
	at com.kms.katalon.core.main.TestSuiteExecutor.accessTestCaseMainPhase(TestSuiteExecutor.java:203)
	at com.kms.katalon.core.main.TestSuiteExecutor.accessTestSuiteMainPhase(TestSuiteExecutor.java:152)
	at com.kms.katalon.core.main.TestSuiteExecutor.execute(TestSuiteExecutor.java:95)
	at com.kms.katalon.core.main.TestCaseMain.startTestSuite(TestCaseMain.java:157)
	at com.kms.katalon.core.main.TestCaseMain$startTestSuite$0.call(Unknown Source)
	at TempTestSuite1633528370185.run(TempTestSuite1633528370185.groovy:39)
Caused by: java.lang.IllegalArgumentException: Object is null
	at com.kms.katalon.core.helper.KeywordHelper.checkTestObjectParameter(KeywordHelper.java:33)
	at com.kms.katalon.core.mobile.keyword.builtin.TapKeyword$_tap_closure1.doCall(TapKeyword.groovy:74)
	at com.kms.katalon.core.mobile.keyword.builtin.TapKeyword$_tap_closure1.call(TapKeyword.groovy)
	at com.kms.katalon.core.mobile.keyword.internal.MobileKeywordMain.runKeyword(MobileKeywordMain.groovy:21)
	... 22 more]]></system-err>
   </testsuite>
</testsuites>
